#
# There is insufficient memory for the Java Runtime Environment to continue.
# Native memory allocation (mmap) failed to map 264241152 bytes for G1 virtual space
# Possible reasons:
#   The system is out of physical RAM or swap space
#   The process is running with CompressedOops enabled, and the Java Heap may be blocking the growth of the native heap
# Possible solutions:
#   Reduce memory load on the system
#   Increase physical memory or swap space
#   Check if swap backing store is full
#   Decrease Java heap size (-Xmx/-Xms)
#   Decrease number of Java threads
#   Decrease Java thread stack sizes (-Xss)
#   Set larger code cache with -XX:ReservedCodeCacheSize=
#   JVM is running with Zero Based Compressed Oops mode in which the Java heap is
#     placed in the first 32GB address space. The Java Heap base address is the
#     maximum limit for the native heap growth. Please use -XX:HeapBaseMinAddress
#     to set the Java Heap base and to place the Java Heap above 32GB virtual address.
# This output file may be truncated or incomplete.
#
#  Out of Memory Error (os_windows.cpp:3530), pid=10896, tid=13460
#
# JRE version:  (18.0.2+9) (build )
# Java VM: OpenJDK 64-Bit Server VM (18.0.2+9-FR, mixed mode, sharing, tiered, compressed oops, compressed class ptrs, g1 gc, windows-amd64)
# No core dump will be written. Minidumps are not enabled by default on client versions of Windows
#

---------------  S U M M A R Y ------------

Command Line: C:\Users\vutam\AppData\Local\Temp\surefire6642391782376524910\surefirebooter11062842243729111576.jar C:\Users\vutam\AppData\Local\Temp\surefire6642391782376524910 2023-03-07T09-06-03_339-jvmRun1 surefire14491544570718552841tmp surefire_08978784007903787475tmp

Host: Intel(R) Core(TM) i5-10400 CPU @ 2.90GHz, 12 cores, 15G,  Windows 11 , 64 bit Build 22621 (10.0.22621.1344)
Time: Tue Mar  7 09:06:07 2023 SE Asia Standard Time elapsed time: 0.075466 seconds (0d 0h 0m 0s)

---------------  T H R E A D  ---------------

Current thread (0x0000017dd6549490):  JavaThread "Unknown thread" [_thread_in_vm, id=13460, stack(0x0000005b06c00000,0x0000005b06d00000)]

Stack: [0x0000005b06c00000,0x0000005b06d00000]
Native frames: (J=compiled Java code, j=interpreted, Vv=VM code, C=native code)
V  [jvm.dll+0x685a2a]
V  [jvm.dll+0x82ae8d]
V  [jvm.dll+0x82c75e]
V  [jvm.dll+0x82ce03]
V  [jvm.dll+0x25ef4b]
V  [jvm.dll+0x6828ca]
V  [jvm.dll+0x67745a]
V  [jvm.dll+0x3243f9]
V  [jvm.dll+0x32ba86]
V  [jvm.dll+0x37e00a]
V  [jvm.dll+0x37e24f]
V  [jvm.dll+0x2fb50a]
V  [jvm.dll+0x2fc581]
V  [jvm.dll+0x7fb300]
V  [jvm.dll+0x38af71]
V  [jvm.dll+0x7dab95]
V  [jvm.dll+0x4058f3]
V  [jvm.dll+0x4072b1]
C  [jli.dll+0x519f]
C  [ucrtbase.dll+0x29363]
C  [KERNEL32.DLL+0x126bd]
C  [ntdll.dll+0x5a9f8]


---------------  P R O C E S S  ---------------

Threads class SMR info:
_java_thread_list=0x00007ffa8e429610, length=0, elements={
}

Java Threads: ( => current thread )

Other Threads:
  0x0000017dd65b8c30 WorkerThread "GC Thread#0" [stack: 0x0000005b06d00000,0x0000005b06e00000] [id=10688]
  0x0000017dd65c9790 ConcurrentGCThread "G1 Main Marker" [stack: 0x0000005b06e00000,0x0000005b06f00000] [id=18584]
  0x0000017dd65ca9c0 WorkerThread "G1 Conc#0" [stack: 0x0000005b06f00000,0x0000005b07000000] [id=18412]

[error occurred during error reporting (printing all threads), id 0xc0000005, EXCEPTION_ACCESS_VIOLATION (0xc0000005) at pc=0x00007ffa8dbfc5c7]

VM state: not at safepoint (not fully initialized)

VM Mutex/Monitor currently owned by a thread:  ([mutex/lock_event])
[0x0000017dd6543c80] Heap_lock - owner thread: 0x0000017dd6549490

Heap address: 0x0000000705400000, size: 4012 MB, Compressed Oops mode: Zero based, Oop shift amount: 3

CDS archive(s) mapped at: [0x0000000000000000-0x0000000000000000-0x0000000000000000), size 0, SharedBaseAddress: 0x0000000800000000, ArchiveRelocationMode: 0.
Narrow klass base: 0x0000000000000000, Narrow klass shift: 0, Narrow klass range: 0x0

GC Precious Log:
 CardTable entry size: 512
 Card Set container configuration: InlinePtr #cards 4 size 8 Array Of Cards #cards 16 size 48 Howl #buckets 8 coarsen threshold 3686 Howl Bitmap #cards 512 size 80 coarsen threshold 460 Card regions per heap region 1 cards per card region 4096

Heap:
 garbage-first heap   total 0K, used 0K [0x0000000705400000, 0x0000000800000000)
  region size 2048K, 0 young (0K), 0 survivors (0K)

[error occurred during error reporting (printing heap information), id 0xc0000005, EXCEPTION_ACCESS_VIOLATION (0xc0000005) at pc=0x00007ffa8dfcd5a9]

GC Heap History (0 events):
No events

Deoptimization events (0 events):
No events

Classes loaded (0 events):
No events

Classes unloaded (0 events):
No events

Classes redefined (0 events):
No events

Internal exceptions (0 events):
No events

VM Operations (0 events):
No events

Events (1 events):
Event: 0.006 Loaded shared library F:\Projects\Tools\java-18\bin\java.dll


Dynamic libraries:
0x00007ff6abad0000 - 0x00007ff6abadd000 	F:\Projects\Tools\java-18\bin\java.exe
0x00007ffad4fb0000 - 0x00007ffad51c4000 	C:\WINDOWS\SYSTEM32\ntdll.dll
0x00007ffad40b0000 - 0x00007ffad4173000 	C:\WINDOWS\System32\KERNEL32.DLL
0x00007ffad24b0000 - 0x00007ffad284c000 	C:\WINDOWS\System32\KERNELBASE.dll
0x00007ffacf5e0000 - 0x00007ffacf677000 	C:\WINDOWS\SYSTEM32\apphelp.dll
0x00007ffad2a40000 - 0x00007ffad2b51000 	C:\WINDOWS\System32\ucrtbase.dll
0x00007ffaa74b0000 - 0x00007ffaa74c7000 	F:\Projects\Tools\java-18\bin\jli.dll
0x00007ffaa4f50000 - 0x00007ffaa4f65000 	F:\Projects\Tools\java-18\bin\VCRUNTIME140.dll
0x00007ffad3ed0000 - 0x00007ffad407d000 	C:\WINDOWS\System32\USER32.dll
0x00007ffad2c80000 - 0x00007ffad2ca6000 	C:\WINDOWS\System32\win32u.dll
0x00007ffabce40000 - 0x00007ffabd0ce000 	C:\WINDOWS\WinSxS\amd64_microsoft.windows.common-controls_6595b64144ccf1df_6.0.22621.608_none_a9444ca7c10bb01d\COMCTL32.dll
0x00007ffad4080000 - 0x00007ffad40a9000 	C:\WINDOWS\System32\GDI32.dll
0x00007ffad4600000 - 0x00007ffad46a7000 	C:\WINDOWS\System32\msvcrt.dll
0x00007ffad2b60000 - 0x00007ffad2c73000 	C:\WINDOWS\System32\gdi32full.dll
0x00007ffad2cb0000 - 0x00007ffad2d4a000 	C:\WINDOWS\System32\msvcp_win.dll
0x00007ffad4ca0000 - 0x00007ffad4cd1000 	C:\WINDOWS\System32\IMM32.DLL
0x00007ffaa1810000 - 0x00007ffaa18ab000 	F:\Projects\Tools\java-18\bin\msvcp140.dll
0x00007ffa8d8f0000 - 0x00007ffa8e561000 	F:\Projects\Tools\java-18\bin\server\jvm.dll
0x00007ffad4db0000 - 0x00007ffad4e5e000 	C:\WINDOWS\System32\ADVAPI32.dll
0x00007ffad4e60000 - 0x00007ffad4f04000 	C:\WINDOWS\System32\sechost.dll
0x00007ffad2dc0000 - 0x00007ffad2ed5000 	C:\WINDOWS\System32\RPCRT4.dll
0x00007ffad4c90000 - 0x00007ffad4c98000 	C:\WINDOWS\System32\PSAPI.DLL
0x00007ffabf350000 - 0x00007ffabf359000 	C:\WINDOWS\SYSTEM32\WSOCK32.dll
0x00007ffacaad0000 - 0x00007ffacab04000 	C:\WINDOWS\SYSTEM32\WINMM.dll
0x00007ffad1070000 - 0x00007ffad107a000 	C:\WINDOWS\SYSTEM32\VERSION.dll
0x00007ffad49a0000 - 0x00007ffad4a11000 	C:\WINDOWS\System32\WS2_32.dll
0x00007ffad13b0000 - 0x00007ffad13c8000 	C:\WINDOWS\SYSTEM32\kernel.appcore.dll
0x00007ffabde00000 - 0x00007ffabde0a000 	F:\Projects\Tools\java-18\bin\jimage.dll
0x00007ffab9900000 - 0x00007ffab9b2e000 	C:\WINDOWS\SYSTEM32\DBGHELP.DLL
0x00007ffad36e0000 - 0x00007ffad3a69000 	C:\WINDOWS\System32\combase.dll
0x00007ffad3de0000 - 0x00007ffad3eb7000 	C:\WINDOWS\System32\OLEAUT32.dll
0x00007ffac0dc0000 - 0x00007ffac0df2000 	C:\WINDOWS\SYSTEM32\dbgcore.DLL
0x00007ffad29c0000 - 0x00007ffad2a3b000 	C:\WINDOWS\System32\bcryptPrimitives.dll
0x00007ffaa34c0000 - 0x00007ffaa34e5000 	F:\Projects\Tools\java-18\bin\java.dll

dbghelp: loaded successfully - version: 4.0.5 - missing functions: none
symbol engine: initialized successfully - sym options: 0x614 - pdb path: .;F:\Projects\Tools\java-18\bin;C:\WINDOWS\SYSTEM32;C:\WINDOWS\WinSxS\amd64_microsoft.windows.common-controls_6595b64144ccf1df_6.0.22621.608_none_a9444ca7c10bb01d;F:\Projects\Tools\java-18\bin\server

VM Arguments:
java_command: C:\Users\vutam\AppData\Local\Temp\surefire6642391782376524910\surefirebooter11062842243729111576.jar C:\Users\vutam\AppData\Local\Temp\surefire6642391782376524910 2023-03-07T09-06-03_339-jvmRun1 surefire14491544570718552841tmp surefire_08978784007903787475tmp
java_class_path (initial): C:\Users\vutam\AppData\Local\Temp\surefire6642391782376524910\surefirebooter11062842243729111576.jar
Launcher Type: SUN_STANDARD

[Global flags]
     intx CICompilerCount                          = 4                                         {product} {ergonomic}
     uint ConcGCThreads                            = 3                                         {product} {ergonomic}
     uint G1ConcRefinementThreads                  = 10                                        {product} {ergonomic}
   size_t G1HeapRegionSize                         = 2097152                                   {product} {ergonomic}
    uintx GCDrainStackTargetSize                   = 64                                        {product} {ergonomic}
   size_t InitialHeapSize                          = 264241152                                 {product} {ergonomic}
   size_t MarkStackSize                            = 4194304                                   {product} {ergonomic}
   size_t MaxHeapSize                              = 4206886912                                {product} {ergonomic}
   size_t MinHeapDeltaBytes                        = 2097152                                   {product} {ergonomic}
   size_t MinHeapSize                              = 8388608                                   {product} {ergonomic}
    uintx NonNMethodCodeHeapSize                   = 5839372                                {pd product} {ergonomic}
    uintx NonProfiledCodeHeapSize                  = 122909434                              {pd product} {ergonomic}
    uintx ProfiledCodeHeapSize                     = 122909434                              {pd product} {ergonomic}
    uintx ReservedCodeCacheSize                    = 251658240                              {pd product} {ergonomic}
     bool SegmentedCodeCache                       = true                                      {product} {ergonomic}
   size_t SoftMaxHeapSize                          = 4206886912                             {manageable} {ergonomic}
     bool UseCompressedClassPointers               = true                           {product lp64_product} {ergonomic}
     bool UseCompressedOops                        = true                           {product lp64_product} {ergonomic}
     bool UseG1GC                                  = true                                      {product} {ergonomic}
     bool UseLargePagesIndividualAllocation        = false                                  {pd product} {ergonomic}

Logging:
Log output configuration:
 #0: stdout all=warning uptime,level,tags foldmultilines=false
 #1: stderr all=off uptime,level,tags foldmultilines=false

Environment Variables:
JAVA_HOME=C:\Program Files\Java\jdk-17.0.5
PATH=C:\Program Files (x86)\VMware\VMware Workstation\bin\;C:\Program Files\Common Files\Oracle\Java\javapath;F:\Projects\WINDOWS.X64_193000_db_home\bin;C:\Python310\Scripts\;C:\Python310\;C:\WINDOWS\system32;C:\WINDOWS;C:\WINDOWS\System32\Wbem;C:\WINDOWS\System32\WindowsPowerShell\v1.0\;C:\WINDOWS\System32\OpenSSH\;C:\Program Files\Git\cmd;C:\ProgramData\chocolatey\bin;C:\nodejs;C:\Program Files\Amazon\AWSCLIV2\;C:\Program Files\VisualSVN Server\bin;C:\Users\vutam\OneDrive\Data\rclone;F:\Projects\Tools\gradle-7.5.1-bin\gradle-7.5.1\bin;C:\Program Files\Java\jdk-17.0.5\bin;C:\Program Files\Cloudflare\Cloudflare WARP\;C:\Program Files\nodejs\node_modules\npm\bin;C:\Program Files\nodejs;C:\Program Files\dotnet\;F:\Projects\Tools\mongodb\bin;F:\Projects\Tools\mongo-sh\bin;F:\Projects\Tools\apache-maven-3.9.0\bin;;C:\Program Files\Docker\Docker\resources\bin;C:\Users\vutam\AppData\Local\Microsoft\WindowsApps;C:\Users\vutam\AppData\Local\Programs\Microsoft VS Code\bin;C:\Program Files\nodejs;C:\Users\vutam\OneDrive\Data\rclone;F:\Projects\Tools\gradle-7.5.1-bin\gradle-7.5.1\bin;C:\Program Files\Java\jdk-17.0.5\bin;C:\Users\vutam\AppData\Roaming\npm;C:\Python310;F:\Projects\Tools\mongodb\bin;F:\Projects\Tools\mongo-sh\bin;F:\Projects\Tools\apache-maven-3.9.0\bin;C:\Users\vutam\AppData\Local\JetBrains\Toolbox\scripts;
USERNAME=vutam
OS=Windows_NT
PROCESSOR_IDENTIFIER=Intel64 Family 6 Model 165 Stepping 3, GenuineIntel



---------------  S Y S T E M  ---------------

OS:
 Windows 11 , 64 bit Build 22621 (10.0.22621.1344)
OS uptime: 0 days 1:23 hours
Hyper-V role detected

CPU: total 12 (initial active 12) (6 cores per cpu, 2 threads per core) family 6 model 165 stepping 3 microcode 0xe0, cx8, cmov, fxsr, ht, mmx, 3dnowpref, sse, sse2, sse3, ssse3, sse4.1, sse4.2, popcnt, lzcnt, tsc, tscinvbit, avx, avx2, aes, erms, clmul, bmi1, bmi2, adx, fma, vzeroupper, clflush, clflushopt, hv

Memory: 4k page, system-wide physical 16045M (511M free)
TotalPageFile size 18093M (AvailPageFile size 146M)
current process WorkingSet (physical memory assigned to process): 12M, peak: 12M
current process commit charge ("private bytes"): 64M, peak: 316M

vm_info: OpenJDK 64-Bit Server VM (18.0.2+9-FR) for windows-amd64 JRE (18.0.2+9-FR), built on Jul 15 2022 20:03:03 by "Administrator" with MS VC++ 15.9 (VS2017)

END.
