#
# There is insufficient memory for the Java Runtime Environment to continue.
# Native memory allocation (mmap) failed to map 85983232 bytes for G1 virtual space
# Possible reasons:
#   The system is out of physical RAM or swap space
#   The process is running with CompressedOops enabled, and the Java Heap may be blocking the growth of the native heap
# Possible solutions:
#   Reduce memory load on the system
#   Increase physical memory or swap space
#   Check if swap backing store is full
#   Decrease Java heap size (-Xmx/-Xms)
#   Decrease number of Java threads
#   Decrease Java thread stack sizes (-Xss)
#   Set larger code cache with -XX:ReservedCodeCacheSize=
#   JVM is running with Zero Based Compressed Oops mode in which the Java heap is
#     placed in the first 32GB address space. The Java Heap base address is the
#     maximum limit for the native heap growth. Please use -XX:HeapBaseMinAddress
#     to set the Java Heap base and to place the Java Heap above 32GB virtual address.
# This output file may be truncated or incomplete.
#
#  Out of Memory Error (os_windows.cpp:3541), pid=9560, tid=11744
#
# JRE version: Java(TM) SE Runtime Environment (17.0.5+9) (build 17.0.5+9-LTS-191)
# Java VM: Java HotSpot(TM) 64-Bit Server VM (17.0.5+9-LTS-191, mixed mode, emulated-client, sharing, tiered, compressed oops, compressed class ptrs, g1 gc, windows-amd64)
# No core dump will be written. Minidumps are not enabled by default on client versions of Windows
#

---------------  S U M M A R Y ------------

Command Line: -XX:TieredStopAtLevel=1 -Dspring.output.ansi.enabled=always -Dcom.sun.management.jmxremote -Dspring.jmx.enabled=true -Dspring.liveBeansView.mbeanDomain -Dspring.application.admin.enabled=true -Dmanagement.endpoints.jmx.exposure.include=* -javaagent:C:\Program Files\JetBrains\IntelliJ IDEA 2022.3.2\lib\idea_rt.jar=55652:C:\Program Files\JetBrains\IntelliJ IDEA 2022.3.2\bin -Dfile.encoding=UTF-8 com.vindemo.translation.TranslationApplication

Host: Intel(R) Core(TM) i5-10400 CPU @ 2.90GHz, 12 cores, 15G,  Windows 11 , 64 bit Build 22621 (10.0.22621.1344)
Time: Tue Mar  7 10:32:02 2023 SE Asia Standard Time elapsed time: 14.625476 seconds (0d 0h 0m 14s)

---------------  T H R E A D  ---------------

Current thread (0x00000233df09f240):  VMThread "VM Thread" [stack: 0x00000073ba400000,0x00000073ba500000] [id=11744]

Stack: [0x00000073ba400000,0x00000073ba500000]
Native frames: (J=compiled Java code, j=interpreted, Vv=VM code, C=native code)
V  [jvm.dll+0x672eea]
V  [jvm.dll+0x7d2a04]
V  [jvm.dll+0x7d41ae]
V  [jvm.dll+0x7d4813]
V  [jvm.dll+0x242c15]
V  [jvm.dll+0x66fe09]
V  [jvm.dll+0x664682]
V  [jvm.dll+0x300e8b]
V  [jvm.dll+0x308426]
V  [jvm.dll+0x357ffe]
V  [jvm.dll+0x35822f]
V  [jvm.dll+0x2d80a8]
V  [jvm.dll+0x2d6374]
V  [jvm.dll+0x2d597c]
V  [jvm.dll+0x3193eb]
V  [jvm.dll+0x7d8ceb]
V  [jvm.dll+0x7d9a24]
V  [jvm.dll+0x7d9f3c]
V  [jvm.dll+0x7da314]
V  [jvm.dll+0x7da3e0]
V  [jvm.dll+0x782b4a]
V  [jvm.dll+0x671d75]
C  [ucrtbase.dll+0x29363]
C  [KERNEL32.DLL+0x126bd]
C  [ntdll.dll+0x5a9f8]

VM_Operation (0x00000073baffc060): G1CollectForAllocation, mode: safepoint, requested by thread 0x00000233e1da4a50


---------------  P R O C E S S  ---------------

Threads class SMR info:
_java_thread_list=0x00000233e25fb590, length=33, elements={
0x00000233df0a3ce0, 0x00000233df0a68a0, 0x00000233df0bade0, 0x00000233df0bb6a0,
0x00000233df0bc050, 0x00000233df0bca00, 0x00000233df0bd460, 0x00000233dfc0ac50,
0x00000233dfc6e260, 0x00000233e009efa0, 0x00000233e009fc80, 0x00000233e02792e0,
0x00000233e1af5000, 0x00000233e1a96fb0, 0x00000233e1da58c0, 0x00000233e1da53f0,
0x00000233e1da5d90, 0x00000233e1da4580, 0x00000233e1da4a50, 0x00000233e2605830,
0x00000233e26079e0, 0x00000233e2607eb0, 0x00000233e26066a0, 0x00000233e26019a0,
0x00000233e2605360, 0x00000233e2606b70, 0x00000233e2604020, 0x00000233e2607040,
0x00000233e2602810, 0x00000233e2608380, 0x00000233e2602ce0, 0x00000233e2601000,
0x00000233e2603680
}

Java Threads: ( => current thread )
  0x00000233df0a3ce0 JavaThread "Reference Handler" daemon [_thread_blocked, id=19280, stack(0x00000073ba500000,0x00000073ba600000)]
  0x00000233df0a68a0 JavaThread "Finalizer" daemon [_thread_blocked, id=18160, stack(0x00000073ba600000,0x00000073ba700000)]
  0x00000233df0bade0 JavaThread "Signal Dispatcher" daemon [_thread_blocked, id=8324, stack(0x00000073ba700000,0x00000073ba800000)]
  0x00000233df0bb6a0 JavaThread "Attach Listener" daemon [_thread_blocked, id=2064, stack(0x00000073ba800000,0x00000073ba900000)]
  0x00000233df0bc050 JavaThread "Service Thread" daemon [_thread_blocked, id=14628, stack(0x00000073ba900000,0x00000073baa00000)]
  0x00000233df0bca00 JavaThread "Monitor Deflation Thread" daemon [_thread_blocked, id=14372, stack(0x00000073baa00000,0x00000073bab00000)]
  0x00000233df0bd460 JavaThread "C1 CompilerThread0" daemon [_thread_blocked, id=20160, stack(0x00000073bab00000,0x00000073bac00000)]
  0x00000233dfc0ac50 JavaThread "Sweeper thread" daemon [_thread_blocked, id=15108, stack(0x00000073bac00000,0x00000073bad00000)]
  0x00000233dfc6e260 JavaThread "Common-Cleaner" daemon [_thread_blocked, id=3308, stack(0x00000073bad00000,0x00000073bae00000)]
  0x00000233e009efa0 JavaThread "Monitor Ctrl-Break" daemon [_thread_in_native, id=8328, stack(0x00000073bb000000,0x00000073bb100000)]
  0x00000233e009fc80 JavaThread "Notification Thread" daemon [_thread_blocked, id=9544, stack(0x00000073bb100000,0x00000073bb200000)]
  0x00000233e02792e0 JavaThread "RMI TCP Accept-0" daemon [_thread_in_native, id=10568, stack(0x00000073bb200000,0x00000073bb300000)]
  0x00000233e1af5000 JavaThread "RMI TCP Connection(1)-192.168.120.2" daemon [_thread_in_native, id=4260, stack(0x00000073bbd00000,0x00000073bbe00000)]
  0x00000233e1a96fb0 JavaThread "RMI Scheduler(0)" daemon [_thread_blocked, id=13056, stack(0x00000073bc000000,0x00000073bc100000)]
  0x00000233e1da58c0 JavaThread "Catalina-utility-1" [_thread_blocked, id=6776, stack(0x00000073bc300000,0x00000073bc400000)]
  0x00000233e1da53f0 JavaThread "Catalina-utility-2" [_thread_blocked, id=3588, stack(0x00000073bc400000,0x00000073bc500000)]
  0x00000233e1da5d90 JavaThread "container-0" [_thread_blocked, id=10156, stack(0x00000073bc500000,0x00000073bc600000)]
  0x00000233e1da4580 JavaThread "HikariPool-1 housekeeper" daemon [_thread_blocked, id=10160, stack(0x00000073bc700000,0x00000073bc800000)]
  0x00000233e1da4a50 JavaThread "http-nio-18080-exec-1" daemon [_thread_blocked, id=19316, stack(0x00000073baf00000,0x00000073bb000000)]
  0x00000233e2605830 JavaThread "http-nio-18080-exec-2" daemon [_thread_blocked, id=7316, stack(0x00000073bb400000,0x00000073bb500000)]
  0x00000233e26079e0 JavaThread "http-nio-18080-exec-3" daemon [_thread_blocked, id=16680, stack(0x00000073bc900000,0x00000073bca00000)]
  0x00000233e2607eb0 JavaThread "http-nio-18080-exec-4" daemon [_thread_blocked, id=10908, stack(0x00000073bca00000,0x00000073bcb00000)]
  0x00000233e26066a0 JavaThread "http-nio-18080-exec-5" daemon [_thread_blocked, id=19796, stack(0x00000073bcb00000,0x00000073bcc00000)]
  0x00000233e26019a0 JavaThread "http-nio-18080-exec-6" daemon [_thread_blocked, id=8020, stack(0x00000073bcc00000,0x00000073bcd00000)]
  0x00000233e2605360 JavaThread "http-nio-18080-exec-7" daemon [_thread_blocked, id=4064, stack(0x00000073bcd00000,0x00000073bce00000)]
  0x00000233e2606b70 JavaThread "http-nio-18080-exec-8" daemon [_thread_blocked, id=12660, stack(0x00000073bce00000,0x00000073bcf00000)]
  0x00000233e2604020 JavaThread "http-nio-18080-exec-9" daemon [_thread_blocked, id=13308, stack(0x00000073bcf00000,0x00000073bd000000)]
  0x00000233e2607040 JavaThread "http-nio-18080-exec-10" daemon [_thread_blocked, id=9112, stack(0x00000073bd000000,0x00000073bd100000)]
  0x00000233e2602810 JavaThread "http-nio-18080-Poller" daemon [_thread_in_native, id=14284, stack(0x00000073bd100000,0x00000073bd200000)]
  0x00000233e2608380 JavaThread "http-nio-18080-Acceptor" daemon [_thread_in_native, id=16528, stack(0x00000073bd200000,0x00000073bd300000)]
  0x00000233e2602ce0 JavaThread "DestroyJavaVM" [_thread_blocked, id=14672, stack(0x00000073b9e00000,0x00000073b9f00000)]
  0x00000233e2601000 JavaThread "RMI TCP Connection(2)-192.168.120.2" daemon [_thread_in_native, id=12024, stack(0x00000073bd300000,0x00000073bd400000)]
  0x00000233e2603680 JavaThread "RMI TCP Connection(3)-192.168.120.2" daemon [_thread_in_native, id=15480, stack(0x00000073bd400000,0x00000073bd500000)]

Other Threads:
=>0x00000233df09f240 VMThread "VM Thread" [stack: 0x00000073ba400000,0x00000073ba500000] [id=11744]
  0x00000233c8381ee0 WatcherThread [stack: 0x00000073bb300000,0x00000073bb400000] [id=3968]
  0x00000233c8366130 GCTaskThread "GC Thread#0" [stack: 0x00000073b9f00000,0x00000073ba000000] [id=19744]
  0x00000233e0536470 GCTaskThread "GC Thread#1" [stack: 0x00000073bb500000,0x00000073bb600000] [id=17244]
  0x00000233e0536720 GCTaskThread "GC Thread#2" [stack: 0x00000073bb600000,0x00000073bb700000] [id=1896]
  0x00000233e05369d0 GCTaskThread "GC Thread#3" [stack: 0x00000073bb700000,0x00000073bb800000] [id=11884]
  0x00000233e057c030 GCTaskThread "GC Thread#4" [stack: 0x00000073bb800000,0x00000073bb900000] [id=5588]
  0x00000233e057cb70 GCTaskThread "GC Thread#5" [stack: 0x00000073bb900000,0x00000073bba00000] [id=18876]
  0x00000233e0501c50 GCTaskThread "GC Thread#6" [stack: 0x00000073bba00000,0x00000073bbb00000] [id=3152]
  0x00000233e04e2f50 GCTaskThread "GC Thread#7" [stack: 0x00000073bbb00000,0x00000073bbc00000] [id=14816]
  0x00000233e0703370 GCTaskThread "GC Thread#8" [stack: 0x00000073bbe00000,0x00000073bbf00000] [id=16188]
  0x00000233e06b57d0 GCTaskThread "GC Thread#9" [stack: 0x00000073bbf00000,0x00000073bc000000] [id=14132]
  0x00000233c8376c90 ConcurrentGCThread "G1 Main Marker" [stack: 0x00000073ba000000,0x00000073ba100000] [id=3632]
  0x00000233c83776a0 ConcurrentGCThread "G1 Conc#0" [stack: 0x00000073ba100000,0x00000073ba200000] [id=10432]
  0x00000233e1c46e40 ConcurrentGCThread "G1 Conc#1" [stack: 0x00000073bc100000,0x00000073bc200000] [id=10588]
  0x00000233e1c29ab0 ConcurrentGCThread "G1 Conc#2" [stack: 0x00000073bc200000,0x00000073bc300000] [id=1648]
  0x00000233c83be310 ConcurrentGCThread "G1 Refine#0" [stack: 0x00000073ba200000,0x00000073ba300000] [id=16880]
  0x00000233e052fb00 ConcurrentGCThread "G1 Refine#1" [stack: 0x00000073bbc00000,0x00000073bbd00000] [id=10236]
  0x00000233e2278ec0 ConcurrentGCThread "G1 Refine#2" [stack: 0x00000073bd500000,0x00000073bd600000] [id=12376]
  0x00000233e227a2e0 ConcurrentGCThread "G1 Refine#3" [stack: 0x00000073bd600000,0x00000073bd700000] [id=11236]
  0x00000233e2279a40 ConcurrentGCThread "G1 Refine#4" [stack: 0x00000073bd700000,0x00000073bd800000] [id=16576]
  0x00000233e2278900 ConcurrentGCThread "G1 Refine#5" [stack: 0x00000073bd800000,0x00000073bd900000] [id=12236]
  0x00000233e2278be0 ConcurrentGCThread "G1 Refine#6" [stack: 0x00000073bd900000,0x00000073bda00000] [id=18692]
  0x00000233e2279d20 ConcurrentGCThread "G1 Refine#7" [stack: 0x00000073bc800000,0x00000073bc900000] [id=2412]
  0x00000233e2279480 ConcurrentGCThread "G1 Refine#8" [stack: 0x00000073bae00000,0x00000073baf00000] [id=1856]
  0x00000233c83bebd0 ConcurrentGCThread "G1 Service" [stack: 0x00000073ba300000,0x00000073ba400000] [id=7872]

Threads with active compile tasks:

VM state: at safepoint (normal execution)

VM Mutex/Monitor currently owned by a thread:  ([mutex/lock_event])
[0x00000233c82f6090] Threads_lock - owner thread: 0x00000233df09f240
[0x00000233c82f70e0] Heap_lock - owner thread: 0x00000233e1da4a50

Heap address: 0x0000000705400000, size: 4012 MB, Compressed Oops mode: Zero based, Oop shift amount: 3

CDS archive(s) mapped at: [0x0000000800000000-0x0000000800bd0000-0x0000000800bd0000), size 12386304, SharedBaseAddress: 0x0000000800000000, ArchiveRelocationMode: 0.
Compressed class space mapped at: 0x0000000800c00000-0x0000000840c00000, reserved size: 1073741824
Narrow klass base: 0x0000000800000000, Narrow klass shift: 0, Narrow klass range: 0x100000000

GC Precious Log:
 CPUs: 12 total, 12 available
 Memory: 16045M
 Large Page Support: Disabled
 NUMA Support: Disabled
 Compressed Oops: Enabled (Zero based)
 Heap Region Size: 2M
 Heap Min Capacity: 8M
 Heap Initial Capacity: 252M
 Heap Max Capacity: 4012M
 Pre-touch: Disabled
 Parallel Workers: 10
 Concurrent Workers: 3
 Concurrent Refinement Workers: 10
 Periodic GC: Disabled

Heap:
 garbage-first heap   total 262144K, used 99042K [0x0000000705400000, 0x0000000800000000)
  region size 2048K, 6 young (12288K), 6 survivors (12288K)
 Metaspace       used 50022K, committed 50368K, reserved 1097728K
  class space    used 7182K, committed 7360K, reserved 1048576K

Heap Regions: E=young(eden), S=young(survivor), O=old, HS=humongous(starts), HC=humongous(continues), CS=collection set, F=free, OA=open archive, CA=closed archive, TAMS=top-at-mark-start (previous, next)
|   0|0x0000000705400000, 0x0000000705600000, 0x0000000705600000|100%| O|  |TAMS 0x0000000705600000, 0x0000000705400000| Untracked 
|   1|0x0000000705600000, 0x0000000705800000, 0x0000000705800000|100%| O|  |TAMS 0x0000000705800000, 0x0000000705600000| Untracked 
|   2|0x0000000705800000, 0x0000000705a00000, 0x0000000705a00000|100%| O|  |TAMS 0x0000000705a00000, 0x0000000705800000| Untracked 
|   3|0x0000000705a00000, 0x0000000705c00000, 0x0000000705c00000|100%| O|  |TAMS 0x0000000705c00000, 0x0000000705a00000| Untracked 
|   4|0x0000000705c00000, 0x0000000705e00000, 0x0000000705e00000|100%| O|  |TAMS 0x0000000705e00000, 0x0000000705c00000| Untracked 
|   5|0x0000000705e00000, 0x0000000706000000, 0x0000000706000000|100%| O|  |TAMS 0x0000000706000000, 0x0000000705e00000| Untracked 
|   6|0x0000000706000000, 0x0000000706200000, 0x0000000706200000|100%| O|  |TAMS 0x0000000706200000, 0x0000000706000000| Untracked 
|   7|0x0000000706200000, 0x0000000706400000, 0x0000000706400000|100%| O|  |TAMS 0x0000000706400000, 0x0000000706200000| Untracked 
|   8|0x0000000706400000, 0x0000000706600000, 0x0000000706600000|100%| O|  |TAMS 0x0000000706600000, 0x0000000706400000| Untracked 
|   9|0x0000000706600000, 0x0000000706800000, 0x0000000706800000|100%| O|  |TAMS 0x0000000706800000, 0x0000000706600000| Untracked 
|  10|0x0000000706800000, 0x0000000706a00000, 0x0000000706a00000|100%| O|  |TAMS 0x0000000706a00000, 0x0000000706800000| Untracked 
|  11|0x0000000706a00000, 0x0000000706be1200, 0x0000000706c00000| 93%| O|  |TAMS 0x0000000706be1200, 0x0000000706a00000| Untracked 
|  12|0x0000000706c00000, 0x0000000706e00000, 0x0000000706e00000|100%| O|  |TAMS 0x0000000706e00000, 0x0000000706c00000| Untracked 
|  13|0x0000000706e00000, 0x0000000707000000, 0x0000000707000000|100%| O|  |TAMS 0x0000000707000000, 0x0000000706e00000| Untracked 
|  14|0x0000000707000000, 0x0000000707200000, 0x0000000707200000|100%| O|  |TAMS 0x0000000707200000, 0x0000000707000000| Untracked 
|  15|0x0000000707200000, 0x0000000707400000, 0x0000000707400000|100%| O|  |TAMS 0x0000000707291800, 0x0000000707200000| Untracked 
|  16|0x0000000707400000, 0x0000000707600000, 0x0000000707600000|100%|HS|  |TAMS 0x0000000707400000, 0x0000000707400000| Complete 
|  17|0x0000000707600000, 0x0000000707800000, 0x0000000707800000|100%| O|  |TAMS 0x0000000707600000, 0x0000000707600000| Untracked 
|  18|0x0000000707800000, 0x0000000707a00000, 0x0000000707a00000|100%| O|  |TAMS 0x0000000707800000, 0x0000000707800000| Untracked 
|  19|0x0000000707a00000, 0x0000000707c00000, 0x0000000707c00000|100%| O|  |TAMS 0x0000000707a00000, 0x0000000707a00000| Untracked 
|  20|0x0000000707c00000, 0x0000000707e00000, 0x0000000707e00000|100%| O|  |TAMS 0x0000000707c00000, 0x0000000707c00000| Untracked 
|  21|0x0000000707e00000, 0x0000000708000000, 0x0000000708000000|100%| O|  |TAMS 0x0000000707e00000, 0x0000000707e00000| Untracked 
|  22|0x0000000708000000, 0x0000000708200000, 0x0000000708200000|100%|HS|  |TAMS 0x0000000708000000, 0x0000000708000000| Complete 
|  23|0x0000000708200000, 0x0000000708400000, 0x0000000708400000|100%|HC|  |TAMS 0x0000000708200000, 0x0000000708200000| Complete 
|  24|0x0000000708400000, 0x0000000708600000, 0x0000000708600000|100%| O|  |TAMS 0x0000000708400000, 0x0000000708400000| Untracked 
|  25|0x0000000708600000, 0x0000000708800000, 0x0000000708800000|100%| O|  |TAMS 0x0000000708600000, 0x0000000708600000| Untracked 
|  26|0x0000000708800000, 0x0000000708a00000, 0x0000000708a00000|100%| O|  |TAMS 0x0000000708800000, 0x0000000708800000| Untracked 
|  27|0x0000000708a00000, 0x0000000708c00000, 0x0000000708c00000|100%| O|  |TAMS 0x0000000708a00000, 0x0000000708a00000| Untracked 
|  28|0x0000000708c00000, 0x0000000708e00000, 0x0000000708e00000|100%| O|  |TAMS 0x0000000708c00000, 0x0000000708c00000| Untracked 
|  29|0x0000000708e00000, 0x0000000709000000, 0x0000000709000000|100%| O|  |TAMS 0x0000000708e00000, 0x0000000708e00000| Untracked 
|  30|0x0000000709000000, 0x0000000709200000, 0x0000000709200000|100%| O|  |TAMS 0x0000000709000000, 0x0000000709000000| Untracked 
|  31|0x0000000709200000, 0x0000000709400000, 0x0000000709400000|100%| O|  |TAMS 0x0000000709200000, 0x0000000709200000| Untracked 
|  32|0x0000000709400000, 0x0000000709600000, 0x0000000709600000|100%| O|  |TAMS 0x0000000709400000, 0x0000000709400000| Untracked 
|  33|0x0000000709600000, 0x0000000709800000, 0x0000000709800000|100%|HS|  |TAMS 0x0000000709600000, 0x0000000709600000| Complete 
|  34|0x0000000709800000, 0x0000000709a00000, 0x0000000709a00000|100%|HC|  |TAMS 0x0000000709800000, 0x0000000709800000| Complete 
|  35|0x0000000709a00000, 0x0000000709c00000, 0x0000000709c00000|100%|HC|  |TAMS 0x0000000709a00000, 0x0000000709a00000| Complete 
|  36|0x0000000709c00000, 0x0000000709e00000, 0x0000000709e00000|100%| O|  |TAMS 0x0000000709c00000, 0x0000000709c00000| Untracked 
|  37|0x0000000709e00000, 0x000000070a000000, 0x000000070a000000|100%| O|  |TAMS 0x0000000709e00000, 0x0000000709e00000| Untracked 
|  38|0x000000070a000000, 0x000000070a200000, 0x000000070a200000|100%| O|  |TAMS 0x000000070a000000, 0x000000070a000000| Untracked 
|  39|0x000000070a200000, 0x000000070a400000, 0x000000070a400000|100%| O|  |TAMS 0x000000070a200000, 0x000000070a200000| Untracked 
|  40|0x000000070a400000, 0x000000070a600000, 0x000000070a600000|100%| O|  |TAMS 0x000000070a400000, 0x000000070a400000| Untracked 
|  41|0x000000070a600000, 0x000000070a800000, 0x000000070a800000|100%| O|  |TAMS 0x000000070a600000, 0x000000070a600000| Untracked 
|  42|0x000000070a800000, 0x000000070aa00000, 0x000000070aa00000|100%| O|  |TAMS 0x000000070a800000, 0x000000070a800000| Untracked 
|  43|0x000000070aa00000, 0x000000070aa1da00, 0x000000070ac00000|  5%| O|  |TAMS 0x000000070aa00000, 0x000000070aa00000| Untracked 
|  44|0x000000070ac00000, 0x000000070ac00000, 0x000000070ae00000|  0%| F|  |TAMS 0x000000070ac00000, 0x000000070ac00000| Untracked 
|  45|0x000000070ae00000, 0x000000070ae00000, 0x000000070b000000|  0%| F|  |TAMS 0x000000070ae00000, 0x000000070ae00000| Untracked 
|  46|0x000000070b000000, 0x000000070b000000, 0x000000070b200000|  0%| F|  |TAMS 0x000000070b000000, 0x000000070b000000| Untracked 
|  47|0x000000070b200000, 0x000000070b200000, 0x000000070b400000|  0%| F|  |TAMS 0x000000070b200000, 0x000000070b200000| Untracked 
|  48|0x000000070b400000, 0x000000070b400000, 0x000000070b600000|  0%| F|  |TAMS 0x000000070b400000, 0x000000070b400000| Untracked 
|  49|0x000000070b600000, 0x000000070b600000, 0x000000070b800000|  0%| F|  |TAMS 0x000000070b600000, 0x000000070b600000| Untracked 
|  50|0x000000070b800000, 0x000000070b800000, 0x000000070ba00000|  0%| F|  |TAMS 0x000000070b800000, 0x000000070b800000| Untracked 
|  51|0x000000070ba00000, 0x000000070ba00000, 0x000000070bc00000|  0%| F|  |TAMS 0x000000070ba00000, 0x000000070ba00000| Untracked 
|  52|0x000000070bc00000, 0x000000070bc00000, 0x000000070be00000|  0%| F|  |TAMS 0x000000070bc00000, 0x000000070bc00000| Untracked 
|  53|0x000000070be00000, 0x000000070be00000, 0x000000070c000000|  0%| F|  |TAMS 0x000000070be00000, 0x000000070be00000| Untracked 
|  54|0x000000070c000000, 0x000000070c000000, 0x000000070c200000|  0%| F|  |TAMS 0x000000070c000000, 0x000000070c000000| Untracked 
|  55|0x000000070c200000, 0x000000070c200000, 0x000000070c400000|  0%| F|  |TAMS 0x000000070c200000, 0x000000070c200000| Untracked 
|  56|0x000000070c400000, 0x000000070c400000, 0x000000070c600000|  0%| F|  |TAMS 0x000000070c400000, 0x000000070c400000| Untracked 
|  57|0x000000070c600000, 0x000000070c600000, 0x000000070c800000|  0%| F|  |TAMS 0x000000070c600000, 0x000000070c600000| Untracked 
|  58|0x000000070c800000, 0x000000070c800000, 0x000000070ca00000|  0%| F|  |TAMS 0x000000070c800000, 0x000000070c800000| Untracked 
|  59|0x000000070ca00000, 0x000000070ca00000, 0x000000070cc00000|  0%| F|  |TAMS 0x000000070ca00000, 0x000000070ca00000| Untracked 
|  60|0x000000070cc00000, 0x000000070cc00000, 0x000000070ce00000|  0%| F|  |TAMS 0x000000070cc00000, 0x000000070cc00000| Untracked 
|  61|0x000000070ce00000, 0x000000070ce00000, 0x000000070d000000|  0%| F|  |TAMS 0x000000070ce00000, 0x000000070ce00000| Untracked 
|  62|0x000000070d000000, 0x000000070d000000, 0x000000070d200000|  0%| F|  |TAMS 0x000000070d000000, 0x000000070d000000| Untracked 
|  63|0x000000070d200000, 0x000000070d2b9d00, 0x000000070d400000| 36%| S|CS|TAMS 0x000000070d200000, 0x000000070d200000| Complete 
|  64|0x000000070d400000, 0x000000070d600000, 0x000000070d600000|100%| S|CS|TAMS 0x000000070d400000, 0x000000070d400000| Complete 
|  65|0x000000070d600000, 0x000000070d800000, 0x000000070d800000|100%| S|CS|TAMS 0x000000070d600000, 0x000000070d600000| Complete 
|  66|0x000000070d800000, 0x000000070da00000, 0x000000070da00000|100%| S|CS|TAMS 0x000000070d800000, 0x000000070d800000| Complete 
|  67|0x000000070da00000, 0x000000070dc00000, 0x000000070dc00000|100%| S|CS|TAMS 0x000000070da00000, 0x000000070da00000| Complete 
|  68|0x000000070dc00000, 0x000000070de00000, 0x000000070de00000|100%| S|CS|TAMS 0x000000070dc00000, 0x000000070dc00000| Complete 
|  69|0x000000070de00000, 0x000000070de00000, 0x000000070e000000|  0%| F|  |TAMS 0x000000070de00000, 0x000000070de00000| Untracked 
|  70|0x000000070e000000, 0x000000070e000000, 0x000000070e200000|  0%| F|  |TAMS 0x000000070e000000, 0x000000070e000000| Untracked 
|  71|0x000000070e200000, 0x000000070e200000, 0x000000070e400000|  0%| F|  |TAMS 0x000000070e200000, 0x000000070e200000| Untracked 
|  72|0x000000070e400000, 0x000000070e400000, 0x000000070e600000|  0%| F|  |TAMS 0x000000070e400000, 0x000000070e400000| Untracked 
|  73|0x000000070e600000, 0x000000070e600000, 0x000000070e800000|  0%| F|  |TAMS 0x000000070e600000, 0x000000070e600000| Untracked 
|  74|0x000000070e800000, 0x000000070e800000, 0x000000070ea00000|  0%| F|  |TAMS 0x000000070e800000, 0x000000070e800000| Untracked 
|  75|0x000000070ea00000, 0x000000070ea00000, 0x000000070ec00000|  0%| F|  |TAMS 0x000000070ea00000, 0x000000070ea00000| Untracked 
|  76|0x000000070ec00000, 0x000000070ec00000, 0x000000070ee00000|  0%| F|  |TAMS 0x000000070ec00000, 0x000000070ec00000| Untracked 
|  77|0x000000070ee00000, 0x000000070ee00000, 0x000000070f000000|  0%| F|  |TAMS 0x000000070ee00000, 0x000000070ee00000| Untracked 
|  78|0x000000070f000000, 0x000000070f000000, 0x000000070f200000|  0%| F|  |TAMS 0x000000070f000000, 0x000000070f000000| Untracked 
|  79|0x000000070f200000, 0x000000070f200000, 0x000000070f400000|  0%| F|  |TAMS 0x000000070f200000, 0x000000070f200000| Untracked 
|  80|0x000000070f400000, 0x000000070f400000, 0x000000070f600000|  0%| F|  |TAMS 0x000000070f400000, 0x000000070f400000| Untracked 
|  81|0x000000070f600000, 0x000000070f600000, 0x000000070f800000|  0%| F|  |TAMS 0x000000070f600000, 0x000000070f600000| Untracked 
|  82|0x000000070f800000, 0x000000070f800000, 0x000000070fa00000|  0%| F|  |TAMS 0x000000070f800000, 0x000000070f800000| Untracked 
|  83|0x000000070fa00000, 0x000000070fa00000, 0x000000070fc00000|  0%| F|  |TAMS 0x000000070fa00000, 0x000000070fa00000| Untracked 
|  84|0x000000070fc00000, 0x000000070fc00000, 0x000000070fe00000|  0%| F|  |TAMS 0x000000070fc00000, 0x000000070fc00000| Untracked 
|  85|0x000000070fe00000, 0x000000070fe00000, 0x0000000710000000|  0%| F|  |TAMS 0x000000070fe00000, 0x000000070fe00000| Untracked 
|  86|0x0000000710000000, 0x0000000710000000, 0x0000000710200000|  0%| F|  |TAMS 0x0000000710000000, 0x0000000710000000| Untracked 
|  87|0x0000000710200000, 0x0000000710200000, 0x0000000710400000|  0%| F|  |TAMS 0x0000000710200000, 0x0000000710200000| Untracked 
|  88|0x0000000710400000, 0x0000000710400000, 0x0000000710600000|  0%| F|  |TAMS 0x0000000710400000, 0x0000000710400000| Untracked 
|  89|0x0000000710600000, 0x0000000710600000, 0x0000000710800000|  0%| F|  |TAMS 0x0000000710600000, 0x0000000710600000| Untracked 
|  90|0x0000000710800000, 0x0000000710800000, 0x0000000710a00000|  0%| F|  |TAMS 0x0000000710800000, 0x0000000710800000| Untracked 
|  91|0x0000000710a00000, 0x0000000710a00000, 0x0000000710c00000|  0%| F|  |TAMS 0x0000000710a00000, 0x0000000710a00000| Untracked 
|  92|0x0000000710c00000, 0x0000000710c00000, 0x0000000710e00000|  0%| F|  |TAMS 0x0000000710c00000, 0x0000000710c00000| Untracked 
|  93|0x0000000710e00000, 0x0000000710e00000, 0x0000000711000000|  0%| F|  |TAMS 0x0000000710e00000, 0x0000000710e00000| Untracked 
|  94|0x0000000711000000, 0x0000000711000000, 0x0000000711200000|  0%| F|  |TAMS 0x0000000711000000, 0x0000000711000000| Untracked 
|  95|0x0000000711200000, 0x0000000711200000, 0x0000000711400000|  0%| F|  |TAMS 0x0000000711200000, 0x0000000711200000| Untracked 
|  96|0x0000000711400000, 0x0000000711400000, 0x0000000711600000|  0%| F|  |TAMS 0x0000000711400000, 0x0000000711400000| Untracked 
|  97|0x0000000711600000, 0x0000000711600000, 0x0000000711800000|  0%| F|  |TAMS 0x0000000711600000, 0x0000000711600000| Untracked 
|  98|0x0000000711800000, 0x0000000711800000, 0x0000000711a00000|  0%| F|  |TAMS 0x0000000711800000, 0x0000000711800000| Untracked 
|  99|0x0000000711a00000, 0x0000000711a00000, 0x0000000711c00000|  0%| F|  |TAMS 0x0000000711a00000, 0x0000000711a00000| Untracked 
| 100|0x0000000711c00000, 0x0000000711c00000, 0x0000000711e00000|  0%| F|  |TAMS 0x0000000711c00000, 0x0000000711c00000| Untracked 
| 101|0x0000000711e00000, 0x0000000711e00000, 0x0000000712000000|  0%| F|  |TAMS 0x0000000711e00000, 0x0000000711e00000| Untracked 
| 102|0x0000000712000000, 0x0000000712000000, 0x0000000712200000|  0%| F|  |TAMS 0x0000000712000000, 0x0000000712000000| Untracked 
| 103|0x0000000712200000, 0x0000000712200000, 0x0000000712400000|  0%| F|  |TAMS 0x0000000712200000, 0x0000000712200000| Untracked 
| 104|0x0000000712400000, 0x0000000712400000, 0x0000000712600000|  0%| F|  |TAMS 0x0000000712400000, 0x0000000712400000| Untracked 
| 105|0x0000000712600000, 0x0000000712600000, 0x0000000712800000|  0%| F|  |TAMS 0x0000000712600000, 0x0000000712600000| Untracked 
| 106|0x0000000712800000, 0x0000000712800000, 0x0000000712a00000|  0%| F|  |TAMS 0x0000000712800000, 0x0000000712800000| Untracked 
| 107|0x0000000712a00000, 0x0000000712a00000, 0x0000000712c00000|  0%| F|  |TAMS 0x0000000712a00000, 0x0000000712a00000| Untracked 
| 108|0x0000000712c00000, 0x0000000712c00000, 0x0000000712e00000|  0%| F|  |TAMS 0x0000000712c00000, 0x0000000712c00000| Untracked 
| 109|0x0000000712e00000, 0x0000000712e00000, 0x0000000713000000|  0%| F|  |TAMS 0x0000000712e00000, 0x0000000712e00000| Untracked 
| 110|0x0000000713000000, 0x0000000713000000, 0x0000000713200000|  0%| F|  |TAMS 0x0000000713000000, 0x0000000713000000| Untracked 
| 111|0x0000000713200000, 0x0000000713200000, 0x0000000713400000|  0%| F|  |TAMS 0x0000000713200000, 0x0000000713200000| Untracked 
| 112|0x0000000713400000, 0x0000000713400000, 0x0000000713600000|  0%| F|  |TAMS 0x0000000713400000, 0x0000000713400000| Untracked 
| 113|0x0000000713600000, 0x0000000713600000, 0x0000000713800000|  0%| F|  |TAMS 0x0000000713600000, 0x0000000713600000| Untracked 
| 114|0x0000000713800000, 0x0000000713800000, 0x0000000713a00000|  0%| F|  |TAMS 0x0000000713800000, 0x0000000713800000| Untracked 
| 115|0x0000000713a00000, 0x0000000713a00000, 0x0000000713c00000|  0%| F|  |TAMS 0x0000000713a00000, 0x0000000713a00000| Untracked 
| 116|0x0000000713c00000, 0x0000000713c00000, 0x0000000713e00000|  0%| F|  |TAMS 0x0000000713c00000, 0x0000000713c00000| Untracked 
| 117|0x0000000713e00000, 0x0000000713e00000, 0x0000000714000000|  0%| F|  |TAMS 0x0000000713e00000, 0x0000000713e00000| Untracked 
| 118|0x0000000714000000, 0x0000000714000000, 0x0000000714200000|  0%| F|  |TAMS 0x0000000714000000, 0x0000000714000000| Untracked 
| 119|0x0000000714200000, 0x0000000714200000, 0x0000000714400000|  0%| F|  |TAMS 0x0000000714200000, 0x0000000714200000| Untracked 
| 120|0x0000000714400000, 0x0000000714400000, 0x0000000714600000|  0%| F|  |TAMS 0x0000000714400000, 0x0000000714400000| Untracked 
| 121|0x0000000714600000, 0x0000000714600000, 0x0000000714800000|  0%| F|  |TAMS 0x0000000714600000, 0x0000000714600000| Untracked 
| 122|0x0000000714800000, 0x0000000714800000, 0x0000000714a00000|  0%| F|  |TAMS 0x0000000714800000, 0x0000000714800000| Untracked 
| 123|0x0000000714a00000, 0x0000000714a00000, 0x0000000714c00000|  0%| F|  |TAMS 0x0000000714a00000, 0x0000000714a00000| Untracked 
| 124|0x0000000714c00000, 0x0000000714c00000, 0x0000000714e00000|  0%| F|  |TAMS 0x0000000714c00000, 0x0000000714c00000| Untracked 
| 125|0x0000000714e00000, 0x0000000714e00000, 0x0000000715000000|  0%| F|  |TAMS 0x0000000714e00000, 0x0000000714e00000| Untracked 
| 126|0x0000000715000000, 0x0000000715000000, 0x0000000715200000|  0%| F|  |TAMS 0x0000000715000000, 0x0000000715000000| Untracked 
| 127|0x0000000715200000, 0x0000000715200000, 0x0000000715400000|  0%| F|  |TAMS 0x0000000715200000, 0x0000000715200000| Untracked 

Card table byte_map: [0x00000233d3670000,0x00000233d3e50000] _byte_map_base: 0x00000233cfe46000

Marking Bits (Prev, Next): (CMBitMap*) 0x00000233c8366780, (CMBitMap*) 0x00000233c8366740
 Prev Bits: [0x00000233d84e0000, 0x00000233dc390000)
 Next Bits: [0x00000233d4630000, 0x00000233d84e0000)

Polling page: 0x00000233c6270000

Metaspace:

Usage:
  Non-class:     41.84 MB used.
      Class:      7.01 MB used.
       Both:     48.85 MB used.

Virtual space:
  Non-class space:       48.00 MB reserved,      42.00 MB ( 88%) committed,  6 nodes.
      Class space:        1.00 GB reserved,       7.19 MB ( <1%) committed,  1 nodes.
             Both:        1.05 GB reserved,      49.19 MB (  5%) committed. 

Chunk freelists:
   Non-Class:  1.33 MB
       Class:  848.00 KB
        Both:  2.16 MB

MaxMetaspaceSize: unlimited
CompressedClassSpaceSize: 1.00 GB
Initial GC threshold: 21.00 MB
Current GC threshold: 82.00 MB
CDS: on
MetaspaceReclaimPolicy: balanced
 - commit_granule_bytes: 65536.
 - commit_granule_words: 8192.
 - virtual_space_node_default_size: 1048576.
 - enlarge_chunks_in_place: 1.
 - new_chunks_are_fully_committed: 0.
 - uncommit_free_chunks: 1.
 - use_allocation_guard: 0.
 - handle_deallocations: 1.


Internal statistics:

num_allocs_failed_limit: 6.
num_arena_births: 458.
num_arena_deaths: 0.
num_vsnodes_births: 7.
num_vsnodes_deaths: 0.
num_space_committed: 787.
num_space_uncommitted: 0.
num_chunks_returned_to_freelist: 6.
num_chunks_taken_from_freelist: 2281.
num_chunk_merges: 6.
num_chunk_splits: 1617.
num_chunks_enlarged: 1277.
num_purges: 0.
num_inconsistent_stats: 0.

CodeCache: size=49152Kb used=8333Kb max_used=8896Kb free=40818Kb
 bounds [0x00000233cfb60000, 0x00000233d0420000, 0x00000233d2b60000]
 total_blobs=5071 nmethods=4502 adapters=495
 compilation: enabled
              stopped_count=0, restarted_count=0
 full_count=0

Compilation events (20 events):
Event: 10.493 Thread 0x00000233dfe21680 nmethod 4490 0x00000233cfd1cd90 code [0x00000233cfd1cfa0, 0x00000233cfd1d668]
Event: 10.493 Thread 0x00000233df0bd460 nmethod 4491 0x00000233cfd1ca10 code [0x00000233cfd1cba0, 0x00000233cfd1cd08]
Event: 10.507 Thread 0x00000233df0bd460 4493   !   1       sun.nio.cs.StreamDecoder::inReady (36 bytes)
Event: 10.507 Thread 0x00000233df0bd460 nmethod 4493 0x00000233cfd1c610 code [0x00000233cfd1c7c0, 0x00000233cfd1c988]
Event: 10.509 Thread 0x00000233df0bd460 4494       1       java.io.FileInputStream::available (5 bytes)
Event: 10.509 Thread 0x00000233df0bd460 nmethod 4494 0x00000233cfd1bf10 code [0x00000233cfd1c0a0, 0x00000233cfd1c188]
Event: 10.509 Thread 0x00000233df0bd460 4496       1       java.io.BufferedReader::fill (170 bytes)
Event: 10.509 Thread 0x00000233df0bd460 nmethod 4496 0x00000233cfd1b790 code [0x00000233cfd1b960, 0x00000233cfd1bd88]
Event: 10.528 Thread 0x00000233dfe21680 4497 % !   1       com.vindemo.translation.service.gennerateCsv.GenerateTranslationService::generateTranslation @ 35 (565 bytes)
Event: 10.530 Thread 0x00000233dfe21680 nmethod 4497% 0x00000233cfd16390 code [0x00000233cfd169c0, 0x00000233cfd193c8]
Event: 10.531 Thread 0x00000233dfe21680 4498   !   1       com.vindemo.translation.service.gennerateCsv.GenerateTranslationService::generateTranslation (565 bytes)
Event: 10.533 Thread 0x00000233dfe21680 nmethod 4498 0x00000233cfd11110 code [0x00000233cfd11740, 0x00000233cfd13fb8]
Event: 10.564 Thread 0x00000233df0bd460 4499       1       java.lang.StringUTF16::inflate (42 bytes)
Event: 10.564 Thread 0x00000233df0bd460 nmethod 4499 0x00000233d040f490 code [0x00000233d040f620, 0x00000233d040f788]
Event: 10.584 Thread 0x00000233df0bd460 4500       1       java.lang.AbstractStringBuilder::inflate (42 bytes)
Event: 10.584 Thread 0x00000233dfe21680 4501       1       java.lang.StringLatin1::inflate (10 bytes)
Event: 10.584 Thread 0x00000233dfe21680 nmethod 4501 0x00000233d040f910 code [0x00000233d040faa0, 0x00000233d040fb68]
Event: 10.584 Thread 0x00000233df0bd460 nmethod 4500 0x00000233d040fc10 code [0x00000233d040fdc0, 0x00000233d040ffb8]
Event: 13.659 Thread 0x00000233df0bd460 4502       1       sun.nio.cs.UTF_8$Decoder::isMalformed4 (39 bytes)
Event: 13.659 Thread 0x00000233df0bd460 nmethod 4502 0x00000233cfd0c190 code [0x00000233cfd0c320, 0x00000233cfd0c418]

GC Heap History (20 events):
Event: 10.900 GC heap after
{Heap after GC invocations=21 (full 0):
 garbage-first heap   total 217088K, used 47357K [0x0000000705400000, 0x0000000800000000)
  region size 2048K, 2 young (4096K), 2 survivors (4096K)
 Metaspace       used 50021K, committed 50368K, reserved 1097728K
  class space    used 7181K, committed 7360K, reserved 1048576K
}
Event: 11.385 GC heap before
{Heap before GC invocations=21 (full 0):
 garbage-first heap   total 217088K, used 172285K [0x0000000705400000, 0x0000000800000000)
  region size 2048K, 63 young (129024K), 2 survivors (4096K)
 Metaspace       used 50021K, committed 50368K, reserved 1097728K
  class space    used 7181K, committed 7360K, reserved 1048576K
}
Event: 11.388 GC heap after
{Heap after GC invocations=22 (full 0):
 garbage-first heap   total 217088K, used 50437K [0x0000000705400000, 0x0000000800000000)
  region size 2048K, 3 young (6144K), 3 survivors (6144K)
 Metaspace       used 50021K, committed 50368K, reserved 1097728K
  class space    used 7181K, committed 7360K, reserved 1048576K
}
Event: 11.554 GC heap before
{Heap before GC invocations=22 (full 0):
 garbage-first heap   total 217088K, used 177413K [0x0000000705400000, 0x0000000800000000)
  region size 2048K, 63 young (129024K), 3 survivors (6144K)
 Metaspace       used 50021K, committed 50368K, reserved 1097728K
  class space    used 7181K, committed 7360K, reserved 1048576K
}
Event: 11.559 GC heap after
{Heap after GC invocations=23 (full 0):
 garbage-first heap   total 217088K, used 58288K [0x0000000705400000, 0x0000000800000000)
  region size 2048K, 5 young (10240K), 5 survivors (10240K)
 Metaspace       used 50021K, committed 50368K, reserved 1097728K
  class space    used 7181K, committed 7360K, reserved 1048576K
}
Event: 11.714 GC heap before
{Heap before GC invocations=23 (full 0):
 garbage-first heap   total 217088K, used 177072K [0x0000000705400000, 0x0000000800000000)
  region size 2048K, 63 young (129024K), 5 survivors (10240K)
 Metaspace       used 50021K, committed 50368K, reserved 1097728K
  class space    used 7181K, committed 7360K, reserved 1048576K
}
Event: 11.719 GC heap after
{Heap after GC invocations=24 (full 0):
 garbage-first heap   total 217088K, used 60567K [0x0000000705400000, 0x0000000800000000)
  region size 2048K, 5 young (10240K), 5 survivors (10240K)
 Metaspace       used 50021K, committed 50368K, reserved 1097728K
  class space    used 7181K, committed 7360K, reserved 1048576K
}
Event: 12.023 GC heap before
{Heap before GC invocations=24 (full 0):
 garbage-first heap   total 217088K, used 179351K [0x0000000705400000, 0x0000000800000000)
  region size 2048K, 63 young (129024K), 5 survivors (10240K)
 Metaspace       used 50022K, committed 50368K, reserved 1097728K
  class space    used 7182K, committed 7360K, reserved 1048576K
}
Event: 12.028 GC heap after
{Heap after GC invocations=25 (full 0):
 garbage-first heap   total 217088K, used 63155K [0x0000000705400000, 0x0000000800000000)
  region size 2048K, 5 young (10240K), 5 survivors (10240K)
 Metaspace       used 50022K, committed 50368K, reserved 1097728K
  class space    used 7182K, committed 7360K, reserved 1048576K
}
Event: 13.537 GC heap before
{Heap before GC invocations=25 (full 0):
 garbage-first heap   total 217088K, used 181939K [0x0000000705400000, 0x0000000800000000)
  region size 2048K, 63 young (129024K), 5 survivors (10240K)
 Metaspace       used 50022K, committed 50368K, reserved 1097728K
  class space    used 7182K, committed 7360K, reserved 1048576K
}
Event: 13.542 GC heap after
{Heap after GC invocations=26 (full 0):
 garbage-first heap   total 262144K, used 66176K [0x0000000705400000, 0x0000000800000000)
  region size 2048K, 6 young (12288K), 6 survivors (12288K)
 Metaspace       used 50022K, committed 50368K, reserved 1097728K
  class space    used 7182K, committed 7360K, reserved 1048576K
}
Event: 13.737 GC heap before
{Heap before GC invocations=26 (full 0):
 garbage-first heap   total 262144K, used 209536K [0x0000000705400000, 0x0000000800000000)
  region size 2048K, 76 young (155648K), 6 survivors (12288K)
 Metaspace       used 50022K, committed 50368K, reserved 1097728K
  class space    used 7182K, committed 7360K, reserved 1048576K
}
Event: 13.743 GC heap after
{Heap after GC invocations=27 (full 0):
 garbage-first heap   total 262144K, used 71678K [0x0000000705400000, 0x0000000800000000)
  region size 2048K, 7 young (14336K), 7 survivors (14336K)
 Metaspace       used 50022K, committed 50368K, reserved 1097728K
  class space    used 7182K, committed 7360K, reserved 1048576K
}
Event: 14.057 GC heap before
{Heap before GC invocations=27 (full 0):
 garbage-first heap   total 262144K, used 212990K [0x0000000705400000, 0x0000000800000000)
  region size 2048K, 76 young (155648K), 7 survivors (14336K)
 Metaspace       used 50022K, committed 50368K, reserved 1097728K
  class space    used 7182K, committed 7360K, reserved 1048576K
}
Event: 14.064 GC heap after
{Heap after GC invocations=28 (full 0):
 garbage-first heap   total 262144K, used 76818K [0x0000000705400000, 0x0000000800000000)
  region size 2048K, 7 young (14336K), 7 survivors (14336K)
 Metaspace       used 50022K, committed 50368K, reserved 1097728K
  class space    used 7182K, committed 7360K, reserved 1048576K
}
Event: 14.263 GC heap before
{Heap before GC invocations=28 (full 0):
 garbage-first heap   total 262144K, used 218130K [0x0000000705400000, 0x0000000800000000)
  region size 2048K, 76 young (155648K), 7 survivors (14336K)
 Metaspace       used 50022K, committed 50368K, reserved 1097728K
  class space    used 7182K, committed 7360K, reserved 1048576K
}
Event: 14.272 GC heap after
{Heap after GC invocations=29 (full 0):
 garbage-first heap   total 262144K, used 82489K [0x0000000705400000, 0x0000000800000000)
  region size 2048K, 8 young (16384K), 8 survivors (16384K)
 Metaspace       used 50022K, committed 50368K, reserved 1097728K
  class space    used 7182K, committed 7360K, reserved 1048576K
}
Event: 14.456 GC heap before
{Heap before GC invocations=29 (full 0):
 garbage-first heap   total 262144K, used 223801K [0x0000000705400000, 0x0000000800000000)
  region size 2048K, 74 young (151552K), 8 survivors (16384K)
 Metaspace       used 50022K, committed 50368K, reserved 1097728K
  class space    used 7182K, committed 7360K, reserved 1048576K
}
Event: 14.465 GC heap after
{Heap after GC invocations=30 (full 0):
 garbage-first heap   total 262144K, used 94446K [0x0000000705400000, 0x0000000800000000)
  region size 2048K, 9 young (18432K), 9 survivors (18432K)
 Metaspace       used 50022K, committed 50368K, reserved 1097728K
  class space    used 7182K, committed 7360K, reserved 1048576K
}
Event: 14.617 GC heap before
{Heap before GC invocations=30 (full 0):
 garbage-first heap   total 262144K, used 215278K [0x0000000705400000, 0x0000000800000000)
  region size 2048K, 68 young (139264K), 9 survivors (18432K)
 Metaspace       used 50022K, committed 50368K, reserved 1097728K
  class space    used 7182K, committed 7360K, reserved 1048576K
}

Deoptimization events (12 events):
Event: 0.799 Thread 0x00000233c82faeb0 DEOPT PACKING pc=0x00000233d00d8ef9 sp=0x00000073b9efd110
Event: 0.799 Thread 0x00000233c82faeb0 DEOPT UNPACKING pc=0x00000233cfbb2b43 sp=0x00000073b9efc5f0 mode 3
Event: 1.234 Thread 0x00000233c82faeb0 DEOPT PACKING pc=0x00000233d01190d4 sp=0x00000073b9efd610
Event: 1.234 Thread 0x00000233c82faeb0 DEOPT UNPACKING pc=0x00000233cfbb2b43 sp=0x00000073b9efcb68 mode 0
Event: 1.755 Thread 0x00000233c82faeb0 DEOPT PACKING pc=0x00000233d03665a5 sp=0x00000073b9efc540
Event: 1.755 Thread 0x00000233c82faeb0 DEOPT UNPACKING pc=0x00000233cfbb2b43 sp=0x00000073b9efbaa8 mode 3
Event: 1.765 Thread 0x00000233c82faeb0 DEOPT PACKING pc=0x00000233d010e589 sp=0x00000073b9efe620
Event: 1.765 Thread 0x00000233c82faeb0 DEOPT UNPACKING pc=0x00000233cfbb2b43 sp=0x00000073b9efdab0 mode 3
Event: 1.765 Thread 0x00000233e1da58c0 DEOPT PACKING pc=0x00000233d00c061f sp=0x00000073bc3feec0
Event: 1.765 Thread 0x00000233e1da58c0 DEOPT UNPACKING pc=0x00000233cfbb2b43 sp=0x00000073bc3fe318 mode 3
Event: 6.236 Thread 0x00000233c82faeb0 DEOPT PACKING pc=0x00000233d00fad52 sp=0x00000073b9efdbf0
Event: 6.236 Thread 0x00000233c82faeb0 DEOPT UNPACKING pc=0x00000233cfbb2b43 sp=0x00000073b9efd0f8 mode 3

Classes unloaded (0 events):
No events

Classes redefined (0 events):
No events

Internal exceptions (20 events):
Event: 6.172 Thread 0x00000233e1af5000 Exception <a 'java/lang/reflect/InvocationTargetException'{0x0000000708fa9e18}> (0x0000000708fa9e18) 
thrown [s\open\src\hotspot\share\runtime\reflection.cpp, line 1121]
Event: 6.196 Thread 0x00000233c82faeb0 Exception <a 'java/lang/reflect/InvocationTargetException'{0x0000000708a0bd28}> (0x0000000708a0bd28) 
thrown [s\open\src\hotspot\share\runtime\reflection.cpp, line 1121]
Event: 6.241 Thread 0x00000233c82faeb0 Exception <a 'java/lang/ClassNotFoundException'{0x00000007089070d0}: java/lang/ObjectCustomizer> (0x00000007089070d0) 
thrown [s\open\src\hotspot\share\classfile\systemDictionary.cpp, line 256]
Event: 6.241 Thread 0x00000233c82faeb0 Exception <a 'java/lang/ClassNotFoundException'{0x000000070890f000}: org/springframework/web/servlet/config/annotation/WebMvcConfigurationSupportCustomizer> (0x000000070890f000) 
thrown [s\open\src\hotspot\share\classfile\systemDictionary.cpp, line 256]
Event: 6.241 Thread 0x00000233c82faeb0 Exception <a 'java/lang/ClassNotFoundException'{0x0000000708923380}: org/springframework/web/servlet/config/annotation/DelegatingWebMvcConfigurationCustomizer> (0x0000000708923380) 
thrown [s\open\src\hotspot\share\classfile\systemDictionary.cpp, line 256]
Event: 6.242 Thread 0x00000233c82faeb0 Exception <a 'java/lang/ClassNotFoundException'{0x000000070892c990}: org/springframework/boot/autoconfigure/web/servlet/WebMvcAutoConfiguration$EnableWebMvcConfigurationCustomizer> (0x000000070892c990) 
thrown [s\open\src\hotspot\share\classfile\systemDictionary.cpp, line 256]
Event: 6.242 Thread 0x00000233c82faeb0 Exception <a 'java/lang/ClassNotFoundException'{0x000000070893ec18}: org/springframework/context/ResourceLoaderAwareCustomizer> (0x000000070893ec18) 
thrown [s\open\src\hotspot\share\classfile\systemDictionary.cpp, line 256]
Event: 6.242 Thread 0x00000233c82faeb0 Exception <a 'java/lang/ClassNotFoundException'{0x0000000708943c40}: org/springframework/beans/factory/AwareCustomizer> (0x0000000708943c40) 
thrown [s\open\src\hotspot\share\classfile\systemDictionary.cpp, line 256]
Event: 6.243 Thread 0x00000233c82faeb0 Exception <a 'java/lang/ClassNotFoundException'{0x00000007089480a8}: org/springframework/context/ApplicationContextAwareCustomizer> (0x00000007089480a8) 
thrown [s\open\src\hotspot\share\classfile\systemDictionary.cpp, line 256]
Event: 6.243 Thread 0x00000233c82faeb0 Exception <a 'java/lang/ClassNotFoundException'{0x000000070894dbc0}: org/springframework/beans/factory/AwareCustomizer> (0x000000070894dbc0) 
thrown [s\open\src\hotspot\share\classfile\systemDictionary.cpp, line 256]
Event: 6.243 Thread 0x00000233c82faeb0 Exception <a 'java/lang/ClassNotFoundException'{0x0000000708952000}: org/springframework/web/context/ServletContextAwareCustomizer> (0x0000000708952000) 
thrown [s\open\src\hotspot\share\classfile\systemDictionary.cpp, line 256]
Event: 6.243 Thread 0x00000233c82faeb0 Exception <a 'java/lang/ClassNotFoundException'{0x0000000708957460}: org/springframework/beans/factory/AwareCustomizer> (0x0000000708957460) 
thrown [s\open\src\hotspot\share\classfile\systemDictionary.cpp, line 256]
Event: 6.314 Thread 0x00000233c82faeb0 Exception <a 'java/lang/NoSuchMethodError'{0x00000007083f4f20}: 'void java.lang.invoke.DirectMethodHandle$Holder.invokeVirtual(java.lang.Object, java.lang.Object, int)'> (0x00000007083f4f20) 
thrown [s\open\src\hotspot\share\interpreter\linkResolver.cpp, line 759]
Event: 6.315 Thread 0x00000233c82faeb0 Exception <a 'java/lang/NoSuchMethodError'{0x000000070800fca8}: 'void java.lang.invoke.DirectMethodHandle$Holder.invokeVirtual(java.lang.Object, java.lang.Object, long)'> (0x000000070800fca8) 
thrown [s\open\src\hotspot\share\interpreter\linkResolver.cpp, line 759]
Event: 6.377 Thread 0x00000233c82faeb0 Exception <a 'java/lang/IncompatibleClassChangeError'{0x0000000707dcc140}: Found class java.lang.Object, but interface was expected> (0x0000000707dcc140) 
thrown [s\open\src\hotspot\share\interpreter\linkResolver.cpp, line 826]
Event: 6.394 Thread 0x00000233c82faeb0 Exception <a 'java/lang/NoSuchMethodError'{0x0000000707b5d190}: 'int java.lang.invoke.DirectMethodHandle$Holder.invokeStaticInit(java.lang.Object, java.lang.Object, java.lang.Object, java.lang.Object)'> (0x0000000707b5d190) 
thrown [s\open\src\hotspot\share\interpreter\linkResolver.cpp, line 759]
Event: 6.447 Thread 0x00000233c82faeb0 Exception <a 'java/lang/NoSuchMethodError'{0x000000070d53f030}: 'java.lang.Object java.lang.invoke.DirectMethodHandle$Holder.invokeSpecial(java.lang.Object, java.lang.Object, int, java.lang.Object, int, java.lang.Object)'> (0x000000070d53f030) 
thrown [s\open\src\hotspot\share\interpreter\linkResolver.cpp, line 759]
Event: 6.447 Thread 0x00000233c82faeb0 Exception <a 'java/lang/NoSuchMethodError'{0x000000070d546e30}: 'java.lang.Object java.lang.invoke.DirectMethodHandle$Holder.newInvokeSpecial(java.lang.Object, java.lang.Object, int, java.lang.Object, int)'> (0x000000070d546e30) 
thrown [s\open\src\hotspot\share\interpreter\linkResolver.cpp, line 759]
Event: 6.447 Thread 0x00000233c82faeb0 Exception <a 'java/lang/NoSuchMethodError'{0x000000070d54af30}: 'java.lang.Object java.lang.invoke.DirectMethodHandle$Holder.invokeSpecial(java.lang.Object, java.lang.Object, java.lang.Object, int, java.lang.Object, int)'> (0x000000070d54af30) 
thrown [s\open\src\hotspot\share\interpreter\linkResolver.cpp, line 759]
Event: 6.448 Thread 0x00000233c82faeb0 Exception <a 'java/lang/NoSuchMethodError'{0x000000070d554b40}: 'void java.lang.invoke.DirectMethodHandle$Holder.invokeVirtual(java.lang.Object, java.lang.Object)'> (0x000000070d554b40) 
thrown [s\open\src\hotspot\share\interpreter\linkResolver.cpp, line 759]

VM Operations (20 events):
Event: 10.900 Executing VM operation: G1CollectForAllocation done
Event: 11.385 Executing VM operation: G1CollectForAllocation
Event: 11.388 Executing VM operation: G1CollectForAllocation done
Event: 11.554 Executing VM operation: G1CollectForAllocation
Event: 11.559 Executing VM operation: G1CollectForAllocation done
Event: 11.714 Executing VM operation: G1CollectForAllocation
Event: 11.719 Executing VM operation: G1CollectForAllocation done
Event: 12.023 Executing VM operation: G1CollectForAllocation
Event: 12.028 Executing VM operation: G1CollectForAllocation done
Event: 13.537 Executing VM operation: G1CollectForAllocation
Event: 13.542 Executing VM operation: G1CollectForAllocation done
Event: 13.737 Executing VM operation: G1CollectForAllocation
Event: 13.743 Executing VM operation: G1CollectForAllocation done
Event: 14.057 Executing VM operation: G1CollectForAllocation
Event: 14.064 Executing VM operation: G1CollectForAllocation done
Event: 14.263 Executing VM operation: G1CollectForAllocation
Event: 14.272 Executing VM operation: G1CollectForAllocation done
Event: 14.456 Executing VM operation: G1CollectForAllocation
Event: 14.465 Executing VM operation: G1CollectForAllocation done
Event: 14.617 Executing VM operation: G1CollectForAllocation

Events (20 events):
Event: 10.427 loading class java/util/concurrent/Semaphore done
Event: 10.427 loading class java/util/concurrent/Semaphore$NonfairSync
Event: 10.427 loading class java/util/concurrent/Semaphore$Sync
Event: 10.427 loading class java/util/concurrent/Semaphore$Sync done
Event: 10.427 loading class java/util/concurrent/Semaphore$NonfairSync done
Event: 10.427 loading class sun/nio/ch/SocketAdaptor
Event: 10.427 loading class sun/nio/ch/SocketAdaptor done
Event: 10.428 loading class sun/nio/ch/SocketChannelImpl$DefaultOptionsHolder
Event: 10.428 loading class sun/nio/ch/SocketChannelImpl$DefaultOptionsHolder done
Event: 10.428 loading class sun/nio/ch/SelectionKeyImpl
Event: 10.428 loading class java/nio/channels/spi/AbstractSelectionKey
Event: 10.428 loading class java/nio/channels/SelectionKey
Event: 10.428 loading class java/nio/channels/SelectionKey done
Event: 10.428 loading class java/nio/channels/spi/AbstractSelectionKey done
Event: 10.428 loading class sun/nio/ch/SelectionKeyImpl done
Event: 10.428 loading class java/lang/invoke/ConstantBootstraps
Event: 10.429 loading class java/lang/invoke/ConstantBootstraps done
Event: 10.479 Thread 0x00000233dfe21680 Thread added: 0x00000233dfe21680
Event: 13.325 Thread 0x00000233e1da4f20 Thread exited: 0x00000233e1da4f20
Event: 13.659 Thread 0x00000233dfe21680 Thread exited: 0x00000233dfe21680


Dynamic libraries:
0x00007ff72f210000 - 0x00007ff72f220000 	C:\Program Files\Java\jdk-17.0.5\bin\java.exe
0x00007ff991dd0000 - 0x00007ff991fe4000 	C:\WINDOWS\SYSTEM32\ntdll.dll
0x00007ff990140000 - 0x00007ff990203000 	C:\WINDOWS\System32\KERNEL32.DLL
0x00007ff98f280000 - 0x00007ff98f61c000 	C:\WINDOWS\System32\KERNELBASE.dll
0x00007ff98f740000 - 0x00007ff98f851000 	C:\WINDOWS\System32\ucrtbase.dll
0x00007ff95e590000 - 0x00007ff95e5a8000 	C:\Program Files\Java\jdk-17.0.5\bin\jli.dll
0x00007ff991ce0000 - 0x00007ff991d8e000 	C:\WINDOWS\System32\ADVAPI32.dll
0x00007ff98fe40000 - 0x00007ff98fee7000 	C:\WINDOWS\System32\msvcrt.dll
0x00007ff98fd10000 - 0x00007ff98fdb4000 	C:\WINDOWS\System32\sechost.dll
0x00007ff95def0000 - 0x00007ff95df0a000 	C:\Program Files\Java\jdk-17.0.5\bin\VCRUNTIME140.dll
0x00007ff991900000 - 0x00007ff991a15000 	C:\WINDOWS\System32\RPCRT4.dll
0x00007ff9914c0000 - 0x00007ff99166d000 	C:\WINDOWS\System32\USER32.dll
0x00007ff98f860000 - 0x00007ff98f886000 	C:\WINDOWS\System32\win32u.dll
0x00007ff97afa0000 - 0x00007ff97b22e000 	C:\WINDOWS\WinSxS\amd64_microsoft.windows.common-controls_6595b64144ccf1df_6.0.22621.608_none_a9444ca7c10bb01d\COMCTL32.dll
0x00007ff98fef0000 - 0x00007ff98ff19000 	C:\WINDOWS\System32\GDI32.dll
0x00007ff98f620000 - 0x00007ff98f733000 	C:\WINDOWS\System32\gdi32full.dll
0x00007ff98fa00000 - 0x00007ff98fa9a000 	C:\WINDOWS\System32\msvcp_win.dll
0x00007ff98de90000 - 0x00007ff98de9a000 	C:\WINDOWS\SYSTEM32\VERSION.dll
0x00007ff990850000 - 0x00007ff990881000 	C:\WINDOWS\System32\IMM32.DLL
0x00007ff98a1c0000 - 0x00007ff98a1cc000 	C:\Program Files\Java\jdk-17.0.5\bin\vcruntime140_1.dll
0x00007ff93f410000 - 0x00007ff93f49d000 	C:\Program Files\Java\jdk-17.0.5\bin\msvcp140.dll
0x00007ff93d240000 - 0x00007ff93de02000 	C:\Program Files\Java\jdk-17.0.5\bin\server\jvm.dll
0x00007ff98fe30000 - 0x00007ff98fe38000 	C:\WINDOWS\System32\PSAPI.DLL
0x00007ff989040000 - 0x00007ff989049000 	C:\WINDOWS\SYSTEM32\WSOCK32.dll
0x00007ff987d30000 - 0x00007ff987d64000 	C:\WINDOWS\SYSTEM32\WINMM.dll
0x00007ff991ac0000 - 0x00007ff991b31000 	C:\WINDOWS\System32\WS2_32.dll
0x00007ff98e220000 - 0x00007ff98e238000 	C:\WINDOWS\SYSTEM32\kernel.appcore.dll
0x00007ff97c7e0000 - 0x00007ff97c7ea000 	C:\Program Files\Java\jdk-17.0.5\bin\jimage.dll
0x00007ff976ac0000 - 0x00007ff976cee000 	C:\WINDOWS\SYSTEM32\DBGHELP.DLL
0x00007ff991080000 - 0x00007ff991409000 	C:\WINDOWS\System32\combase.dll
0x00007ff98ff40000 - 0x00007ff990017000 	C:\WINDOWS\System32\OLEAUT32.dll
0x00007ff97de60000 - 0x00007ff97de92000 	C:\WINDOWS\SYSTEM32\dbgcore.DLL
0x00007ff98faa0000 - 0x00007ff98fb1b000 	C:\WINDOWS\System32\bcryptPrimitives.dll
0x00007ff98aa50000 - 0x00007ff98aa5e000 	C:\Program Files\Java\jdk-17.0.5\bin\instrument.dll
0x00007ff95dec0000 - 0x00007ff95dee5000 	C:\Program Files\Java\jdk-17.0.5\bin\java.dll
0x00007ff93f330000 - 0x00007ff93f406000 	C:\Program Files\Java\jdk-17.0.5\bin\jsvml.dll
0x00007ff990890000 - 0x00007ff991080000 	C:\WINDOWS\System32\SHELL32.dll
0x00007ff98d540000 - 0x00007ff98de0e000 	C:\WINDOWS\SYSTEM32\windows.storage.dll
0x00007ff98d400000 - 0x00007ff98d53e000 	C:\WINDOWS\SYSTEM32\wintypes.dll
0x00007ff9916f0000 - 0x00007ff9917e1000 	C:\WINDOWS\System32\SHCORE.dll
0x00007ff991410000 - 0x00007ff99146e000 	C:\WINDOWS\System32\shlwapi.dll
0x00007ff98f140000 - 0x00007ff98f161000 	C:\WINDOWS\SYSTEM32\profapi.dll
0x00007ff95d390000 - 0x00007ff95d3a8000 	C:\Program Files\Java\jdk-17.0.5\bin\zip.dll
0x00007ff95dea0000 - 0x00007ff95deb9000 	C:\Program Files\Java\jdk-17.0.5\bin\net.dll
0x00007ff987720000 - 0x00007ff98784f000 	C:\WINDOWS\SYSTEM32\WINHTTP.dll
0x00007ff98e680000 - 0x00007ff98e6e9000 	C:\WINDOWS\system32\mswsock.dll
0x00007ff95de80000 - 0x00007ff95de96000 	C:\Program Files\Java\jdk-17.0.5\bin\nio.dll
0x00007ff98aa30000 - 0x00007ff98aa4a000 	C:\Program Files\JetBrains\IntelliJ IDEA 2022.3.2\bin\breakgen64.dll
0x00007ff98d130000 - 0x00007ff98d223000 	C:\WINDOWS\SYSTEM32\DNSAPI.dll
0x00007ff98d100000 - 0x00007ff98d12d000 	C:\WINDOWS\SYSTEM32\IPHLPAPI.DLL
0x00007ff9917f0000 - 0x00007ff9917f9000 	C:\WINDOWS\System32\NSI.dll
0x00007ff97f150000 - 0x00007ff97f15a000 	C:\Windows\System32\rasadhlp.dll
0x00007ff985f70000 - 0x00007ff985ff3000 	C:\WINDOWS\System32\fwpuclnt.dll
0x00007ff95f780000 - 0x00007ff95f789000 	C:\Program Files\Java\jdk-17.0.5\bin\management.dll
0x00007ff95f770000 - 0x00007ff95f77b000 	C:\Program Files\Java\jdk-17.0.5\bin\management_ext.dll
0x00007ff98e9a0000 - 0x00007ff98e9bb000 	C:\WINDOWS\SYSTEM32\CRYPTSP.dll
0x00007ff98e190000 - 0x00007ff98e1c5000 	C:\WINDOWS\system32\rsaenh.dll
0x00007ff98e720000 - 0x00007ff98e748000 	C:\WINDOWS\SYSTEM32\USERENV.dll
0x00007ff98eaf0000 - 0x00007ff98eb18000 	C:\WINDOWS\SYSTEM32\bcrypt.dll
0x00007ff98e980000 - 0x00007ff98e98c000 	C:\WINDOWS\SYSTEM32\CRYPTBASE.dll
0x00007ff987cf0000 - 0x00007ff987d09000 	C:\WINDOWS\SYSTEM32\dhcpcsvc6.DLL
0x00007ff987010000 - 0x00007ff98702f000 	C:\WINDOWS\SYSTEM32\dhcpcsvc.DLL
0x00007ff979640000 - 0x00007ff979657000 	C:\WINDOWS\system32\napinsp.dll
0x00007ff9795c0000 - 0x00007ff9795db000 	C:\WINDOWS\system32\pnrpnsp.dll
0x00007ff9790c0000 - 0x00007ff9790d1000 	C:\WINDOWS\System32\winrnr.dll
0x00007ff987e20000 - 0x00007ff987e35000 	C:\WINDOWS\system32\wshbth.dll
0x00007ff979060000 - 0x00007ff979081000 	C:\WINDOWS\system32\nlansp_c.dll
0x00007ff970380000 - 0x00007ff970390000 	C:\Program Files\Java\jdk-17.0.5\bin\verify.dll
0x00007ff95f760000 - 0x00007ff95f76e000 	C:\Program Files\Java\jdk-17.0.5\bin\sunmscapi.dll
0x00007ff98f890000 - 0x00007ff98f9f6000 	C:\WINDOWS\System32\CRYPT32.dll
0x00007ff98eac0000 - 0x00007ff98eaed000 	C:\WINDOWS\SYSTEM32\ncrypt.dll
0x00007ff98ea80000 - 0x00007ff98eab7000 	C:\WINDOWS\SYSTEM32\NTASN1.dll
0x00007ff95ea70000 - 0x00007ff95ea78000 	C:\WINDOWS\system32\wshunix.dll

dbghelp: loaded successfully - version: 4.0.5 - missing functions: none
symbol engine: initialized successfully - sym options: 0x614 - pdb path: .;C:\Program Files\Java\jdk-17.0.5\bin;C:\WINDOWS\SYSTEM32;C:\WINDOWS\WinSxS\amd64_microsoft.windows.common-controls_6595b64144ccf1df_6.0.22621.608_none_a9444ca7c10bb01d;C:\Program Files\Java\jdk-17.0.5\bin\server;C:\Program Files\JetBrains\IntelliJ IDEA 2022.3.2\bin

VM Arguments:
jvm_args: -XX:TieredStopAtLevel=1 -Dspring.output.ansi.enabled=always -Dcom.sun.management.jmxremote -Dspring.jmx.enabled=true -Dspring.liveBeansView.mbeanDomain -Dspring.application.admin.enabled=true -Dmanagement.endpoints.jmx.exposure.include=* -javaagent:C:\Program Files\JetBrains\IntelliJ IDEA 2022.3.2\lib\idea_rt.jar=55652:C:\Program Files\JetBrains\IntelliJ IDEA 2022.3.2\bin -Dfile.encoding=UTF-8 
java_command: com.vindemo.translation.TranslationApplication
java_class_path (initial): F:\vinTest\temp-07\translation\target\classes;C:\Users\vutam\.m2\repository\org\springframework\boot\spring-boot-starter\2.7.9\spring-boot-starter-2.7.9.jar;C:\Users\vutam\.m2\repository\org\springframework\boot\spring-boot\2.7.9\spring-boot-2.7.9.jar;C:\Users\vutam\.m2\repository\org\springframework\spring-context\5.3.25\spring-context-5.3.25.jar;C:\Users\vutam\.m2\repository\org\springframework\boot\spring-boot-autoconfigure\2.7.9\spring-boot-autoconfigure-2.7.9.jar;C:\Users\vutam\.m2\repository\org\springframework\boot\spring-boot-starter-logging\2.7.9\spring-boot-starter-logging-2.7.9.jar;C:\Users\vutam\.m2\repository\ch\qos\logback\logback-classic\1.2.11\logback-classic-1.2.11.jar;C:\Users\vutam\.m2\repository\ch\qos\logback\logback-core\1.2.11\logback-core-1.2.11.jar;C:\Users\vutam\.m2\repository\org\apache\logging\log4j\log4j-to-slf4j\2.17.2\log4j-to-slf4j-2.17.2.jar;C:\Users\vutam\.m2\repository\org\apache\logging\log4j\log4j-api\2.17.2\log4j-api-2.17.2.jar;C:\Users\vutam\.m2\repository\org\slf4j\jul-to-slf4j\1.7.36\jul-to-slf4j-1.7.36.jar;C:\Users\vutam\.m2\repository\jakarta\annotation\jakarta.annotation-api\1.3.5\jakarta.annotation-api-1.3.5.jar;C:\Users\vutam\.m2\repository\org\springframework\spring-core\5.3.25\spring-core-5.3.25.jar;C:\Users\vutam\.m2\repository\org\springframework\spring-jcl\5.3.25\spring-jcl-5.3.25.jar;C:\Users\vutam\.m2\repository\org\yaml\snakeyaml\1.30\snakeyaml-1.30.jar;C:\Users\vutam\.m2\repository\org\postgresql\postgresql\42.3.1\postgresql-42.3.1.jar;C:\Users\vutam\.m2\repository\org\checkerframework\checker-qual\3.5.0\checker-qual-3.5.0.jar;C:\Users\vutam\.m2\repository\org\projectlombok\lombok\1.18.26\lombok-1.18.26.jar;C:\Users\vutam\.m2\repository\org\slf4j\slf4j-api\1.7.36\slf4j-api-1.7.36.jar;C:\Users\vutam\.m2\repository\jakarta\xml\bind\jakarta.xml.bind-api\2.3.3\jakarta.xml.bind-api-2.3.3.jar;C:\Users\vutam\.m2\repository\jakarta\activation\jakarta.activation-api\1.2.2\jakarta.activation-a
Launcher Type: SUN_STANDARD

[Global flags]
     intx CICompilerCount                          = 4                                         {product} {ergonomic}
     uint ConcGCThreads                            = 3                                         {product} {ergonomic}
     uint G1ConcRefinementThreads                  = 10                                        {product} {ergonomic}
   size_t G1HeapRegionSize                         = 2097152                                   {product} {ergonomic}
    uintx GCDrainStackTargetSize                   = 64                                        {product} {ergonomic}
   size_t InitialHeapSize                          = 264241152                                 {product} {ergonomic}
     bool ManagementServer                         = true                                      {product} {command line}
   size_t MarkStackSize                            = 4194304                                   {product} {ergonomic}
   size_t MaxHeapSize                              = 4206886912                                {product} {ergonomic}
   size_t MaxNewSize                               = 2522873856                                {product} {ergonomic}
   size_t MinHeapDeltaBytes                        = 2097152                                   {product} {ergonomic}
   size_t MinHeapSize                              = 8388608                                   {product} {ergonomic}
    uintx NonProfiledCodeHeapSize                  = 0                                      {pd product} {ergonomic}
     bool ProfileInterpreter                       = false                                  {pd product} {command line}
    uintx ProfiledCodeHeapSize                     = 0                                      {pd product} {ergonomic}
   size_t SoftMaxHeapSize                          = 4206886912                             {manageable} {ergonomic}
     intx TieredStopAtLevel                        = 1                                         {product} {command line}
     bool UseCompressedClassPointers               = true                           {product lp64_product} {ergonomic}
     bool UseCompressedOops                        = true                           {product lp64_product} {ergonomic}
     bool UseG1GC                                  = true                                      {product} {ergonomic}
     bool UseLargePagesIndividualAllocation        = false                                  {pd product} {ergonomic}

Logging:
Log output configuration:
 #0: stdout all=warning uptime,level,tags
 #1: stderr all=off uptime,level,tags

Environment Variables:
JAVA_HOME=C:\Program Files\Java\jdk-17.0.5
PATH=C:\Program Files (x86)\VMware\VMware Workstation\bin\;C:\Program Files\Common Files\Oracle\Java\javapath;F:\Projects\WINDOWS.X64_193000_db_home\bin;C:\Python310\Scripts\;C:\Python310\;C:\WINDOWS\system32;C:\WINDOWS;C:\WINDOWS\System32\Wbem;C:\WINDOWS\System32\WindowsPowerShell\v1.0\;C:\WINDOWS\System32\OpenSSH\;C:\Program Files\Git\cmd;C:\ProgramData\chocolatey\bin;C:\nodejs;C:\Program Files\Amazon\AWSCLIV2\;C:\Program Files\VisualSVN Server\bin;C:\Users\vutam\OneDrive\Data\rclone;F:\Projects\Tools\gradle-7.5.1-bin\gradle-7.5.1\bin;C:\Program Files\Java\jdk-17.0.5\bin;C:\Program Files\Cloudflare\Cloudflare WARP\;C:\Program Files\nodejs\node_modules\npm\bin;C:\Program Files\nodejs;C:\Program Files\dotnet\;F:\Projects\Tools\mongodb\bin;F:\Projects\Tools\mongo-sh\bin;F:\Projects\Tools\apache-maven-3.9.0\bin;;C:\Program Files\Docker\Docker\resources\bin;C:\Users\vutam\AppData\Local\Microsoft\WindowsApps;C:\Users\vutam\AppData\Local\Programs\Microsoft VS Code\bin;C:\Program Files\nodejs;C:\Users\vutam\OneDrive\Data\rclone;F:\Projects\Tools\gradle-7.5.1-bin\gradle-7.5.1\bin;C:\Program Files\Java\jdk-17.0.5\bin;C:\Users\vutam\AppData\Roaming\npm;C:\Python310;F:\Projects\Tools\mongodb\bin;F:\Projects\Tools\mongo-sh\bin;F:\Projects\Tools\apache-maven-3.9.0\bin;C:\Users\vutam\AppData\Local\JetBrains\Toolbox\scripts;
USERNAME=vutam
OS=Windows_NT
PROCESSOR_IDENTIFIER=Intel64 Family 6 Model 165 Stepping 3, GenuineIntel



---------------  S Y S T E M  ---------------

OS:
 Windows 11 , 64 bit Build 22621 (10.0.22621.1344)
OS uptime: 0 days 0:57 hours
Hyper-V role detected

CPU: total 12 (initial active 12) (6 cores per cpu, 2 threads per core) family 6 model 165 stepping 3 microcode 0xe0, cx8, cmov, fxsr, ht, mmx, 3dnowpref, sse, sse2, sse3, ssse3, sse4.1, sse4.2, popcnt, lzcnt, tsc, tscinvbit, avx, avx2, aes, erms, clmul, bmi1, bmi2, adx, fma, vzeroupper, clflush, clflushopt, hv

Memory: 4k page, system-wide physical 16045M (1256M free)
TotalPageFile size 18093M (AvailPageFile size 78M)
current process WorkingSet (physical memory assigned to process): 379M, peak: 379M
current process commit charge ("private bytes"): 426M, peak: 508M

vm_info: Java HotSpot(TM) 64-Bit Server VM (17.0.5+9-LTS-191) for windows-amd64 JRE (17.0.5+9-LTS-191), built on Sep 13 2022 17:31:43 by "mach5one" with MS VC++ 16.8 / 16.9 (VS2019)

END.
