#
# There is insufficient memory for the Java Runtime Environment to continue.
# Native memory allocation (mmap) failed to map 4096000 bytes for G1 virtual space
# Possible reasons:
#   The system is out of physical RAM or swap space
#   The process is running with CompressedOops enabled, and the Java Heap may be blocking the growth of the native heap
# Possible solutions:
#   Reduce memory load on the system
#   Increase physical memory or swap space
#   Check if swap backing store is full
#   Decrease Java heap size (-Xmx/-Xms)
#   Decrease number of Java threads
#   Decrease Java thread stack sizes (-Xss)
#   Set larger code cache with -XX:ReservedCodeCacheSize=
#   JVM is running with Zero Based Compressed Oops mode in which the Java heap is
#     placed in the first 32GB address space. The Java Heap base address is the
#     maximum limit for the native heap growth. Please use -XX:HeapBaseMinAddress
#     to set the Java Heap base and to place the Java Heap above 32GB virtual address.
# This output file may be truncated or incomplete.
#
#  Out of Memory Error (os_windows.cpp:3541), pid=11052, tid=17888
#
# JRE version: Java(TM) SE Runtime Environment (17.0.5+9) (build 17.0.5+9-LTS-191)
# Java VM: Java HotSpot(TM) 64-Bit Server VM (17.0.5+9-LTS-191, mixed mode, emulated-client, sharing, tiered, compressed oops, compressed class ptrs, g1 gc, windows-amd64)
# No core dump will be written. Minidumps are not enabled by default on client versions of Windows
#

---------------  S U M M A R Y ------------

Command Line: -XX:TieredStopAtLevel=1 -Dspring.output.ansi.enabled=always -Dcom.sun.management.jmxremote -Dspring.jmx.enabled=true -Dspring.liveBeansView.mbeanDomain -Dspring.application.admin.enabled=true -javaagent:C:\IntelliJ IDEA Ultimate.win\lib\idea_rt.jar=52326:C:\IntelliJ IDEA Ultimate.win\bin -Dfile.encoding=UTF-8 com.vindemo.translation.TranslationApplication

Host: Intel(R) Core(TM) i5-10400 CPU @ 2.90GHz, 12 cores, 15G,  Windows 11 , 64 bit Build 22621 (10.0.22621.1344)
Time: Tue Mar  7 07:30:56 2023 SE Asia Standard Time elapsed time: 37.705196 seconds (0d 0h 0m 37s)

---------------  T H R E A D  ---------------

Current thread (0x000001c8e6a4a740):  VMThread "VM Thread" [stack: 0x0000002e6ef00000,0x0000002e6f000000] [id=17888]

Stack: [0x0000002e6ef00000,0x0000002e6f000000]
Native frames: (J=compiled Java code, j=interpreted, Vv=VM code, C=native code)
V  [jvm.dll+0x672eea]
V  [jvm.dll+0x7d2a04]
V  [jvm.dll+0x7d41ae]
V  [jvm.dll+0x7d4813]
V  [jvm.dll+0x242c15]
V  [jvm.dll+0x66fe09]
V  [jvm.dll+0x664682]
V  [jvm.dll+0x300e8b]
V  [jvm.dll+0x308426]
V  [jvm.dll+0x358013]
V  [jvm.dll+0x35822f]
V  [jvm.dll+0x2d80a8]
V  [jvm.dll+0x2d6374]
V  [jvm.dll+0x2d597c]
V  [jvm.dll+0x3193eb]
V  [jvm.dll+0x7d8ceb]
V  [jvm.dll+0x7d9a24]
V  [jvm.dll+0x7d9f3c]
V  [jvm.dll+0x7da314]
V  [jvm.dll+0x7da3e0]
V  [jvm.dll+0x782b4a]
V  [jvm.dll+0x671d75]
C  [ucrtbase.dll+0x29363]
C  [KERNEL32.DLL+0x126bd]
C  [ntdll.dll+0x5a9f8]

VM_Operation (0x0000002e714fc140): G1CollectForAllocation, mode: safepoint, requested by thread 0x000001c8e9faa2e0


---------------  P R O C E S S  ---------------

Threads class SMR info:
_java_thread_list=0x000001c8e9e84ac0, length=33, elements={
0x000001c8e6a4e970, 0x000001c8e7c01680, 0x000001c8e7c189e0, 0x000001c8e7c19390,
0x000001c8e7c19d40, 0x000001c8e7c1ae90, 0x000001c8e7c1c090, 0x000001c8e7c20b30,
0x000001c8e6a38b90, 0x000001c8e80b98f0, 0x000001c8e80b9dc0, 0x000001c8e81f9c50,
0x000001c8e9d9b730, 0x000001c8e9cbbd40, 0x000001c8e9db1720, 0x000001c8e9bb1440,
0x000001c8e9bb1910, 0x000001c8e9fa9470, 0x000001c8e9faa2e0, 0x000001c8e9faa7b0,
0x000001c8e9fa9940, 0x000001c8e9fa9e10, 0x000001c8ea655cf0, 0x000001c8ea655820,
0x000001c8ea652cd0, 0x000001c8ea658840, 0x000001c8ea6579d0, 0x000001c8ea6561c0,
0x000001c8ea657500, 0x000001c8ea654010, 0x000001c8ea6591e0, 0x000001c8ea652800,
0x000001c8e8149620
}

Java Threads: ( => current thread )
  0x000001c8e6a4e970 JavaThread "Reference Handler" daemon [_thread_blocked, id=1036, stack(0x0000002e6f000000,0x0000002e6f100000)]
  0x000001c8e7c01680 JavaThread "Finalizer" daemon [_thread_blocked, id=18236, stack(0x0000002e6f100000,0x0000002e6f200000)]
  0x000001c8e7c189e0 JavaThread "Signal Dispatcher" daemon [_thread_blocked, id=16760, stack(0x0000002e6f200000,0x0000002e6f300000)]
  0x000001c8e7c19390 JavaThread "Attach Listener" daemon [_thread_blocked, id=17708, stack(0x0000002e6f300000,0x0000002e6f400000)]
  0x000001c8e7c19d40 JavaThread "Service Thread" daemon [_thread_blocked, id=13704, stack(0x0000002e6f400000,0x0000002e6f500000)]
  0x000001c8e7c1ae90 JavaThread "Monitor Deflation Thread" daemon [_thread_blocked, id=3328, stack(0x0000002e6f500000,0x0000002e6f600000)]
  0x000001c8e7c1c090 JavaThread "C1 CompilerThread0" daemon [_thread_blocked, id=2492, stack(0x0000002e6f600000,0x0000002e6f700000)]
  0x000001c8e7c20b30 JavaThread "Sweeper thread" daemon [_thread_blocked, id=12928, stack(0x0000002e6f700000,0x0000002e6f800000)]
  0x000001c8e6a38b90 JavaThread "Common-Cleaner" daemon [_thread_blocked, id=2152, stack(0x0000002e6f800000,0x0000002e6f900000)]
  0x000001c8e80b98f0 JavaThread "Monitor Ctrl-Break" daemon [_thread_in_native, id=5968, stack(0x0000002e6fb00000,0x0000002e6fc00000)]
  0x000001c8e80b9dc0 JavaThread "Notification Thread" daemon [_thread_blocked, id=4596, stack(0x0000002e6fc00000,0x0000002e6fd00000)]
  0x000001c8e81f9c50 JavaThread "RMI TCP Accept-0" daemon [_thread_in_native, id=2952, stack(0x0000002e6fd00000,0x0000002e6fe00000)]
  0x000001c8e9d9b730 JavaThread "RMI TCP Connection(idle)" daemon [_thread_blocked, id=15664, stack(0x0000002e70c00000,0x0000002e70d00000)]
  0x000001c8e9cbbd40 JavaThread "RMI Scheduler(0)" daemon [_thread_blocked, id=8368, stack(0x0000002e70d00000,0x0000002e70e00000)]
  0x000001c8e9db1720 JavaThread "Catalina-utility-1" [_thread_blocked, id=2736, stack(0x0000002e70e00000,0x0000002e70f00000)]
  0x000001c8e9bb1440 JavaThread "Catalina-utility-2" [_thread_blocked, id=10536, stack(0x0000002e70f00000,0x0000002e71000000)]
  0x000001c8e9bb1910 JavaThread "container-0" [_thread_blocked, id=9052, stack(0x0000002e71000000,0x0000002e71100000)]
  0x000001c8e9fa9470 JavaThread "HikariPool-1 housekeeper" daemon [_thread_blocked, id=9624, stack(0x0000002e71200000,0x0000002e71300000)]
  0x000001c8e9faa2e0 JavaThread "http-nio-8080-exec-1" daemon [_thread_blocked, id=14452, stack(0x0000002e71400000,0x0000002e71500000)]
  0x000001c8e9faa7b0 JavaThread "http-nio-8080-exec-2" daemon [_thread_blocked, id=16288, stack(0x0000002e71500000,0x0000002e71600000)]
  0x000001c8e9fa9940 JavaThread "http-nio-8080-exec-3" daemon [_thread_blocked, id=9104, stack(0x0000002e71600000,0x0000002e71700000)]
  0x000001c8e9fa9e10 JavaThread "http-nio-8080-exec-4" daemon [_thread_blocked, id=15108, stack(0x0000002e71700000,0x0000002e71800000)]
  0x000001c8ea655cf0 JavaThread "http-nio-8080-exec-5" daemon [_thread_blocked, id=18228, stack(0x0000002e71800000,0x0000002e71900000)]
  0x000001c8ea655820 JavaThread "http-nio-8080-exec-6" daemon [_thread_blocked, id=14224, stack(0x0000002e71900000,0x0000002e71a00000)]
  0x000001c8ea652cd0 JavaThread "http-nio-8080-exec-7" daemon [_thread_blocked, id=13516, stack(0x0000002e71a00000,0x0000002e71b00000)]
  0x000001c8ea658840 JavaThread "http-nio-8080-exec-8" daemon [_thread_blocked, id=17044, stack(0x0000002e71b00000,0x0000002e71c00000)]
  0x000001c8ea6579d0 JavaThread "http-nio-8080-exec-9" daemon [_thread_blocked, id=11328, stack(0x0000002e71c00000,0x0000002e71d00000)]
  0x000001c8ea6561c0 JavaThread "http-nio-8080-exec-10" daemon [_thread_blocked, id=4028, stack(0x0000002e71d00000,0x0000002e71e00000)]
  0x000001c8ea657500 JavaThread "http-nio-8080-Poller" daemon [_thread_in_native, id=17072, stack(0x0000002e71e00000,0x0000002e71f00000)]
  0x000001c8ea654010 JavaThread "http-nio-8080-Acceptor" daemon [_thread_in_native, id=11012, stack(0x0000002e71f00000,0x0000002e72000000)]
  0x000001c8ea6591e0 JavaThread "DestroyJavaVM" [_thread_blocked, id=14012, stack(0x0000002e6e900000,0x0000002e6ea00000)]
  0x000001c8ea652800 JavaThread "RMI TCP Connection(idle)" daemon [_thread_blocked, id=18416, stack(0x0000002e72000000,0x0000002e72100000)]
  0x000001c8e8149620 JavaThread "C1 CompilerThread1" daemon [_thread_blocked, id=9532, stack(0x0000002e72700000,0x0000002e72800000)]

Other Threads:
=>0x000001c8e6a4a740 VMThread "VM Thread" [stack: 0x0000002e6ef00000,0x0000002e6f000000] [id=17888]
  0x000001c8e8228f10 WatcherThread [stack: 0x0000002e6fe00000,0x0000002e6ff00000] [id=14548]
  0x000001c8ce5b1ea0 GCTaskThread "GC Thread#0" [stack: 0x0000002e6ea00000,0x0000002e6eb00000] [id=5388]
  0x000001c8e850f160 GCTaskThread "GC Thread#1" [stack: 0x0000002e70000000,0x0000002e70100000] [id=12092]
  0x000001c8e850f410 GCTaskThread "GC Thread#2" [stack: 0x0000002e70100000,0x0000002e70200000] [id=5180]
  0x000001c8e8572f30 GCTaskThread "GC Thread#3" [stack: 0x0000002e70200000,0x0000002e70300000] [id=10532]
  0x000001c8e85737f0 GCTaskThread "GC Thread#4" [stack: 0x0000002e70300000,0x0000002e70400000] [id=9588]
  0x000001c8e8573aa0 GCTaskThread "GC Thread#5" [stack: 0x0000002e70400000,0x0000002e70500000] [id=10560]
  0x000001c8e856ab20 GCTaskThread "GC Thread#6" [stack: 0x0000002e70500000,0x0000002e70600000] [id=20204]
  0x000001c8e85c0e70 GCTaskThread "GC Thread#7" [stack: 0x0000002e70600000,0x0000002e70700000] [id=10020]
  0x000001c8e9836920 GCTaskThread "GC Thread#8" [stack: 0x0000002e70900000,0x0000002e70a00000] [id=14088]
  0x000001c8e9836bd0 GCTaskThread "GC Thread#9" [stack: 0x0000002e70a00000,0x0000002e70b00000] [id=4696]
  0x000001c8ce5c3a10 ConcurrentGCThread "G1 Main Marker" [stack: 0x0000002e6eb00000,0x0000002e6ec00000] [id=12828]
  0x000001c8ce5c4bc0 ConcurrentGCThread "G1 Conc#0" [stack: 0x0000002e6ec00000,0x0000002e6ed00000] [id=12428]
  0x000001c8e9ba0de0 ConcurrentGCThread "G1 Conc#1" [stack: 0x0000002e70800000,0x0000002e70900000] [id=5276]
  0x000001c8e9ba05d0 ConcurrentGCThread "G1 Conc#2" [stack: 0x0000002e70b00000,0x0000002e70c00000] [id=19796]
  0x000001c8ce5fe540 ConcurrentGCThread "G1 Refine#0" [stack: 0x0000002e6ed00000,0x0000002e6ee00000] [id=4044]
  0x000001c8e85c25e0 ConcurrentGCThread "G1 Refine#1" [stack: 0x0000002e70700000,0x0000002e70800000] [id=12100]
  0x000001c8e841e350 ConcurrentGCThread "G1 Refine#2" [stack: 0x0000002e6fa00000,0x0000002e6fb00000] [id=16452]
  0x000001c8e841e910 ConcurrentGCThread "G1 Refine#3" [stack: 0x0000002e6ff00000,0x0000002e70000000] [id=6576]
  0x000001c8e841e070 ConcurrentGCThread "G1 Refine#4" [stack: 0x0000002e71300000,0x0000002e71400000] [id=20140]
  0x000001c8e841dd90 ConcurrentGCThread "G1 Refine#5" [stack: 0x0000002e72100000,0x0000002e72200000] [id=5328]
  0x000001c8e841e630 ConcurrentGCThread "G1 Refine#6" [stack: 0x0000002e72200000,0x0000002e72300000] [id=10852]
  0x000001c8e841cc50 ConcurrentGCThread "G1 Refine#7" [stack: 0x0000002e72300000,0x0000002e72400000] [id=2568]
  0x000001c8e841cf30 ConcurrentGCThread "G1 Refine#8" [stack: 0x0000002e72400000,0x0000002e72500000] [id=5088]
  0x000001c8e841d210 ConcurrentGCThread "G1 Refine#9" [stack: 0x0000002e72500000,0x0000002e72600000] [id=3280]
  0x000001c8e6917030 ConcurrentGCThread "G1 Service" [stack: 0x0000002e6ee00000,0x0000002e6ef00000] [id=1380]

Threads with active compile tasks:

VM state: at safepoint (normal execution)

VM Mutex/Monitor currently owned by a thread:  ([mutex/lock_event])
[0x000001c8ce544590] Threads_lock - owner thread: 0x000001c8e6a4a740
[0x000001c8ce544230] Heap_lock - owner thread: 0x000001c8e9faa2e0

Heap address: 0x0000000705400000, size: 4012 MB, Compressed Oops mode: Zero based, Oop shift amount: 3

CDS archive(s) mapped at: [0x0000000800000000-0x0000000800bd0000-0x0000000800bd0000), size 12386304, SharedBaseAddress: 0x0000000800000000, ArchiveRelocationMode: 0.
Compressed class space mapped at: 0x0000000800c00000-0x0000000840c00000, reserved size: 1073741824
Narrow klass base: 0x0000000800000000, Narrow klass shift: 0, Narrow klass range: 0x100000000

GC Precious Log:
 CPUs: 12 total, 12 available
 Memory: 16045M
 Large Page Support: Disabled
 NUMA Support: Disabled
 Compressed Oops: Enabled (Zero based)
 Heap Region Size: 2M
 Heap Min Capacity: 8M
 Heap Initial Capacity: 252M
 Heap Max Capacity: 4012M
 Pre-touch: Disabled
 Parallel Workers: 10
 Concurrent Workers: 3
 Concurrent Refinement Workers: 10
 Periodic GC: Disabled

Heap:
 garbage-first heap   total 731136K, used 365830K [0x0000000705400000, 0x0000000800000000)
  region size 2048K, 1 young (2048K), 1 survivors (2048K)
 Metaspace       used 49935K, committed 50304K, reserved 1097728K
  class space    used 7167K, committed 7360K, reserved 1048576K

Heap Regions: E=young(eden), S=young(survivor), O=old, HS=humongous(starts), HC=humongous(continues), CS=collection set, F=free, OA=open archive, CA=closed archive, TAMS=top-at-mark-start (previous, next)
|   0|0x0000000705400000, 0x0000000705600000, 0x0000000705600000|100%| O|  |TAMS 0x0000000705600000, 0x0000000705400000| Untracked 
|   1|0x0000000705600000, 0x0000000705800000, 0x0000000705800000|100%| O|  |TAMS 0x0000000705800000, 0x0000000705600000| Untracked 
|   2|0x0000000705800000, 0x0000000705a00000, 0x0000000705a00000|100%| O|  |TAMS 0x0000000705a00000, 0x0000000705800000| Untracked 
|   3|0x0000000705a00000, 0x0000000705c00000, 0x0000000705c00000|100%| O|  |TAMS 0x0000000705c00000, 0x0000000705a00000| Untracked 
|   4|0x0000000705c00000, 0x0000000705e00000, 0x0000000705e00000|100%| O|  |TAMS 0x0000000705e00000, 0x0000000705c00000| Untracked 
|   5|0x0000000705e00000, 0x0000000706000000, 0x0000000706000000|100%| O|  |TAMS 0x0000000706000000, 0x0000000705e00000| Untracked 
|   6|0x0000000706000000, 0x0000000706200000, 0x0000000706200000|100%| O|  |TAMS 0x0000000706200000, 0x0000000706000000| Untracked 
|   7|0x0000000706200000, 0x0000000706400000, 0x0000000706400000|100%| O|  |TAMS 0x0000000706400000, 0x0000000706200000| Untracked 
|   8|0x0000000706400000, 0x0000000706600000, 0x0000000706600000|100%| O|  |TAMS 0x0000000706600000, 0x0000000706400000| Untracked 
|   9|0x0000000706600000, 0x0000000706800000, 0x0000000706800000|100%| O|  |TAMS 0x0000000706800000, 0x0000000706600000| Untracked 
|  10|0x0000000706800000, 0x0000000706a00000, 0x0000000706a00000|100%| O|  |TAMS 0x0000000706a00000, 0x0000000706800000| Untracked 
|  11|0x0000000706a00000, 0x0000000706c00000, 0x0000000706c00000|100%| O|  |TAMS 0x0000000706c00000, 0x0000000706a00000| Untracked 
|  12|0x0000000706c00000, 0x0000000706e00000, 0x0000000706e00000|100%| O|  |TAMS 0x0000000706e00000, 0x0000000706c00000| Untracked 
|  13|0x0000000706e00000, 0x0000000707000000, 0x0000000707000000|100%| O|  |TAMS 0x0000000707000000, 0x0000000706e00000| Untracked 
|  14|0x0000000707000000, 0x0000000707200000, 0x0000000707200000|100%| O|  |TAMS 0x0000000707200000, 0x0000000707000000| Untracked 
|  15|0x0000000707200000, 0x0000000707400000, 0x0000000707400000|100%| O|  |TAMS 0x0000000707400000, 0x0000000707200000| Untracked 
|  16|0x0000000707400000, 0x0000000707600000, 0x0000000707600000|100%| O|  |TAMS 0x0000000707400000, 0x0000000707400000| Untracked 
|  17|0x0000000707600000, 0x0000000707800000, 0x0000000707800000|100%| O|  |TAMS 0x0000000707800000, 0x0000000707600000| Untracked 
|  18|0x0000000707800000, 0x0000000707a00000, 0x0000000707a00000|100%| O|  |TAMS 0x0000000707a00000, 0x0000000707800000| Untracked 
|  19|0x0000000707a00000, 0x0000000707c00000, 0x0000000707c00000|100%| O|  |TAMS 0x0000000707c00000, 0x0000000707a00000| Untracked 
|  20|0x0000000707c00000, 0x0000000707e00000, 0x0000000707e00000|100%| O|  |TAMS 0x0000000707e00000, 0x0000000707c00000| Untracked 
|  21|0x0000000707e00000, 0x0000000708000000, 0x0000000708000000|100%| O|  |TAMS 0x0000000708000000, 0x0000000707e00000| Untracked 
|  22|0x0000000708000000, 0x0000000708200000, 0x0000000708200000|100%| O|  |TAMS 0x0000000708000000, 0x0000000708000000| Untracked 
|  23|0x0000000708200000, 0x0000000708400000, 0x0000000708400000|100%| O|  |TAMS 0x0000000708200000, 0x0000000708200000| Untracked 
|  24|0x0000000708400000, 0x0000000708600000, 0x0000000708600000|100%| O|  |TAMS 0x0000000708600000, 0x0000000708400000| Untracked 
|  25|0x0000000708600000, 0x0000000708800000, 0x0000000708800000|100%| O|  |TAMS 0x0000000708800000, 0x0000000708600000| Untracked 
|  26|0x0000000708800000, 0x0000000708a00000, 0x0000000708a00000|100%| O|  |TAMS 0x0000000708a00000, 0x0000000708800000| Untracked 
|  27|0x0000000708a00000, 0x0000000708c00000, 0x0000000708c00000|100%| O|  |TAMS 0x0000000708c00000, 0x0000000708a00000| Untracked 
|  28|0x0000000708c00000, 0x0000000708e00000, 0x0000000708e00000|100%| O|  |TAMS 0x0000000708e00000, 0x0000000708c00000| Untracked 
|  29|0x0000000708e00000, 0x0000000709000000, 0x0000000709000000|100%| O|  |TAMS 0x0000000709000000, 0x0000000708e00000| Untracked 
|  30|0x0000000709000000, 0x0000000709200000, 0x0000000709200000|100%| O|  |TAMS 0x0000000709200000, 0x0000000709000000| Untracked 
|  31|0x0000000709200000, 0x0000000709400000, 0x0000000709400000|100%| O|  |TAMS 0x0000000709400000, 0x0000000709200000| Untracked 
|  32|0x0000000709400000, 0x0000000709600000, 0x0000000709600000|100%| O|  |TAMS 0x0000000709600000, 0x0000000709400000| Untracked 
|  33|0x0000000709600000, 0x0000000709800000, 0x0000000709800000|100%| O|  |TAMS 0x0000000709600000, 0x0000000709600000| Untracked 
|  34|0x0000000709800000, 0x0000000709a00000, 0x0000000709a00000|100%| O|  |TAMS 0x0000000709800000, 0x0000000709800000| Untracked 
|  35|0x0000000709a00000, 0x0000000709c00000, 0x0000000709c00000|100%| O|  |TAMS 0x0000000709a00000, 0x0000000709a00000| Untracked 
|  36|0x0000000709c00000, 0x0000000709e00000, 0x0000000709e00000|100%| O|  |TAMS 0x0000000709e00000, 0x0000000709c00000| Untracked 
|  37|0x0000000709e00000, 0x000000070a000000, 0x000000070a000000|100%| O|  |TAMS 0x000000070a000000, 0x0000000709e00000| Untracked 
|  38|0x000000070a000000, 0x000000070a200000, 0x000000070a200000|100%| O|  |TAMS 0x000000070a200000, 0x000000070a000000| Untracked 
|  39|0x000000070a200000, 0x000000070a400000, 0x000000070a400000|100%| O|  |TAMS 0x000000070a400000, 0x000000070a200000| Untracked 
|  40|0x000000070a400000, 0x000000070a600000, 0x000000070a600000|100%| O|  |TAMS 0x000000070a600000, 0x000000070a400000| Untracked 
|  41|0x000000070a600000, 0x000000070a800000, 0x000000070a800000|100%| O|  |TAMS 0x000000070a800000, 0x000000070a600000| Untracked 
|  42|0x000000070a800000, 0x000000070aa00000, 0x000000070aa00000|100%| O|  |TAMS 0x000000070aa00000, 0x000000070a800000| Untracked 
|  43|0x000000070aa00000, 0x000000070ac00000, 0x000000070ac00000|100%| O|  |TAMS 0x000000070ac00000, 0x000000070aa00000| Untracked 
|  44|0x000000070ac00000, 0x000000070ae00000, 0x000000070ae00000|100%| O|  |TAMS 0x000000070ae00000, 0x000000070ac00000| Untracked 
|  45|0x000000070ae00000, 0x000000070b000000, 0x000000070b000000|100%| O|  |TAMS 0x000000070b000000, 0x000000070ae00000| Untracked 
|  46|0x000000070b000000, 0x000000070b200000, 0x000000070b200000|100%| O|  |TAMS 0x000000070b200000, 0x000000070b000000| Untracked 
|  47|0x000000070b200000, 0x000000070b400000, 0x000000070b400000|100%| O|  |TAMS 0x000000070b400000, 0x000000070b200000| Untracked 
|  48|0x000000070b400000, 0x000000070b600000, 0x000000070b600000|100%| O|  |TAMS 0x000000070b600000, 0x000000070b400000| Untracked 
|  49|0x000000070b600000, 0x000000070b800000, 0x000000070b800000|100%| O|  |TAMS 0x000000070b800000, 0x000000070b600000| Untracked 
|  50|0x000000070b800000, 0x000000070ba00000, 0x000000070ba00000|100%| O|  |TAMS 0x000000070ba00000, 0x000000070b800000| Untracked 
|  51|0x000000070ba00000, 0x000000070bc00000, 0x000000070bc00000|100%| O|  |TAMS 0x000000070bc00000, 0x000000070ba00000| Untracked 
|  52|0x000000070bc00000, 0x000000070be00000, 0x000000070be00000|100%| O|  |TAMS 0x000000070be00000, 0x000000070bc00000| Untracked 
|  53|0x000000070be00000, 0x000000070c000000, 0x000000070c000000|100%|HS|  |TAMS 0x000000070c000000, 0x000000070be00000| Complete 
|  54|0x000000070c000000, 0x000000070c200000, 0x000000070c200000|100%|HC|  |TAMS 0x000000070c200000, 0x000000070c000000| Complete 
|  55|0x000000070c200000, 0x000000070c400000, 0x000000070c400000|100%|HC|  |TAMS 0x000000070c400000, 0x000000070c200000| Complete 
|  56|0x000000070c400000, 0x000000070c600000, 0x000000070c600000|100%|HC|  |TAMS 0x000000070c600000, 0x000000070c400000| Complete 
|  57|0x000000070c600000, 0x000000070c800000, 0x000000070c800000|100%|HC|  |TAMS 0x000000070c800000, 0x000000070c600000| Complete 
|  58|0x000000070c800000, 0x000000070ca00000, 0x000000070ca00000|100%| O|  |TAMS 0x000000070ca00000, 0x000000070c800000| Untracked 
|  59|0x000000070ca00000, 0x000000070cc00000, 0x000000070cc00000|100%| O|  |TAMS 0x000000070cc00000, 0x000000070ca00000| Untracked 
|  60|0x000000070cc00000, 0x000000070ce00000, 0x000000070ce00000|100%| O|  |TAMS 0x000000070ce00000, 0x000000070cc00000| Untracked 
|  61|0x000000070ce00000, 0x000000070d000000, 0x000000070d000000|100%| O|  |TAMS 0x000000070d000000, 0x000000070ce00000| Untracked 
|  62|0x000000070d000000, 0x000000070d200000, 0x000000070d200000|100%| O|  |TAMS 0x000000070d200000, 0x000000070d000000| Untracked 
|  63|0x000000070d200000, 0x000000070d400000, 0x000000070d400000|100%| O|  |TAMS 0x000000070d400000, 0x000000070d200000| Untracked 
|  64|0x000000070d400000, 0x000000070d600000, 0x000000070d600000|100%| O|  |TAMS 0x000000070d600000, 0x000000070d400000| Untracked 
|  65|0x000000070d600000, 0x000000070d800000, 0x000000070d800000|100%| O|  |TAMS 0x000000070d800000, 0x000000070d600000| Untracked 
|  66|0x000000070d800000, 0x000000070da00000, 0x000000070da00000|100%| O|  |TAMS 0x000000070da00000, 0x000000070d800000| Untracked 
|  67|0x000000070da00000, 0x000000070dc00000, 0x000000070dc00000|100%| O|  |TAMS 0x000000070dc00000, 0x000000070da00000| Untracked 
|  68|0x000000070dc00000, 0x000000070de00000, 0x000000070de00000|100%| O|  |TAMS 0x000000070de00000, 0x000000070dc00000| Untracked 
|  69|0x000000070de00000, 0x000000070e000000, 0x000000070e000000|100%| O|  |TAMS 0x000000070e000000, 0x000000070de00000| Untracked 
|  70|0x000000070e000000, 0x000000070e200000, 0x000000070e200000|100%| O|  |TAMS 0x000000070e200000, 0x000000070e000000| Untracked 
|  71|0x000000070e200000, 0x000000070e400000, 0x000000070e400000|100%| O|  |TAMS 0x000000070e400000, 0x000000070e200000| Untracked 
|  72|0x000000070e400000, 0x000000070e600000, 0x000000070e600000|100%| O|  |TAMS 0x000000070e600000, 0x000000070e400000| Untracked 
|  73|0x000000070e600000, 0x000000070e800000, 0x000000070e800000|100%| O|  |TAMS 0x000000070e800000, 0x000000070e600000| Untracked 
|  74|0x000000070e800000, 0x000000070ea00000, 0x000000070ea00000|100%| O|  |TAMS 0x000000070ea00000, 0x000000070e800000| Untracked 
|  75|0x000000070ea00000, 0x000000070ec00000, 0x000000070ec00000|100%| O|  |TAMS 0x000000070ec00000, 0x000000070ea00000| Untracked 
|  76|0x000000070ec00000, 0x000000070ee00000, 0x000000070ee00000|100%| O|  |TAMS 0x000000070ee00000, 0x000000070ec00000| Untracked 
|  77|0x000000070ee00000, 0x000000070f000000, 0x000000070f000000|100%| O|  |TAMS 0x000000070f000000, 0x000000070ee00000| Untracked 
|  78|0x000000070f000000, 0x000000070f200000, 0x000000070f200000|100%| O|  |TAMS 0x000000070f200000, 0x000000070f000000| Untracked 
|  79|0x000000070f200000, 0x000000070f400000, 0x000000070f400000|100%| O|  |TAMS 0x000000070f400000, 0x000000070f200000| Untracked 
|  80|0x000000070f400000, 0x000000070f600000, 0x000000070f600000|100%| O|  |TAMS 0x000000070f600000, 0x000000070f400000| Untracked 
|  81|0x000000070f600000, 0x000000070f800000, 0x000000070f800000|100%| O|  |TAMS 0x000000070f800000, 0x000000070f600000| Untracked 
|  82|0x000000070f800000, 0x000000070fa00000, 0x000000070fa00000|100%| O|  |TAMS 0x000000070fa00000, 0x000000070f800000| Untracked 
|  83|0x000000070fa00000, 0x000000070fa00000, 0x000000070fc00000|  0%| F|  |TAMS 0x000000070fa00000, 0x000000070fa00000| Untracked 
|  84|0x000000070fc00000, 0x000000070fe00000, 0x000000070fe00000|100%| O|  |TAMS 0x000000070fe00000, 0x000000070fc00000| Untracked 
|  85|0x000000070fe00000, 0x0000000710000000, 0x0000000710000000|100%| O|  |TAMS 0x0000000710000000, 0x000000070fe00000| Untracked 
|  86|0x0000000710000000, 0x0000000710200000, 0x0000000710200000|100%| O|  |TAMS 0x0000000710200000, 0x0000000710000000| Untracked 
|  87|0x0000000710200000, 0x0000000710400000, 0x0000000710400000|100%| O|  |TAMS 0x0000000710400000, 0x0000000710200000| Untracked 
|  88|0x0000000710400000, 0x0000000710600000, 0x0000000710600000|100%| O|  |TAMS 0x0000000710600000, 0x0000000710400000| Untracked 
|  89|0x0000000710600000, 0x0000000710800000, 0x0000000710800000|100%| O|  |TAMS 0x0000000710800000, 0x0000000710600000| Untracked 
|  90|0x0000000710800000, 0x0000000710a00000, 0x0000000710a00000|100%| O|  |TAMS 0x0000000710a00000, 0x0000000710800000| Untracked 
|  91|0x0000000710a00000, 0x0000000710c00000, 0x0000000710c00000|100%| O|  |TAMS 0x0000000710c00000, 0x0000000710a00000| Untracked 
|  92|0x0000000710c00000, 0x0000000710e00000, 0x0000000710e00000|100%| O|  |TAMS 0x0000000710e00000, 0x0000000710c00000| Untracked 
|  93|0x0000000710e00000, 0x0000000711000000, 0x0000000711000000|100%| O|  |TAMS 0x0000000711000000, 0x0000000710e00000| Untracked 
|  94|0x0000000711000000, 0x0000000711200000, 0x0000000711200000|100%| O|  |TAMS 0x0000000711200000, 0x0000000711000000| Untracked 
|  95|0x0000000711200000, 0x0000000711400000, 0x0000000711400000|100%| O|  |TAMS 0x0000000711400000, 0x0000000711200000| Untracked 
|  96|0x0000000711400000, 0x0000000711600000, 0x0000000711600000|100%| O|  |TAMS 0x0000000711600000, 0x0000000711400000| Untracked 
|  97|0x0000000711600000, 0x0000000711800000, 0x0000000711800000|100%| O|  |TAMS 0x0000000711800000, 0x0000000711600000| Untracked 
|  98|0x0000000711800000, 0x0000000711a00000, 0x0000000711a00000|100%| O|  |TAMS 0x0000000711a00000, 0x0000000711800000| Untracked 
|  99|0x0000000711a00000, 0x0000000711c00000, 0x0000000711c00000|100%| O|  |TAMS 0x0000000711c00000, 0x0000000711a00000| Untracked 
| 100|0x0000000711c00000, 0x0000000711e00000, 0x0000000711e00000|100%| O|  |TAMS 0x0000000711e00000, 0x0000000711c00000| Untracked 
| 101|0x0000000711e00000, 0x0000000712000000, 0x0000000712000000|100%| O|  |TAMS 0x0000000712000000, 0x0000000711e00000| Untracked 
| 102|0x0000000712000000, 0x0000000712200000, 0x0000000712200000|100%| O|  |TAMS 0x0000000712200000, 0x0000000712000000| Untracked 
| 103|0x0000000712200000, 0x0000000712400000, 0x0000000712400000|100%| O|  |TAMS 0x0000000712400000, 0x0000000712200000| Untracked 
| 104|0x0000000712400000, 0x0000000712600000, 0x0000000712600000|100%| O|  |TAMS 0x0000000712600000, 0x0000000712400000| Untracked 
| 105|0x0000000712600000, 0x0000000712800000, 0x0000000712800000|100%| O|  |TAMS 0x0000000712800000, 0x0000000712600000| Untracked 
| 106|0x0000000712800000, 0x0000000712a00000, 0x0000000712a00000|100%| O|  |TAMS 0x0000000712a00000, 0x0000000712800000| Untracked 
| 107|0x0000000712a00000, 0x0000000712c00000, 0x0000000712c00000|100%| O|  |TAMS 0x0000000712c00000, 0x0000000712a00000| Untracked 
| 108|0x0000000712c00000, 0x0000000712e00000, 0x0000000712e00000|100%| O|  |TAMS 0x0000000712e00000, 0x0000000712c00000| Untracked 
| 109|0x0000000712e00000, 0x0000000713000000, 0x0000000713000000|100%| O|  |TAMS 0x0000000713000000, 0x0000000712e00000| Untracked 
| 110|0x0000000713000000, 0x00000007130c9c00, 0x0000000713200000| 39%| O|  |TAMS 0x0000000713000000, 0x0000000713000000| Untracked 
| 111|0x0000000713200000, 0x0000000713200000, 0x0000000713400000|  0%| F|  |TAMS 0x0000000713200000, 0x0000000713200000| Untracked 
| 112|0x0000000713400000, 0x0000000713400000, 0x0000000713600000|  0%| F|  |TAMS 0x0000000713400000, 0x0000000713400000| Untracked 
| 113|0x0000000713600000, 0x0000000713800000, 0x0000000713800000|100%| O|  |TAMS 0x0000000713800000, 0x0000000713600000| Untracked 
| 114|0x0000000713800000, 0x0000000713a00000, 0x0000000713a00000|100%| O|  |TAMS 0x0000000713a00000, 0x0000000713800000| Untracked 
| 115|0x0000000713a00000, 0x0000000713c00000, 0x0000000713c00000|100%| O|  |TAMS 0x0000000713c00000, 0x0000000713a00000| Untracked 
| 116|0x0000000713c00000, 0x0000000713e00000, 0x0000000713e00000|100%| O|  |TAMS 0x0000000713e00000, 0x0000000713c00000| Untracked 
| 117|0x0000000713e00000, 0x0000000714000000, 0x0000000714000000|100%| O|  |TAMS 0x0000000714000000, 0x0000000713e00000| Untracked 
| 118|0x0000000714000000, 0x0000000714200000, 0x0000000714200000|100%| O|  |TAMS 0x0000000714200000, 0x0000000714000000| Untracked 
| 119|0x0000000714200000, 0x0000000714400000, 0x0000000714400000|100%| O|  |TAMS 0x0000000714400000, 0x0000000714200000| Untracked 
| 120|0x0000000714400000, 0x0000000714600000, 0x0000000714600000|100%| O|  |TAMS 0x0000000714600000, 0x0000000714400000| Untracked 
| 121|0x0000000714600000, 0x0000000714800000, 0x0000000714800000|100%| O|  |TAMS 0x0000000714800000, 0x0000000714600000| Untracked 
| 122|0x0000000714800000, 0x0000000714a00000, 0x0000000714a00000|100%| O|  |TAMS 0x0000000714a00000, 0x0000000714800000| Untracked 
| 123|0x0000000714a00000, 0x0000000714c00000, 0x0000000714c00000|100%| O|  |TAMS 0x0000000714c00000, 0x0000000714a00000| Untracked 
| 124|0x0000000714c00000, 0x0000000714e00000, 0x0000000714e00000|100%| O|  |TAMS 0x0000000714e00000, 0x0000000714c00000| Untracked 
| 125|0x0000000714e00000, 0x0000000715000000, 0x0000000715000000|100%| O|  |TAMS 0x0000000715000000, 0x0000000714e00000| Untracked 
| 126|0x0000000715000000, 0x0000000715200000, 0x0000000715200000|100%| O|  |TAMS 0x0000000715200000, 0x0000000715000000| Untracked 
| 127|0x0000000715200000, 0x0000000715200000, 0x0000000715400000|  0%| F|  |TAMS 0x0000000715200000, 0x0000000715200000| Untracked 
| 128|0x0000000715400000, 0x0000000715400000, 0x0000000715600000|  0%| F|  |TAMS 0x0000000715400000, 0x0000000715400000| Untracked 
| 129|0x0000000715600000, 0x0000000715600000, 0x0000000715800000|  0%| F|  |TAMS 0x0000000715600000, 0x0000000715600000| Untracked 
| 130|0x0000000715800000, 0x0000000715a00000, 0x0000000715a00000|100%|HS|  |TAMS 0x0000000715a00000, 0x0000000715800000| Complete 
| 131|0x0000000715a00000, 0x0000000715c00000, 0x0000000715c00000|100%|HC|  |TAMS 0x0000000715c00000, 0x0000000715a00000| Complete 
| 132|0x0000000715c00000, 0x0000000715e00000, 0x0000000715e00000|100%|HC|  |TAMS 0x0000000715e00000, 0x0000000715c00000| Complete 
| 133|0x0000000715e00000, 0x0000000716000000, 0x0000000716000000|100%|HC|  |TAMS 0x0000000716000000, 0x0000000715e00000| Complete 
| 134|0x0000000716000000, 0x0000000716200000, 0x0000000716200000|100%|HC|  |TAMS 0x0000000716200000, 0x0000000716000000| Complete 
| 135|0x0000000716200000, 0x0000000716400000, 0x0000000716400000|100%| O|  |TAMS 0x0000000716400000, 0x0000000716200000| Untracked 
| 136|0x0000000716400000, 0x0000000716600000, 0x0000000716600000|100%| O|  |TAMS 0x0000000716600000, 0x0000000716400000| Untracked 
| 137|0x0000000716600000, 0x0000000716800000, 0x0000000716800000|100%| O|  |TAMS 0x0000000716800000, 0x0000000716600000| Untracked 
| 138|0x0000000716800000, 0x0000000716a00000, 0x0000000716a00000|100%| O|  |TAMS 0x0000000716a00000, 0x0000000716800000| Untracked 
| 139|0x0000000716a00000, 0x0000000716c00000, 0x0000000716c00000|100%| O|  |TAMS 0x0000000716c00000, 0x0000000716a00000| Untracked 
| 140|0x0000000716c00000, 0x0000000716e00000, 0x0000000716e00000|100%| O|  |TAMS 0x0000000716e00000, 0x0000000716c00000| Untracked 
| 141|0x0000000716e00000, 0x0000000717000000, 0x0000000717000000|100%| O|  |TAMS 0x0000000717000000, 0x0000000716e00000| Untracked 
| 142|0x0000000717000000, 0x0000000717200000, 0x0000000717200000|100%| O|  |TAMS 0x0000000717200000, 0x0000000717000000| Untracked 
| 143|0x0000000717200000, 0x0000000717400000, 0x0000000717400000|100%| O|  |TAMS 0x0000000717200000, 0x0000000717200000| Untracked 
| 144|0x0000000717400000, 0x0000000717600000, 0x0000000717600000|100%| O|  |TAMS 0x0000000717400000, 0x0000000717400000| Untracked 
| 145|0x0000000717600000, 0x0000000717800000, 0x0000000717800000|100%| O|  |TAMS 0x0000000717600000, 0x0000000717600000| Untracked 
| 146|0x0000000717800000, 0x0000000717a00000, 0x0000000717a00000|100%| O|  |TAMS 0x0000000717800000, 0x0000000717800000| Untracked 
| 147|0x0000000717a00000, 0x0000000717c00000, 0x0000000717c00000|100%| O|  |TAMS 0x0000000717a00000, 0x0000000717a00000| Untracked 
| 148|0x0000000717c00000, 0x0000000717e00000, 0x0000000717e00000|100%| O|  |TAMS 0x0000000717c00000, 0x0000000717c00000| Untracked 
| 149|0x0000000717e00000, 0x0000000718000000, 0x0000000718000000|100%| O|  |TAMS 0x0000000717e00000, 0x0000000717e00000| Untracked 
| 150|0x0000000718000000, 0x0000000718200000, 0x0000000718200000|100%| O|  |TAMS 0x0000000718000000, 0x0000000718000000| Untracked 
| 151|0x0000000718200000, 0x0000000718400000, 0x0000000718400000|100%| O|  |TAMS 0x0000000718200000, 0x0000000718200000| Untracked 
| 152|0x0000000718400000, 0x0000000718600000, 0x0000000718600000|100%| O|  |TAMS 0x0000000718400000, 0x0000000718400000| Untracked 
| 153|0x0000000718600000, 0x0000000718800000, 0x0000000718800000|100%| O|  |TAMS 0x0000000718600000, 0x0000000718600000| Untracked 
| 154|0x0000000718800000, 0x0000000718a00000, 0x0000000718a00000|100%| O|  |TAMS 0x0000000718800000, 0x0000000718800000| Untracked 
| 155|0x0000000718a00000, 0x0000000718c00000, 0x0000000718c00000|100%| O|  |TAMS 0x0000000718a00000, 0x0000000718a00000| Untracked 
| 156|0x0000000718c00000, 0x0000000718e00000, 0x0000000718e00000|100%| O|  |TAMS 0x0000000718e00000, 0x0000000718c00000| Untracked 
| 157|0x0000000718e00000, 0x0000000719000000, 0x0000000719000000|100%| O|  |TAMS 0x0000000719000000, 0x0000000718e00000| Untracked 
| 158|0x0000000719000000, 0x0000000719200000, 0x0000000719200000|100%| O|  |TAMS 0x0000000719200000, 0x0000000719000000| Untracked 
| 159|0x0000000719200000, 0x0000000719400000, 0x0000000719400000|100%| O|  |TAMS 0x0000000719200000, 0x0000000719200000| Untracked 
| 160|0x0000000719400000, 0x0000000719600000, 0x0000000719600000|100%| O|  |TAMS 0x0000000719600000, 0x0000000719400000| Untracked 
| 161|0x0000000719600000, 0x0000000719800000, 0x0000000719800000|100%| O|  |TAMS 0x0000000719800000, 0x0000000719600000| Untracked 
| 162|0x0000000719800000, 0x0000000719a00000, 0x0000000719a00000|100%| O|  |TAMS 0x0000000719a00000, 0x0000000719800000| Untracked 
| 163|0x0000000719a00000, 0x0000000719c00000, 0x0000000719c00000|100%| O|  |TAMS 0x0000000719c00000, 0x0000000719a00000| Untracked 
| 164|0x0000000719c00000, 0x0000000719e00000, 0x0000000719e00000|100%| O|  |TAMS 0x0000000719e00000, 0x0000000719c00000| Untracked 
| 165|0x0000000719e00000, 0x000000071a000000, 0x000000071a000000|100%| O|  |TAMS 0x000000071a000000, 0x0000000719e00000| Untracked 
| 166|0x000000071a000000, 0x000000071a200000, 0x000000071a200000|100%| O|  |TAMS 0x000000071a200000, 0x000000071a000000| Untracked 
| 167|0x000000071a200000, 0x000000071a400000, 0x000000071a400000|100%| O|  |TAMS 0x000000071a400000, 0x000000071a200000| Untracked 
| 168|0x000000071a400000, 0x000000071a600000, 0x000000071a600000|100%| O|  |TAMS 0x000000071a600000, 0x000000071a400000| Untracked 
| 169|0x000000071a600000, 0x000000071a800000, 0x000000071a800000|100%| O|  |TAMS 0x000000071a800000, 0x000000071a600000| Untracked 
| 170|0x000000071a800000, 0x000000071aa00000, 0x000000071aa00000|100%| O|  |TAMS 0x000000071aa00000, 0x000000071a800000| Untracked 
| 171|0x000000071aa00000, 0x000000071ac00000, 0x000000071ac00000|100%| O|  |TAMS 0x000000071ac00000, 0x000000071aa00000| Untracked 
| 172|0x000000071ac00000, 0x000000071ae00000, 0x000000071ae00000|100%| O|  |TAMS 0x000000071ac00000, 0x000000071ac00000| Untracked 
| 173|0x000000071ae00000, 0x000000071b000000, 0x000000071b000000|100%| O|  |TAMS 0x000000071ae00000, 0x000000071ae00000| Untracked 
| 174|0x000000071b000000, 0x000000071b200000, 0x000000071b200000|100%| O|  |TAMS 0x000000071b000000, 0x000000071b000000| Untracked 
| 175|0x000000071b200000, 0x000000071b400000, 0x000000071b400000|100%| O|  |TAMS 0x000000071b200000, 0x000000071b200000| Untracked 
| 176|0x000000071b400000, 0x000000071b600000, 0x000000071b600000|100%| O|  |TAMS 0x000000071b400000, 0x000000071b400000| Untracked 
| 177|0x000000071b600000, 0x000000071b800000, 0x000000071b800000|100%| O|  |TAMS 0x000000071b600000, 0x000000071b600000| Untracked 
| 178|0x000000071b800000, 0x000000071ba00000, 0x000000071ba00000|100%| O|  |TAMS 0x000000071b800000, 0x000000071b800000| Untracked 
| 179|0x000000071ba00000, 0x000000071bc00000, 0x000000071bc00000|100%| O|  |TAMS 0x000000071bc00000, 0x000000071ba00000| Untracked 
| 180|0x000000071bc00000, 0x000000071be00000, 0x000000071be00000|100%| O|  |TAMS 0x000000071be00000, 0x000000071bc00000| Untracked 
| 181|0x000000071be00000, 0x000000071c000000, 0x000000071c000000|100%| O|  |TAMS 0x000000071c000000, 0x000000071be00000| Untracked 
| 182|0x000000071c000000, 0x000000071c200000, 0x000000071c200000|100%| O|  |TAMS 0x000000071c200000, 0x000000071c000000| Untracked 
| 183|0x000000071c200000, 0x000000071c400000, 0x000000071c400000|100%| O|  |TAMS 0x000000071c400000, 0x000000071c200000| Untracked 
| 184|0x000000071c400000, 0x000000071c600000, 0x000000071c600000|100%| O|  |TAMS 0x000000071c600000, 0x000000071c400000| Untracked 
| 185|0x000000071c600000, 0x000000071c600000, 0x000000071c800000|  0%| F|  |TAMS 0x000000071c600000, 0x000000071c600000| Untracked 
| 186|0x000000071c800000, 0x000000071c800000, 0x000000071ca00000|  0%| F|  |TAMS 0x000000071c800000, 0x000000071c800000| Untracked 
| 187|0x000000071ca00000, 0x000000071ca00000, 0x000000071cc00000|  0%| F|  |TAMS 0x000000071ca00000, 0x000000071ca00000| Untracked 
| 188|0x000000071cc00000, 0x000000071cc00000, 0x000000071ce00000|  0%| F|  |TAMS 0x000000071cc00000, 0x000000071cc00000| Untracked 
| 189|0x000000071ce00000, 0x000000071ce00000, 0x000000071d000000|  0%| F|  |TAMS 0x000000071ce00000, 0x000000071ce00000| Untracked 
| 190|0x000000071d000000, 0x000000071d000000, 0x000000071d200000|  0%| F|  |TAMS 0x000000071d000000, 0x000000071d000000| Untracked 
| 191|0x000000071d200000, 0x000000071d200000, 0x000000071d400000|  0%| F|  |TAMS 0x000000071d200000, 0x000000071d200000| Untracked 
| 192|0x000000071d400000, 0x000000071d400000, 0x000000071d600000|  0%| F|  |TAMS 0x000000071d400000, 0x000000071d400000| Untracked 
| 193|0x000000071d600000, 0x000000071d600000, 0x000000071d800000|  0%| F|  |TAMS 0x000000071d600000, 0x000000071d600000| Untracked 
| 194|0x000000071d800000, 0x000000071d800000, 0x000000071da00000|  0%| F|  |TAMS 0x000000071d800000, 0x000000071d800000| Untracked 
| 195|0x000000071da00000, 0x000000071da00000, 0x000000071dc00000|  0%| F|  |TAMS 0x000000071da00000, 0x000000071da00000| Untracked 
| 196|0x000000071dc00000, 0x000000071dc00000, 0x000000071de00000|  0%| F|  |TAMS 0x000000071dc00000, 0x000000071dc00000| Untracked 
| 197|0x000000071de00000, 0x000000071de00000, 0x000000071e000000|  0%| F|  |TAMS 0x000000071de00000, 0x000000071de00000| Untracked 
| 198|0x000000071e000000, 0x000000071e000000, 0x000000071e200000|  0%| F|  |TAMS 0x000000071e000000, 0x000000071e000000| Untracked 
| 199|0x000000071e200000, 0x000000071e200000, 0x000000071e400000|  0%| F|  |TAMS 0x000000071e200000, 0x000000071e200000| Untracked 
| 200|0x000000071e400000, 0x000000071e400000, 0x000000071e600000|  0%| F|  |TAMS 0x000000071e400000, 0x000000071e400000| Untracked 
| 201|0x000000071e600000, 0x000000071e600000, 0x000000071e800000|  0%| F|  |TAMS 0x000000071e600000, 0x000000071e600000| Untracked 
| 202|0x000000071e800000, 0x000000071e800000, 0x000000071ea00000|  0%| F|  |TAMS 0x000000071e800000, 0x000000071e800000| Untracked 
| 203|0x000000071ea00000, 0x000000071ea00000, 0x000000071ec00000|  0%| F|  |TAMS 0x000000071ea00000, 0x000000071ea00000| Untracked 
| 204|0x000000071ec00000, 0x000000071ec00000, 0x000000071ee00000|  0%| F|  |TAMS 0x000000071ec00000, 0x000000071ec00000| Untracked 
| 205|0x000000071ee00000, 0x000000071ee00000, 0x000000071f000000|  0%| F|  |TAMS 0x000000071ee00000, 0x000000071ee00000| Untracked 
| 206|0x000000071f000000, 0x000000071f000000, 0x000000071f200000|  0%| F|  |TAMS 0x000000071f000000, 0x000000071f000000| Untracked 
| 207|0x000000071f200000, 0x000000071f200000, 0x000000071f400000|  0%| F|  |TAMS 0x000000071f200000, 0x000000071f200000| Untracked 
| 208|0x000000071f400000, 0x000000071f400000, 0x000000071f600000|  0%| F|  |TAMS 0x000000071f400000, 0x000000071f400000| Untracked 
| 209|0x000000071f600000, 0x000000071f600000, 0x000000071f800000|  0%| F|  |TAMS 0x000000071f600000, 0x000000071f600000| Untracked 
| 210|0x000000071f800000, 0x000000071f800000, 0x000000071fa00000|  0%| F|  |TAMS 0x000000071f800000, 0x000000071f800000| Untracked 
| 211|0x000000071fa00000, 0x000000071fa00000, 0x000000071fc00000|  0%| F|  |TAMS 0x000000071fa00000, 0x000000071fa00000| Untracked 
| 212|0x000000071fc00000, 0x000000071fc00000, 0x000000071fe00000|  0%| F|  |TAMS 0x000000071fc00000, 0x000000071fc00000| Untracked 
| 213|0x000000071fe00000, 0x000000071fe00000, 0x0000000720000000|  0%| F|  |TAMS 0x000000071fe00000, 0x000000071fe00000| Untracked 
| 214|0x0000000720000000, 0x0000000720000000, 0x0000000720200000|  0%| F|  |TAMS 0x0000000720000000, 0x0000000720000000| Untracked 
| 215|0x0000000720200000, 0x0000000720200000, 0x0000000720400000|  0%| F|  |TAMS 0x0000000720200000, 0x0000000720200000| Untracked 
| 216|0x0000000720400000, 0x0000000720400000, 0x0000000720600000|  0%| F|  |TAMS 0x0000000720400000, 0x0000000720400000| Untracked 
| 217|0x0000000720600000, 0x0000000720600000, 0x0000000720800000|  0%| F|  |TAMS 0x0000000720600000, 0x0000000720600000| Untracked 
| 218|0x0000000720800000, 0x0000000720800000, 0x0000000720a00000|  0%| F|  |TAMS 0x0000000720800000, 0x0000000720800000| Untracked 
| 219|0x0000000720a00000, 0x0000000720a00000, 0x0000000720c00000|  0%| F|  |TAMS 0x0000000720a00000, 0x0000000720a00000| Untracked 
| 220|0x0000000720c00000, 0x0000000720c00000, 0x0000000720e00000|  0%| F|  |TAMS 0x0000000720c00000, 0x0000000720c00000| Untracked 
| 221|0x0000000720e00000, 0x0000000720e00000, 0x0000000721000000|  0%| F|  |TAMS 0x0000000720e00000, 0x0000000720e00000| Untracked 
| 222|0x0000000721000000, 0x0000000721000000, 0x0000000721200000|  0%| F|  |TAMS 0x0000000721000000, 0x0000000721000000| Untracked 
| 223|0x0000000721200000, 0x0000000721200000, 0x0000000721400000|  0%| F|  |TAMS 0x0000000721200000, 0x0000000721200000| Untracked 
| 224|0x0000000721400000, 0x0000000721400000, 0x0000000721600000|  0%| F|  |TAMS 0x0000000721400000, 0x0000000721400000| Untracked 
| 225|0x0000000721600000, 0x0000000721600000, 0x0000000721800000|  0%| F|  |TAMS 0x0000000721600000, 0x0000000721600000| Untracked 
| 226|0x0000000721800000, 0x0000000721800000, 0x0000000721a00000|  0%| F|  |TAMS 0x0000000721800000, 0x0000000721800000| Untracked 
| 227|0x0000000721a00000, 0x0000000721a00000, 0x0000000721c00000|  0%| F|  |TAMS 0x0000000721a00000, 0x0000000721a00000| Untracked 
| 228|0x0000000721c00000, 0x0000000721c00000, 0x0000000721e00000|  0%| F|  |TAMS 0x0000000721c00000, 0x0000000721c00000| Untracked 
| 229|0x0000000721e00000, 0x0000000721e00000, 0x0000000722000000|  0%| F|  |TAMS 0x0000000721e00000, 0x0000000721e00000| Untracked 
| 230|0x0000000722000000, 0x0000000722000000, 0x0000000722200000|  0%| F|  |TAMS 0x0000000722000000, 0x0000000722000000| Untracked 
| 231|0x0000000722200000, 0x0000000722200000, 0x0000000722400000|  0%| F|  |TAMS 0x0000000722200000, 0x0000000722200000| Untracked 
| 232|0x0000000722400000, 0x0000000722400000, 0x0000000722600000|  0%| F|  |TAMS 0x0000000722400000, 0x0000000722400000| Untracked 
| 233|0x0000000722600000, 0x0000000722600000, 0x0000000722800000|  0%| F|  |TAMS 0x0000000722600000, 0x0000000722600000| Untracked 
| 234|0x0000000722800000, 0x0000000722800000, 0x0000000722a00000|  0%| F|  |TAMS 0x0000000722800000, 0x0000000722800000| Untracked 
| 235|0x0000000722a00000, 0x0000000722a00000, 0x0000000722c00000|  0%| F|  |TAMS 0x0000000722a00000, 0x0000000722a00000| Untracked 
| 236|0x0000000722c00000, 0x0000000722c00000, 0x0000000722e00000|  0%| F|  |TAMS 0x0000000722c00000, 0x0000000722c00000| Untracked 
| 237|0x0000000722e00000, 0x0000000722e00000, 0x0000000723000000|  0%| F|  |TAMS 0x0000000722e00000, 0x0000000722e00000| Untracked 
| 238|0x0000000723000000, 0x0000000723000000, 0x0000000723200000|  0%| F|  |TAMS 0x0000000723000000, 0x0000000723000000| Untracked 
| 239|0x0000000723200000, 0x0000000723200000, 0x0000000723400000|  0%| F|  |TAMS 0x0000000723200000, 0x0000000723200000| Untracked 
| 240|0x0000000723400000, 0x0000000723400000, 0x0000000723600000|  0%| F|  |TAMS 0x0000000723400000, 0x0000000723400000| Untracked 
| 241|0x0000000723600000, 0x0000000723600000, 0x0000000723800000|  0%| F|  |TAMS 0x0000000723600000, 0x0000000723600000| Untracked 
| 242|0x0000000723800000, 0x0000000723800000, 0x0000000723a00000|  0%| F|  |TAMS 0x0000000723800000, 0x0000000723800000| Untracked 
| 243|0x0000000723a00000, 0x0000000723a00000, 0x0000000723c00000|  0%| F|  |TAMS 0x0000000723a00000, 0x0000000723a00000| Untracked 
| 244|0x0000000723c00000, 0x0000000723c00000, 0x0000000723e00000|  0%| F|  |TAMS 0x0000000723c00000, 0x0000000723c00000| Untracked 
| 245|0x0000000723e00000, 0x0000000723e00000, 0x0000000724000000|  0%| F|  |TAMS 0x0000000723e00000, 0x0000000723e00000| Untracked 
| 246|0x0000000724000000, 0x0000000724000000, 0x0000000724200000|  0%| F|  |TAMS 0x0000000724000000, 0x0000000724000000| Untracked 
| 247|0x0000000724200000, 0x0000000724200000, 0x0000000724400000|  0%| F|  |TAMS 0x0000000724200000, 0x0000000724200000| Untracked 
| 248|0x0000000724400000, 0x0000000724400000, 0x0000000724600000|  0%| F|  |TAMS 0x0000000724400000, 0x0000000724400000| Untracked 
| 249|0x0000000724600000, 0x0000000724600000, 0x0000000724800000|  0%| F|  |TAMS 0x0000000724600000, 0x0000000724600000| Untracked 
| 250|0x0000000724800000, 0x0000000724800000, 0x0000000724a00000|  0%| F|  |TAMS 0x0000000724800000, 0x0000000724800000| Untracked 
| 251|0x0000000724a00000, 0x0000000724a00000, 0x0000000724c00000|  0%| F|  |TAMS 0x0000000724a00000, 0x0000000724a00000| Untracked 
| 252|0x0000000724c00000, 0x0000000724c00000, 0x0000000724e00000|  0%| F|  |TAMS 0x0000000724c00000, 0x0000000724c00000| Untracked 
| 253|0x0000000724e00000, 0x0000000724e00000, 0x0000000725000000|  0%| F|  |TAMS 0x0000000724e00000, 0x0000000724e00000| Untracked 
| 254|0x0000000725000000, 0x0000000725000000, 0x0000000725200000|  0%| F|  |TAMS 0x0000000725000000, 0x0000000725000000| Untracked 
| 255|0x0000000725200000, 0x0000000725200000, 0x0000000725400000|  0%| F|  |TAMS 0x0000000725200000, 0x0000000725200000| Untracked 
| 256|0x0000000725400000, 0x0000000725400000, 0x0000000725600000|  0%| F|  |TAMS 0x0000000725400000, 0x0000000725400000| Untracked 
| 257|0x0000000725600000, 0x0000000725600000, 0x0000000725800000|  0%| F|  |TAMS 0x0000000725600000, 0x0000000725600000| Untracked 
| 258|0x0000000725800000, 0x0000000725800000, 0x0000000725a00000|  0%| F|  |TAMS 0x0000000725800000, 0x0000000725800000| Untracked 
| 259|0x0000000725a00000, 0x0000000725a00000, 0x0000000725c00000|  0%| F|  |TAMS 0x0000000725a00000, 0x0000000725a00000| Untracked 
| 260|0x0000000725c00000, 0x0000000725c00000, 0x0000000725e00000|  0%| F|  |TAMS 0x0000000725c00000, 0x0000000725c00000| Untracked 
| 261|0x0000000725e00000, 0x0000000725e00000, 0x0000000726000000|  0%| F|  |TAMS 0x0000000725e00000, 0x0000000725e00000| Untracked 
| 262|0x0000000726000000, 0x0000000726000000, 0x0000000726200000|  0%| F|  |TAMS 0x0000000726000000, 0x0000000726000000| Untracked 
| 263|0x0000000726200000, 0x0000000726200000, 0x0000000726400000|  0%| F|  |TAMS 0x0000000726200000, 0x0000000726200000| Untracked 
| 264|0x0000000726400000, 0x0000000726400000, 0x0000000726600000|  0%| F|  |TAMS 0x0000000726400000, 0x0000000726400000| Untracked 
| 265|0x0000000726600000, 0x0000000726600000, 0x0000000726800000|  0%| F|  |TAMS 0x0000000726600000, 0x0000000726600000| Untracked 
| 266|0x0000000726800000, 0x0000000726800000, 0x0000000726a00000|  0%| F|  |TAMS 0x0000000726800000, 0x0000000726800000| Untracked 
| 267|0x0000000726a00000, 0x0000000726a00000, 0x0000000726c00000|  0%| F|  |TAMS 0x0000000726a00000, 0x0000000726a00000| Untracked 
| 268|0x0000000726c00000, 0x0000000726c00000, 0x0000000726e00000|  0%| F|  |TAMS 0x0000000726c00000, 0x0000000726c00000| Untracked 
| 269|0x0000000726e00000, 0x0000000726e00000, 0x0000000727000000|  0%| F|  |TAMS 0x0000000726e00000, 0x0000000726e00000| Untracked 
| 270|0x0000000727000000, 0x0000000727000000, 0x0000000727200000|  0%| F|  |TAMS 0x0000000727000000, 0x0000000727000000| Untracked 
| 271|0x0000000727200000, 0x0000000727200000, 0x0000000727400000|  0%| F|  |TAMS 0x0000000727200000, 0x0000000727200000| Untracked 
| 272|0x0000000727400000, 0x0000000727400000, 0x0000000727600000|  0%| F|  |TAMS 0x0000000727400000, 0x0000000727400000| Untracked 
| 273|0x0000000727600000, 0x0000000727600000, 0x0000000727800000|  0%| F|  |TAMS 0x0000000727600000, 0x0000000727600000| Untracked 
| 274|0x0000000727800000, 0x0000000727800000, 0x0000000727a00000|  0%| F|  |TAMS 0x0000000727800000, 0x0000000727800000| Untracked 
| 275|0x0000000727a00000, 0x0000000727a00000, 0x0000000727c00000|  0%| F|  |TAMS 0x0000000727a00000, 0x0000000727a00000| Untracked 
| 276|0x0000000727c00000, 0x0000000727c00000, 0x0000000727e00000|  0%| F|  |TAMS 0x0000000727c00000, 0x0000000727c00000| Untracked 
| 277|0x0000000727e00000, 0x0000000727e00000, 0x0000000728000000|  0%| F|  |TAMS 0x0000000727e00000, 0x0000000727e00000| Untracked 
| 278|0x0000000728000000, 0x0000000728000000, 0x0000000728200000|  0%| F|  |TAMS 0x0000000728000000, 0x0000000728000000| Untracked 
| 279|0x0000000728200000, 0x0000000728200000, 0x0000000728400000|  0%| F|  |TAMS 0x0000000728200000, 0x0000000728200000| Untracked 
| 280|0x0000000728400000, 0x0000000728400000, 0x0000000728600000|  0%| F|  |TAMS 0x0000000728400000, 0x0000000728400000| Untracked 
| 281|0x0000000728600000, 0x0000000728600000, 0x0000000728800000|  0%| F|  |TAMS 0x0000000728600000, 0x0000000728600000| Untracked 
| 282|0x0000000728800000, 0x0000000728800000, 0x0000000728a00000|  0%| F|  |TAMS 0x0000000728800000, 0x0000000728800000| Untracked 
| 283|0x0000000728a00000, 0x0000000728a00000, 0x0000000728c00000|  0%| F|  |TAMS 0x0000000728a00000, 0x0000000728a00000| Untracked 
| 284|0x0000000728c00000, 0x0000000728c00000, 0x0000000728e00000|  0%| F|  |TAMS 0x0000000728c00000, 0x0000000728c00000| Untracked 
| 285|0x0000000728e00000, 0x0000000728e00000, 0x0000000729000000|  0%| F|  |TAMS 0x0000000728e00000, 0x0000000728e00000| Untracked 
| 286|0x0000000729000000, 0x0000000729000000, 0x0000000729200000|  0%| F|  |TAMS 0x0000000729000000, 0x0000000729000000| Untracked 
| 287|0x0000000729200000, 0x0000000729200000, 0x0000000729400000|  0%| F|  |TAMS 0x0000000729200000, 0x0000000729200000| Untracked 
| 288|0x0000000729400000, 0x0000000729400000, 0x0000000729600000|  0%| F|  |TAMS 0x0000000729400000, 0x0000000729400000| Untracked 
| 289|0x0000000729600000, 0x0000000729600000, 0x0000000729800000|  0%| F|  |TAMS 0x0000000729600000, 0x0000000729600000| Untracked 
| 290|0x0000000729800000, 0x0000000729800000, 0x0000000729a00000|  0%| F|  |TAMS 0x0000000729800000, 0x0000000729800000| Untracked 
| 291|0x0000000729a00000, 0x0000000729a00000, 0x0000000729c00000|  0%| F|  |TAMS 0x0000000729a00000, 0x0000000729a00000| Untracked 
| 292|0x0000000729c00000, 0x0000000729c00000, 0x0000000729e00000|  0%| F|  |TAMS 0x0000000729c00000, 0x0000000729c00000| Untracked 
| 293|0x0000000729e00000, 0x0000000729e00000, 0x000000072a000000|  0%| F|  |TAMS 0x0000000729e00000, 0x0000000729e00000| Untracked 
| 294|0x000000072a000000, 0x000000072a000000, 0x000000072a200000|  0%| F|  |TAMS 0x000000072a000000, 0x000000072a000000| Untracked 
| 295|0x000000072a200000, 0x000000072a200000, 0x000000072a400000|  0%| F|  |TAMS 0x000000072a200000, 0x000000072a200000| Untracked 
| 296|0x000000072a400000, 0x000000072a400000, 0x000000072a600000|  0%| F|  |TAMS 0x000000072a400000, 0x000000072a400000| Untracked 
| 297|0x000000072a600000, 0x000000072a600000, 0x000000072a800000|  0%| F|  |TAMS 0x000000072a600000, 0x000000072a600000| Untracked 
| 298|0x000000072a800000, 0x000000072a800000, 0x000000072aa00000|  0%| F|  |TAMS 0x000000072a800000, 0x000000072a800000| Untracked 
| 299|0x000000072aa00000, 0x000000072aa00000, 0x000000072ac00000|  0%| F|  |TAMS 0x000000072aa00000, 0x000000072aa00000| Untracked 
| 300|0x000000072ac00000, 0x000000072ac00000, 0x000000072ae00000|  0%| F|  |TAMS 0x000000072ac00000, 0x000000072ac00000| Untracked 
| 301|0x000000072ae00000, 0x000000072ae00000, 0x000000072b000000|  0%| F|  |TAMS 0x000000072ae00000, 0x000000072ae00000| Untracked 
| 302|0x000000072b000000, 0x000000072b000000, 0x000000072b200000|  0%| F|  |TAMS 0x000000072b000000, 0x000000072b000000| Untracked 
| 303|0x000000072b200000, 0x000000072b200000, 0x000000072b400000|  0%| F|  |TAMS 0x000000072b200000, 0x000000072b200000| Untracked 
| 304|0x000000072b400000, 0x000000072b400000, 0x000000072b600000|  0%| F|  |TAMS 0x000000072b400000, 0x000000072b400000| Untracked 
| 305|0x000000072b600000, 0x000000072b600000, 0x000000072b800000|  0%| F|  |TAMS 0x000000072b600000, 0x000000072b600000| Untracked 
| 306|0x000000072b800000, 0x000000072b800000, 0x000000072ba00000|  0%| F|  |TAMS 0x000000072b800000, 0x000000072b800000| Untracked 
| 307|0x000000072ba00000, 0x000000072ba00000, 0x000000072bc00000|  0%| F|  |TAMS 0x000000072ba00000, 0x000000072ba00000| Untracked 
| 308|0x000000072bc00000, 0x000000072bc00000, 0x000000072be00000|  0%| F|  |TAMS 0x000000072bc00000, 0x000000072bc00000| Untracked 
| 309|0x000000072be00000, 0x000000072be00000, 0x000000072c000000|  0%| F|  |TAMS 0x000000072be00000, 0x000000072be00000| Untracked 
| 310|0x000000072c000000, 0x000000072c000000, 0x000000072c200000|  0%| F|  |TAMS 0x000000072c000000, 0x000000072c000000| Untracked 
| 311|0x000000072c200000, 0x000000072c200000, 0x000000072c400000|  0%| F|  |TAMS 0x000000072c200000, 0x000000072c200000| Untracked 
| 312|0x000000072c400000, 0x000000072c400000, 0x000000072c600000|  0%| F|  |TAMS 0x000000072c400000, 0x000000072c400000| Untracked 
| 313|0x000000072c600000, 0x000000072c600000, 0x000000072c800000|  0%| F|  |TAMS 0x000000072c600000, 0x000000072c600000| Untracked 
| 314|0x000000072c800000, 0x000000072c800000, 0x000000072ca00000|  0%| F|  |TAMS 0x000000072c800000, 0x000000072c800000| Untracked 
| 315|0x000000072ca00000, 0x000000072ca00000, 0x000000072cc00000|  0%| F|  |TAMS 0x000000072ca00000, 0x000000072ca00000| Untracked 
| 316|0x000000072cc00000, 0x000000072cc00000, 0x000000072ce00000|  0%| F|  |TAMS 0x000000072cc00000, 0x000000072cc00000| Untracked 
| 317|0x000000072ce00000, 0x000000072ce00000, 0x000000072d000000|  0%| F|  |TAMS 0x000000072ce00000, 0x000000072ce00000| Untracked 
| 318|0x000000072d000000, 0x000000072d000000, 0x000000072d200000|  0%| F|  |TAMS 0x000000072d000000, 0x000000072d000000| Untracked 
| 319|0x000000072d200000, 0x000000072d200000, 0x000000072d400000|  0%| F|  |TAMS 0x000000072d200000, 0x000000072d200000| Untracked 
| 320|0x000000072d400000, 0x000000072d400000, 0x000000072d600000|  0%| F|  |TAMS 0x000000072d400000, 0x000000072d400000| Untracked 
| 321|0x000000072d600000, 0x000000072d600000, 0x000000072d800000|  0%| F|  |TAMS 0x000000072d600000, 0x000000072d600000| Untracked 
| 322|0x000000072d800000, 0x000000072d800000, 0x000000072da00000|  0%| F|  |TAMS 0x000000072d800000, 0x000000072d800000| Untracked 
| 323|0x000000072da00000, 0x000000072da00000, 0x000000072dc00000|  0%| F|  |TAMS 0x000000072da00000, 0x000000072da00000| Untracked 
| 324|0x000000072dc00000, 0x000000072dc00000, 0x000000072de00000|  0%| F|  |TAMS 0x000000072dc00000, 0x000000072dc00000| Untracked 
| 325|0x000000072de00000, 0x000000072de00000, 0x000000072e000000|  0%| F|  |TAMS 0x000000072de00000, 0x000000072de00000| Untracked 
| 326|0x000000072e000000, 0x000000072e000000, 0x000000072e200000|  0%| F|  |TAMS 0x000000072e000000, 0x000000072e000000| Untracked 
| 327|0x000000072e200000, 0x000000072e200000, 0x000000072e400000|  0%| F|  |TAMS 0x000000072e200000, 0x000000072e200000| Untracked 
| 328|0x000000072e400000, 0x000000072e400000, 0x000000072e600000|  0%| F|  |TAMS 0x000000072e400000, 0x000000072e400000| Untracked 
| 329|0x000000072e600000, 0x000000072e600000, 0x000000072e800000|  0%| F|  |TAMS 0x000000072e600000, 0x000000072e600000| Untracked 
| 330|0x000000072e800000, 0x000000072e800000, 0x000000072ea00000|  0%| F|  |TAMS 0x000000072e800000, 0x000000072e800000| Untracked 
| 331|0x000000072ea00000, 0x000000072ea00000, 0x000000072ec00000|  0%| F|  |TAMS 0x000000072ea00000, 0x000000072ea00000| Untracked 
| 332|0x000000072ec00000, 0x000000072ec00000, 0x000000072ee00000|  0%| F|  |TAMS 0x000000072ec00000, 0x000000072ec00000| Untracked 
| 333|0x000000072ee00000, 0x000000072ee00000, 0x000000072f000000|  0%| F|  |TAMS 0x000000072ee00000, 0x000000072ee00000| Untracked 
| 334|0x000000072f000000, 0x000000072f000000, 0x000000072f200000|  0%| F|  |TAMS 0x000000072f000000, 0x000000072f000000| Untracked 
| 335|0x000000072f200000, 0x000000072f200000, 0x000000072f400000|  0%| F|  |TAMS 0x000000072f200000, 0x000000072f200000| Untracked 
| 336|0x000000072f400000, 0x000000072f400000, 0x000000072f600000|  0%| F|  |TAMS 0x000000072f400000, 0x000000072f400000| Untracked 
| 337|0x000000072f600000, 0x000000072f600000, 0x000000072f800000|  0%| F|  |TAMS 0x000000072f600000, 0x000000072f600000| Untracked 
| 338|0x000000072f800000, 0x000000072f800000, 0x000000072fa00000|  0%| F|  |TAMS 0x000000072f800000, 0x000000072f800000| Untracked 
| 339|0x000000072fa00000, 0x000000072fa00000, 0x000000072fc00000|  0%| F|  |TAMS 0x000000072fa00000, 0x000000072fa00000| Untracked 
| 340|0x000000072fc00000, 0x000000072fc00000, 0x000000072fe00000|  0%| F|  |TAMS 0x000000072fc00000, 0x000000072fc00000| Untracked 
| 341|0x000000072fe00000, 0x000000072fe00000, 0x0000000730000000|  0%| F|  |TAMS 0x000000072fe00000, 0x000000072fe00000| Untracked 
| 342|0x0000000730000000, 0x0000000730000000, 0x0000000730200000|  0%| F|  |TAMS 0x0000000730000000, 0x0000000730000000| Untracked 
| 343|0x0000000730200000, 0x0000000730200000, 0x0000000730400000|  0%| F|  |TAMS 0x0000000730200000, 0x0000000730200000| Untracked 
| 344|0x0000000730400000, 0x0000000730400000, 0x0000000730600000|  0%| F|  |TAMS 0x0000000730400000, 0x0000000730400000| Untracked 
| 345|0x0000000730600000, 0x0000000730677f30, 0x0000000730800000| 23%| S|CS|TAMS 0x0000000730600000, 0x0000000730600000| Complete 
| 346|0x0000000730800000, 0x0000000730800000, 0x0000000730a00000|  0%| F|  |TAMS 0x0000000730800000, 0x0000000730800000| Untracked 
| 347|0x0000000730a00000, 0x0000000730a00000, 0x0000000730c00000|  0%| F|  |TAMS 0x0000000730a00000, 0x0000000730a00000| Untracked 
| 348|0x0000000730c00000, 0x0000000730c00000, 0x0000000730e00000|  0%| F|  |TAMS 0x0000000730c00000, 0x0000000730c00000| Untracked 
| 349|0x0000000730e00000, 0x0000000730e00000, 0x0000000731000000|  0%| F|  |TAMS 0x0000000730e00000, 0x0000000730e00000| Untracked 
| 350|0x0000000731000000, 0x0000000731000000, 0x0000000731200000|  0%| F|  |TAMS 0x0000000731000000, 0x0000000731000000| Untracked 
| 351|0x0000000731200000, 0x0000000731200000, 0x0000000731400000|  0%| F|  |TAMS 0x0000000731200000, 0x0000000731200000| Untracked 
| 352|0x0000000731400000, 0x0000000731400000, 0x0000000731600000|  0%| F|  |TAMS 0x0000000731400000, 0x0000000731400000| Untracked 
| 353|0x0000000731600000, 0x0000000731600000, 0x0000000731800000|  0%| F|  |TAMS 0x0000000731600000, 0x0000000731600000| Untracked 
| 354|0x0000000731800000, 0x0000000731800000, 0x0000000731a00000|  0%| F|  |TAMS 0x0000000731800000, 0x0000000731800000| Untracked 
| 355|0x0000000731a00000, 0x0000000731a00000, 0x0000000731c00000|  0%| F|  |TAMS 0x0000000731a00000, 0x0000000731a00000| Untracked 
| 356|0x0000000731c00000, 0x0000000731c00000, 0x0000000731e00000|  0%| F|  |TAMS 0x0000000731c00000, 0x0000000731c00000| Untracked 

Card table byte_map: [0x000001c8db880000,0x000001c8dc060000] _byte_map_base: 0x000001c8d8056000

Marking Bits (Prev, Next): (CMBitMap*) 0x000001c8ce5b3500, (CMBitMap*) 0x000001c8ce5b34c0
 Prev Bits: [0x000001c8e06f0000, 0x000001c8e45a0000)
 Next Bits: [0x000001c8dc840000, 0x000001c8e06f0000)

Polling page: 0x000001c8ce610000

Metaspace:

Usage:
  Non-class:     41.77 MB used.
      Class:      7.00 MB used.
       Both:     48.77 MB used.

Virtual space:
  Non-class space:       48.00 MB reserved,      41.94 MB ( 87%) committed,  6 nodes.
      Class space:        1.00 GB reserved,       7.19 MB ( <1%) committed,  1 nodes.
             Both:        1.05 GB reserved,      49.12 MB (  5%) committed. 

Chunk freelists:
   Non-Class:  1.41 MB
       Class:  864.00 KB
        Both:  2.25 MB

MaxMetaspaceSize: unlimited
CompressedClassSpaceSize: 1.00 GB
Initial GC threshold: 21.00 MB
Current GC threshold: 81.88 MB
CDS: on
MetaspaceReclaimPolicy: balanced
 - commit_granule_bytes: 65536.
 - commit_granule_words: 8192.
 - virtual_space_node_default_size: 1048576.
 - enlarge_chunks_in_place: 1.
 - new_chunks_are_fully_committed: 0.
 - uncommit_free_chunks: 1.
 - use_allocation_guard: 0.
 - handle_deallocations: 1.


Internal statistics:

num_allocs_failed_limit: 6.
num_arena_births: 456.
num_arena_deaths: 0.
num_vsnodes_births: 7.
num_vsnodes_deaths: 0.
num_space_committed: 786.
num_space_uncommitted: 0.
num_chunks_returned_to_freelist: 6.
num_chunks_taken_from_freelist: 2252.
num_chunk_merges: 6.
num_chunk_splits: 1607.
num_chunks_enlarged: 1287.
num_purges: 0.
num_inconsistent_stats: 0.

CodeCache: size=49152Kb used=8980Kb max_used=9844Kb free=40171Kb
 bounds [0x000001c8d75a0000, 0x000001c8d7f40000, 0x000001c8da5a0000]
 total_blobs=5128 nmethods=4558 adapters=495
 compilation: enabled
              stopped_count=0, restarted_count=0
 full_count=0

Compilation events (20 events):
Event: 37.192 Thread 0x000001c8e8149620 4549       1       java.io.PrintWriter::printf (7 bytes)
Event: 37.192 Thread 0x000001c8e7c1c090 4550   !   1       java.io.PrintWriter::format (103 bytes)
Event: 37.192 Thread 0x000001c8e8149620 nmethod 4549 0x000001c8d779c410 code [0x000001c8d779c5a0, 0x000001c8d779c688]
Event: 37.192 Thread 0x000001c8e7c1c090 nmethod 4550 0x000001c8d779b790 code [0x000001c8d779b9a0, 0x000001c8d779bfd8]
Event: 37.193 Thread 0x000001c8e7c1c090 4551       1       java.lang.invoke.DirectMethodHandle$Holder::invokeStatic (17 bytes)
Event: 37.193 Thread 0x000001c8e8149620 4552       1       java.lang.invoke.LambdaForm$MH/0x0000000800c04800::invoke (32 bytes)
Event: 37.193 Thread 0x000001c8e7c1c090 nmethod 4551 0x000001c8d779b390 code [0x000001c8d779b540, 0x000001c8d779b658]
Event: 37.193 Thread 0x000001c8e8149620 nmethod 4552 0x000001c8d779af90 code [0x000001c8d779b140, 0x000001c8d779b2b8]
Event: 37.193 Thread 0x000001c8e8149620 4554       1       java.lang.StringConcatHelper::mix (11 bytes)
Event: 37.193 Thread 0x000001c8e7c1c090 4553       1       java.lang.invoke.DirectMethodHandle$Holder::invokeStatic (21 bytes)
Event: 37.193 Thread 0x000001c8e7c1c090 nmethod 4553 0x000001c8d779ab90 code [0x000001c8d779ad40, 0x000001c8d779ae58]
Event: 37.193 Thread 0x000001c8e8149620 nmethod 4554 0x000001c8d779a790 code [0x000001c8d779a940, 0x000001c8d779aab8]
Event: 37.193 Thread 0x000001c8e7c1c090 4555       1       java.lang.StringConcatHelper::prepend (22 bytes)
Event: 37.193 Thread 0x000001c8e8149620 4556       1       java.lang.StringConcatHelper::prepend (30 bytes)
Event: 37.193 Thread 0x000001c8e8149620 nmethod 4556 0x000001c8d779a410 code [0x000001c8d779a5c0, 0x000001c8d779a6f8]
Event: 37.193 Thread 0x000001c8e8149620 4557       1       java.lang.invoke.LambdaForm$MH/0x0000000800c05800::invoke (75 bytes)
Event: 37.193 Thread 0x000001c8e7c1c090 nmethod 4555 0x000001c8d779a010 code [0x000001c8d779a1c0, 0x000001c8d779a328]
Event: 37.193 Thread 0x000001c8e7c1c090 4558       1       java.lang.invoke.LambdaForm$MH/0x0000000800c05400::invoke (27 bytes)
Event: 37.193 Thread 0x000001c8e7c1c090 nmethod 4558 0x000001c8d7799c10 code [0x000001c8d7799dc0, 0x000001c8d7799f38]
Event: 37.193 Thread 0x000001c8e8149620 nmethod 4557 0x000001c8d7799510 code [0x000001c8d77996e0, 0x000001c8d77999a8]

GC Heap History (20 events):
Event: 33.752 GC heap after
{Heap after GC invocations=41 (full 0):
 garbage-first heap   total 559104K, used 202791K [0x0000000705400000, 0x0000000800000000)
  region size 2048K, 15 young (30720K), 15 survivors (30720K)
 Metaspace       used 49931K, committed 50304K, reserved 1097728K
  class space    used 7167K, committed 7360K, reserved 1048576K
}
Event: 34.604 GC heap before
{Heap before GC invocations=41 (full 0):
 garbage-first heap   total 559104K, used 446503K [0x0000000705400000, 0x0000000800000000)
  region size 2048K, 134 young (274432K), 15 survivors (30720K)
 Metaspace       used 49931K, committed 50304K, reserved 1097728K
  class space    used 7167K, committed 7360K, reserved 1048576K
}
Event: 34.615 GC heap after
{Heap after GC invocations=42 (full 0):
 garbage-first heap   total 559104K, used 214565K [0x0000000705400000, 0x0000000800000000)
  region size 2048K, 6 young (12288K), 6 survivors (12288K)
 Metaspace       used 49931K, committed 50304K, reserved 1097728K
  class space    used 7167K, committed 7360K, reserved 1048576K
}
Event: 35.034 GC heap before
{Heap before GC invocations=42 (full 0):
 garbage-first heap   total 559104K, used 456229K [0x0000000705400000, 0x0000000800000000)
  region size 2048K, 124 young (253952K), 6 survivors (12288K)
 Metaspace       used 49931K, committed 50304K, reserved 1097728K
  class space    used 7167K, committed 7360K, reserved 1048576K
}
Event: 35.045 GC heap after
{Heap after GC invocations=43 (full 0):
 garbage-first heap   total 559104K, used 225486K [0x0000000705400000, 0x0000000800000000)
  region size 2048K, 12 young (24576K), 12 survivors (24576K)
 Metaspace       used 49931K, committed 50304K, reserved 1097728K
  class space    used 7167K, committed 7360K, reserved 1048576K
}
Event: 35.318 GC heap before
{Heap before GC invocations=43 (full 0):
 garbage-first heap   total 559104K, used 458958K [0x0000000705400000, 0x0000000800000000)
  region size 2048K, 126 young (258048K), 12 survivors (24576K)
 Metaspace       used 49931K, committed 50304K, reserved 1097728K
  class space    used 7167K, committed 7360K, reserved 1048576K
}
Event: 35.331 GC heap after
{Heap after GC invocations=44 (full 0):
 garbage-first heap   total 559104K, used 235045K [0x0000000705400000, 0x0000000800000000)
  region size 2048K, 11 young (22528K), 11 survivors (22528K)
 Metaspace       used 49931K, committed 50304K, reserved 1097728K
  class space    used 7167K, committed 7360K, reserved 1048576K
}
Event: 35.624 GC heap before
{Heap before GC invocations=44 (full 0):
 garbage-first heap   total 559104K, used 466469K [0x0000000705400000, 0x0000000800000000)
  region size 2048K, 124 young (253952K), 11 survivors (22528K)
 Metaspace       used 49931K, committed 50304K, reserved 1097728K
  class space    used 7167K, committed 7360K, reserved 1048576K
}
Event: 35.635 GC heap after
{Heap after GC invocations=45 (full 0):
 garbage-first heap   total 671744K, used 241397K [0x0000000705400000, 0x0000000800000000)
  region size 2048K, 8 young (16384K), 8 survivors (16384K)
 Metaspace       used 49931K, committed 50304K, reserved 1097728K
  class space    used 7167K, committed 7360K, reserved 1048576K
}
Event: 36.171 GC heap before
{Heap before GC invocations=45 (full 0):
 garbage-first heap   total 671744K, used 560885K [0x0000000705400000, 0x0000000800000000)
  region size 2048K, 164 young (335872K), 8 survivors (16384K)
 Metaspace       used 49931K, committed 50304K, reserved 1097728K
  class space    used 7167K, committed 7360K, reserved 1048576K
}
Event: 36.183 GC heap after
{Heap after GC invocations=46 (full 0):
 garbage-first heap   total 671744K, used 256000K [0x0000000705400000, 0x0000000800000000)
  region size 2048K, 15 young (30720K), 15 survivors (30720K)
 Metaspace       used 49931K, committed 50304K, reserved 1097728K
  class space    used 7167K, committed 7360K, reserved 1048576K
}
Event: 36.598 GC heap before
{Heap before GC invocations=46 (full 0):
 garbage-first heap   total 671744K, used 567296K [0x0000000705400000, 0x0000000800000000)
  region size 2048K, 164 young (335872K), 15 survivors (30720K)
 Metaspace       used 49931K, committed 50304K, reserved 1097728K
  class space    used 7167K, committed 7360K, reserved 1048576K
}
Event: 36.624 GC heap after
{Heap after GC invocations=47 (full 0):
 garbage-first heap   total 671744K, used 302563K [0x0000000705400000, 0x0000000800000000)
  region size 2048K, 21 young (43008K), 21 survivors (43008K)
 Metaspace       used 49931K, committed 50304K, reserved 1097728K
  class space    used 7167K, committed 7360K, reserved 1048576K
}
Event: 37.016 GC heap before
{Heap before GC invocations=47 (full 0):
 garbage-first heap   total 671744K, used 556515K [0x0000000705400000, 0x0000000800000000)
  region size 2048K, 137 young (280576K), 21 survivors (43008K)
 Metaspace       used 49931K, committed 50304K, reserved 1097728K
  class space    used 7167K, committed 7360K, reserved 1048576K
}
Event: 37.048 GC heap after
{Heap after GC invocations=48 (full 0):
 garbage-first heap   total 671744K, used 374784K [0x0000000705400000, 0x0000000800000000)
  region size 2048K, 18 young (36864K), 18 survivors (36864K)
 Metaspace       used 49931K, committed 50304K, reserved 1097728K
  class space    used 7167K, committed 7360K, reserved 1048576K
}
Event: 37.320 GC heap before
{Heap before GC invocations=48 (full 0):
 garbage-first heap   total 671744K, used 536576K [0x0000000705400000, 0x0000000800000000)
  region size 2048K, 97 young (198656K), 18 survivors (36864K)
 Metaspace       used 49935K, committed 50304K, reserved 1097728K
  class space    used 7167K, committed 7360K, reserved 1048576K
}
Event: 37.341 GC heap after
{Heap after GC invocations=49 (full 0):
 garbage-first heap   total 671744K, used 394690K [0x0000000705400000, 0x0000000800000000)
  region size 2048K, 7 young (14336K), 7 survivors (14336K)
 Metaspace       used 49935K, committed 50304K, reserved 1097728K
  class space    used 7167K, committed 7360K, reserved 1048576K
}
Event: 37.662 GC heap before
{Heap before GC invocations=50 (full 0):
 garbage-first heap   total 731136K, used 521666K [0x0000000705400000, 0x0000000800000000)
  region size 2048K, 81 young (165888K), 7 survivors (14336K)
 Metaspace       used 49935K, committed 50304K, reserved 1097728K
  class space    used 7167K, committed 7360K, reserved 1048576K
}
Event: 37.670 GC heap after
{Heap after GC invocations=51 (full 0):
 garbage-first heap   total 731136K, used 367938K [0x0000000705400000, 0x0000000800000000)
  region size 2048K, 6 young (12288K), 6 survivors (12288K)
 Metaspace       used 49935K, committed 50304K, reserved 1097728K
  class space    used 7167K, committed 7360K, reserved 1048576K
}
Event: 37.696 GC heap before
{Heap before GC invocations=51 (full 0):
 garbage-first heap   total 731136K, used 390466K [0x0000000705400000, 0x0000000800000000)
  region size 2048K, 17 young (34816K), 6 survivors (12288K)
 Metaspace       used 49935K, committed 50304K, reserved 1097728K
  class space    used 7167K, committed 7360K, reserved 1048576K
}

Deoptimization events (12 events):
Event: 0.878 Thread 0x000001c8ce548ba0 DEOPT PACKING pc=0x000001c8d7b0d479 sp=0x0000002e6e9fd7d0
Event: 0.878 Thread 0x000001c8ce548ba0 DEOPT UNPACKING pc=0x000001c8d75f2b43 sp=0x0000002e6e9fccb0 mode 3
Event: 1.419 Thread 0x000001c8ce548ba0 DEOPT PACKING pc=0x000001c8d7b4ff54 sp=0x0000002e6e9fdcd0
Event: 1.419 Thread 0x000001c8ce548ba0 DEOPT UNPACKING pc=0x000001c8d75f2b43 sp=0x0000002e6e9fd228 mode 0
Event: 1.949 Thread 0x000001c8ce548ba0 DEOPT PACKING pc=0x000001c8d7da2225 sp=0x0000002e6e9fcc00
Event: 1.949 Thread 0x000001c8ce548ba0 DEOPT UNPACKING pc=0x000001c8d75f2b43 sp=0x0000002e6e9fc168 mode 3
Event: 1.960 Thread 0x000001c8ce548ba0 DEOPT PACKING pc=0x000001c8d7b46609 sp=0x0000002e6e9fece0
Event: 1.961 Thread 0x000001c8ce548ba0 DEOPT UNPACKING pc=0x000001c8d75f2b43 sp=0x0000002e6e9fe170 mode 3
Event: 1.961 Thread 0x000001c8e9db1720 DEOPT PACKING pc=0x000001c8d7af6a9f sp=0x0000002e70eff0b0
Event: 1.961 Thread 0x000001c8e9db1720 DEOPT UNPACKING pc=0x000001c8d75f2b43 sp=0x0000002e70efe508 mode 3
Event: 6.451 Thread 0x000001c8ce548ba0 DEOPT PACKING pc=0x000001c8d7b31ed2 sp=0x0000002e6e9fe2b0
Event: 6.451 Thread 0x000001c8ce548ba0 DEOPT UNPACKING pc=0x000001c8d75f2b43 sp=0x0000002e6e9fd7b8 mode 3

Classes unloaded (0 events):
No events

Classes redefined (0 events):
No events

Internal exceptions (20 events):
Event: 6.352 Thread 0x000001c8ce548ba0 Exception <a 'java/lang/IncompatibleClassChangeError'{0x000000070d337ac0}: Found class java.lang.Object, but interface was expected> (0x000000070d337ac0) 
thrown [s\open\src\hotspot\share\interpreter\linkResolver.cpp, line 826]
Event: 6.412 Thread 0x000001c8ce548ba0 Exception <a 'java/lang/reflect/InvocationTargetException'{0x00000007093d18c8}> (0x00000007093d18c8) 
thrown [s\open\src\hotspot\share\runtime\reflection.cpp, line 1121]
Event: 6.455 Thread 0x000001c8ce548ba0 Exception <a 'java/lang/ClassNotFoundException'{0x0000000708e79b78}: java/lang/ObjectCustomizer> (0x0000000708e79b78) 
thrown [s\open\src\hotspot\share\classfile\systemDictionary.cpp, line 256]
Event: 6.455 Thread 0x000001c8ce548ba0 Exception <a 'java/lang/ClassNotFoundException'{0x0000000708e81aa8}: org/springframework/web/servlet/config/annotation/WebMvcConfigurationSupportCustomizer> (0x0000000708e81aa8) 
thrown [s\open\src\hotspot\share\classfile\systemDictionary.cpp, line 256]
Event: 6.455 Thread 0x000001c8ce548ba0 Exception <a 'java/lang/ClassNotFoundException'{0x0000000708e95e10}: org/springframework/web/servlet/config/annotation/DelegatingWebMvcConfigurationCustomizer> (0x0000000708e95e10) 
thrown [s\open\src\hotspot\share\classfile\systemDictionary.cpp, line 256]
Event: 6.456 Thread 0x000001c8ce548ba0 Exception <a 'java/lang/ClassNotFoundException'{0x0000000708e9f420}: org/springframework/boot/autoconfigure/web/servlet/WebMvcAutoConfiguration$EnableWebMvcConfigurationCustomizer> (0x0000000708e9f420) 
thrown [s\open\src\hotspot\share\classfile\systemDictionary.cpp, line 256]
Event: 6.456 Thread 0x000001c8ce548ba0 Exception <a 'java/lang/ClassNotFoundException'{0x0000000708eb16c0}: org/springframework/context/ResourceLoaderAwareCustomizer> (0x0000000708eb16c0) 
thrown [s\open\src\hotspot\share\classfile\systemDictionary.cpp, line 256]
Event: 6.456 Thread 0x000001c8ce548ba0 Exception <a 'java/lang/ClassNotFoundException'{0x0000000708eb66e8}: org/springframework/beans/factory/AwareCustomizer> (0x0000000708eb66e8) 
thrown [s\open\src\hotspot\share\classfile\systemDictionary.cpp, line 256]
Event: 6.456 Thread 0x000001c8ce548ba0 Exception <a 'java/lang/ClassNotFoundException'{0x0000000708ebab50}: org/springframework/context/ApplicationContextAwareCustomizer> (0x0000000708ebab50) 
thrown [s\open\src\hotspot\share\classfile\systemDictionary.cpp, line 256]
Event: 6.457 Thread 0x000001c8ce548ba0 Exception <a 'java/lang/ClassNotFoundException'{0x0000000708ec0668}: org/springframework/beans/factory/AwareCustomizer> (0x0000000708ec0668) 
thrown [s\open\src\hotspot\share\classfile\systemDictionary.cpp, line 256]
Event: 6.457 Thread 0x000001c8ce548ba0 Exception <a 'java/lang/ClassNotFoundException'{0x0000000708ec4aa8}: org/springframework/web/context/ServletContextAwareCustomizer> (0x0000000708ec4aa8) 
thrown [s\open\src\hotspot\share\classfile\systemDictionary.cpp, line 256]
Event: 6.457 Thread 0x000001c8ce548ba0 Exception <a 'java/lang/ClassNotFoundException'{0x0000000708ec9f08}: org/springframework/beans/factory/AwareCustomizer> (0x0000000708ec9f08) 
thrown [s\open\src\hotspot\share\classfile\systemDictionary.cpp, line 256]
Event: 6.536 Thread 0x000001c8ce548ba0 Exception <a 'java/lang/NoSuchMethodError'{0x00000007089b1a78}: 'void java.lang.invoke.DirectMethodHandle$Holder.invokeVirtual(java.lang.Object, java.lang.Object, int)'> (0x00000007089b1a78) 
thrown [s\open\src\hotspot\share\interpreter\linkResolver.cpp, line 759]
Event: 6.537 Thread 0x000001c8ce548ba0 Exception <a 'java/lang/NoSuchMethodError'{0x00000007089cc620}: 'void java.lang.invoke.DirectMethodHandle$Holder.invokeVirtual(java.lang.Object, java.lang.Object, long)'> (0x00000007089cc620) 
thrown [s\open\src\hotspot\share\interpreter\linkResolver.cpp, line 759]
Event: 6.614 Thread 0x000001c8ce548ba0 Exception <a 'java/lang/IncompatibleClassChangeError'{0x00000007083ca600}: Found class java.lang.Object, but interface was expected> (0x00000007083ca600) 
thrown [s\open\src\hotspot\share\interpreter\linkResolver.cpp, line 826]
Event: 6.637 Thread 0x000001c8ce548ba0 Exception <a 'java/lang/NoSuchMethodError'{0x000000070814d198}: 'int java.lang.invoke.DirectMethodHandle$Holder.invokeStaticInit(java.lang.Object, java.lang.Object, java.lang.Object, java.lang.Object)'> (0x000000070814d198) 
thrown [s\open\src\hotspot\share\interpreter\linkResolver.cpp, line 759]
Event: 6.703 Thread 0x000001c8ce548ba0 Exception <a 'java/lang/NoSuchMethodError'{0x0000000707afa6a0}: 'java.lang.Object java.lang.invoke.DirectMethodHandle$Holder.invokeSpecial(java.lang.Object, java.lang.Object, int, java.lang.Object, int, java.lang.Object)'> (0x0000000707afa6a0) 
thrown [s\open\src\hotspot\share\interpreter\linkResolver.cpp, line 759]
Event: 6.703 Thread 0x000001c8ce548ba0 Exception <a 'java/lang/NoSuchMethodError'{0x0000000707b024a0}: 'java.lang.Object java.lang.invoke.DirectMethodHandle$Holder.newInvokeSpecial(java.lang.Object, java.lang.Object, int, java.lang.Object, int)'> (0x0000000707b024a0) 
thrown [s\open\src\hotspot\share\interpreter\linkResolver.cpp, line 759]
Event: 6.704 Thread 0x000001c8ce548ba0 Exception <a 'java/lang/NoSuchMethodError'{0x0000000707b065a0}: 'java.lang.Object java.lang.invoke.DirectMethodHandle$Holder.invokeSpecial(java.lang.Object, java.lang.Object, java.lang.Object, int, java.lang.Object, int)'> (0x0000000707b065a0) 
thrown [s\open\src\hotspot\share\interpreter\linkResolver.cpp, line 759]
Event: 6.704 Thread 0x000001c8ce548ba0 Exception <a 'java/lang/NoSuchMethodError'{0x0000000707b101b0}: 'void java.lang.invoke.DirectMethodHandle$Holder.invokeVirtual(java.lang.Object, java.lang.Object)'> (0x0000000707b101b0) 
thrown [s\open\src\hotspot\share\interpreter\linkResolver.cpp, line 759]

VM Operations (20 events):
Event: 35.045 Executing VM operation: G1CollectForAllocation done
Event: 35.318 Executing VM operation: G1CollectForAllocation
Event: 35.331 Executing VM operation: G1CollectForAllocation done
Event: 35.624 Executing VM operation: G1CollectForAllocation
Event: 35.635 Executing VM operation: G1CollectForAllocation done
Event: 36.171 Executing VM operation: G1CollectForAllocation
Event: 36.183 Executing VM operation: G1CollectForAllocation done
Event: 36.598 Executing VM operation: G1CollectForAllocation
Event: 36.624 Executing VM operation: G1CollectForAllocation done
Event: 37.016 Executing VM operation: G1CollectForAllocation
Event: 37.048 Executing VM operation: G1CollectForAllocation done
Event: 37.320 Executing VM operation: G1CollectForAllocation
Event: 37.341 Executing VM operation: G1CollectForAllocation done
Event: 37.459 Executing VM operation: G1Concurrent
Event: 37.461 Executing VM operation: G1Concurrent done
Event: 37.531 Executing VM operation: G1Concurrent
Event: 37.532 Executing VM operation: G1Concurrent done
Event: 37.662 Executing VM operation: G1CollectForAllocation
Event: 37.670 Executing VM operation: G1CollectForAllocation done
Event: 37.696 Executing VM operation: G1CollectForAllocation

Events (20 events):
Event: 24.289 loading class java/util/concurrent/Semaphore done
Event: 24.289 loading class java/util/concurrent/Semaphore$NonfairSync
Event: 24.289 loading class java/util/concurrent/Semaphore$Sync
Event: 24.289 loading class java/util/concurrent/Semaphore$Sync done
Event: 24.289 loading class java/util/concurrent/Semaphore$NonfairSync done
Event: 24.289 loading class sun/nio/ch/SocketAdaptor
Event: 24.289 loading class sun/nio/ch/SocketAdaptor done
Event: 24.289 loading class sun/nio/ch/SocketChannelImpl$DefaultOptionsHolder
Event: 24.289 loading class sun/nio/ch/SocketChannelImpl$DefaultOptionsHolder done
Event: 24.290 loading class sun/nio/ch/SelectionKeyImpl
Event: 24.290 loading class java/nio/channels/spi/AbstractSelectionKey
Event: 24.290 loading class java/nio/channels/SelectionKey
Event: 24.290 loading class java/nio/channels/SelectionKey done
Event: 24.290 loading class java/nio/channels/spi/AbstractSelectionKey done
Event: 24.290 loading class sun/nio/ch/SelectionKeyImpl done
Event: 24.290 loading class java/lang/invoke/ConstantBootstraps
Event: 24.290 loading class java/lang/invoke/ConstantBootstraps done
Event: 24.409 Thread 0x000001c8e84b5030 Thread added: 0x000001c8e84b5030
Event: 29.723 Thread 0x000001c8e84b5030 Thread exited: 0x000001c8e84b5030
Event: 37.184 Thread 0x000001c8e8149620 Thread added: 0x000001c8e8149620


Dynamic libraries:
0x00007ff79f3e0000 - 0x00007ff79f3f0000 	C:\Program Files\Java\jdk-17.0.5\bin\java.exe
0x00007ffbb96f0000 - 0x00007ffbb9904000 	C:\WINDOWS\SYSTEM32\ntdll.dll
0x00007ffbb9020000 - 0x00007ffbb90e3000 	C:\WINDOWS\System32\KERNEL32.DLL
0x00007ffbb6dc0000 - 0x00007ffbb715c000 	C:\WINDOWS\System32\KERNELBASE.dll
0x00007ffbb7220000 - 0x00007ffbb7331000 	C:\WINDOWS\System32\ucrtbase.dll
0x00007ffba08f0000 - 0x00007ffba0908000 	C:\Program Files\Java\jdk-17.0.5\bin\jli.dll
0x00007ffbb7800000 - 0x00007ffbb78ae000 	C:\WINDOWS\System32\ADVAPI32.dll
0x00007ffbb9600000 - 0x00007ffbb96a7000 	C:\WINDOWS\System32\msvcrt.dll
0x00007ffbb7eb0000 - 0x00007ffbb7f54000 	C:\WINDOWS\System32\sechost.dll
0x00007ffbb76d0000 - 0x00007ffbb77e5000 	C:\WINDOWS\System32\RPCRT4.dll
0x00007ffbb8680000 - 0x00007ffbb882d000 	C:\WINDOWS\System32\USER32.dll
0x00007ffbb7340000 - 0x00007ffbb7366000 	C:\WINDOWS\System32\win32u.dll
0x00007ffbb78b0000 - 0x00007ffbb78d9000 	C:\WINDOWS\System32\GDI32.dll
0x00007ffbb6b30000 - 0x00007ffbb6c43000 	C:\WINDOWS\System32\gdi32full.dll
0x00007ffbb73f0000 - 0x00007ffbb748a000 	C:\WINDOWS\System32\msvcp_win.dll
0x00007ffba0260000 - 0x00007ffba027a000 	C:\Program Files\Java\jdk-17.0.5\bin\VCRUNTIME140.dll
0x00007ffba5980000 - 0x00007ffba5c0e000 	C:\WINDOWS\WinSxS\amd64_microsoft.windows.common-controls_6595b64144ccf1df_6.0.22621.608_none_a9444ca7c10bb01d\COMCTL32.dll
0x00007ffbb57b0000 - 0x00007ffbb57ba000 	C:\WINDOWS\SYSTEM32\VERSION.dll
0x00007ffbb8030000 - 0x00007ffbb8061000 	C:\WINDOWS\System32\IMM32.DLL
0x00007ffba1220000 - 0x00007ffba122c000 	C:\Program Files\Java\jdk-17.0.5\bin\vcruntime140_1.dll
0x00007ffb80aa0000 - 0x00007ffb80b2d000 	C:\Program Files\Java\jdk-17.0.5\bin\msvcp140.dll
0x00007ffb6ffd0000 - 0x00007ffb70b92000 	C:\Program Files\Java\jdk-17.0.5\bin\server\jvm.dll
0x00007ffbb77f0000 - 0x00007ffbb77f8000 	C:\WINDOWS\System32\PSAPI.DLL
0x00007ffb86750000 - 0x00007ffb86759000 	C:\WINDOWS\SYSTEM32\WSOCK32.dll
0x00007ffbaf250000 - 0x00007ffbaf284000 	C:\WINDOWS\SYSTEM32\WINMM.dll
0x00007ffbb7630000 - 0x00007ffbb76a1000 	C:\WINDOWS\System32\WS2_32.dll
0x00007ffbb5af0000 - 0x00007ffbb5b08000 	C:\WINDOWS\SYSTEM32\kernel.appcore.dll
0x00007ffba1100000 - 0x00007ffba110a000 	C:\Program Files\Java\jdk-17.0.5\bin\jimage.dll
0x00007ffb9b8d0000 - 0x00007ffb9bafe000 	C:\WINDOWS\SYSTEM32\DBGHELP.DLL
0x00007ffbb9270000 - 0x00007ffbb95f9000 	C:\WINDOWS\System32\combase.dll
0x00007ffbb78e0000 - 0x00007ffbb79b7000 	C:\WINDOWS\System32\OLEAUT32.dll
0x00007ffba5ec0000 - 0x00007ffba5ef2000 	C:\WINDOWS\SYSTEM32\dbgcore.DLL
0x00007ffbb7370000 - 0x00007ffbb73eb000 	C:\WINDOWS\System32\bcryptPrimitives.dll
0x00007ffba0140000 - 0x00007ffba014e000 	C:\Program Files\Java\jdk-17.0.5\bin\instrument.dll
0x00007ffb97020000 - 0x00007ffb97045000 	C:\Program Files\Java\jdk-17.0.5\bin\java.dll
0x00007ffb80770000 - 0x00007ffb80846000 	C:\Program Files\Java\jdk-17.0.5\bin\jsvml.dll
0x00007ffbb8830000 - 0x00007ffbb9020000 	C:\WINDOWS\System32\SHELL32.dll
0x00007ffbb4e60000 - 0x00007ffbb572e000 	C:\WINDOWS\SYSTEM32\windows.storage.dll
0x00007ffbb4d20000 - 0x00007ffbb4e5e000 	C:\WINDOWS\SYSTEM32\wintypes.dll
0x00007ffbb8100000 - 0x00007ffbb81f1000 	C:\WINDOWS\System32\SHCORE.dll
0x00007ffbb7500000 - 0x00007ffbb755e000 	C:\WINDOWS\System32\shlwapi.dll
0x00007ffbb6a60000 - 0x00007ffbb6a81000 	C:\WINDOWS\SYSTEM32\profapi.dll
0x00007ffb93e50000 - 0x00007ffb93e68000 	C:\Program Files\Java\jdk-17.0.5\bin\zip.dll
0x00007ffb941f0000 - 0x00007ffb94209000 	C:\Program Files\Java\jdk-17.0.5\bin\net.dll
0x00007ffbaf070000 - 0x00007ffbaf19f000 	C:\WINDOWS\SYSTEM32\WINHTTP.dll
0x00007ffbb5fa0000 - 0x00007ffbb6009000 	C:\WINDOWS\system32\mswsock.dll
0x00007ffb94000000 - 0x00007ffb94016000 	C:\Program Files\Java\jdk-17.0.5\bin\nio.dll
0x00007ffb93e30000 - 0x00007ffb93e4a000 	C:\IntelliJ IDEA Ultimate.win\bin\breakgen64.dll
0x00007ffbb4a50000 - 0x00007ffbb4b43000 	C:\WINDOWS\SYSTEM32\DNSAPI.dll
0x00007ffbb49e0000 - 0x00007ffbb4a0d000 	C:\WINDOWS\SYSTEM32\IPHLPAPI.DLL
0x00007ffbb79c0000 - 0x00007ffbb79c9000 	C:\WINDOWS\System32\NSI.dll
0x00007ffba7390000 - 0x00007ffba739a000 	C:\Windows\System32\rasadhlp.dll
0x00007ffbad890000 - 0x00007ffbad913000 	C:\WINDOWS\System32\fwpuclnt.dll
0x00007ffb9f080000 - 0x00007ffb9f089000 	C:\Program Files\Java\jdk-17.0.5\bin\management.dll
0x00007ffb9e2e0000 - 0x00007ffb9e2eb000 	C:\Program Files\Java\jdk-17.0.5\bin\management_ext.dll
0x00007ffbb62c0000 - 0x00007ffbb62db000 	C:\WINDOWS\SYSTEM32\CRYPTSP.dll
0x00007ffbb5ab0000 - 0x00007ffbb5ae5000 	C:\WINDOWS\system32\rsaenh.dll
0x00007ffbb6040000 - 0x00007ffbb6068000 	C:\WINDOWS\SYSTEM32\USERENV.dll
0x00007ffbb6480000 - 0x00007ffbb64a8000 	C:\WINDOWS\SYSTEM32\bcrypt.dll
0x00007ffbb62a0000 - 0x00007ffbb62ac000 	C:\WINDOWS\SYSTEM32\CRYPTBASE.dll
0x00007ffbaec30000 - 0x00007ffbaec49000 	C:\WINDOWS\SYSTEM32\dhcpcsvc6.DLL
0x00007ffbaebf0000 - 0x00007ffbaec0f000 	C:\WINDOWS\SYSTEM32\dhcpcsvc.DLL
0x00007ffb9ffb0000 - 0x00007ffb9ffc7000 	C:\WINDOWS\system32\napinsp.dll
0x00007ffb9ff90000 - 0x00007ffb9ffab000 	C:\WINDOWS\system32\pnrpnsp.dll
0x00007ffb9fda0000 - 0x00007ffb9fdb1000 	C:\WINDOWS\System32\winrnr.dll
0x00007ffbaf790000 - 0x00007ffbaf7a5000 	C:\WINDOWS\system32\wshbth.dll
0x00007ffb9fd70000 - 0x00007ffb9fd91000 	C:\WINDOWS\system32\nlansp_c.dll
0x00007ffba0210000 - 0x00007ffba0220000 	C:\Program Files\Java\jdk-17.0.5\bin\verify.dll
0x00007ffb9dc40000 - 0x00007ffb9dc4e000 	C:\Program Files\Java\jdk-17.0.5\bin\sunmscapi.dll
0x00007ffbb6c50000 - 0x00007ffbb6db6000 	C:\WINDOWS\System32\CRYPT32.dll
0x00007ffbb6450000 - 0x00007ffbb647d000 	C:\WINDOWS\SYSTEM32\ncrypt.dll
0x00007ffbb6410000 - 0x00007ffbb6447000 	C:\WINDOWS\SYSTEM32\NTASN1.dll
0x00007ffba5c90000 - 0x00007ffba5c98000 	C:\WINDOWS\system32\wshunix.dll

dbghelp: loaded successfully - version: 4.0.5 - missing functions: none
symbol engine: initialized successfully - sym options: 0x614 - pdb path: .;C:\Program Files\Java\jdk-17.0.5\bin;C:\WINDOWS\SYSTEM32;C:\WINDOWS\WinSxS\amd64_microsoft.windows.common-controls_6595b64144ccf1df_6.0.22621.608_none_a9444ca7c10bb01d;C:\Program Files\Java\jdk-17.0.5\bin\server;C:\IntelliJ IDEA Ultimate.win\bin

VM Arguments:
jvm_args: -XX:TieredStopAtLevel=1 -Dspring.output.ansi.enabled=always -Dcom.sun.management.jmxremote -Dspring.jmx.enabled=true -Dspring.liveBeansView.mbeanDomain -Dspring.application.admin.enabled=true -javaagent:C:\IntelliJ IDEA Ultimate.win\lib\idea_rt.jar=52326:C:\IntelliJ IDEA Ultimate.win\bin -Dfile.encoding=UTF-8 
java_command: com.vindemo.translation.TranslationApplication
java_class_path (initial): F:\vinTest\temp-07\translation\target\classes;C:\Users\vutam\.m2\repository\org\springframework\boot\spring-boot-starter\2.7.9\spring-boot-starter-2.7.9.jar;C:\Users\vutam\.m2\repository\org\springframework\boot\spring-boot\2.7.9\spring-boot-2.7.9.jar;C:\Users\vutam\.m2\repository\org\springframework\spring-context\5.3.25\spring-context-5.3.25.jar;C:\Users\vutam\.m2\repository\org\springframework\boot\spring-boot-autoconfigure\2.7.9\spring-boot-autoconfigure-2.7.9.jar;C:\Users\vutam\.m2\repository\org\springframework\boot\spring-boot-starter-logging\2.7.9\spring-boot-starter-logging-2.7.9.jar;C:\Users\vutam\.m2\repository\ch\qos\logback\logback-classic\1.2.11\logback-classic-1.2.11.jar;C:\Users\vutam\.m2\repository\ch\qos\logback\logback-core\1.2.11\logback-core-1.2.11.jar;C:\Users\vutam\.m2\repository\org\apache\logging\log4j\log4j-to-slf4j\2.17.2\log4j-to-slf4j-2.17.2.jar;C:\Users\vutam\.m2\repository\org\apache\logging\log4j\log4j-api\2.17.2\log4j-api-2.17.2.jar;C:\Users\vutam\.m2\repository\org\slf4j\jul-to-slf4j\1.7.36\jul-to-slf4j-1.7.36.jar;C:\Users\vutam\.m2\repository\jakarta\annotation\jakarta.annotation-api\1.3.5\jakarta.annotation-api-1.3.5.jar;C:\Users\vutam\.m2\repository\org\springframework\spring-core\5.3.25\spring-core-5.3.25.jar;C:\Users\vutam\.m2\repository\org\springframework\spring-jcl\5.3.25\spring-jcl-5.3.25.jar;C:\Users\vutam\.m2\repository\org\yaml\snakeyaml\1.30\snakeyaml-1.30.jar;C:\Users\vutam\.m2\repository\org\postgresql\postgresql\42.3.1\postgresql-42.3.1.jar;C:\Users\vutam\.m2\repository\org\checkerframework\checker-qual\3.5.0\checker-qual-3.5.0.jar;C:\Users\vutam\.m2\repository\org\projectlombok\lombok\1.18.26\lombok-1.18.26.jar;C:\Users\vutam\.m2\repository\org\slf4j\slf4j-api\1.7.36\slf4j-api-1.7.36.jar;C:\Users\vutam\.m2\repository\jakarta\xml\bind\jakarta.xml.bind-api\2.3.3\jakarta.xml.bind-api-2.3.3.jar;C:\Users\vutam\.m2\repository\jakarta\activation\jakarta.activation-api\1.2.2\jakarta.activation-a
Launcher Type: SUN_STANDARD

[Global flags]
     intx CICompilerCount                          = 4                                         {product} {ergonomic}
     uint ConcGCThreads                            = 3                                         {product} {ergonomic}
     uint G1ConcRefinementThreads                  = 10                                        {product} {ergonomic}
   size_t G1HeapRegionSize                         = 2097152                                   {product} {ergonomic}
    uintx GCDrainStackTargetSize                   = 64                                        {product} {ergonomic}
   size_t InitialHeapSize                          = 264241152                                 {product} {ergonomic}
     bool ManagementServer                         = true                                      {product} {command line}
   size_t MarkStackSize                            = 4194304                                   {product} {ergonomic}
   size_t MaxHeapSize                              = 4206886912                                {product} {ergonomic}
   size_t MaxNewSize                               = 2522873856                                {product} {ergonomic}
   size_t MinHeapDeltaBytes                        = 2097152                                   {product} {ergonomic}
   size_t MinHeapSize                              = 8388608                                   {product} {ergonomic}
    uintx NonProfiledCodeHeapSize                  = 0                                      {pd product} {ergonomic}
     bool ProfileInterpreter                       = false                                  {pd product} {command line}
    uintx ProfiledCodeHeapSize                     = 0                                      {pd product} {ergonomic}
   size_t SoftMaxHeapSize                          = 4206886912                             {manageable} {ergonomic}
     intx TieredStopAtLevel                        = 1                                         {product} {command line}
     bool UseCompressedClassPointers               = true                           {product lp64_product} {ergonomic}
     bool UseCompressedOops                        = true                           {product lp64_product} {ergonomic}
     bool UseG1GC                                  = true                                      {product} {ergonomic}
     bool UseLargePagesIndividualAllocation        = false                                  {pd product} {ergonomic}

Logging:
Log output configuration:
 #0: stdout all=warning uptime,level,tags
 #1: stderr all=off uptime,level,tags

Environment Variables:
JAVA_HOME=C:\Program Files\Java\jdk-17.0.5
PATH=C:\Program Files (x86)\VMware\VMware Workstation\bin\;C:\Program Files\Common Files\Oracle\Java\javapath;F:\Projects\WINDOWS.X64_193000_db_home\bin;C:\Python310\Scripts\;C:\Python310\;C:\WINDOWS\system32;C:\WINDOWS;C:\WINDOWS\System32\Wbem;C:\WINDOWS\System32\WindowsPowerShell\v1.0\;C:\WINDOWS\System32\OpenSSH\;C:\Program Files\Git\cmd;C:\ProgramData\chocolatey\bin;C:\nodejs;C:\Program Files\Amazon\AWSCLIV2\;C:\Program Files\VisualSVN Server\bin;C:\Users\vutam\OneDrive\Data\rclone;F:\Projects\Tools\gradle-7.5.1-bin\gradle-7.5.1\bin;C:\Program Files\Java\jdk-17.0.5\bin;C:\Program Files\Cloudflare\Cloudflare WARP\;C:\Program Files\nodejs\node_modules\npm\bin;C:\Program Files\nodejs;C:\Program Files\dotnet\;F:\Projects\Tools\mongodb\bin;F:\Projects\Tools\mongo-sh\bin;F:\Projects\Tools\apache-maven-3.9.0\bin;;C:\Program Files\Docker\Docker\resources\bin;C:\Users\vutam\AppData\Local\Microsoft\WindowsApps;C:\Users\vutam\AppData\Local\Programs\Microsoft VS Code\bin;C:\Program Files\nodejs;C:\Users\vutam\OneDrive\Data\rclone;F:\Projects\Tools\gradle-7.5.1-bin\gradle-7.5.1\bin;C:\Program Files\Java\jdk-17.0.5\bin;C:\Users\vutam\AppData\Roaming\npm;C:\Python310;F:\Projects\Tools\mongodb\bin;F:\Projects\Tools\mongo-sh\bin;F:\Projects\Tools\apache-maven-3.9.0\bin;C:\Users\vutam\AppData\Local\JetBrains\Toolbox\scripts;
USERNAME=vutam
OS=Windows_NT
PROCESSOR_IDENTIFIER=Intel64 Family 6 Model 165 Stepping 3, GenuineIntel



---------------  S Y S T E M  ---------------

OS:
 Windows 11 , 64 bit Build 22621 (10.0.22621.1344)
OS uptime: 0 days 5:37 hours
Hyper-V role detected

CPU: total 12 (initial active 12) (6 cores per cpu, 2 threads per core) family 6 model 165 stepping 3 microcode 0xe0, cx8, cmov, fxsr, ht, mmx, 3dnowpref, sse, sse2, sse3, ssse3, sse4.1, sse4.2, popcnt, lzcnt, tsc, tscinvbit, avx, avx2, aes, erms, clmul, bmi1, bmi2, adx, fma, vzeroupper, clflush, clflushopt, hv

Memory: 4k page, system-wide physical 16045M (574M free)
TotalPageFile size 18093M (AvailPageFile size 7M)
current process WorkingSet (physical memory assigned to process): 855M, peak: 855M
current process commit charge ("private bytes"): 1155M, peak: 1159M

vm_info: Java HotSpot(TM) 64-Bit Server VM (17.0.5+9-LTS-191) for windows-amd64 JRE (17.0.5+9-LTS-191), built on Sep 13 2022 17:31:43 by "mach5one" with MS VC++ 16.8 / 16.9 (VS2019)

END.
