#
# There is insufficient memory for the Java Runtime Environment to continue.
# Native memory allocation (mmap) failed to map 58720256 bytes for G1 virtual space
# Possible reasons:
#   The system is out of physical RAM or swap space
#   The process is running with CompressedOops enabled, and the Java Heap may be blocking the growth of the native heap
# Possible solutions:
#   Reduce memory load on the system
#   Increase physical memory or swap space
#   Check if swap backing store is full
#   Decrease Java heap size (-Xmx/-Xms)
#   Decrease number of Java threads
#   Decrease Java thread stack sizes (-Xss)
#   Set larger code cache with -XX:ReservedCodeCacheSize=
#   JVM is running with Zero Based Compressed Oops mode in which the Java heap is
#     placed in the first 32GB address space. The Java Heap base address is the
#     maximum limit for the native heap growth. Please use -XX:HeapBaseMinAddress
#     to set the Java Heap base and to place the Java Heap above 32GB virtual address.
# This output file may be truncated or incomplete.
#
#  Out of Memory Error (os_windows.cpp:3541), pid=12656, tid=6000
#
# JRE version: Java(TM) SE Runtime Environment (17.0.5+9) (build 17.0.5+9-LTS-191)
# Java VM: Java HotSpot(TM) 64-Bit Server VM (17.0.5+9-LTS-191, mixed mode, emulated-client, sharing, tiered, compressed oops, compressed class ptrs, g1 gc, windows-amd64)
# No core dump will be written. Minidumps are not enabled by default on client versions of Windows
#

---------------  S U M M A R Y ------------

Command Line: -XX:TieredStopAtLevel=1 -Dspring.output.ansi.enabled=always -Dcom.sun.management.jmxremote -Dspring.jmx.enabled=true -Dspring.liveBeansView.mbeanDomain -Dspring.application.admin.enabled=true -Dmanagement.endpoints.jmx.exposure.include=* -javaagent:C:\Program Files\JetBrains\IntelliJ IDEA 2022.3.2\lib\idea_rt.jar=55492:C:\Program Files\JetBrains\IntelliJ IDEA 2022.3.2\bin -Dfile.encoding=UTF-8 com.vindemo.translation.TranslationApplication

Host: Intel(R) Core(TM) i5-10400 CPU @ 2.90GHz, 12 cores, 15G,  Windows 11 , 64 bit Build 22621 (10.0.22621.1344)
Time: Tue Mar  7 10:31:26 2023 SE Asia Standard Time elapsed time: 25.461057 seconds (0d 0h 0m 25s)

---------------  T H R E A D  ---------------

Current thread (0x000002117bd45f90):  VMThread "VM Thread" [stack: 0x00000095d6700000,0x00000095d6800000] [id=6000]

Stack: [0x00000095d6700000,0x00000095d6800000]
Native frames: (J=compiled Java code, j=interpreted, Vv=VM code, C=native code)
V  [jvm.dll+0x672eea]
V  [jvm.dll+0x7d2a04]
V  [jvm.dll+0x7d41ae]
V  [jvm.dll+0x7d4813]
V  [jvm.dll+0x242c15]
V  [jvm.dll+0x66fe09]
V  [jvm.dll+0x664682]
V  [jvm.dll+0x300e8b]
V  [jvm.dll+0x308426]
V  [jvm.dll+0x357ffe]
V  [jvm.dll+0x35822f]
V  [jvm.dll+0x2d80a8]
V  [jvm.dll+0x2d6374]
V  [jvm.dll+0x2d597c]
V  [jvm.dll+0x3193eb]
V  [jvm.dll+0x7d8ceb]
V  [jvm.dll+0x7d9a24]
V  [jvm.dll+0x7d9f3c]
V  [jvm.dll+0x7da314]
V  [jvm.dll+0x7da3e0]
V  [jvm.dll+0x782b4a]
V  [jvm.dll+0x671d75]
C  [ucrtbase.dll+0x29363]
C  [KERNEL32.DLL+0x126bd]
C  [ntdll.dll+0x5a9f8]

VM_Operation (0x00000095d8dfc0c0): G1CollectForAllocation, mode: safepoint, requested by thread 0x000002117ec7c8d0


---------------  P R O C E S S  ---------------

Threads class SMR info:
_java_thread_list=0x000002117ce9f1e0, length=35, elements={
0x000002117bd4aa30, 0x000002117bd4b5e0, 0x000002117bd61c50, 0x000002117bd64610,
0x000002117bd64fc0, 0x000002117bd65970, 0x000002117bd663d0, 0x000002117bd6a6d0,
0x000002117b6c5450, 0x000002117c13e4f0, 0x000002117c13e9c0, 0x000002117ce04e90,
0x000002117e860820, 0x000002117e8853a0, 0x000002117ea50850, 0x000002117e9c2c40,
0x000002117e9c3110, 0x000002117ec7ba60, 0x000002117ec7d740, 0x000002117ec7c8d0,
0x000002117ec7cda0, 0x000002117ec7dc10, 0x000002117ec7e0e0, 0x000002117ec7e5b0,
0x000002117ec7b590, 0x000002117ec7ea80, 0x000002117ec7bf30, 0x000002117ec7b0c0,
0x000002117ec7c400, 0x000002117f29a8f0, 0x000002117f29a420, 0x000002117f29dde0,
0x000002117f29f5f0, 0x000002117f29c5d0, 0x000002117cead0d0
}

Java Threads: ( => current thread )
  0x000002117bd4aa30 JavaThread "Reference Handler" daemon [_thread_blocked, id=12016, stack(0x00000095d6800000,0x00000095d6900000)]
  0x000002117bd4b5e0 JavaThread "Finalizer" daemon [_thread_blocked, id=1784, stack(0x00000095d6900000,0x00000095d6a00000)]
  0x000002117bd61c50 JavaThread "Signal Dispatcher" daemon [_thread_blocked, id=11600, stack(0x00000095d6a00000,0x00000095d6b00000)]
  0x000002117bd64610 JavaThread "Attach Listener" daemon [_thread_blocked, id=10536, stack(0x00000095d6b00000,0x00000095d6c00000)]
  0x000002117bd64fc0 JavaThread "Service Thread" daemon [_thread_blocked, id=14504, stack(0x00000095d6c00000,0x00000095d6d00000)]
  0x000002117bd65970 JavaThread "Monitor Deflation Thread" daemon [_thread_blocked, id=13900, stack(0x00000095d6d00000,0x00000095d6e00000)]
  0x000002117bd663d0 JavaThread "C1 CompilerThread0" daemon [_thread_blocked, id=20416, stack(0x00000095d6e00000,0x00000095d6f00000)]
  0x000002117bd6a6d0 JavaThread "Sweeper thread" daemon [_thread_blocked, id=4704, stack(0x00000095d6f00000,0x00000095d7000000)]
  0x000002117b6c5450 JavaThread "Common-Cleaner" daemon [_thread_blocked, id=19312, stack(0x00000095d7000000,0x00000095d7100000)]
  0x000002117c13e4f0 JavaThread "Monitor Ctrl-Break" daemon [_thread_in_native, id=19488, stack(0x00000095d7200000,0x00000095d7300000)]
  0x000002117c13e9c0 JavaThread "Notification Thread" daemon [_thread_blocked, id=7224, stack(0x00000095d7300000,0x00000095d7400000)]
  0x000002117ce04e90 JavaThread "RMI TCP Accept-0" daemon [_thread_in_native, id=3884, stack(0x00000095d7400000,0x00000095d7500000)]
  0x000002117e860820 JavaThread "RMI TCP Connection(2)-192.168.120.2" daemon [_thread_in_native, id=2616, stack(0x00000095d8100000,0x00000095d8200000)]
  0x000002117e8853a0 JavaThread "RMI Scheduler(0)" daemon [_thread_blocked, id=12528, stack(0x00000095d8400000,0x00000095d8500000)]
  0x000002117ea50850 JavaThread "Catalina-utility-1" [_thread_blocked, id=18620, stack(0x00000095d8700000,0x00000095d8800000)]
  0x000002117e9c2c40 JavaThread "Catalina-utility-2" [_thread_blocked, id=16840, stack(0x00000095d8800000,0x00000095d8900000)]
  0x000002117e9c3110 JavaThread "container-0" [_thread_blocked, id=11532, stack(0x00000095d8900000,0x00000095d8a00000)]
  0x000002117ec7ba60 JavaThread "HikariPool-1 housekeeper" daemon [_thread_blocked, id=15376, stack(0x00000095d8b00000,0x00000095d8c00000)]
  0x000002117ec7d740 JavaThread "RMI TCP Connection(6)-192.168.120.2" daemon [_thread_in_native, id=19004, stack(0x00000095d7700000,0x00000095d7800000)]
  0x000002117ec7c8d0 JavaThread "http-nio-18080-exec-1" daemon [_thread_blocked, id=9792, stack(0x00000095d8d00000,0x00000095d8e00000)]
  0x000002117ec7cda0 JavaThread "http-nio-18080-exec-2" daemon [_thread_blocked, id=16512, stack(0x00000095d8e00000,0x00000095d8f00000)]
  0x000002117ec7dc10 JavaThread "http-nio-18080-exec-3" daemon [_thread_blocked, id=20040, stack(0x00000095d8f00000,0x00000095d9000000)]
  0x000002117ec7e0e0 JavaThread "http-nio-18080-exec-4" daemon [_thread_blocked, id=7428, stack(0x00000095d9000000,0x00000095d9100000)]
  0x000002117ec7e5b0 JavaThread "http-nio-18080-exec-5" daemon [_thread_blocked, id=18156, stack(0x00000095d9100000,0x00000095d9200000)]
  0x000002117ec7b590 JavaThread "http-nio-18080-exec-6" daemon [_thread_blocked, id=5032, stack(0x00000095d9200000,0x00000095d9300000)]
  0x000002117ec7ea80 JavaThread "http-nio-18080-exec-7" daemon [_thread_blocked, id=13244, stack(0x00000095d9300000,0x00000095d9400000)]
  0x000002117ec7bf30 JavaThread "http-nio-18080-exec-8" daemon [_thread_blocked, id=15424, stack(0x00000095d9400000,0x00000095d9500000)]
  0x000002117ec7b0c0 JavaThread "http-nio-18080-exec-9" daemon [_thread_blocked, id=9048, stack(0x00000095d9500000,0x00000095d9600000)]
  0x000002117ec7c400 JavaThread "http-nio-18080-exec-10" daemon [_thread_blocked, id=19584, stack(0x00000095d9600000,0x00000095d9700000)]
  0x000002117f29a8f0 JavaThread "http-nio-18080-Poller" daemon [_thread_in_native, id=17156, stack(0x00000095d9700000,0x00000095d9800000)]
  0x000002117f29a420 JavaThread "http-nio-18080-Acceptor" daemon [_thread_in_native, id=18644, stack(0x00000095d9800000,0x00000095d9900000)]
  0x000002117f29dde0 JavaThread "DestroyJavaVM" [_thread_blocked, id=2092, stack(0x00000095d6100000,0x00000095d6200000)]
  0x000002117f29f5f0 JavaThread "RMI TCP Connection(idle)" daemon [_thread_blocked, id=3524, stack(0x00000095d9900000,0x00000095d9a00000)]
  0x000002117f29c5d0 JavaThread "RMI TCP Connection(idle)" daemon [_thread_blocked, id=3148, stack(0x00000095d9a00000,0x00000095d9b00000)]
  0x000002117cead0d0 JavaThread "C1 CompilerThread1" daemon [_thread_blocked, id=1320, stack(0x00000095d7100000,0x00000095d7200000)]

Other Threads:
=>0x000002117bd45f90 VMThread "VM Thread" [stack: 0x00000095d6700000,0x00000095d6800000] [id=6000]
  0x0000021164fecb70 WatcherThread [stack: 0x00000095d7500000,0x00000095d7600000] [id=8840]
  0x0000021164fd4630 GCTaskThread "GC Thread#0" [stack: 0x00000095d6200000,0x00000095d6300000] [id=14148]
  0x000002117d14f760 GCTaskThread "GC Thread#1" [stack: 0x00000095d7800000,0x00000095d7900000] [id=10120]
  0x000002117d14fa10 GCTaskThread "GC Thread#2" [stack: 0x00000095d7900000,0x00000095d7a00000] [id=10972]
  0x000002117d133a80 GCTaskThread "GC Thread#3" [stack: 0x00000095d7a00000,0x00000095d7b00000] [id=5492]
  0x000002117d1341b0 GCTaskThread "GC Thread#4" [stack: 0x00000095d7b00000,0x00000095d7c00000] [id=8776]
  0x000002117d1348e0 GCTaskThread "GC Thread#5" [stack: 0x00000095d7c00000,0x00000095d7d00000] [id=13148]
  0x000002117d18f1a0 GCTaskThread "GC Thread#6" [stack: 0x00000095d7d00000,0x00000095d7e00000] [id=4956]
  0x000002117d0d53c0 GCTaskThread "GC Thread#7" [stack: 0x00000095d7e00000,0x00000095d7f00000] [id=13268]
  0x000002117e438110 GCTaskThread "GC Thread#8" [stack: 0x00000095d8200000,0x00000095d8300000] [id=20376]
  0x000002117e434f40 GCTaskThread "GC Thread#9" [stack: 0x00000095d8300000,0x00000095d8400000] [id=19000]
  0x0000021164fe5190 ConcurrentGCThread "G1 Main Marker" [stack: 0x00000095d6300000,0x00000095d6400000] [id=4116]
  0x0000021164fe6340 ConcurrentGCThread "G1 Conc#0" [stack: 0x00000095d6400000,0x00000095d6500000] [id=2780]
  0x000002117e8aafd0 ConcurrentGCThread "G1 Conc#1" [stack: 0x00000095d8500000,0x00000095d8600000] [id=6196]
  0x000002117e8bba50 ConcurrentGCThread "G1 Conc#2" [stack: 0x00000095d8600000,0x00000095d8700000] [id=6848]
  0x000002117b596860 ConcurrentGCThread "G1 Refine#0" [stack: 0x00000095d6500000,0x00000095d6600000] [id=10448]
  0x000002117d18c010 ConcurrentGCThread "G1 Refine#1" [stack: 0x00000095d7f00000,0x00000095d8000000] [id=7080]
  0x000002117d18dbb0 ConcurrentGCThread "G1 Refine#2" [stack: 0x00000095d8000000,0x00000095d8100000] [id=19024]
  0x000002117b597120 ConcurrentGCThread "G1 Service" [stack: 0x00000095d6600000,0x00000095d6700000] [id=15300]

Threads with active compile tasks:

VM state: at safepoint (normal execution)

VM Mutex/Monitor currently owned by a thread:  ([mutex/lock_event])
[0x0000021164f661a0] Threads_lock - owner thread: 0x000002117bd45f90
[0x0000021164f651e0] Heap_lock - owner thread: 0x000002117ec7c8d0

Heap address: 0x0000000705400000, size: 4012 MB, Compressed Oops mode: Zero based, Oop shift amount: 3

CDS archive(s) mapped at: [0x0000000800000000-0x0000000800bd0000-0x0000000800bd0000), size 12386304, SharedBaseAddress: 0x0000000800000000, ArchiveRelocationMode: 0.
Compressed class space mapped at: 0x0000000800c00000-0x0000000840c00000, reserved size: 1073741824
Narrow klass base: 0x0000000800000000, Narrow klass shift: 0, Narrow klass range: 0x100000000

GC Precious Log:
 CPUs: 12 total, 12 available
 Memory: 16045M
 Large Page Support: Disabled
 NUMA Support: Disabled
 Compressed Oops: Enabled (Zero based)
 Heap Region Size: 2M
 Heap Min Capacity: 8M
 Heap Initial Capacity: 252M
 Heap Max Capacity: 4012M
 Pre-touch: Disabled
 Parallel Workers: 10
 Concurrent Workers: 3
 Concurrent Refinement Workers: 10
 Periodic GC: Disabled

Heap:
 garbage-first heap   total 135168K, used 48489K [0x0000000705400000, 0x0000000800000000)
  region size 2048K, 2 young (4096K), 2 survivors (4096K)
 Metaspace       used 50047K, committed 50432K, reserved 1097728K
  class space    used 7182K, committed 7360K, reserved 1048576K

Heap Regions: E=young(eden), S=young(survivor), O=old, HS=humongous(starts), HC=humongous(continues), CS=collection set, F=free, OA=open archive, CA=closed archive, TAMS=top-at-mark-start (previous, next)
|   0|0x0000000705400000, 0x0000000705600000, 0x0000000705600000|100%| O|  |TAMS 0x0000000705600000, 0x0000000705400000| Untracked 
|   1|0x0000000705600000, 0x0000000705800000, 0x0000000705800000|100%| O|  |TAMS 0x0000000705800000, 0x0000000705600000| Untracked 
|   2|0x0000000705800000, 0x0000000705a00000, 0x0000000705a00000|100%| O|  |TAMS 0x0000000705a00000, 0x0000000705800000| Untracked 
|   3|0x0000000705a00000, 0x0000000705c00000, 0x0000000705c00000|100%| O|  |TAMS 0x0000000705a00000, 0x0000000705a00000| Untracked 
|   4|0x0000000705c00000, 0x0000000705e00000, 0x0000000705e00000|100%| O|  |TAMS 0x0000000705e00000, 0x0000000705c00000| Untracked 
|   5|0x0000000705e00000, 0x0000000706000000, 0x0000000706000000|100%| O|  |TAMS 0x0000000706000000, 0x0000000705e00000| Untracked 
|   6|0x0000000706000000, 0x0000000706200000, 0x0000000706200000|100%| O|  |TAMS 0x0000000706000000, 0x0000000706000000| Untracked 
|   7|0x0000000706200000, 0x0000000706400000, 0x0000000706400000|100%| O|  |TAMS 0x0000000706200000, 0x0000000706200000| Untracked 
|   8|0x0000000706400000, 0x0000000706600000, 0x0000000706600000|100%| O|  |TAMS 0x0000000706400000, 0x0000000706400000| Untracked 
|   9|0x0000000706600000, 0x0000000706800000, 0x0000000706800000|100%| O|  |TAMS 0x0000000706600000, 0x0000000706600000| Untracked 
|  10|0x0000000706800000, 0x0000000706a00000, 0x0000000706a00000|100%| O|  |TAMS 0x0000000706a00000, 0x0000000706800000| Untracked 
|  11|0x0000000706a00000, 0x0000000706c00000, 0x0000000706c00000|100%| O|  |TAMS 0x0000000706c00000, 0x0000000706a00000| Untracked 
|  12|0x0000000706c00000, 0x0000000706e00000, 0x0000000706e00000|100%| O|  |TAMS 0x0000000706c00000, 0x0000000706c00000| Untracked 
|  13|0x0000000706e00000, 0x0000000707000000, 0x0000000707000000|100%| O|  |TAMS 0x0000000706e00000, 0x0000000706e00000| Untracked 
|  14|0x0000000707000000, 0x0000000707200000, 0x0000000707200000|100%| O|  |TAMS 0x0000000707000000, 0x0000000707000000| Untracked 
|  15|0x0000000707200000, 0x0000000707400000, 0x0000000707400000|100%| O|  |TAMS 0x0000000707200000, 0x0000000707200000| Untracked 
|  16|0x0000000707400000, 0x0000000707600000, 0x0000000707600000|100%|HS|  |TAMS 0x0000000707400000, 0x0000000707400000| Complete 
|  17|0x0000000707600000, 0x0000000707800000, 0x0000000707800000|100%| O|  |TAMS 0x0000000707600000, 0x0000000707600000| Untracked 
|  18|0x0000000707800000, 0x0000000707a00000, 0x0000000707a00000|100%| O|  |TAMS 0x0000000707800000, 0x0000000707800000| Untracked 
|  19|0x0000000707a00000, 0x0000000707c00000, 0x0000000707c00000|100%| O|  |TAMS 0x0000000707a00000, 0x0000000707a00000| Untracked 
|  20|0x0000000707c00000, 0x0000000707e00000, 0x0000000707e00000|100%| O|  |TAMS 0x0000000707c00000, 0x0000000707c00000| Untracked 
|  21|0x0000000707e00000, 0x0000000708000000, 0x0000000708000000|100%| O|  |TAMS 0x0000000707e00000, 0x0000000707e00000| Untracked 
|  22|0x0000000708000000, 0x000000070802b600, 0x0000000708200000|  8%| O|  |TAMS 0x0000000708000000, 0x0000000708000000| Untracked 
|  23|0x0000000708200000, 0x0000000708200000, 0x0000000708400000|  0%| F|  |TAMS 0x0000000708200000, 0x0000000708200000| Untracked 
|  24|0x0000000708400000, 0x0000000708400000, 0x0000000708600000|  0%| F|  |TAMS 0x0000000708400000, 0x0000000708400000| Untracked 
|  25|0x0000000708600000, 0x0000000708600000, 0x0000000708800000|  0%| F|  |TAMS 0x0000000708600000, 0x0000000708600000| Untracked 
|  26|0x0000000708800000, 0x0000000708800000, 0x0000000708a00000|  0%| F|  |TAMS 0x0000000708800000, 0x0000000708800000| Untracked 
|  27|0x0000000708a00000, 0x0000000708a00000, 0x0000000708c00000|  0%| F|  |TAMS 0x0000000708a00000, 0x0000000708a00000| Untracked 
|  28|0x0000000708c00000, 0x0000000708c00000, 0x0000000708e00000|  0%| F|  |TAMS 0x0000000708c00000, 0x0000000708c00000| Untracked 
|  29|0x0000000708e00000, 0x0000000708e00000, 0x0000000709000000|  0%| F|  |TAMS 0x0000000708e00000, 0x0000000708e00000| Untracked 
|  30|0x0000000709000000, 0x0000000709000000, 0x0000000709200000|  0%| F|  |TAMS 0x0000000709000000, 0x0000000709000000| Untracked 
|  31|0x0000000709200000, 0x0000000709200000, 0x0000000709400000|  0%| F|  |TAMS 0x0000000709200000, 0x0000000709200000| Untracked 
|  32|0x0000000709400000, 0x0000000709400000, 0x0000000709600000|  0%| F|  |TAMS 0x0000000709400000, 0x0000000709400000| Untracked 
|  33|0x0000000709600000, 0x0000000709600000, 0x0000000709800000|  0%| F|  |TAMS 0x0000000709600000, 0x0000000709600000| Untracked 
|  34|0x0000000709800000, 0x000000070992ef10, 0x0000000709a00000| 59%| S|CS|TAMS 0x0000000709800000, 0x0000000709800000| Complete 
|  35|0x0000000709a00000, 0x0000000709a00000, 0x0000000709c00000|  0%| F|  |TAMS 0x0000000709a00000, 0x0000000709a00000| Untracked 
|  36|0x0000000709c00000, 0x0000000709e00000, 0x0000000709e00000|100%| S|CS|TAMS 0x0000000709c00000, 0x0000000709c00000| Complete 
|  37|0x0000000709e00000, 0x0000000709e00000, 0x000000070a000000|  0%| F|  |TAMS 0x0000000709e00000, 0x0000000709e00000| Untracked 
|  38|0x000000070a000000, 0x000000070a000000, 0x000000070a200000|  0%| F|  |TAMS 0x000000070a000000, 0x000000070a000000| Untracked 
|  39|0x000000070a200000, 0x000000070a200000, 0x000000070a400000|  0%| F|  |TAMS 0x000000070a200000, 0x000000070a200000| Untracked 
|  40|0x000000070a400000, 0x000000070a400000, 0x000000070a600000|  0%| F|  |TAMS 0x000000070a400000, 0x000000070a400000| Untracked 
|  41|0x000000070a600000, 0x000000070a600000, 0x000000070a800000|  0%| F|  |TAMS 0x000000070a600000, 0x000000070a600000| Untracked 
|  42|0x000000070a800000, 0x000000070a800000, 0x000000070aa00000|  0%| F|  |TAMS 0x000000070a800000, 0x000000070a800000| Untracked 
|  43|0x000000070aa00000, 0x000000070aa00000, 0x000000070ac00000|  0%| F|  |TAMS 0x000000070aa00000, 0x000000070aa00000| Untracked 
|  44|0x000000070ac00000, 0x000000070ac00000, 0x000000070ae00000|  0%| F|  |TAMS 0x000000070ac00000, 0x000000070ac00000| Untracked 
|  45|0x000000070ae00000, 0x000000070ae00000, 0x000000070b000000|  0%| F|  |TAMS 0x000000070ae00000, 0x000000070ae00000| Untracked 
|  46|0x000000070b000000, 0x000000070b000000, 0x000000070b200000|  0%| F|  |TAMS 0x000000070b000000, 0x000000070b000000| Untracked 
|  47|0x000000070b200000, 0x000000070b200000, 0x000000070b400000|  0%| F|  |TAMS 0x000000070b200000, 0x000000070b200000| Untracked 
|  48|0x000000070b400000, 0x000000070b400000, 0x000000070b600000|  0%| F|  |TAMS 0x000000070b400000, 0x000000070b400000| Untracked 
|  49|0x000000070b600000, 0x000000070b600000, 0x000000070b800000|  0%| F|  |TAMS 0x000000070b600000, 0x000000070b600000| Untracked 
|  50|0x000000070b800000, 0x000000070b800000, 0x000000070ba00000|  0%| F|  |TAMS 0x000000070b800000, 0x000000070b800000| Untracked 
|  51|0x000000070ba00000, 0x000000070ba00000, 0x000000070bc00000|  0%| F|  |TAMS 0x000000070ba00000, 0x000000070ba00000| Untracked 
|  52|0x000000070bc00000, 0x000000070bc00000, 0x000000070be00000|  0%| F|  |TAMS 0x000000070bc00000, 0x000000070bc00000| Untracked 
|  53|0x000000070be00000, 0x000000070be00000, 0x000000070c000000|  0%| F|  |TAMS 0x000000070be00000, 0x000000070be00000| Untracked 
|  54|0x000000070c000000, 0x000000070c000000, 0x000000070c200000|  0%| F|  |TAMS 0x000000070c000000, 0x000000070c000000| Untracked 
|  55|0x000000070c200000, 0x000000070c200000, 0x000000070c400000|  0%| F|  |TAMS 0x000000070c200000, 0x000000070c200000| Untracked 
|  56|0x000000070c400000, 0x000000070c400000, 0x000000070c600000|  0%| F|  |TAMS 0x000000070c400000, 0x000000070c400000| Untracked 
|  57|0x000000070c600000, 0x000000070c600000, 0x000000070c800000|  0%| F|  |TAMS 0x000000070c600000, 0x000000070c600000| Untracked 
|  58|0x000000070c800000, 0x000000070c800000, 0x000000070ca00000|  0%| F|  |TAMS 0x000000070c800000, 0x000000070c800000| Untracked 
|  59|0x000000070ca00000, 0x000000070ca00000, 0x000000070cc00000|  0%| F|  |TAMS 0x000000070ca00000, 0x000000070ca00000| Untracked 
|  60|0x000000070cc00000, 0x000000070cc00000, 0x000000070ce00000|  0%| F|  |TAMS 0x000000070cc00000, 0x000000070cc00000| Untracked 
|  61|0x000000070ce00000, 0x000000070ce00000, 0x000000070d000000|  0%| F|  |TAMS 0x000000070ce00000, 0x000000070ce00000| Untracked 
|  62|0x000000070d000000, 0x000000070d000000, 0x000000070d200000|  0%| F|  |TAMS 0x000000070d000000, 0x000000070d000000| Untracked 
|  63|0x000000070d200000, 0x000000070d200000, 0x000000070d400000|  0%| F|  |TAMS 0x000000070d200000, 0x000000070d200000| Untracked 
|  64|0x000000070d400000, 0x000000070d400000, 0x000000070d600000|  0%| F|  |TAMS 0x000000070d400000, 0x000000070d400000| Untracked 
| 125|0x0000000714e00000, 0x0000000714e00000, 0x0000000715000000|  0%| F|  |TAMS 0x0000000714e00000, 0x0000000714e00000| Untracked 

Card table byte_map: [0x00000211702e0000,0x0000021170ac0000] _byte_map_base: 0x000002116cab6000

Marking Bits (Prev, Next): (CMBitMap*) 0x0000021164fd4c40, (CMBitMap*) 0x0000021164fd4c80
 Prev Bits: [0x00000211712a0000, 0x0000021175150000)
 Next Bits: [0x0000021175150000, 0x0000021179000000)

Polling page: 0x0000021162f00000

Metaspace:

Usage:
  Non-class:     41.86 MB used.
      Class:      7.01 MB used.
       Both:     48.87 MB used.

Virtual space:
  Non-class space:       48.00 MB reserved,      42.06 MB ( 88%) committed,  6 nodes.
      Class space:        1.00 GB reserved,       7.19 MB ( <1%) committed,  1 nodes.
             Both:        1.05 GB reserved,      49.25 MB (  5%) committed. 

Chunk freelists:
   Non-Class:  1.67 MB
       Class:  848.00 KB
        Both:  2.50 MB

MaxMetaspaceSize: unlimited
CompressedClassSpaceSize: 1.00 GB
Initial GC threshold: 21.00 MB
Current GC threshold: 59.00 MB
CDS: on
MetaspaceReclaimPolicy: balanced
 - commit_granule_bytes: 65536.
 - commit_granule_words: 8192.
 - virtual_space_node_default_size: 1048576.
 - enlarge_chunks_in_place: 1.
 - new_chunks_are_fully_committed: 0.
 - uncommit_free_chunks: 1.
 - use_allocation_guard: 0.
 - handle_deallocations: 1.


Internal statistics:

num_allocs_failed_limit: 6.
num_arena_births: 458.
num_arena_deaths: 0.
num_vsnodes_births: 7.
num_vsnodes_deaths: 0.
num_space_committed: 788.
num_space_uncommitted: 0.
num_chunks_returned_to_freelist: 6.
num_chunks_taken_from_freelist: 2270.
num_chunk_merges: 6.
num_chunk_splits: 1620.
num_chunks_enlarged: 1284.
num_purges: 0.
num_inconsistent_stats: 0.

CodeCache: size=49152Kb used=8946Kb max_used=9368Kb free=40205Kb
 bounds [0x000002116c7d0000, 0x000002116d100000, 0x000002116f7d0000]
 total_blobs=5102 nmethods=4533 adapters=495
 compilation: enabled
              stopped_count=0, restarted_count=0
 full_count=0

Compilation events (20 events):
Event: 24.523 Thread 0x000002117bd663d0 nmethod 4524 0x000002116c966b10 code [0x000002116c966d20, 0x000002116c967348]
Event: 24.523 Thread 0x000002117bd663d0 4523       1       sun.nio.cs.StreamDecoder::ensureOpen (18 bytes)
Event: 24.523 Thread 0x000002117cead0d0 nmethod 4522 0x000002116c965e10 code [0x000002116c966020, 0x000002116c9666e8]
Event: 24.523 Thread 0x000002117bd663d0 nmethod 4523 0x000002116c965a90 code [0x000002116c965c20, 0x000002116c965d88]
Event: 24.532 Thread 0x000002117bd663d0 4525   !   1       sun.nio.cs.StreamDecoder::inReady (36 bytes)
Event: 24.532 Thread 0x000002117bd663d0 nmethod 4525 0x000002116c965690 code [0x000002116c965840, 0x000002116c965a08]
Event: 24.534 Thread 0x000002117bd663d0 4526       1       java.io.FileInputStream::available (5 bytes)
Event: 24.534 Thread 0x000002117bd663d0 nmethod 4526 0x000002116c964f90 code [0x000002116c965120, 0x000002116c965208]
Event: 24.534 Thread 0x000002117bd663d0 4528       1       java.io.BufferedReader::fill (170 bytes)
Event: 24.534 Thread 0x000002117bd663d0 nmethod 4528 0x000002116c964810 code [0x000002116c9649e0, 0x000002116c964e08]
Event: 24.557 Thread 0x000002117bd663d0 4529 % !   1       com.vindemo.translation.service.gennerateCsv.GenerateTranslationService::generateTranslation @ 35 (565 bytes)
Event: 24.559 Thread 0x000002117bd663d0 nmethod 4529% 0x000002116c95f410 code [0x000002116c95fa40, 0x000002116c962448]
Event: 24.560 Thread 0x000002117bd663d0 4530   !   1       com.vindemo.translation.service.gennerateCsv.GenerateTranslationService::generateTranslation (565 bytes)
Event: 24.562 Thread 0x000002117bd663d0 nmethod 4530 0x000002116c95a310 code [0x000002116c95a940, 0x000002116c95d1b8]
Event: 24.630 Thread 0x000002117bd663d0 4531       1       java.lang.StringUTF16::inflate (42 bytes)
Event: 24.630 Thread 0x000002117bd663d0 nmethod 4531 0x000002116c959e90 code [0x000002116c95a020, 0x000002116c95a188]
Event: 24.874 Thread 0x000002117bd663d0 4532       1       java.lang.AbstractStringBuilder::inflate (42 bytes)
Event: 24.874 Thread 0x000002117cead0d0 4533       1       java.lang.StringLatin1::inflate (10 bytes)
Event: 24.874 Thread 0x000002117cead0d0 nmethod 4533 0x000002116c959b90 code [0x000002116c959d20, 0x000002116c959de8]
Event: 24.875 Thread 0x000002117bd663d0 nmethod 4532 0x000002116c959710 code [0x000002116c9598c0, 0x000002116c959ab8]

GC Heap History (20 events):
Event: 6.763 GC heap after
{Heap after GC invocations=12 (full 0):
 garbage-first heap   total 75776K, used 22325K [0x0000000705400000, 0x0000000800000000)
  region size 2048K, 2 young (4096K), 2 survivors (4096K)
 Metaspace       used 48308K, committed 48704K, reserved 1097728K
  class space    used 6972K, committed 7168K, reserved 1048576K
}
Event: 24.544 GC heap before
{Heap before GC invocations=12 (full 0):
 garbage-first heap   total 75776K, used 53045K [0x0000000705400000, 0x0000000800000000)
  region size 2048K, 18 young (36864K), 2 survivors (4096K)
 Metaspace       used 50046K, committed 50432K, reserved 1097728K
  class space    used 7182K, committed 7360K, reserved 1048576K
}
Event: 24.549 GC heap after
{Heap after GC invocations=13 (full 0):
 garbage-first heap   total 75776K, used 27789K [0x0000000705400000, 0x0000000800000000)
  region size 2048K, 3 young (6144K), 3 survivors (6144K)
 Metaspace       used 50046K, committed 50432K, reserved 1097728K
  class space    used 7182K, committed 7360K, reserved 1048576K
}
Event: 24.588 GC heap before
{Heap before GC invocations=13 (full 0):
 garbage-first heap   total 75776K, used 54413K [0x0000000705400000, 0x0000000800000000)
  region size 2048K, 16 young (32768K), 3 survivors (6144K)
 Metaspace       used 50046K, committed 50432K, reserved 1097728K
  class space    used 7182K, committed 7360K, reserved 1048576K
}
Event: 24.591 GC heap after
{Heap after GC invocations=14 (full 0):
 garbage-first heap   total 75776K, used 31152K [0x0000000705400000, 0x0000000800000000)
  region size 2048K, 2 young (4096K), 2 survivors (4096K)
 Metaspace       used 50046K, committed 50432K, reserved 1097728K
  class space    used 7182K, committed 7360K, reserved 1048576K
}
Event: 24.944 GC heap before
{Heap before GC invocations=14 (full 0):
 garbage-first heap   total 75776K, used 53680K [0x0000000705400000, 0x0000000800000000)
  region size 2048K, 13 young (26624K), 2 survivors (4096K)
 Metaspace       used 50046K, committed 50432K, reserved 1097728K
  class space    used 7182K, committed 7360K, reserved 1048576K
}
Event: 24.945 GC heap after
{Heap after GC invocations=15 (full 0):
 garbage-first heap   total 75776K, used 31805K [0x0000000705400000, 0x0000000800000000)
  region size 2048K, 1 young (2048K), 1 survivors (2048K)
 Metaspace       used 50046K, committed 50432K, reserved 1097728K
  class space    used 7182K, committed 7360K, reserved 1048576K
}
Event: 25.115 GC heap before
{Heap before GC invocations=15 (full 0):
 garbage-first heap   total 75776K, used 54333K [0x0000000705400000, 0x0000000800000000)
  region size 2048K, 12 young (24576K), 1 survivors (2048K)
 Metaspace       used 50046K, committed 50432K, reserved 1097728K
  class space    used 7182K, committed 7360K, reserved 1048576K
}
Event: 25.116 GC heap after
{Heap after GC invocations=16 (full 0):
 garbage-first heap   total 75776K, used 31333K [0x0000000705400000, 0x0000000800000000)
  region size 2048K, 1 young (2048K), 1 survivors (2048K)
 Metaspace       used 50046K, committed 50432K, reserved 1097728K
  class space    used 7182K, committed 7360K, reserved 1048576K
}
Event: 25.152 GC heap before
{Heap before GC invocations=16 (full 0):
 garbage-first heap   total 75776K, used 55909K [0x0000000705400000, 0x0000000800000000)
  region size 2048K, 13 young (26624K), 1 survivors (2048K)
 Metaspace       used 50046K, committed 50432K, reserved 1097728K
  class space    used 7182K, committed 7360K, reserved 1048576K
}
Event: 25.154 GC heap after
{Heap after GC invocations=17 (full 0):
 garbage-first heap   total 75776K, used 33118K [0x0000000705400000, 0x0000000800000000)
  region size 2048K, 1 young (2048K), 1 survivors (2048K)
 Metaspace       used 50046K, committed 50432K, reserved 1097728K
  class space    used 7182K, committed 7360K, reserved 1048576K
}
Event: 25.187 GC heap before
{Heap before GC invocations=17 (full 0):
 garbage-first heap   total 75776K, used 59742K [0x0000000705400000, 0x0000000800000000)
  region size 2048K, 13 young (26624K), 1 survivors (2048K)
 Metaspace       used 50046K, committed 50432K, reserved 1097728K
  class space    used 7182K, committed 7360K, reserved 1048576K
}
Event: 25.191 GC heap after
{Heap after GC invocations=18 (full 0):
 garbage-first heap   total 120832K, used 42088K [0x0000000705400000, 0x0000000800000000)
  region size 2048K, 2 young (4096K), 2 survivors (4096K)
 Metaspace       used 50046K, committed 50432K, reserved 1097728K
  class space    used 7182K, committed 7360K, reserved 1048576K
}
Event: 25.259 GC heap before
{Heap before GC invocations=18 (full 0):
 garbage-first heap   total 120832K, used 87144K [0x0000000705400000, 0x0000000800000000)
  region size 2048K, 24 young (49152K), 2 survivors (4096K)
 Metaspace       used 50046K, committed 50432K, reserved 1097728K
  class space    used 7182K, committed 7360K, reserved 1048576K
}
Event: 25.262 GC heap after
{Heap after GC invocations=19 (full 0):
 garbage-first heap   total 120832K, used 45478K [0x0000000705400000, 0x0000000800000000)
  region size 2048K, 2 young (4096K), 2 survivors (4096K)
 Metaspace       used 50046K, committed 50432K, reserved 1097728K
  class space    used 7182K, committed 7360K, reserved 1048576K
}
Event: 25.324 GC heap before
{Heap before GC invocations=19 (full 0):
 garbage-first heap   total 120832K, used 88486K [0x0000000705400000, 0x0000000800000000)
  region size 2048K, 23 young (47104K), 2 survivors (4096K)
 Metaspace       used 50046K, committed 50432K, reserved 1097728K
  class space    used 7182K, committed 7360K, reserved 1048576K
}
Event: 25.326 GC heap after
{Heap after GC invocations=20 (full 0):
 garbage-first heap   total 120832K, used 46391K [0x0000000705400000, 0x0000000800000000)
  region size 2048K, 2 young (4096K), 2 survivors (4096K)
 Metaspace       used 50046K, committed 50432K, reserved 1097728K
  class space    used 7182K, committed 7360K, reserved 1048576K
}
Event: 25.382 GC heap before
{Heap before GC invocations=20 (full 0):
 garbage-first heap   total 120832K, used 91447K [0x0000000705400000, 0x0000000800000000)
  region size 2048K, 24 young (49152K), 2 survivors (4096K)
 Metaspace       used 50046K, committed 50432K, reserved 1097728K
  class space    used 7182K, committed 7360K, reserved 1048576K
}
Event: 25.385 GC heap after
{Heap after GC invocations=21 (full 0):
 garbage-first heap   total 120832K, used 47537K [0x0000000705400000, 0x0000000800000000)
  region size 2048K, 2 young (4096K), 2 survivors (4096K)
 Metaspace       used 50046K, committed 50432K, reserved 1097728K
  class space    used 7182K, committed 7360K, reserved 1048576K
}
Event: 25.457 GC heap before
{Heap before GC invocations=21 (full 0):
 garbage-first heap   total 120832K, used 92593K [0x0000000705400000, 0x0000000800000000)
  region size 2048K, 24 young (49152K), 2 survivors (4096K)
 Metaspace       used 50047K, committed 50432K, reserved 1097728K
  class space    used 7182K, committed 7360K, reserved 1048576K
}

Deoptimization events (14 events):
Event: 0.870 Thread 0x0000021164f6a130 DEOPT PACKING pc=0x000002116cd4d679 sp=0x00000095d61fd770
Event: 0.870 Thread 0x0000021164f6a130 DEOPT UNPACKING pc=0x000002116c822b43 sp=0x00000095d61fcc50 mode 3
Event: 1.534 Thread 0x0000021164f6a130 DEOPT PACKING pc=0x000002116cd8acd4 sp=0x00000095d61fdc70
Event: 1.534 Thread 0x0000021164f6a130 DEOPT UNPACKING pc=0x000002116c822b43 sp=0x00000095d61fd1c8 mode 0
Event: 2.065 Thread 0x0000021164f6a130 DEOPT PACKING pc=0x000002116cfcfea5 sp=0x00000095d61fcba0
Event: 2.065 Thread 0x0000021164f6a130 DEOPT UNPACKING pc=0x000002116c822b43 sp=0x00000095d61fc108 mode 3
Event: 2.075 Thread 0x0000021164f6a130 DEOPT PACKING pc=0x000002116cd7f389 sp=0x00000095d61fec80
Event: 2.075 Thread 0x0000021164f6a130 DEOPT UNPACKING pc=0x000002116c822b43 sp=0x00000095d61fe110 mode 3
Event: 2.075 Thread 0x000002117ea50850 DEOPT PACKING pc=0x000002116cd3191f sp=0x00000095d87ff210
Event: 2.075 Thread 0x000002117ea50850 DEOPT UNPACKING pc=0x000002116c822b43 sp=0x00000095d87fe668 mode 3
Event: 6.692 Thread 0x0000021164f6a130 DEOPT PACKING pc=0x000002116cd69b52 sp=0x00000095d61fe250
Event: 6.692 Thread 0x0000021164f6a130 DEOPT UNPACKING pc=0x000002116c822b43 sp=0x00000095d61fd758 mode 3
Event: 6.692 Thread 0x0000021164f6a130 DEOPT PACKING pc=0x000002116cd355e5 sp=0x00000095d61fe210
Event: 6.692 Thread 0x0000021164f6a130 DEOPT UNPACKING pc=0x000002116c822b43 sp=0x00000095d61fd758 mode 3

Classes unloaded (0 events):
No events

Classes redefined (0 events):
No events

Internal exceptions (20 events):
Event: 6.509 Thread 0x0000021164f6a130 Exception <a 'java/lang/reflect/InvocationTargetException'{0x000000070915db08}> (0x000000070915db08) 
thrown [s\open\src\hotspot\share\runtime\reflection.cpp, line 1121]
Event: 6.558 Thread 0x0000021164f6a130 Exception <a 'java/lang/ClassNotFoundException'{0x0000000708c4fb38}: java/lang/ObjectCustomizer> (0x0000000708c4fb38) 
thrown [s\open\src\hotspot\share\classfile\systemDictionary.cpp, line 256]
Event: 6.558 Thread 0x0000021164f6a130 Exception <a 'java/lang/ClassNotFoundException'{0x0000000708c57a68}: org/springframework/web/servlet/config/annotation/WebMvcConfigurationSupportCustomizer> (0x0000000708c57a68) 
thrown [s\open\src\hotspot\share\classfile\systemDictionary.cpp, line 256]
Event: 6.559 Thread 0x0000021164f6a130 Exception <a 'java/lang/ClassNotFoundException'{0x0000000708c6bdd0}: org/springframework/web/servlet/config/annotation/DelegatingWebMvcConfigurationCustomizer> (0x0000000708c6bdd0) 
thrown [s\open\src\hotspot\share\classfile\systemDictionary.cpp, line 256]
Event: 6.559 Thread 0x0000021164f6a130 Exception <a 'java/lang/ClassNotFoundException'{0x0000000708c753e0}: org/springframework/boot/autoconfigure/web/servlet/WebMvcAutoConfiguration$EnableWebMvcConfigurationCustomizer> (0x0000000708c753e0) 
thrown [s\open\src\hotspot\share\classfile\systemDictionary.cpp, line 256]
Event: 6.560 Thread 0x0000021164f6a130 Exception <a 'java/lang/ClassNotFoundException'{0x0000000708c87668}: org/springframework/context/ResourceLoaderAwareCustomizer> (0x0000000708c87668) 
thrown [s\open\src\hotspot\share\classfile\systemDictionary.cpp, line 256]
Event: 6.560 Thread 0x0000021164f6a130 Exception <a 'java/lang/ClassNotFoundException'{0x0000000708c8c690}: org/springframework/beans/factory/AwareCustomizer> (0x0000000708c8c690) 
thrown [s\open\src\hotspot\share\classfile\systemDictionary.cpp, line 256]
Event: 6.560 Thread 0x0000021164f6a130 Exception <a 'java/lang/ClassNotFoundException'{0x0000000708c90af8}: org/springframework/context/ApplicationContextAwareCustomizer> (0x0000000708c90af8) 
thrown [s\open\src\hotspot\share\classfile\systemDictionary.cpp, line 256]
Event: 6.560 Thread 0x0000021164f6a130 Exception <a 'java/lang/ClassNotFoundException'{0x0000000708c96610}: org/springframework/beans/factory/AwareCustomizer> (0x0000000708c96610) 
thrown [s\open\src\hotspot\share\classfile\systemDictionary.cpp, line 256]
Event: 6.560 Thread 0x0000021164f6a130 Exception <a 'java/lang/ClassNotFoundException'{0x0000000708c9aa50}: org/springframework/web/context/ServletContextAwareCustomizer> (0x0000000708c9aa50) 
thrown [s\open\src\hotspot\share\classfile\systemDictionary.cpp, line 256]
Event: 6.560 Thread 0x0000021164f6a130 Exception <a 'java/lang/ClassNotFoundException'{0x0000000708c9feb0}: org/springframework/beans/factory/AwareCustomizer> (0x0000000708c9feb0) 
thrown [s\open\src\hotspot\share\classfile\systemDictionary.cpp, line 256]
Event: 6.633 Thread 0x0000021164f6a130 Exception <a 'java/lang/NoSuchMethodError'{0x0000000708742e00}: 'void java.lang.invoke.DirectMethodHandle$Holder.invokeVirtual(java.lang.Object, java.lang.Object, int)'> (0x0000000708742e00) 
thrown [s\open\src\hotspot\share\interpreter\linkResolver.cpp, line 759]
Event: 6.634 Thread 0x0000021164f6a130 Exception <a 'java/lang/NoSuchMethodError'{0x000000070875dc68}: 'void java.lang.invoke.DirectMethodHandle$Holder.invokeVirtual(java.lang.Object, java.lang.Object, long)'> (0x000000070875dc68) 
thrown [s\open\src\hotspot\share\interpreter\linkResolver.cpp, line 759]
Event: 6.698 Thread 0x0000021164f6a130 Exception <a 'java/lang/IncompatibleClassChangeError'{0x0000000708154dc8}: Found class java.lang.Object, but interface was expected> (0x0000000708154dc8) 
thrown [s\open\src\hotspot\share\interpreter\linkResolver.cpp, line 826]
Event: 6.713 Thread 0x000002117ec7d740 Exception <a 'java/lang/reflect/InvocationTargetException'{0x0000000707eb35e0}> (0x0000000707eb35e0) 
thrown [s\open\src\hotspot\share\runtime\reflection.cpp, line 1121]
Event: 6.718 Thread 0x0000021164f6a130 Exception <a 'java/lang/NoSuchMethodError'{0x0000000707f2cc20}: 'int java.lang.invoke.DirectMethodHandle$Holder.invokeStaticInit(java.lang.Object, java.lang.Object, java.lang.Object, java.lang.Object)'> (0x0000000707f2cc20) 
thrown [s\open\src\hotspot\share\interpreter\linkResolver.cpp, line 759]
Event: 6.774 Thread 0x0000021164f6a130 Exception <a 'java/lang/NoSuchMethodError'{0x0000000714ef8e18}: 'java.lang.Object java.lang.invoke.DirectMethodHandle$Holder.invokeSpecial(java.lang.Object, java.lang.Object, int, java.lang.Object, int, java.lang.Object)'> (0x0000000714ef8e18) 
thrown [s\open\src\hotspot\share\interpreter\linkResolver.cpp, line 759]
Event: 6.774 Thread 0x0000021164f6a130 Exception <a 'java/lang/NoSuchMethodError'{0x0000000714f00c18}: 'java.lang.Object java.lang.invoke.DirectMethodHandle$Holder.newInvokeSpecial(java.lang.Object, java.lang.Object, int, java.lang.Object, int)'> (0x0000000714f00c18) 
thrown [s\open\src\hotspot\share\interpreter\linkResolver.cpp, line 759]
Event: 6.774 Thread 0x0000021164f6a130 Exception <a 'java/lang/NoSuchMethodError'{0x0000000714f04d18}: 'java.lang.Object java.lang.invoke.DirectMethodHandle$Holder.invokeSpecial(java.lang.Object, java.lang.Object, java.lang.Object, int, java.lang.Object, int)'> (0x0000000714f04d18) 
thrown [s\open\src\hotspot\share\interpreter\linkResolver.cpp, line 759]
Event: 6.775 Thread 0x0000021164f6a130 Exception <a 'java/lang/NoSuchMethodError'{0x0000000714f0e928}: 'void java.lang.invoke.DirectMethodHandle$Holder.invokeVirtual(java.lang.Object, java.lang.Object)'> (0x0000000714f0e928) 
thrown [s\open\src\hotspot\share\interpreter\linkResolver.cpp, line 759]

VM Operations (20 events):
Event: 24.448 Executing VM operation: Cleanup done
Event: 24.544 Executing VM operation: G1CollectForAllocation
Event: 24.549 Executing VM operation: G1CollectForAllocation done
Event: 24.588 Executing VM operation: G1CollectForAllocation
Event: 24.591 Executing VM operation: G1CollectForAllocation done
Event: 24.944 Executing VM operation: G1CollectForAllocation
Event: 24.945 Executing VM operation: G1CollectForAllocation done
Event: 25.115 Executing VM operation: G1CollectForAllocation
Event: 25.116 Executing VM operation: G1CollectForAllocation done
Event: 25.152 Executing VM operation: G1CollectForAllocation
Event: 25.154 Executing VM operation: G1CollectForAllocation done
Event: 25.187 Executing VM operation: G1CollectForAllocation
Event: 25.191 Executing VM operation: G1CollectForAllocation done
Event: 25.259 Executing VM operation: G1CollectForAllocation
Event: 25.262 Executing VM operation: G1CollectForAllocation done
Event: 25.324 Executing VM operation: G1CollectForAllocation
Event: 25.326 Executing VM operation: G1CollectForAllocation done
Event: 25.382 Executing VM operation: G1CollectForAllocation
Event: 25.385 Executing VM operation: G1CollectForAllocation done
Event: 25.457 Executing VM operation: G1CollectForAllocation

Events (20 events):
Event: 24.379 loading class java/util/concurrent/LinkedBlockingDeque done
Event: 24.379 loading class java/util/concurrent/Semaphore
Event: 24.379 loading class java/util/concurrent/Semaphore done
Event: 24.379 loading class java/util/concurrent/Semaphore$NonfairSync
Event: 24.379 loading class java/util/concurrent/Semaphore$Sync
Event: 24.379 loading class java/util/concurrent/Semaphore$Sync done
Event: 24.379 loading class java/util/concurrent/Semaphore$NonfairSync done
Event: 24.379 loading class sun/nio/ch/SocketAdaptor
Event: 24.379 loading class sun/nio/ch/SocketAdaptor done
Event: 24.379 loading class sun/nio/ch/SocketChannelImpl$DefaultOptionsHolder
Event: 24.379 loading class sun/nio/ch/SocketChannelImpl$DefaultOptionsHolder done
Event: 24.380 loading class sun/nio/ch/SelectionKeyImpl
Event: 24.380 loading class java/nio/channels/spi/AbstractSelectionKey
Event: 24.380 loading class java/nio/channels/SelectionKey
Event: 24.380 loading class java/nio/channels/SelectionKey done
Event: 24.380 loading class java/nio/channels/spi/AbstractSelectionKey done
Event: 24.380 loading class sun/nio/ch/SelectionKeyImpl done
Event: 24.380 loading class java/lang/invoke/ConstantBootstraps
Event: 24.380 loading class java/lang/invoke/ConstantBootstraps done
Event: 24.510 Thread 0x000002117cead0d0 Thread added: 0x000002117cead0d0


Dynamic libraries:
0x00007ff72f210000 - 0x00007ff72f220000 	C:\Program Files\Java\jdk-17.0.5\bin\java.exe
0x00007ff991dd0000 - 0x00007ff991fe4000 	C:\WINDOWS\SYSTEM32\ntdll.dll
0x00007ff990140000 - 0x00007ff990203000 	C:\WINDOWS\System32\KERNEL32.DLL
0x00007ff98f280000 - 0x00007ff98f61c000 	C:\WINDOWS\System32\KERNELBASE.dll
0x00007ff98f740000 - 0x00007ff98f851000 	C:\WINDOWS\System32\ucrtbase.dll
0x00007ff95e590000 - 0x00007ff95e5a8000 	C:\Program Files\Java\jdk-17.0.5\bin\jli.dll
0x00007ff991ce0000 - 0x00007ff991d8e000 	C:\WINDOWS\System32\ADVAPI32.dll
0x00007ff98fe40000 - 0x00007ff98fee7000 	C:\WINDOWS\System32\msvcrt.dll
0x00007ff98fd10000 - 0x00007ff98fdb4000 	C:\WINDOWS\System32\sechost.dll
0x00007ff95def0000 - 0x00007ff95df0a000 	C:\Program Files\Java\jdk-17.0.5\bin\VCRUNTIME140.dll
0x00007ff991900000 - 0x00007ff991a15000 	C:\WINDOWS\System32\RPCRT4.dll
0x00007ff9914c0000 - 0x00007ff99166d000 	C:\WINDOWS\System32\USER32.dll
0x00007ff98f860000 - 0x00007ff98f886000 	C:\WINDOWS\System32\win32u.dll
0x00007ff97afa0000 - 0x00007ff97b22e000 	C:\WINDOWS\WinSxS\amd64_microsoft.windows.common-controls_6595b64144ccf1df_6.0.22621.608_none_a9444ca7c10bb01d\COMCTL32.dll
0x00007ff98fef0000 - 0x00007ff98ff19000 	C:\WINDOWS\System32\GDI32.dll
0x00007ff98f620000 - 0x00007ff98f733000 	C:\WINDOWS\System32\gdi32full.dll
0x00007ff98fa00000 - 0x00007ff98fa9a000 	C:\WINDOWS\System32\msvcp_win.dll
0x00007ff98de90000 - 0x00007ff98de9a000 	C:\WINDOWS\SYSTEM32\VERSION.dll
0x00007ff990850000 - 0x00007ff990881000 	C:\WINDOWS\System32\IMM32.DLL
0x00007ff98a1c0000 - 0x00007ff98a1cc000 	C:\Program Files\Java\jdk-17.0.5\bin\vcruntime140_1.dll
0x00007ff93f410000 - 0x00007ff93f49d000 	C:\Program Files\Java\jdk-17.0.5\bin\msvcp140.dll
0x00007ff93d240000 - 0x00007ff93de02000 	C:\Program Files\Java\jdk-17.0.5\bin\server\jvm.dll
0x00007ff98fe30000 - 0x00007ff98fe38000 	C:\WINDOWS\System32\PSAPI.DLL
0x00007ff989040000 - 0x00007ff989049000 	C:\WINDOWS\SYSTEM32\WSOCK32.dll
0x00007ff991ac0000 - 0x00007ff991b31000 	C:\WINDOWS\System32\WS2_32.dll
0x00007ff987d30000 - 0x00007ff987d64000 	C:\WINDOWS\SYSTEM32\WINMM.dll
0x00007ff98e220000 - 0x00007ff98e238000 	C:\WINDOWS\SYSTEM32\kernel.appcore.dll
0x00007ff97c7e0000 - 0x00007ff97c7ea000 	C:\Program Files\Java\jdk-17.0.5\bin\jimage.dll
0x00007ff976ac0000 - 0x00007ff976cee000 	C:\WINDOWS\SYSTEM32\DBGHELP.DLL
0x00007ff991080000 - 0x00007ff991409000 	C:\WINDOWS\System32\combase.dll
0x00007ff98ff40000 - 0x00007ff990017000 	C:\WINDOWS\System32\OLEAUT32.dll
0x00007ff97de60000 - 0x00007ff97de92000 	C:\WINDOWS\SYSTEM32\dbgcore.DLL
0x00007ff98faa0000 - 0x00007ff98fb1b000 	C:\WINDOWS\System32\bcryptPrimitives.dll
0x00007ff98aa50000 - 0x00007ff98aa5e000 	C:\Program Files\Java\jdk-17.0.5\bin\instrument.dll
0x00007ff95dec0000 - 0x00007ff95dee5000 	C:\Program Files\Java\jdk-17.0.5\bin\java.dll
0x00007ff93f330000 - 0x00007ff93f406000 	C:\Program Files\Java\jdk-17.0.5\bin\jsvml.dll
0x00007ff990890000 - 0x00007ff991080000 	C:\WINDOWS\System32\SHELL32.dll
0x00007ff98d540000 - 0x00007ff98de0e000 	C:\WINDOWS\SYSTEM32\windows.storage.dll
0x00007ff98d400000 - 0x00007ff98d53e000 	C:\WINDOWS\SYSTEM32\wintypes.dll
0x00007ff9916f0000 - 0x00007ff9917e1000 	C:\WINDOWS\System32\SHCORE.dll
0x00007ff991410000 - 0x00007ff99146e000 	C:\WINDOWS\System32\shlwapi.dll
0x00007ff98f140000 - 0x00007ff98f161000 	C:\WINDOWS\SYSTEM32\profapi.dll
0x00007ff95d390000 - 0x00007ff95d3a8000 	C:\Program Files\Java\jdk-17.0.5\bin\zip.dll
0x00007ff95dea0000 - 0x00007ff95deb9000 	C:\Program Files\Java\jdk-17.0.5\bin\net.dll
0x00007ff987720000 - 0x00007ff98784f000 	C:\WINDOWS\SYSTEM32\WINHTTP.dll
0x00007ff98e680000 - 0x00007ff98e6e9000 	C:\WINDOWS\system32\mswsock.dll
0x00007ff95de80000 - 0x00007ff95de96000 	C:\Program Files\Java\jdk-17.0.5\bin\nio.dll
0x00007ff98aa30000 - 0x00007ff98aa4a000 	C:\Program Files\JetBrains\IntelliJ IDEA 2022.3.2\bin\breakgen64.dll
0x00007ff98d130000 - 0x00007ff98d223000 	C:\WINDOWS\SYSTEM32\DNSAPI.dll
0x00007ff98d100000 - 0x00007ff98d12d000 	C:\WINDOWS\SYSTEM32\IPHLPAPI.DLL
0x00007ff9917f0000 - 0x00007ff9917f9000 	C:\WINDOWS\System32\NSI.dll
0x00007ff97f150000 - 0x00007ff97f15a000 	C:\Windows\System32\rasadhlp.dll
0x00007ff985f70000 - 0x00007ff985ff3000 	C:\WINDOWS\System32\fwpuclnt.dll
0x00007ff95f780000 - 0x00007ff95f789000 	C:\Program Files\Java\jdk-17.0.5\bin\management.dll
0x00007ff95f770000 - 0x00007ff95f77b000 	C:\Program Files\Java\jdk-17.0.5\bin\management_ext.dll
0x00007ff98e9a0000 - 0x00007ff98e9bb000 	C:\WINDOWS\SYSTEM32\CRYPTSP.dll
0x00007ff98e190000 - 0x00007ff98e1c5000 	C:\WINDOWS\system32\rsaenh.dll
0x00007ff98e720000 - 0x00007ff98e748000 	C:\WINDOWS\SYSTEM32\USERENV.dll
0x00007ff98eaf0000 - 0x00007ff98eb18000 	C:\WINDOWS\SYSTEM32\bcrypt.dll
0x00007ff98e980000 - 0x00007ff98e98c000 	C:\WINDOWS\SYSTEM32\CRYPTBASE.dll
0x00007ff987cf0000 - 0x00007ff987d09000 	C:\WINDOWS\SYSTEM32\dhcpcsvc6.DLL
0x00007ff987010000 - 0x00007ff98702f000 	C:\WINDOWS\SYSTEM32\dhcpcsvc.DLL
0x00007ff979640000 - 0x00007ff979657000 	C:\WINDOWS\system32\napinsp.dll
0x00007ff9795c0000 - 0x00007ff9795db000 	C:\WINDOWS\system32\pnrpnsp.dll
0x00007ff9790c0000 - 0x00007ff9790d1000 	C:\WINDOWS\System32\winrnr.dll
0x00007ff987e20000 - 0x00007ff987e35000 	C:\WINDOWS\system32\wshbth.dll
0x00007ff979060000 - 0x00007ff979081000 	C:\WINDOWS\system32\nlansp_c.dll
0x00007ff970380000 - 0x00007ff970390000 	C:\Program Files\Java\jdk-17.0.5\bin\verify.dll
0x00007ff95f760000 - 0x00007ff95f76e000 	C:\Program Files\Java\jdk-17.0.5\bin\sunmscapi.dll
0x00007ff98f890000 - 0x00007ff98f9f6000 	C:\WINDOWS\System32\CRYPT32.dll
0x00007ff98eac0000 - 0x00007ff98eaed000 	C:\WINDOWS\SYSTEM32\ncrypt.dll
0x00007ff98ea80000 - 0x00007ff98eab7000 	C:\WINDOWS\SYSTEM32\NTASN1.dll
0x00007ff95ea70000 - 0x00007ff95ea78000 	C:\WINDOWS\system32\wshunix.dll

dbghelp: loaded successfully - version: 4.0.5 - missing functions: none
symbol engine: initialized successfully - sym options: 0x614 - pdb path: .;C:\Program Files\Java\jdk-17.0.5\bin;C:\WINDOWS\SYSTEM32;C:\WINDOWS\WinSxS\amd64_microsoft.windows.common-controls_6595b64144ccf1df_6.0.22621.608_none_a9444ca7c10bb01d;C:\Program Files\Java\jdk-17.0.5\bin\server;C:\Program Files\JetBrains\IntelliJ IDEA 2022.3.2\bin

VM Arguments:
jvm_args: -XX:TieredStopAtLevel=1 -Dspring.output.ansi.enabled=always -Dcom.sun.management.jmxremote -Dspring.jmx.enabled=true -Dspring.liveBeansView.mbeanDomain -Dspring.application.admin.enabled=true -Dmanagement.endpoints.jmx.exposure.include=* -javaagent:C:\Program Files\JetBrains\IntelliJ IDEA 2022.3.2\lib\idea_rt.jar=55492:C:\Program Files\JetBrains\IntelliJ IDEA 2022.3.2\bin -Dfile.encoding=UTF-8 
java_command: com.vindemo.translation.TranslationApplication
java_class_path (initial): F:\vinTest\temp-07\translation\target\classes;C:\Users\vutam\.m2\repository\org\springframework\boot\spring-boot-starter\2.7.9\spring-boot-starter-2.7.9.jar;C:\Users\vutam\.m2\repository\org\springframework\boot\spring-boot\2.7.9\spring-boot-2.7.9.jar;C:\Users\vutam\.m2\repository\org\springframework\spring-context\5.3.25\spring-context-5.3.25.jar;C:\Users\vutam\.m2\repository\org\springframework\boot\spring-boot-autoconfigure\2.7.9\spring-boot-autoconfigure-2.7.9.jar;C:\Users\vutam\.m2\repository\org\springframework\boot\spring-boot-starter-logging\2.7.9\spring-boot-starter-logging-2.7.9.jar;C:\Users\vutam\.m2\repository\ch\qos\logback\logback-classic\1.2.11\logback-classic-1.2.11.jar;C:\Users\vutam\.m2\repository\ch\qos\logback\logback-core\1.2.11\logback-core-1.2.11.jar;C:\Users\vutam\.m2\repository\org\apache\logging\log4j\log4j-to-slf4j\2.17.2\log4j-to-slf4j-2.17.2.jar;C:\Users\vutam\.m2\repository\org\apache\logging\log4j\log4j-api\2.17.2\log4j-api-2.17.2.jar;C:\Users\vutam\.m2\repository\org\slf4j\jul-to-slf4j\1.7.36\jul-to-slf4j-1.7.36.jar;C:\Users\vutam\.m2\repository\jakarta\annotation\jakarta.annotation-api\1.3.5\jakarta.annotation-api-1.3.5.jar;C:\Users\vutam\.m2\repository\org\springframework\spring-core\5.3.25\spring-core-5.3.25.jar;C:\Users\vutam\.m2\repository\org\springframework\spring-jcl\5.3.25\spring-jcl-5.3.25.jar;C:\Users\vutam\.m2\repository\org\yaml\snakeyaml\1.30\snakeyaml-1.30.jar;C:\Users\vutam\.m2\repository\org\postgresql\postgresql\42.3.1\postgresql-42.3.1.jar;C:\Users\vutam\.m2\repository\org\checkerframework\checker-qual\3.5.0\checker-qual-3.5.0.jar;C:\Users\vutam\.m2\repository\org\projectlombok\lombok\1.18.26\lombok-1.18.26.jar;C:\Users\vutam\.m2\repository\org\slf4j\slf4j-api\1.7.36\slf4j-api-1.7.36.jar;C:\Users\vutam\.m2\repository\jakarta\xml\bind\jakarta.xml.bind-api\2.3.3\jakarta.xml.bind-api-2.3.3.jar;C:\Users\vutam\.m2\repository\jakarta\activation\jakarta.activation-api\1.2.2\jakarta.activation-a
Launcher Type: SUN_STANDARD

[Global flags]
     intx CICompilerCount                          = 4                                         {product} {ergonomic}
     uint ConcGCThreads                            = 3                                         {product} {ergonomic}
     uint G1ConcRefinementThreads                  = 10                                        {product} {ergonomic}
   size_t G1HeapRegionSize                         = 2097152                                   {product} {ergonomic}
    uintx GCDrainStackTargetSize                   = 64                                        {product} {ergonomic}
   size_t InitialHeapSize                          = 264241152                                 {product} {ergonomic}
     bool ManagementServer                         = true                                      {product} {command line}
   size_t MarkStackSize                            = 4194304                                   {product} {ergonomic}
   size_t MaxHeapSize                              = 4206886912                                {product} {ergonomic}
   size_t MaxNewSize                               = 2522873856                                {product} {ergonomic}
   size_t MinHeapDeltaBytes                        = 2097152                                   {product} {ergonomic}
   size_t MinHeapSize                              = 8388608                                   {product} {ergonomic}
    uintx NonProfiledCodeHeapSize                  = 0                                      {pd product} {ergonomic}
     bool ProfileInterpreter                       = false                                  {pd product} {command line}
    uintx ProfiledCodeHeapSize                     = 0                                      {pd product} {ergonomic}
   size_t SoftMaxHeapSize                          = 4206886912                             {manageable} {ergonomic}
     intx TieredStopAtLevel                        = 1                                         {product} {command line}
     bool UseCompressedClassPointers               = true                           {product lp64_product} {ergonomic}
     bool UseCompressedOops                        = true                           {product lp64_product} {ergonomic}
     bool UseG1GC                                  = true                                      {product} {ergonomic}
     bool UseLargePagesIndividualAllocation        = false                                  {pd product} {ergonomic}

Logging:
Log output configuration:
 #0: stdout all=warning uptime,level,tags
 #1: stderr all=off uptime,level,tags

Environment Variables:
JAVA_HOME=C:\Program Files\Java\jdk-17.0.5
PATH=C:\Program Files (x86)\VMware\VMware Workstation\bin\;C:\Program Files\Common Files\Oracle\Java\javapath;F:\Projects\WINDOWS.X64_193000_db_home\bin;C:\Python310\Scripts\;C:\Python310\;C:\WINDOWS\system32;C:\WINDOWS;C:\WINDOWS\System32\Wbem;C:\WINDOWS\System32\WindowsPowerShell\v1.0\;C:\WINDOWS\System32\OpenSSH\;C:\Program Files\Git\cmd;C:\ProgramData\chocolatey\bin;C:\nodejs;C:\Program Files\Amazon\AWSCLIV2\;C:\Program Files\VisualSVN Server\bin;C:\Users\vutam\OneDrive\Data\rclone;F:\Projects\Tools\gradle-7.5.1-bin\gradle-7.5.1\bin;C:\Program Files\Java\jdk-17.0.5\bin;C:\Program Files\Cloudflare\Cloudflare WARP\;C:\Program Files\nodejs\node_modules\npm\bin;C:\Program Files\nodejs;C:\Program Files\dotnet\;F:\Projects\Tools\mongodb\bin;F:\Projects\Tools\mongo-sh\bin;F:\Projects\Tools\apache-maven-3.9.0\bin;;C:\Program Files\Docker\Docker\resources\bin;C:\Users\vutam\AppData\Local\Microsoft\WindowsApps;C:\Users\vutam\AppData\Local\Programs\Microsoft VS Code\bin;C:\Program Files\nodejs;C:\Users\vutam\OneDrive\Data\rclone;F:\Projects\Tools\gradle-7.5.1-bin\gradle-7.5.1\bin;C:\Program Files\Java\jdk-17.0.5\bin;C:\Users\vutam\AppData\Roaming\npm;C:\Python310;F:\Projects\Tools\mongodb\bin;F:\Projects\Tools\mongo-sh\bin;F:\Projects\Tools\apache-maven-3.9.0\bin;C:\Users\vutam\AppData\Local\JetBrains\Toolbox\scripts;
USERNAME=vutam
OS=Windows_NT
PROCESSOR_IDENTIFIER=Intel64 Family 6 Model 165 Stepping 3, GenuineIntel



---------------  S Y S T E M  ---------------

OS:
 Windows 11 , 64 bit Build 22621 (10.0.22621.1344)
OS uptime: 0 days 0:57 hours
Hyper-V role detected

CPU: total 12 (initial active 12) (6 cores per cpu, 2 threads per core) family 6 model 165 stepping 3 microcode 0xe0, cx8, cmov, fxsr, ht, mmx, 3dnowpref, sse, sse2, sse3, ssse3, sse4.1, sse4.2, popcnt, lzcnt, tsc, tscinvbit, avx, avx2, aes, erms, clmul, bmi1, bmi2, adx, fma, vzeroupper, clflush, clflushopt, hv

Memory: 4k page, system-wide physical 16045M (1214M free)
TotalPageFile size 18093M (AvailPageFile size 14M)
current process WorkingSet (physical memory assigned to process): 238M, peak: 238M
current process commit charge ("private bytes"): 297M, peak: 380M

vm_info: Java HotSpot(TM) 64-Bit Server VM (17.0.5+9-LTS-191) for windows-amd64 JRE (17.0.5+9-LTS-191), built on Sep 13 2022 17:31:43 by "mach5one" with MS VC++ 16.8 / 16.9 (VS2019)

END.
