#
# There is insufficient memory for the Java Runtime Environment to continue.
# Native memory allocation (mmap) failed to map 134217728 bytes for G1 virtual space
# Possible reasons:
#   The system is out of physical RAM or swap space
#   The process is running with CompressedOops enabled, and the Java Heap may be blocking the growth of the native heap
# Possible solutions:
#   Reduce memory load on the system
#   Increase physical memory or swap space
#   Check if swap backing store is full
#   Decrease Java heap size (-Xmx/-Xms)
#   Decrease number of Java threads
#   Decrease Java thread stack sizes (-Xss)
#   Set larger code cache with -XX:ReservedCodeCacheSize=
#   JVM is running with Zero Based Compressed Oops mode in which the Java heap is
#     placed in the first 32GB address space. The Java Heap base address is the
#     maximum limit for the native heap growth. Please use -XX:HeapBaseMinAddress
#     to set the Java Heap base and to place the Java Heap above 32GB virtual address.
# This output file may be truncated or incomplete.
#
#  Out of Memory Error (os_windows.cpp:3541), pid=19024, tid=16296
#
# JRE version: Java(TM) SE Runtime Environment (17.0.5+9) (build 17.0.5+9-LTS-191)
# Java VM: Java HotSpot(TM) 64-Bit Server VM (17.0.5+9-LTS-191, mixed mode, emulated-client, sharing, tiered, compressed oops, compressed class ptrs, g1 gc, windows-amd64)
# No core dump will be written. Minidumps are not enabled by default on client versions of Windows
#

---------------  S U M M A R Y ------------

Command Line: -XX:TieredStopAtLevel=1 -Dspring.output.ansi.enabled=always -Dcom.sun.management.jmxremote -Dspring.jmx.enabled=true -Dspring.liveBeansView.mbeanDomain -Dspring.application.admin.enabled=true -Dmanagement.endpoints.jmx.exposure.include=* -javaagent:C:\Program Files\JetBrains\IntelliJ IDEA 2022.3.2\lib\idea_rt.jar=55028:C:\Program Files\JetBrains\IntelliJ IDEA 2022.3.2\bin -Dfile.encoding=UTF-8 com.vindemo.translation.TranslationApplication

Host: Intel(R) Core(TM) i5-10400 CPU @ 2.90GHz, 12 cores, 15G,  Windows 11 , 64 bit Build 22621 (10.0.22621.1344)
Time: Tue Mar  7 10:23:55 2023 SE Asia Standard Time elapsed time: 41.259116 seconds (0d 0h 0m 41s)

---------------  T H R E A D  ---------------

Current thread (0x00000218cfee1130):  VMThread "VM Thread" [stack: 0x000000917c000000,0x000000917c100000] [id=16296]

Stack: [0x000000917c000000,0x000000917c100000]
Native frames: (J=compiled Java code, j=interpreted, Vv=VM code, C=native code)
V  [jvm.dll+0x672eea]
V  [jvm.dll+0x7d2a04]
V  [jvm.dll+0x7d41ae]
V  [jvm.dll+0x7d4813]
V  [jvm.dll+0x242c15]
V  [jvm.dll+0x66fe09]
V  [jvm.dll+0x664682]
V  [jvm.dll+0x300e8b]
V  [jvm.dll+0x308426]
V  [jvm.dll+0x357ffe]
V  [jvm.dll+0x35822f]
V  [jvm.dll+0x2d80a8]
V  [jvm.dll+0x2d6374]
V  [jvm.dll+0x2d597c]
V  [jvm.dll+0x3193eb]
V  [jvm.dll+0x7d8ceb]
V  [jvm.dll+0x7d9a24]
V  [jvm.dll+0x7d9f3c]
V  [jvm.dll+0x7da314]
V  [jvm.dll+0x7da3e0]
V  [jvm.dll+0x782b4a]
V  [jvm.dll+0x671d75]
C  [ucrtbase.dll+0x29363]
C  [KERNEL32.DLL+0x126bd]
C  [ntdll.dll+0x5a9f8]

VM_Operation (0x000000917ccfc540): G1CollectForAllocation, mode: safepoint, requested by thread 0x00000218d2a05200


---------------  P R O C E S S  ---------------

Threads class SMR info:
_java_thread_list=0x00000218d105d0e0, length=34, elements={
0x00000218cfee7620, 0x00000218cfee7de0, 0x00000218cfefdd60, 0x00000218cfefe320,
0x00000218cfefe8e0, 0x00000218d08024a0, 0x00000218d0806e30, 0x00000218d080a410,
0x00000218cfed2680, 0x00000218d0c96580, 0x00000218d0c96a50, 0x00000218d0ddc0b0,
0x00000218d26c0730, 0x00000218d2732c20, 0x00000218d27a5f50, 0x00000218d2a586a0,
0x00000218d2a69780, 0x00000218d2a073b0, 0x00000218d2a05200, 0x00000218d2a05ba0,
0x00000218d2a06070, 0x00000218d2a08220, 0x00000218d2a07880, 0x00000218d2a086f0,
0x00000218d2a06540, 0x00000218d2a08bc0, 0x00000218d2a06ee0, 0x00000218d2a06a10,
0x00000218d2a07d50, 0x00000218d31eb170, 0x00000218d31e9e30, 0x00000218d31eaca0,
0x00000218d31ea300, 0x00000218d08f2480
}

Java Threads: ( => current thread )
  0x00000218cfee7620 JavaThread "Reference Handler" daemon [_thread_blocked, id=19240, stack(0x000000917c100000,0x000000917c200000)]
  0x00000218cfee7de0 JavaThread "Finalizer" daemon [_thread_blocked, id=18580, stack(0x000000917c200000,0x000000917c300000)]
  0x00000218cfefdd60 JavaThread "Signal Dispatcher" daemon [_thread_blocked, id=5060, stack(0x000000917c300000,0x000000917c400000)]
  0x00000218cfefe320 JavaThread "Attach Listener" daemon [_thread_blocked, id=12304, stack(0x000000917c400000,0x000000917c500000)]
  0x00000218cfefe8e0 JavaThread "Service Thread" daemon [_thread_blocked, id=16420, stack(0x000000917c500000,0x000000917c600000)]
  0x00000218d08024a0 JavaThread "Monitor Deflation Thread" daemon [_thread_blocked, id=20220, stack(0x000000917c600000,0x000000917c700000)]
  0x00000218d0806e30 JavaThread "C1 CompilerThread0" daemon [_thread_blocked, id=15136, stack(0x000000917c700000,0x000000917c800000)]
  0x00000218d080a410 JavaThread "Sweeper thread" daemon [_thread_blocked, id=14052, stack(0x000000917c800000,0x000000917c900000)]
  0x00000218cfed2680 JavaThread "Common-Cleaner" daemon [_thread_blocked, id=12628, stack(0x000000917c900000,0x000000917ca00000)]
  0x00000218d0c96580 JavaThread "Monitor Ctrl-Break" daemon [_thread_in_native, id=2060, stack(0x000000917cd00000,0x000000917ce00000)]
  0x00000218d0c96a50 JavaThread "Notification Thread" daemon [_thread_blocked, id=3504, stack(0x000000917ce00000,0x000000917cf00000)]
  0x00000218d0ddc0b0 JavaThread "RMI TCP Accept-0" daemon [_thread_in_native, id=9544, stack(0x000000917cf00000,0x000000917d000000)]
  0x00000218d26c0730 JavaThread "RMI TCP Connection(idle)" daemon [_thread_blocked, id=1640, stack(0x000000917d900000,0x000000917da00000)]
  0x00000218d2732c20 JavaThread "RMI Scheduler(0)" daemon [_thread_blocked, id=15140, stack(0x000000917dc00000,0x000000917dd00000)]
  0x00000218d27a5f50 JavaThread "Catalina-utility-1" [_thread_blocked, id=17136, stack(0x000000917df00000,0x000000917e000000)]
  0x00000218d2a586a0 JavaThread "Catalina-utility-2" [_thread_blocked, id=3216, stack(0x000000917e000000,0x000000917e100000)]
  0x00000218d2a69780 JavaThread "container-0" [_thread_blocked, id=11272, stack(0x000000917e100000,0x000000917e200000)]
  0x00000218d2a073b0 JavaThread "HikariPool-1 housekeeper" daemon [_thread_blocked, id=8744, stack(0x000000917e300000,0x000000917e400000)]
  0x00000218d2a05200 JavaThread "http-nio-18080-exec-1" daemon [_thread_blocked, id=17068, stack(0x000000917cc00000,0x000000917cd00000)]
  0x00000218d2a05ba0 JavaThread "http-nio-18080-exec-2" daemon [_thread_blocked, id=10852, stack(0x000000917e500000,0x000000917e600000)]
  0x00000218d2a06070 JavaThread "http-nio-18080-exec-3" daemon [_thread_blocked, id=4696, stack(0x000000917e600000,0x000000917e700000)]
  0x00000218d2a08220 JavaThread "http-nio-18080-exec-4" daemon [_thread_blocked, id=19600, stack(0x000000917e700000,0x000000917e800000)]
  0x00000218d2a07880 JavaThread "http-nio-18080-exec-5" daemon [_thread_blocked, id=8008, stack(0x000000917e800000,0x000000917e900000)]
  0x00000218d2a086f0 JavaThread "http-nio-18080-exec-6" daemon [_thread_blocked, id=19668, stack(0x000000917e900000,0x000000917ea00000)]
  0x00000218d2a06540 JavaThread "http-nio-18080-exec-7" daemon [_thread_blocked, id=15344, stack(0x000000917ea00000,0x000000917eb00000)]
  0x00000218d2a08bc0 JavaThread "http-nio-18080-exec-8" daemon [_thread_blocked, id=16324, stack(0x000000917eb00000,0x000000917ec00000)]
  0x00000218d2a06ee0 JavaThread "http-nio-18080-exec-9" daemon [_thread_blocked, id=18576, stack(0x000000917ec00000,0x000000917ed00000)]
  0x00000218d2a06a10 JavaThread "http-nio-18080-exec-10" daemon [_thread_blocked, id=15728, stack(0x000000917ed00000,0x000000917ee00000)]
  0x00000218d2a07d50 JavaThread "http-nio-18080-Poller" daemon [_thread_in_native, id=16956, stack(0x000000917ee00000,0x000000917ef00000)]
  0x00000218d31eb170 JavaThread "http-nio-18080-Acceptor" daemon [_thread_in_native, id=3132, stack(0x000000917ef00000,0x000000917f000000)]
  0x00000218d31e9e30 JavaThread "DestroyJavaVM" [_thread_blocked, id=10024, stack(0x000000917ba00000,0x000000917bb00000)]
  0x00000218d31eaca0 JavaThread "RMI TCP Connection(idle)" daemon [_thread_blocked, id=19804, stack(0x000000917f100000,0x000000917f200000)]
  0x00000218d31ea300 JavaThread "RMI TCP Connection(idle)" daemon [_thread_blocked, id=17524, stack(0x000000917f000000,0x000000917f100000)]
  0x00000218d08f2480 JavaThread "C1 CompilerThread1" daemon [_thread_blocked, id=19344, stack(0x000000917cb00000,0x000000917cc00000)]

Other Threads:
=>0x00000218cfee1130 VMThread "VM Thread" [stack: 0x000000917c000000,0x000000917c100000] [id=16296]
  0x00000218b91be7e0 WatcherThread [stack: 0x000000917d000000,0x000000917d100000] [id=8672]
  0x00000218b91a54e0 GCTaskThread "GC Thread#0" [stack: 0x000000917bb00000,0x000000917bc00000] [id=16572]
  0x00000218d10f6790 GCTaskThread "GC Thread#1" [stack: 0x000000917d100000,0x000000917d200000] [id=20404]
  0x00000218d116f840 GCTaskThread "GC Thread#2" [stack: 0x000000917d200000,0x000000917d300000] [id=5296]
  0x00000218d116faf0 GCTaskThread "GC Thread#3" [stack: 0x000000917d300000,0x000000917d400000] [id=11988]
  0x00000218d10a6e40 GCTaskThread "GC Thread#4" [stack: 0x000000917d400000,0x000000917d500000] [id=10152]
  0x00000218d1186b40 GCTaskThread "GC Thread#5" [stack: 0x000000917d500000,0x000000917d600000] [id=6892]
  0x00000218d11b24f0 GCTaskThread "GC Thread#6" [stack: 0x000000917d600000,0x000000917d700000] [id=16140]
  0x00000218d11b2bb0 GCTaskThread "GC Thread#7" [stack: 0x000000917d700000,0x000000917d800000] [id=17284]
  0x00000218d1345910 GCTaskThread "GC Thread#8" [stack: 0x000000917da00000,0x000000917db00000] [id=3248]
  0x00000218d1324210 GCTaskThread "GC Thread#9" [stack: 0x000000917db00000,0x000000917dc00000] [id=7352]
  0x00000218b91b6040 ConcurrentGCThread "G1 Main Marker" [stack: 0x000000917bc00000,0x000000917bd00000] [id=20280]
  0x00000218b91b6a50 ConcurrentGCThread "G1 Conc#0" [stack: 0x000000917bd00000,0x000000917be00000] [id=4392]
  0x00000218d276b9c0 ConcurrentGCThread "G1 Conc#1" [stack: 0x000000917dd00000,0x000000917de00000] [id=11916]
  0x00000218d284fdd0 ConcurrentGCThread "G1 Conc#2" [stack: 0x000000917de00000,0x000000917df00000] [id=15396]
  0x00000218cfd9a570 ConcurrentGCThread "G1 Refine#0" [stack: 0x000000917be00000,0x000000917bf00000] [id=2668]
  0x00000218d1190100 ConcurrentGCThread "G1 Refine#1" [stack: 0x000000917d800000,0x000000917d900000] [id=13024]
  0x00000218d0ea8ad0 ConcurrentGCThread "G1 Refine#2" [stack: 0x000000917e400000,0x000000917e500000] [id=17764]
  0x00000218b6e90490 ConcurrentGCThread "G1 Refine#3" [stack: 0x000000917f200000,0x000000917f300000] [id=16872]
  0x00000218d3162ab0 ConcurrentGCThread "G1 Refine#4" [stack: 0x000000917f300000,0x000000917f400000] [id=18676]
  0x00000218d105e740 ConcurrentGCThread "G1 Refine#5" [stack: 0x000000917f400000,0x000000917f500000] [id=6260]
  0x00000218d312f510 ConcurrentGCThread "G1 Refine#6" [stack: 0x000000917f500000,0x000000917f600000] [id=15956]
  0x00000218d0f5bdd0 ConcurrentGCThread "G1 Refine#7" [stack: 0x000000917f600000,0x000000917f700000] [id=3560]
  0x00000218d0e46f10 ConcurrentGCThread "G1 Refine#8" [stack: 0x000000917f700000,0x000000917f800000] [id=19108]
  0x00000218cfd9cdc0 ConcurrentGCThread "G1 Service" [stack: 0x000000917bf00000,0x000000917c000000] [id=7440]

Threads with active compile tasks:

VM state: at safepoint (normal execution)

VM Mutex/Monitor currently owned by a thread:  ([mutex/lock_event])
[0x00000218b9136180] Threads_lock - owner thread: 0x00000218cfee1130
[0x00000218b9137800] Heap_lock - owner thread: 0x00000218d2a05200

Heap address: 0x0000000705400000, size: 4012 MB, Compressed Oops mode: Zero based, Oop shift amount: 3

CDS archive(s) mapped at: [0x0000000800000000-0x0000000800bd0000-0x0000000800bd0000), size 12386304, SharedBaseAddress: 0x0000000800000000, ArchiveRelocationMode: 0.
Compressed class space mapped at: 0x0000000800c00000-0x0000000840c00000, reserved size: 1073741824
Narrow klass base: 0x0000000800000000, Narrow klass shift: 0, Narrow klass range: 0x100000000

GC Precious Log:
 CPUs: 12 total, 12 available
 Memory: 16045M
 Large Page Support: Disabled
 NUMA Support: Disabled
 Compressed Oops: Enabled (Zero based)
 Heap Region Size: 2M
 Heap Min Capacity: 8M
 Heap Initial Capacity: 252M
 Heap Max Capacity: 4012M
 Pre-touch: Disabled
 Parallel Workers: 10
 Concurrent Workers: 3
 Concurrent Refinement Workers: 10
 Periodic GC: Disabled

Heap:
 garbage-first heap   total 464896K, used 216166K [0x0000000705400000, 0x0000000800000000)
  region size 2048K, 9 young (18432K), 9 survivors (18432K)
 Metaspace       used 50026K, committed 50368K, reserved 1097728K
  class space    used 7181K, committed 7360K, reserved 1048576K

Heap Regions: E=young(eden), S=young(survivor), O=old, HS=humongous(starts), HC=humongous(continues), CS=collection set, F=free, OA=open archive, CA=closed archive, TAMS=top-at-mark-start (previous, next)
|   0|0x0000000705400000, 0x0000000705600000, 0x0000000705600000|100%| O|  |TAMS 0x0000000705600000, 0x0000000705400000| Untracked 
|   1|0x0000000705600000, 0x0000000705800000, 0x0000000705800000|100%| O|  |TAMS 0x0000000705800000, 0x0000000705600000| Untracked 
|   2|0x0000000705800000, 0x0000000705a00000, 0x0000000705a00000|100%| O|  |TAMS 0x0000000705a00000, 0x0000000705800000| Untracked 
|   3|0x0000000705a00000, 0x0000000705c00000, 0x0000000705c00000|100%| O|  |TAMS 0x0000000705c00000, 0x0000000705a00000| Untracked 
|   4|0x0000000705c00000, 0x0000000705e00000, 0x0000000705e00000|100%| O|  |TAMS 0x0000000705e00000, 0x0000000705c00000| Untracked 
|   5|0x0000000705e00000, 0x0000000706000000, 0x0000000706000000|100%| O|  |TAMS 0x0000000706000000, 0x0000000705e00000| Untracked 
|   6|0x0000000706000000, 0x0000000706200000, 0x0000000706200000|100%| O|  |TAMS 0x0000000706200000, 0x0000000706000000| Untracked 
|   7|0x0000000706200000, 0x0000000706400000, 0x0000000706400000|100%| O|  |TAMS 0x0000000706400000, 0x0000000706200000| Untracked 
|   8|0x0000000706400000, 0x0000000706600000, 0x0000000706600000|100%| O|  |TAMS 0x0000000706600000, 0x0000000706400000| Untracked 
|   9|0x0000000706600000, 0x0000000706800000, 0x0000000706800000|100%| O|  |TAMS 0x0000000706800000, 0x0000000706600000| Untracked 
|  10|0x0000000706800000, 0x0000000706a00000, 0x0000000706a00000|100%| O|  |TAMS 0x0000000706a00000, 0x0000000706800000| Untracked 
|  11|0x0000000706a00000, 0x0000000706c00000, 0x0000000706c00000|100%| O|  |TAMS 0x0000000706c00000, 0x0000000706a00000| Untracked 
|  12|0x0000000706c00000, 0x0000000706e00000, 0x0000000706e00000|100%| O|  |TAMS 0x0000000706e00000, 0x0000000706c00000| Untracked 
|  13|0x0000000706e00000, 0x0000000707000000, 0x0000000707000000|100%| O|  |TAMS 0x0000000707000000, 0x0000000706e00000| Untracked 
|  14|0x0000000707000000, 0x0000000707200000, 0x0000000707200000|100%| O|  |TAMS 0x0000000707200000, 0x0000000707000000| Untracked 
|  15|0x0000000707200000, 0x0000000707400000, 0x0000000707400000|100%| O|  |TAMS 0x0000000707400000, 0x0000000707200000| Untracked 
|  16|0x0000000707400000, 0x0000000707600000, 0x0000000707600000|100%| O|  |TAMS 0x0000000707600000, 0x0000000707400000| Untracked 
|  17|0x0000000707600000, 0x0000000707800000, 0x0000000707800000|100%| O|  |TAMS 0x0000000707800000, 0x0000000707600000| Untracked 
|  18|0x0000000707800000, 0x0000000707a00000, 0x0000000707a00000|100%| O|  |TAMS 0x0000000707a00000, 0x0000000707800000| Untracked 
|  19|0x0000000707a00000, 0x0000000707c00000, 0x0000000707c00000|100%| O|  |TAMS 0x0000000707c00000, 0x0000000707a00000| Untracked 
|  20|0x0000000707c00000, 0x0000000707e00000, 0x0000000707e00000|100%| O|  |TAMS 0x0000000707e00000, 0x0000000707c00000| Untracked 
|  21|0x0000000707e00000, 0x0000000707f40a00, 0x0000000708000000| 62%| O|  |TAMS 0x0000000707f40a00, 0x0000000707e00000| Untracked 
|  22|0x0000000708000000, 0x0000000708200000, 0x0000000708200000|100%| O|  |TAMS 0x0000000708200000, 0x0000000708000000| Untracked 
|  23|0x0000000708200000, 0x0000000708400000, 0x0000000708400000|100%| O|  |TAMS 0x0000000708400000, 0x0000000708200000| Untracked 
|  24|0x0000000708400000, 0x0000000708600000, 0x0000000708600000|100%| O|  |TAMS 0x0000000708600000, 0x0000000708400000| Untracked 
|  25|0x0000000708600000, 0x0000000708800000, 0x0000000708800000|100%| O|  |TAMS 0x0000000708800000, 0x0000000708600000| Untracked 
|  26|0x0000000708800000, 0x0000000708a00000, 0x0000000708a00000|100%| O|  |TAMS 0x0000000708a00000, 0x0000000708800000| Untracked 
|  27|0x0000000708a00000, 0x0000000708c00000, 0x0000000708c00000|100%| O|  |TAMS 0x0000000708c00000, 0x0000000708a00000| Untracked 
|  28|0x0000000708c00000, 0x0000000708e00000, 0x0000000708e00000|100%| O|  |TAMS 0x0000000708e00000, 0x0000000708c00000| Untracked 
|  29|0x0000000708e00000, 0x0000000709000000, 0x0000000709000000|100%| O|  |TAMS 0x0000000709000000, 0x0000000708e00000| Untracked 
|  30|0x0000000709000000, 0x0000000709200000, 0x0000000709200000|100%| O|  |TAMS 0x0000000709200000, 0x0000000709000000| Untracked 
|  31|0x0000000709200000, 0x0000000709400000, 0x0000000709400000|100%| O|  |TAMS 0x0000000709400000, 0x0000000709200000| Untracked 
|  32|0x0000000709400000, 0x0000000709600000, 0x0000000709600000|100%| O|  |TAMS 0x0000000709600000, 0x0000000709400000| Untracked 
|  33|0x0000000709600000, 0x0000000709800000, 0x0000000709800000|100%| O|  |TAMS 0x0000000709600000, 0x0000000709600000| Untracked 
|  34|0x0000000709800000, 0x0000000709a00000, 0x0000000709a00000|100%| O|  |TAMS 0x0000000709800000, 0x0000000709800000| Untracked 
|  35|0x0000000709a00000, 0x0000000709c00000, 0x0000000709c00000|100%| O|  |TAMS 0x0000000709a00000, 0x0000000709a00000| Untracked 
|  36|0x0000000709c00000, 0x0000000709e00000, 0x0000000709e00000|100%| O|  |TAMS 0x0000000709e00000, 0x0000000709c00000| Untracked 
|  37|0x0000000709e00000, 0x000000070a000000, 0x000000070a000000|100%| O|  |TAMS 0x000000070a000000, 0x0000000709e00000| Untracked 
|  38|0x000000070a000000, 0x000000070a200000, 0x000000070a200000|100%| O|  |TAMS 0x000000070a200000, 0x000000070a000000| Untracked 
|  39|0x000000070a200000, 0x000000070a400000, 0x000000070a400000|100%| O|  |TAMS 0x000000070a400000, 0x000000070a200000| Untracked 
|  40|0x000000070a400000, 0x000000070a600000, 0x000000070a600000|100%| O|  |TAMS 0x000000070a600000, 0x000000070a400000| Untracked 
|  41|0x000000070a600000, 0x000000070a800000, 0x000000070a800000|100%| O|  |TAMS 0x000000070a800000, 0x000000070a600000| Untracked 
|  42|0x000000070a800000, 0x000000070aa00000, 0x000000070aa00000|100%| O|  |TAMS 0x000000070aa00000, 0x000000070a800000| Untracked 
|  43|0x000000070aa00000, 0x000000070ac00000, 0x000000070ac00000|100%| O|  |TAMS 0x000000070ac00000, 0x000000070aa00000| Untracked 
|  44|0x000000070ac00000, 0x000000070ae00000, 0x000000070ae00000|100%| O|  |TAMS 0x000000070ae00000, 0x000000070ac00000| Untracked 
|  45|0x000000070ae00000, 0x000000070b000000, 0x000000070b000000|100%| O|  |TAMS 0x000000070b000000, 0x000000070ae00000| Untracked 
|  46|0x000000070b000000, 0x000000070b200000, 0x000000070b200000|100%| O|  |TAMS 0x000000070b200000, 0x000000070b000000| Untracked 
|  47|0x000000070b200000, 0x000000070b400000, 0x000000070b400000|100%| O|  |TAMS 0x000000070b400000, 0x000000070b200000| Untracked 
|  48|0x000000070b400000, 0x000000070b600000, 0x000000070b600000|100%| O|  |TAMS 0x000000070b600000, 0x000000070b400000| Untracked 
|  49|0x000000070b600000, 0x000000070b800000, 0x000000070b800000|100%| O|  |TAMS 0x000000070b800000, 0x000000070b600000| Untracked 
|  50|0x000000070b800000, 0x000000070ba00000, 0x000000070ba00000|100%| O|  |TAMS 0x000000070ba00000, 0x000000070b800000| Untracked 
|  51|0x000000070ba00000, 0x000000070bc00000, 0x000000070bc00000|100%|HS|  |TAMS 0x000000070bc00000, 0x000000070ba00000| Complete 
|  52|0x000000070bc00000, 0x000000070be00000, 0x000000070be00000|100%|HC|  |TAMS 0x000000070be00000, 0x000000070bc00000| Complete 
|  53|0x000000070be00000, 0x000000070c000000, 0x000000070c000000|100%|HC|  |TAMS 0x000000070c000000, 0x000000070be00000| Complete 
|  54|0x000000070c000000, 0x000000070c200000, 0x000000070c200000|100%|HC|  |TAMS 0x000000070c200000, 0x000000070c000000| Complete 
|  55|0x000000070c200000, 0x000000070c400000, 0x000000070c400000|100%|HC|  |TAMS 0x000000070c400000, 0x000000070c200000| Complete 
|  56|0x000000070c400000, 0x000000070c600000, 0x000000070c600000|100%| O|  |TAMS 0x000000070c600000, 0x000000070c400000| Untracked 
|  57|0x000000070c600000, 0x000000070c800000, 0x000000070c800000|100%| O|  |TAMS 0x000000070c800000, 0x000000070c600000| Untracked 
|  58|0x000000070c800000, 0x000000070ca00000, 0x000000070ca00000|100%| O|  |TAMS 0x000000070ca00000, 0x000000070c800000| Untracked 
|  59|0x000000070ca00000, 0x000000070cc00000, 0x000000070cc00000|100%| O|  |TAMS 0x000000070cbff000, 0x000000070ca00000| Untracked 
|  60|0x000000070cc00000, 0x000000070ce00000, 0x000000070ce00000|100%| O|  |TAMS 0x000000070cc00000, 0x000000070cc00000| Untracked 
|  61|0x000000070ce00000, 0x000000070d000000, 0x000000070d000000|100%| O|  |TAMS 0x000000070ce00000, 0x000000070ce00000| Untracked 
|  62|0x000000070d000000, 0x000000070d200000, 0x000000070d200000|100%| O|  |TAMS 0x000000070d000000, 0x000000070d000000| Untracked 
|  63|0x000000070d200000, 0x000000070d400000, 0x000000070d400000|100%| O|  |TAMS 0x000000070d200000, 0x000000070d200000| Untracked 
|  64|0x000000070d400000, 0x000000070d600000, 0x000000070d600000|100%| O|  |TAMS 0x000000070d400000, 0x000000070d400000| Untracked 
|  65|0x000000070d600000, 0x000000070d800000, 0x000000070d800000|100%| O|  |TAMS 0x000000070d600000, 0x000000070d600000| Untracked 
|  66|0x000000070d800000, 0x000000070da00000, 0x000000070da00000|100%| O|  |TAMS 0x000000070d800000, 0x000000070d800000| Untracked 
|  67|0x000000070da00000, 0x000000070dc00000, 0x000000070dc00000|100%| O|  |TAMS 0x000000070da00000, 0x000000070da00000| Untracked 
|  68|0x000000070dc00000, 0x000000070de00000, 0x000000070de00000|100%| O|  |TAMS 0x000000070dc00000, 0x000000070dc00000| Untracked 
|  69|0x000000070de00000, 0x000000070e000000, 0x000000070e000000|100%| O|  |TAMS 0x000000070de00000, 0x000000070de00000| Untracked 
|  70|0x000000070e000000, 0x000000070e200000, 0x000000070e200000|100%| O|  |TAMS 0x000000070e000000, 0x000000070e000000| Untracked 
|  71|0x000000070e200000, 0x000000070e400000, 0x000000070e400000|100%| O|  |TAMS 0x000000070e200000, 0x000000070e200000| Untracked 
|  72|0x000000070e400000, 0x000000070e600000, 0x000000070e600000|100%| O|  |TAMS 0x000000070e400000, 0x000000070e400000| Untracked 
|  73|0x000000070e600000, 0x000000070e800000, 0x000000070e800000|100%| O|  |TAMS 0x000000070e600000, 0x000000070e600000| Untracked 
|  74|0x000000070e800000, 0x000000070ea00000, 0x000000070ea00000|100%| O|  |TAMS 0x000000070e800000, 0x000000070e800000| Untracked 
|  75|0x000000070ea00000, 0x000000070ec00000, 0x000000070ec00000|100%| O|  |TAMS 0x000000070ea00000, 0x000000070ea00000| Untracked 
|  76|0x000000070ec00000, 0x000000070ee00000, 0x000000070ee00000|100%| O|  |TAMS 0x000000070ec00000, 0x000000070ec00000| Untracked 
|  77|0x000000070ee00000, 0x000000070f000000, 0x000000070f000000|100%| O|  |TAMS 0x000000070ee00000, 0x000000070ee00000| Untracked 
|  78|0x000000070f000000, 0x000000070f200000, 0x000000070f200000|100%| O|  |TAMS 0x000000070f000000, 0x000000070f000000| Untracked 
|  79|0x000000070f200000, 0x000000070f400000, 0x000000070f400000|100%| O|  |TAMS 0x000000070f200000, 0x000000070f200000| Untracked 
|  80|0x000000070f400000, 0x000000070f600000, 0x000000070f600000|100%| O|  |TAMS 0x000000070f400000, 0x000000070f400000| Untracked 
|  81|0x000000070f600000, 0x000000070f800000, 0x000000070f800000|100%| O|  |TAMS 0x000000070f600000, 0x000000070f600000| Untracked 
|  82|0x000000070f800000, 0x000000070fa00000, 0x000000070fa00000|100%| O|  |TAMS 0x000000070f800000, 0x000000070f800000| Untracked 
|  83|0x000000070fa00000, 0x000000070fc00000, 0x000000070fc00000|100%| O|  |TAMS 0x000000070fa00000, 0x000000070fa00000| Untracked 
|  84|0x000000070fc00000, 0x000000070fe00000, 0x000000070fe00000|100%| O|  |TAMS 0x000000070fc00000, 0x000000070fc00000| Untracked 
|  85|0x000000070fe00000, 0x0000000710000000, 0x0000000710000000|100%| O|  |TAMS 0x000000070fe00000, 0x000000070fe00000| Untracked 
|  86|0x0000000710000000, 0x0000000710200000, 0x0000000710200000|100%| O|  |TAMS 0x0000000710000000, 0x0000000710000000| Untracked 
|  87|0x0000000710200000, 0x0000000710400000, 0x0000000710400000|100%| O|  |TAMS 0x0000000710200000, 0x0000000710200000| Untracked 
|  88|0x0000000710400000, 0x0000000710600000, 0x0000000710600000|100%| O|  |TAMS 0x0000000710400000, 0x0000000710400000| Untracked 
|  89|0x0000000710600000, 0x0000000710800000, 0x0000000710800000|100%| O|  |TAMS 0x0000000710600000, 0x0000000710600000| Untracked 
|  90|0x0000000710800000, 0x0000000710a00000, 0x0000000710a00000|100%| O|  |TAMS 0x0000000710800000, 0x0000000710800000| Untracked 
|  91|0x0000000710a00000, 0x0000000710c00000, 0x0000000710c00000|100%| O|  |TAMS 0x0000000710a00000, 0x0000000710a00000| Untracked 
|  92|0x0000000710c00000, 0x0000000710e00000, 0x0000000710e00000|100%| O|  |TAMS 0x0000000710c00000, 0x0000000710c00000| Untracked 
|  93|0x0000000710e00000, 0x0000000711000000, 0x0000000711000000|100%| O|  |TAMS 0x0000000710e00000, 0x0000000710e00000| Untracked 
|  94|0x0000000711000000, 0x0000000711200000, 0x0000000711200000|100%| O|  |TAMS 0x0000000711000000, 0x0000000711000000| Untracked 
|  95|0x0000000711200000, 0x0000000711400000, 0x0000000711400000|100%| O|  |TAMS 0x0000000711200000, 0x0000000711200000| Untracked 
|  96|0x0000000711400000, 0x0000000711600000, 0x0000000711600000|100%| O|  |TAMS 0x0000000711400000, 0x0000000711400000| Untracked 
|  97|0x0000000711600000, 0x0000000711687800, 0x0000000711800000| 26%| O|  |TAMS 0x0000000711600000, 0x0000000711600000| Untracked 
|  98|0x0000000711800000, 0x0000000711800000, 0x0000000711a00000|  0%| F|  |TAMS 0x0000000711800000, 0x0000000711800000| Untracked 
|  99|0x0000000711a00000, 0x0000000711a00000, 0x0000000711c00000|  0%| F|  |TAMS 0x0000000711a00000, 0x0000000711a00000| Untracked 
| 100|0x0000000711c00000, 0x0000000711c00000, 0x0000000711e00000|  0%| F|  |TAMS 0x0000000711c00000, 0x0000000711c00000| Untracked 
| 101|0x0000000711e00000, 0x0000000711e00000, 0x0000000712000000|  0%| F|  |TAMS 0x0000000711e00000, 0x0000000711e00000| Untracked 
| 102|0x0000000712000000, 0x0000000712000000, 0x0000000712200000|  0%| F|  |TAMS 0x0000000712000000, 0x0000000712000000| Untracked 
| 103|0x0000000712200000, 0x0000000712200000, 0x0000000712400000|  0%| F|  |TAMS 0x0000000712200000, 0x0000000712200000| Untracked 
| 104|0x0000000712400000, 0x0000000712400000, 0x0000000712600000|  0%| F|  |TAMS 0x0000000712400000, 0x0000000712400000| Untracked 
| 105|0x0000000712600000, 0x0000000712600000, 0x0000000712800000|  0%| F|  |TAMS 0x0000000712600000, 0x0000000712600000| Untracked 
| 106|0x0000000712800000, 0x0000000712800000, 0x0000000712a00000|  0%| F|  |TAMS 0x0000000712800000, 0x0000000712800000| Untracked 
| 107|0x0000000712a00000, 0x0000000712a00000, 0x0000000712c00000|  0%| F|  |TAMS 0x0000000712a00000, 0x0000000712a00000| Untracked 
| 108|0x0000000712c00000, 0x0000000712c00000, 0x0000000712e00000|  0%| F|  |TAMS 0x0000000712c00000, 0x0000000712c00000| Untracked 
| 109|0x0000000712e00000, 0x0000000712e00000, 0x0000000713000000|  0%| F|  |TAMS 0x0000000712e00000, 0x0000000712e00000| Untracked 
| 110|0x0000000713000000, 0x0000000713000000, 0x0000000713200000|  0%| F|  |TAMS 0x0000000713000000, 0x0000000713000000| Untracked 
| 111|0x0000000713200000, 0x0000000713200000, 0x0000000713400000|  0%| F|  |TAMS 0x0000000713200000, 0x0000000713200000| Untracked 
| 112|0x0000000713400000, 0x0000000713400000, 0x0000000713600000|  0%| F|  |TAMS 0x0000000713400000, 0x0000000713400000| Untracked 
| 113|0x0000000713600000, 0x0000000713600000, 0x0000000713800000|  0%| F|  |TAMS 0x0000000713600000, 0x0000000713600000| Untracked 
| 114|0x0000000713800000, 0x0000000713800000, 0x0000000713a00000|  0%| F|  |TAMS 0x0000000713800000, 0x0000000713800000| Untracked 
| 115|0x0000000713a00000, 0x0000000713a00000, 0x0000000713c00000|  0%| F|  |TAMS 0x0000000713a00000, 0x0000000713a00000| Untracked 
| 116|0x0000000713c00000, 0x0000000713c00000, 0x0000000713e00000|  0%| F|  |TAMS 0x0000000713c00000, 0x0000000713c00000| Untracked 
| 117|0x0000000713e00000, 0x0000000713e00000, 0x0000000714000000|  0%| F|  |TAMS 0x0000000713e00000, 0x0000000713e00000| Untracked 
| 118|0x0000000714000000, 0x0000000714000000, 0x0000000714200000|  0%| F|  |TAMS 0x0000000714000000, 0x0000000714000000| Untracked 
| 119|0x0000000714200000, 0x0000000714200000, 0x0000000714400000|  0%| F|  |TAMS 0x0000000714200000, 0x0000000714200000| Untracked 
| 120|0x0000000714400000, 0x0000000714400000, 0x0000000714600000|  0%| F|  |TAMS 0x0000000714400000, 0x0000000714400000| Untracked 
| 121|0x0000000714600000, 0x0000000714600000, 0x0000000714800000|  0%| F|  |TAMS 0x0000000714600000, 0x0000000714600000| Untracked 
| 122|0x0000000714800000, 0x0000000714800000, 0x0000000714a00000|  0%| F|  |TAMS 0x0000000714800000, 0x0000000714800000| Untracked 
| 123|0x0000000714a00000, 0x0000000714a00000, 0x0000000714c00000|  0%| F|  |TAMS 0x0000000714a00000, 0x0000000714a00000| Untracked 
| 124|0x0000000714c00000, 0x0000000714c00000, 0x0000000714e00000|  0%| F|  |TAMS 0x0000000714c00000, 0x0000000714c00000| Untracked 
| 125|0x0000000714e00000, 0x0000000714e00000, 0x0000000715000000|  0%| F|  |TAMS 0x0000000714e00000, 0x0000000714e00000| Untracked 
| 126|0x0000000715000000, 0x0000000715000000, 0x0000000715200000|  0%| F|  |TAMS 0x0000000715000000, 0x0000000715000000| Untracked 
| 127|0x0000000715200000, 0x0000000715200000, 0x0000000715400000|  0%| F|  |TAMS 0x0000000715200000, 0x0000000715200000| Untracked 
| 128|0x0000000715400000, 0x0000000715400000, 0x0000000715600000|  0%| F|  |TAMS 0x0000000715400000, 0x0000000715400000| Untracked 
| 129|0x0000000715600000, 0x00000007157519c0, 0x0000000715800000| 65%| S|CS|TAMS 0x0000000715600000, 0x0000000715600000| Complete 
| 130|0x0000000715800000, 0x0000000715a00000, 0x0000000715a00000|100%| S|CS|TAMS 0x0000000715800000, 0x0000000715800000| Complete 
| 131|0x0000000715a00000, 0x0000000715c00000, 0x0000000715c00000|100%| S|CS|TAMS 0x0000000715a00000, 0x0000000715a00000| Complete 
| 132|0x0000000715c00000, 0x0000000715e00000, 0x0000000715e00000|100%| S|CS|TAMS 0x0000000715c00000, 0x0000000715c00000| Complete 
| 133|0x0000000715e00000, 0x0000000716000000, 0x0000000716000000|100%| S|CS|TAMS 0x0000000715e00000, 0x0000000715e00000| Complete 
| 134|0x0000000716000000, 0x0000000716200000, 0x0000000716200000|100%| S|CS|TAMS 0x0000000716000000, 0x0000000716000000| Complete 
| 135|0x0000000716200000, 0x0000000716400000, 0x0000000716400000|100%| S|CS|TAMS 0x0000000716200000, 0x0000000716200000| Complete 
| 136|0x0000000716400000, 0x0000000716400000, 0x0000000716600000|  0%| F|  |TAMS 0x0000000716400000, 0x0000000716400000| Untracked 
| 137|0x0000000716600000, 0x0000000716600000, 0x0000000716800000|  0%| F|  |TAMS 0x0000000716600000, 0x0000000716600000| Untracked 
| 138|0x0000000716800000, 0x0000000716800000, 0x0000000716a00000|  0%| F|  |TAMS 0x0000000716800000, 0x0000000716800000| Untracked 
| 139|0x0000000716a00000, 0x0000000716c00000, 0x0000000716c00000|100%| S|CS|TAMS 0x0000000716a00000, 0x0000000716a00000| Complete 
| 140|0x0000000716c00000, 0x0000000716e00000, 0x0000000716e00000|100%| S|CS|TAMS 0x0000000716c00000, 0x0000000716c00000| Complete 
| 141|0x0000000716e00000, 0x0000000716e00000, 0x0000000717000000|  0%| F|  |TAMS 0x0000000716e00000, 0x0000000716e00000| Untracked 
| 142|0x0000000717000000, 0x0000000717000000, 0x0000000717200000|  0%| F|  |TAMS 0x0000000717000000, 0x0000000717000000| Untracked 
| 143|0x0000000717200000, 0x0000000717200000, 0x0000000717400000|  0%| F|  |TAMS 0x0000000717200000, 0x0000000717200000| Untracked 
| 144|0x0000000717400000, 0x0000000717400000, 0x0000000717600000|  0%| F|  |TAMS 0x0000000717400000, 0x0000000717400000| Untracked 
| 145|0x0000000717600000, 0x0000000717600000, 0x0000000717800000|  0%| F|  |TAMS 0x0000000717600000, 0x0000000717600000| Untracked 
| 146|0x0000000717800000, 0x0000000717800000, 0x0000000717a00000|  0%| F|  |TAMS 0x0000000717800000, 0x0000000717800000| Untracked 
| 147|0x0000000717a00000, 0x0000000717a00000, 0x0000000717c00000|  0%| F|  |TAMS 0x0000000717a00000, 0x0000000717a00000| Untracked 
| 148|0x0000000717c00000, 0x0000000717c00000, 0x0000000717e00000|  0%| F|  |TAMS 0x0000000717c00000, 0x0000000717c00000| Untracked 
| 149|0x0000000717e00000, 0x0000000717e00000, 0x0000000718000000|  0%| F|  |TAMS 0x0000000717e00000, 0x0000000717e00000| Untracked 
| 150|0x0000000718000000, 0x0000000718000000, 0x0000000718200000|  0%| F|  |TAMS 0x0000000718000000, 0x0000000718000000| Untracked 
| 151|0x0000000718200000, 0x0000000718200000, 0x0000000718400000|  0%| F|  |TAMS 0x0000000718200000, 0x0000000718200000| Untracked 
| 152|0x0000000718400000, 0x0000000718400000, 0x0000000718600000|  0%| F|  |TAMS 0x0000000718400000, 0x0000000718400000| Untracked 
| 153|0x0000000718600000, 0x0000000718600000, 0x0000000718800000|  0%| F|  |TAMS 0x0000000718600000, 0x0000000718600000| Untracked 
| 154|0x0000000718800000, 0x0000000718800000, 0x0000000718a00000|  0%| F|  |TAMS 0x0000000718800000, 0x0000000718800000| Untracked 
| 155|0x0000000718a00000, 0x0000000718a00000, 0x0000000718c00000|  0%| F|  |TAMS 0x0000000718a00000, 0x0000000718a00000| Untracked 
| 156|0x0000000718c00000, 0x0000000718c00000, 0x0000000718e00000|  0%| F|  |TAMS 0x0000000718c00000, 0x0000000718c00000| Untracked 
| 157|0x0000000718e00000, 0x0000000718e00000, 0x0000000719000000|  0%| F|  |TAMS 0x0000000718e00000, 0x0000000718e00000| Untracked 
| 158|0x0000000719000000, 0x0000000719000000, 0x0000000719200000|  0%| F|  |TAMS 0x0000000719000000, 0x0000000719000000| Untracked 
| 159|0x0000000719200000, 0x0000000719200000, 0x0000000719400000|  0%| F|  |TAMS 0x0000000719200000, 0x0000000719200000| Untracked 
| 160|0x0000000719400000, 0x0000000719400000, 0x0000000719600000|  0%| F|  |TAMS 0x0000000719400000, 0x0000000719400000| Untracked 
| 161|0x0000000719600000, 0x0000000719600000, 0x0000000719800000|  0%| F|  |TAMS 0x0000000719600000, 0x0000000719600000| Untracked 
| 162|0x0000000719800000, 0x0000000719800000, 0x0000000719a00000|  0%| F|  |TAMS 0x0000000719800000, 0x0000000719800000| Untracked 
| 163|0x0000000719a00000, 0x0000000719a00000, 0x0000000719c00000|  0%| F|  |TAMS 0x0000000719a00000, 0x0000000719a00000| Untracked 
| 164|0x0000000719c00000, 0x0000000719c00000, 0x0000000719e00000|  0%| F|  |TAMS 0x0000000719c00000, 0x0000000719c00000| Untracked 
| 165|0x0000000719e00000, 0x0000000719e00000, 0x000000071a000000|  0%| F|  |TAMS 0x0000000719e00000, 0x0000000719e00000| Untracked 
| 166|0x000000071a000000, 0x000000071a000000, 0x000000071a200000|  0%| F|  |TAMS 0x000000071a000000, 0x000000071a000000| Untracked 
| 167|0x000000071a200000, 0x000000071a200000, 0x000000071a400000|  0%| F|  |TAMS 0x000000071a200000, 0x000000071a200000| Untracked 
| 168|0x000000071a400000, 0x000000071a400000, 0x000000071a600000|  0%| F|  |TAMS 0x000000071a400000, 0x000000071a400000| Untracked 
| 169|0x000000071a600000, 0x000000071a600000, 0x000000071a800000|  0%| F|  |TAMS 0x000000071a600000, 0x000000071a600000| Untracked 
| 170|0x000000071a800000, 0x000000071a800000, 0x000000071aa00000|  0%| F|  |TAMS 0x000000071a800000, 0x000000071a800000| Untracked 
| 171|0x000000071aa00000, 0x000000071aa00000, 0x000000071ac00000|  0%| F|  |TAMS 0x000000071aa00000, 0x000000071aa00000| Untracked 
| 172|0x000000071ac00000, 0x000000071ac00000, 0x000000071ae00000|  0%| F|  |TAMS 0x000000071ac00000, 0x000000071ac00000| Untracked 
| 173|0x000000071ae00000, 0x000000071ae00000, 0x000000071b000000|  0%| F|  |TAMS 0x000000071ae00000, 0x000000071ae00000| Untracked 
| 174|0x000000071b000000, 0x000000071b000000, 0x000000071b200000|  0%| F|  |TAMS 0x000000071b000000, 0x000000071b000000| Untracked 
| 175|0x000000071b200000, 0x000000071b200000, 0x000000071b400000|  0%| F|  |TAMS 0x000000071b200000, 0x000000071b200000| Untracked 
| 176|0x000000071b400000, 0x000000071b400000, 0x000000071b600000|  0%| F|  |TAMS 0x000000071b400000, 0x000000071b400000| Untracked 
| 177|0x000000071b600000, 0x000000071b600000, 0x000000071b800000|  0%| F|  |TAMS 0x000000071b600000, 0x000000071b600000| Untracked 
| 178|0x000000071b800000, 0x000000071b800000, 0x000000071ba00000|  0%| F|  |TAMS 0x000000071b800000, 0x000000071b800000| Untracked 
| 179|0x000000071ba00000, 0x000000071ba00000, 0x000000071bc00000|  0%| F|  |TAMS 0x000000071ba00000, 0x000000071ba00000| Untracked 
| 180|0x000000071bc00000, 0x000000071bc00000, 0x000000071be00000|  0%| F|  |TAMS 0x000000071bc00000, 0x000000071bc00000| Untracked 
| 181|0x000000071be00000, 0x000000071be00000, 0x000000071c000000|  0%| F|  |TAMS 0x000000071be00000, 0x000000071be00000| Untracked 
| 182|0x000000071c000000, 0x000000071c000000, 0x000000071c200000|  0%| F|  |TAMS 0x000000071c000000, 0x000000071c000000| Untracked 
| 183|0x000000071c200000, 0x000000071c200000, 0x000000071c400000|  0%| F|  |TAMS 0x000000071c200000, 0x000000071c200000| Untracked 
| 184|0x000000071c400000, 0x000000071c400000, 0x000000071c600000|  0%| F|  |TAMS 0x000000071c400000, 0x000000071c400000| Untracked 
| 185|0x000000071c600000, 0x000000071c600000, 0x000000071c800000|  0%| F|  |TAMS 0x000000071c600000, 0x000000071c600000| Untracked 
| 186|0x000000071c800000, 0x000000071c800000, 0x000000071ca00000|  0%| F|  |TAMS 0x000000071c800000, 0x000000071c800000| Untracked 
| 187|0x000000071ca00000, 0x000000071ca00000, 0x000000071cc00000|  0%| F|  |TAMS 0x000000071ca00000, 0x000000071ca00000| Untracked 
| 188|0x000000071cc00000, 0x000000071cc00000, 0x000000071ce00000|  0%| F|  |TAMS 0x000000071cc00000, 0x000000071cc00000| Untracked 
| 189|0x000000071ce00000, 0x000000071ce00000, 0x000000071d000000|  0%| F|  |TAMS 0x000000071ce00000, 0x000000071ce00000| Untracked 
| 190|0x000000071d000000, 0x000000071d000000, 0x000000071d200000|  0%| F|  |TAMS 0x000000071d000000, 0x000000071d000000| Untracked 
| 191|0x000000071d200000, 0x000000071d200000, 0x000000071d400000|  0%| F|  |TAMS 0x000000071d200000, 0x000000071d200000| Untracked 
| 192|0x000000071d400000, 0x000000071d400000, 0x000000071d600000|  0%| F|  |TAMS 0x000000071d400000, 0x000000071d400000| Untracked 
| 193|0x000000071d600000, 0x000000071d600000, 0x000000071d800000|  0%| F|  |TAMS 0x000000071d600000, 0x000000071d600000| Untracked 
| 194|0x000000071d800000, 0x000000071d800000, 0x000000071da00000|  0%| F|  |TAMS 0x000000071d800000, 0x000000071d800000| Untracked 
| 195|0x000000071da00000, 0x000000071da00000, 0x000000071dc00000|  0%| F|  |TAMS 0x000000071da00000, 0x000000071da00000| Untracked 
| 196|0x000000071dc00000, 0x000000071dc00000, 0x000000071de00000|  0%| F|  |TAMS 0x000000071dc00000, 0x000000071dc00000| Untracked 
| 197|0x000000071de00000, 0x000000071de00000, 0x000000071e000000|  0%| F|  |TAMS 0x000000071de00000, 0x000000071de00000| Untracked 
| 198|0x000000071e000000, 0x000000071e000000, 0x000000071e200000|  0%| F|  |TAMS 0x000000071e000000, 0x000000071e000000| Untracked 
| 199|0x000000071e200000, 0x000000071e200000, 0x000000071e400000|  0%| F|  |TAMS 0x000000071e200000, 0x000000071e200000| Untracked 
| 200|0x000000071e400000, 0x000000071e400000, 0x000000071e600000|  0%| F|  |TAMS 0x000000071e400000, 0x000000071e400000| Untracked 
| 201|0x000000071e600000, 0x000000071e600000, 0x000000071e800000|  0%| F|  |TAMS 0x000000071e600000, 0x000000071e600000| Untracked 
| 202|0x000000071e800000, 0x000000071e800000, 0x000000071ea00000|  0%| F|  |TAMS 0x000000071e800000, 0x000000071e800000| Untracked 
| 203|0x000000071ea00000, 0x000000071ea00000, 0x000000071ec00000|  0%| F|  |TAMS 0x000000071ea00000, 0x000000071ea00000| Untracked 
| 204|0x000000071ec00000, 0x000000071ec00000, 0x000000071ee00000|  0%| F|  |TAMS 0x000000071ec00000, 0x000000071ec00000| Untracked 
| 205|0x000000071ee00000, 0x000000071ee00000, 0x000000071f000000|  0%| F|  |TAMS 0x000000071ee00000, 0x000000071ee00000| Untracked 
| 206|0x000000071f000000, 0x000000071f000000, 0x000000071f200000|  0%| F|  |TAMS 0x000000071f000000, 0x000000071f000000| Untracked 
| 207|0x000000071f200000, 0x000000071f200000, 0x000000071f400000|  0%| F|  |TAMS 0x000000071f200000, 0x000000071f200000| Untracked 
| 208|0x000000071f400000, 0x000000071f400000, 0x000000071f600000|  0%| F|  |TAMS 0x000000071f400000, 0x000000071f400000| Untracked 
| 209|0x000000071f600000, 0x000000071f600000, 0x000000071f800000|  0%| F|  |TAMS 0x000000071f600000, 0x000000071f600000| Untracked 
| 210|0x000000071f800000, 0x000000071f800000, 0x000000071fa00000|  0%| F|  |TAMS 0x000000071f800000, 0x000000071f800000| Untracked 
| 211|0x000000071fa00000, 0x000000071fa00000, 0x000000071fc00000|  0%| F|  |TAMS 0x000000071fa00000, 0x000000071fa00000| Untracked 
| 212|0x000000071fc00000, 0x000000071fc00000, 0x000000071fe00000|  0%| F|  |TAMS 0x000000071fc00000, 0x000000071fc00000| Untracked 
| 213|0x000000071fe00000, 0x000000071fe00000, 0x0000000720000000|  0%| F|  |TAMS 0x000000071fe00000, 0x000000071fe00000| Untracked 
| 214|0x0000000720000000, 0x0000000720000000, 0x0000000720200000|  0%| F|  |TAMS 0x0000000720000000, 0x0000000720000000| Untracked 
| 215|0x0000000720200000, 0x0000000720200000, 0x0000000720400000|  0%| F|  |TAMS 0x0000000720200000, 0x0000000720200000| Untracked 
| 216|0x0000000720400000, 0x0000000720400000, 0x0000000720600000|  0%| F|  |TAMS 0x0000000720400000, 0x0000000720400000| Untracked 
| 217|0x0000000720600000, 0x0000000720600000, 0x0000000720800000|  0%| F|  |TAMS 0x0000000720600000, 0x0000000720600000| Untracked 
| 218|0x0000000720800000, 0x0000000720800000, 0x0000000720a00000|  0%| F|  |TAMS 0x0000000720800000, 0x0000000720800000| Untracked 
| 219|0x0000000720a00000, 0x0000000720a00000, 0x0000000720c00000|  0%| F|  |TAMS 0x0000000720a00000, 0x0000000720a00000| Untracked 
| 220|0x0000000720c00000, 0x0000000720c00000, 0x0000000720e00000|  0%| F|  |TAMS 0x0000000720c00000, 0x0000000720c00000| Untracked 
| 221|0x0000000720e00000, 0x0000000720e00000, 0x0000000721000000|  0%| F|  |TAMS 0x0000000720e00000, 0x0000000720e00000| Untracked 
| 222|0x0000000721000000, 0x0000000721000000, 0x0000000721200000|  0%| F|  |TAMS 0x0000000721000000, 0x0000000721000000| Untracked 
| 223|0x0000000721200000, 0x0000000721200000, 0x0000000721400000|  0%| F|  |TAMS 0x0000000721200000, 0x0000000721200000| Untracked 
| 224|0x0000000721400000, 0x0000000721400000, 0x0000000721600000|  0%| F|  |TAMS 0x0000000721400000, 0x0000000721400000| Untracked 
| 225|0x0000000721600000, 0x0000000721600000, 0x0000000721800000|  0%| F|  |TAMS 0x0000000721600000, 0x0000000721600000| Untracked 
| 226|0x0000000721800000, 0x0000000721800000, 0x0000000721a00000|  0%| F|  |TAMS 0x0000000721800000, 0x0000000721800000| Untracked 

Card table byte_map: [0x00000218c44b0000,0x00000218c4c90000] _byte_map_base: 0x00000218c0c86000

Marking Bits (Prev, Next): (CMBitMap*) 0x00000218b91a5af0, (CMBitMap*) 0x00000218b91a5b30
 Prev Bits: [0x00000218c5470000, 0x00000218c9320000)
 Next Bits: [0x00000218c9320000, 0x00000218cd1d0000)

Polling page: 0x00000218b7110000

Metaspace:

Usage:
  Non-class:     41.84 MB used.
      Class:      7.01 MB used.
       Both:     48.85 MB used.

Virtual space:
  Non-class space:       48.00 MB reserved,      42.00 MB ( 88%) committed,  6 nodes.
      Class space:        1.00 GB reserved,       7.19 MB ( <1%) committed,  1 nodes.
             Both:        1.05 GB reserved,      49.19 MB (  5%) committed. 

Chunk freelists:
   Non-Class:  1.39 MB
       Class:  848.00 KB
        Both:  2.22 MB

MaxMetaspaceSize: unlimited
CompressedClassSpaceSize: 1.00 GB
Initial GC threshold: 21.00 MB
Current GC threshold: 82.00 MB
CDS: on
MetaspaceReclaimPolicy: balanced
 - commit_granule_bytes: 65536.
 - commit_granule_words: 8192.
 - virtual_space_node_default_size: 1048576.
 - enlarge_chunks_in_place: 1.
 - new_chunks_are_fully_committed: 0.
 - uncommit_free_chunks: 1.
 - use_allocation_guard: 0.
 - handle_deallocations: 1.


Internal statistics:

num_allocs_failed_limit: 6.
num_arena_births: 458.
num_arena_deaths: 0.
num_vsnodes_births: 7.
num_vsnodes_deaths: 0.
num_space_committed: 787.
num_space_uncommitted: 0.
num_chunks_returned_to_freelist: 6.
num_chunks_taken_from_freelist: 2279.
num_chunk_merges: 6.
num_chunk_splits: 1620.
num_chunks_enlarged: 1275.
num_purges: 0.
num_inconsistent_stats: 0.

CodeCache: size=49152Kb used=8978Kb max_used=9332Kb free=40173Kb
 bounds [0x00000218c09a0000, 0x00000218c12c0000, 0x00000218c39a0000]
 total_blobs=5111 nmethods=4542 adapters=495
 compilation: enabled
              stopped_count=0, restarted_count=0
 full_count=0

Compilation events (20 events):
Event: 35.183 Thread 0x00000218d08f2480 4531   !   1       sun.nio.cs.StreamDecoder::inReady (36 bytes)
Event: 35.183 Thread 0x00000218d08f2480 nmethod 4531 0x00000218c0bb2610 code [0x00000218c0bb27c0, 0x00000218c0bb2988]
Event: 35.185 Thread 0x00000218d08f2480 4532       1       java.io.FileInputStream::available (5 bytes)
Event: 35.185 Thread 0x00000218d08f2480 nmethod 4532 0x00000218c0bb1f10 code [0x00000218c0bb20a0, 0x00000218c0bb2188]
Event: 35.185 Thread 0x00000218d08f2480 4534       1       java.io.BufferedReader::fill (170 bytes)
Event: 35.185 Thread 0x00000218d08f2480 nmethod 4534 0x00000218c0bb1790 code [0x00000218c0bb1960, 0x00000218c0bb1d88]
Event: 35.204 Thread 0x00000218d08f2480 4535 % !   1       com.vindemo.translation.service.gennerateCsv.GenerateTranslationService::generateTranslation @ 35 (565 bytes)
Event: 35.206 Thread 0x00000218d08f2480 nmethod 4535% 0x00000218c0bac390 code [0x00000218c0bac9c0, 0x00000218c0baf3c8]
Event: 35.207 Thread 0x00000218d08f2480 4536   !   1       com.vindemo.translation.service.gennerateCsv.GenerateTranslationService::generateTranslation (565 bytes)
Event: 35.209 Thread 0x00000218d08f2480 nmethod 4536 0x00000218c0ba7290 code [0x00000218c0ba78c0, 0x00000218c0baa138]
Event: 35.239 Thread 0x00000218d0806e30 4537       1       java.lang.StringUTF16::inflate (42 bytes)
Event: 35.239 Thread 0x00000218d0806e30 nmethod 4537 0x00000218c0ba6e10 code [0x00000218c0ba6fa0, 0x00000218c0ba7108]
Event: 35.259 Thread 0x00000218d0806e30 4538       1       java.lang.AbstractStringBuilder::inflate (42 bytes)
Event: 35.259 Thread 0x00000218d08f2480 4539       1       java.lang.StringLatin1::inflate (10 bytes)
Event: 35.259 Thread 0x00000218d08f2480 nmethod 4539 0x00000218c0ba6b10 code [0x00000218c0ba6ca0, 0x00000218c0ba6d68]
Event: 35.259 Thread 0x00000218d0806e30 nmethod 4538 0x00000218c0ba6690 code [0x00000218c0ba6840, 0x00000218c0ba6a38]
Event: 36.671 Thread 0x00000218d08f2480 4540       1       sun.nio.cs.UTF_8$Decoder::isMalformed4 (39 bytes)
Event: 36.671 Thread 0x00000218d08f2480 nmethod 4540 0x00000218c0ba6390 code [0x00000218c0ba6520, 0x00000218c0ba6618]
Event: 38.548 Thread 0x00000218d08f2480 4542       1       jdk.internal.misc.Unsafe::putReferenceOpaque (9 bytes)
Event: 38.548 Thread 0x00000218d08f2480 nmethod 4542 0x00000218c0ba5c90 code [0x00000218c0ba5e20, 0x00000218c0ba5f38]

GC Heap History (20 events):
Event: 38.252 GC heap after
{Heap after GC invocations=44 (full 0):
 garbage-first heap   total 387072K, used 106082K [0x0000000705400000, 0x0000000800000000)
  region size 2048K, 5 young (10240K), 5 survivors (10240K)
 Metaspace       used 50026K, committed 50368K, reserved 1097728K
  class space    used 7181K, committed 7360K, reserved 1048576K
}
Event: 38.635 GC heap before
{Heap before GC invocations=45 (full 0):
 garbage-first heap   total 387072K, used 327266K [0x0000000705400000, 0x0000000800000000)
  region size 2048K, 113 young (231424K), 5 survivors (10240K)
 Metaspace       used 50026K, committed 50368K, reserved 1097728K
  class space    used 7181K, committed 7360K, reserved 1048576K
}
Event: 38.640 GC heap after
{Heap after GC invocations=46 (full 0):
 garbage-first heap   total 387072K, used 109331K [0x0000000705400000, 0x0000000800000000)
  region size 2048K, 7 young (14336K), 7 survivors (14336K)
 Metaspace       used 50026K, committed 50368K, reserved 1097728K
  class space    used 7181K, committed 7360K, reserved 1048576K
}
Event: 38.922 GC heap before
{Heap before GC invocations=46 (full 0):
 garbage-first heap   total 387072K, used 326419K [0x0000000705400000, 0x0000000800000000)
  region size 2048K, 113 young (231424K), 7 survivors (14336K)
 Metaspace       used 50026K, committed 50368K, reserved 1097728K
  class space    used 7181K, committed 7360K, reserved 1048576K
}
Event: 38.929 GC heap after
{Heap after GC invocations=47 (full 0):
 garbage-first heap   total 387072K, used 113848K [0x0000000705400000, 0x0000000800000000)
  region size 2048K, 9 young (18432K), 9 survivors (18432K)
 Metaspace       used 50026K, committed 50368K, reserved 1097728K
  class space    used 7181K, committed 7360K, reserved 1048576K
}
Event: 39.193 GC heap before
{Heap before GC invocations=47 (full 0):
 garbage-first heap   total 387072K, used 326840K [0x0000000705400000, 0x0000000800000000)
  region size 2048K, 113 young (231424K), 9 survivors (18432K)
 Metaspace       used 50026K, committed 50368K, reserved 1097728K
  class space    used 7181K, committed 7360K, reserved 1048576K
}
Event: 39.201 GC heap after
{Heap after GC invocations=48 (full 0):
 garbage-first heap   total 387072K, used 121527K [0x0000000705400000, 0x0000000800000000)
  region size 2048K, 10 young (20480K), 10 survivors (20480K)
 Metaspace       used 50026K, committed 50368K, reserved 1097728K
  class space    used 7181K, committed 7360K, reserved 1048576K
}
Event: 39.516 GC heap before
{Heap before GC invocations=48 (full 0):
 garbage-first heap   total 387072K, used 334519K [0x0000000705400000, 0x0000000800000000)
  region size 2048K, 109 young (223232K), 10 survivors (20480K)
 Metaspace       used 50026K, committed 50368K, reserved 1097728K
  class space    used 7181K, committed 7360K, reserved 1048576K
}
Event: 39.532 GC heap after
{Heap after GC invocations=49 (full 0):
 garbage-first heap   total 387072K, used 150782K [0x0000000705400000, 0x0000000800000000)
  region size 2048K, 14 young (28672K), 14 survivors (28672K)
 Metaspace       used 50026K, committed 50368K, reserved 1097728K
  class space    used 7181K, committed 7360K, reserved 1048576K
}
Event: 39.793 GC heap before
{Heap before GC invocations=49 (full 0):
 garbage-first heap   total 387072K, used 316670K [0x0000000705400000, 0x0000000800000000)
  region size 2048K, 95 young (194560K), 14 survivors (28672K)
 Metaspace       used 50026K, committed 50368K, reserved 1097728K
  class space    used 7181K, committed 7360K, reserved 1048576K
}
Event: 39.812 GC heap after
{Heap after GC invocations=50 (full 0):
 garbage-first heap   total 464896K, used 168064K [0x0000000705400000, 0x0000000800000000)
  region size 2048K, 8 young (16384K), 8 survivors (16384K)
 Metaspace       used 50026K, committed 50368K, reserved 1097728K
  class space    used 7181K, committed 7360K, reserved 1048576K
}
Event: 40.219 GC heap before
{Heap before GC invocations=51 (full 0):
 garbage-first heap   total 464896K, used 370816K [0x0000000705400000, 0x0000000800000000)
  region size 2048K, 110 young (225280K), 8 survivors (16384K)
 Metaspace       used 50026K, committed 50368K, reserved 1097728K
  class space    used 7181K, committed 7360K, reserved 1048576K
}
Event: 40.229 GC heap after
{Heap after GC invocations=52 (full 0):
 garbage-first heap   total 464896K, used 174678K [0x0000000705400000, 0x0000000800000000)
  region size 2048K, 14 young (28672K), 14 survivors (28672K)
 Metaspace       used 50026K, committed 50368K, reserved 1097728K
  class space    used 7181K, committed 7360K, reserved 1048576K
}
Event: 40.476 GC heap before
{Heap before GC invocations=52 (full 0):
 garbage-first heap   total 464896K, used 375382K [0x0000000705400000, 0x0000000800000000)
  region size 2048K, 112 young (229376K), 14 survivors (28672K)
 Metaspace       used 50026K, committed 50368K, reserved 1097728K
  class space    used 7181K, committed 7360K, reserved 1048576K
}
Event: 40.487 GC heap after
{Heap after GC invocations=53 (full 0):
 garbage-first heap   total 464896K, used 188946K [0x0000000705400000, 0x0000000800000000)
  region size 2048K, 14 young (28672K), 14 survivors (28672K)
 Metaspace       used 50026K, committed 50368K, reserved 1097728K
  class space    used 7181K, committed 7360K, reserved 1048576K
}
Event: 40.762 GC heap before
{Heap before GC invocations=53 (full 0):
 garbage-first heap   total 464896K, used 375314K [0x0000000705400000, 0x0000000800000000)
  region size 2048K, 105 young (215040K), 14 survivors (28672K)
 Metaspace       used 50026K, committed 50368K, reserved 1097728K
  class space    used 7181K, committed 7360K, reserved 1048576K
}
Event: 40.772 GC heap after
{Heap after GC invocations=54 (full 0):
 garbage-first heap   total 464896K, used 198330K [0x0000000705400000, 0x0000000800000000)
  region size 2048K, 12 young (24576K), 12 survivors (24576K)
 Metaspace       used 50026K, committed 50368K, reserved 1097728K
  class space    used 7181K, committed 7360K, reserved 1048576K
}
Event: 41.002 GC heap before
{Heap before GC invocations=54 (full 0):
 garbage-first heap   total 464896K, used 378554K [0x0000000705400000, 0x0000000800000000)
  region size 2048K, 100 young (204800K), 12 survivors (24576K)
 Metaspace       used 50026K, committed 50368K, reserved 1097728K
  class space    used 7181K, committed 7360K, reserved 1048576K
}
Event: 41.013 GC heap after
{Heap after GC invocations=55 (full 0):
 garbage-first heap   total 464896K, used 206970K [0x0000000705400000, 0x0000000800000000)
  region size 2048K, 9 young (18432K), 9 survivors (18432K)
 Metaspace       used 50026K, committed 50368K, reserved 1097728K
  class space    used 7181K, committed 7360K, reserved 1048576K
}
Event: 41.226 GC heap before
{Heap before GC invocations=55 (full 0):
 garbage-first heap   total 464896K, used 383098K [0x0000000705400000, 0x0000000800000000)
  region size 2048K, 95 young (194560K), 9 survivors (18432K)
 Metaspace       used 50026K, committed 50368K, reserved 1097728K
  class space    used 7181K, committed 7360K, reserved 1048576K
}

Deoptimization events (12 events):
Event: 0.832 Thread 0x00000218b913afd0 DEOPT PACKING pc=0x00000218c0f1b0f9 sp=0x000000917bafd420
Event: 0.832 Thread 0x00000218b913afd0 DEOPT UNPACKING pc=0x00000218c09f2b43 sp=0x000000917bafc900 mode 3
Event: 1.266 Thread 0x00000218b913afd0 DEOPT PACKING pc=0x00000218c0f5cbd4 sp=0x000000917bafd920
Event: 1.266 Thread 0x00000218b913afd0 DEOPT UNPACKING pc=0x00000218c09f2b43 sp=0x000000917bafce78 mode 0
Event: 1.789 Thread 0x00000218b913afd0 DEOPT PACKING pc=0x00000218c11ad625 sp=0x000000917bafc850
Event: 1.789 Thread 0x00000218b913afd0 DEOPT UNPACKING pc=0x00000218c09f2b43 sp=0x000000917bafbdb8 mode 3
Event: 1.800 Thread 0x00000218b913afd0 DEOPT PACKING pc=0x00000218c0f4f409 sp=0x000000917bafe930
Event: 1.800 Thread 0x00000218b913afd0 DEOPT UNPACKING pc=0x00000218c09f2b43 sp=0x000000917bafddc0 mode 3
Event: 1.800 Thread 0x00000218d2a586a0 DEOPT PACKING pc=0x00000218c0f0319f sp=0x000000917e0ff180
Event: 1.800 Thread 0x00000218d2a586a0 DEOPT UNPACKING pc=0x00000218c09f2b43 sp=0x000000917e0fe5d8 mode 3
Event: 6.291 Thread 0x00000218b913afd0 DEOPT PACKING pc=0x00000218c0f81552 sp=0x000000917bafdf00
Event: 6.291 Thread 0x00000218b913afd0 DEOPT UNPACKING pc=0x00000218c09f2b43 sp=0x000000917bafd408 mode 3

Classes unloaded (0 events):
No events

Classes redefined (0 events):
No events

Internal exceptions (20 events):
Event: 6.236 Thread 0x00000218d26c0730 Exception <a 'java/lang/reflect/InvocationTargetException'{0x0000000708918e40}> (0x0000000708918e40) 
thrown [s\open\src\hotspot\share\runtime\reflection.cpp, line 1121]
Event: 6.252 Thread 0x00000218b913afd0 Exception <a 'java/lang/reflect/InvocationTargetException'{0x00000007086a4ef0}> (0x00000007086a4ef0) 
thrown [s\open\src\hotspot\share\runtime\reflection.cpp, line 1121]
Event: 6.297 Thread 0x00000218b913afd0 Exception <a 'java/lang/ClassNotFoundException'{0x000000070859deb8}: java/lang/ObjectCustomizer> (0x000000070859deb8) 
thrown [s\open\src\hotspot\share\classfile\systemDictionary.cpp, line 256]
Event: 6.298 Thread 0x00000218b913afd0 Exception <a 'java/lang/ClassNotFoundException'{0x00000007085a5de8}: org/springframework/web/servlet/config/annotation/WebMvcConfigurationSupportCustomizer> (0x00000007085a5de8) 
thrown [s\open\src\hotspot\share\classfile\systemDictionary.cpp, line 256]
Event: 6.298 Thread 0x00000218b913afd0 Exception <a 'java/lang/ClassNotFoundException'{0x00000007085ba150}: org/springframework/web/servlet/config/annotation/DelegatingWebMvcConfigurationCustomizer> (0x00000007085ba150) 
thrown [s\open\src\hotspot\share\classfile\systemDictionary.cpp, line 256]
Event: 6.299 Thread 0x00000218b913afd0 Exception <a 'java/lang/ClassNotFoundException'{0x00000007085c3760}: org/springframework/boot/autoconfigure/web/servlet/WebMvcAutoConfiguration$EnableWebMvcConfigurationCustomizer> (0x00000007085c3760) 
thrown [s\open\src\hotspot\share\classfile\systemDictionary.cpp, line 256]
Event: 6.299 Thread 0x00000218b913afd0 Exception <a 'java/lang/ClassNotFoundException'{0x00000007085d59e8}: org/springframework/context/ResourceLoaderAwareCustomizer> (0x00000007085d59e8) 
thrown [s\open\src\hotspot\share\classfile\systemDictionary.cpp, line 256]
Event: 6.300 Thread 0x00000218b913afd0 Exception <a 'java/lang/ClassNotFoundException'{0x00000007085daa10}: org/springframework/beans/factory/AwareCustomizer> (0x00000007085daa10) 
thrown [s\open\src\hotspot\share\classfile\systemDictionary.cpp, line 256]
Event: 6.300 Thread 0x00000218b913afd0 Exception <a 'java/lang/ClassNotFoundException'{0x00000007085dee78}: org/springframework/context/ApplicationContextAwareCustomizer> (0x00000007085dee78) 
thrown [s\open\src\hotspot\share\classfile\systemDictionary.cpp, line 256]
Event: 6.300 Thread 0x00000218b913afd0 Exception <a 'java/lang/ClassNotFoundException'{0x00000007085e4990}: org/springframework/beans/factory/AwareCustomizer> (0x00000007085e4990) 
thrown [s\open\src\hotspot\share\classfile\systemDictionary.cpp, line 256]
Event: 6.300 Thread 0x00000218b913afd0 Exception <a 'java/lang/ClassNotFoundException'{0x00000007085e8dd0}: org/springframework/web/context/ServletContextAwareCustomizer> (0x00000007085e8dd0) 
thrown [s\open\src\hotspot\share\classfile\systemDictionary.cpp, line 256]
Event: 6.301 Thread 0x00000218b913afd0 Exception <a 'java/lang/ClassNotFoundException'{0x00000007085ee230}: org/springframework/beans/factory/AwareCustomizer> (0x00000007085ee230) 
thrown [s\open\src\hotspot\share\classfile\systemDictionary.cpp, line 256]
Event: 6.374 Thread 0x00000218b913afd0 Exception <a 'java/lang/NoSuchMethodError'{0x0000000707cc8ce0}: 'void java.lang.invoke.DirectMethodHandle$Holder.invokeVirtual(java.lang.Object, java.lang.Object, int)'> (0x0000000707cc8ce0) 
thrown [s\open\src\hotspot\share\interpreter\linkResolver.cpp, line 759]
Event: 6.375 Thread 0x00000218b913afd0 Exception <a 'java/lang/NoSuchMethodError'{0x0000000707ce3888}: 'void java.lang.invoke.DirectMethodHandle$Holder.invokeVirtual(java.lang.Object, java.lang.Object, long)'> (0x0000000707ce3888) 
thrown [s\open\src\hotspot\share\interpreter\linkResolver.cpp, line 759]
Event: 6.445 Thread 0x00000218b913afd0 Exception <a 'java/lang/IncompatibleClassChangeError'{0x000000070d6b1eb8}: Found class java.lang.Object, but interface was expected> (0x000000070d6b1eb8) 
thrown [s\open\src\hotspot\share\interpreter\linkResolver.cpp, line 826]
Event: 6.464 Thread 0x00000218b913afd0 Exception <a 'java/lang/NoSuchMethodError'{0x000000070d44abd8}: 'int java.lang.invoke.DirectMethodHandle$Holder.invokeStaticInit(java.lang.Object, java.lang.Object, java.lang.Object, java.lang.Object)'> (0x000000070d44abd8) 
thrown [s\open\src\hotspot\share\interpreter\linkResolver.cpp, line 759]
Event: 6.520 Thread 0x00000218b913afd0 Exception <a 'java/lang/NoSuchMethodError'{0x0000000708fff230}: 'java.lang.Object java.lang.invoke.DirectMethodHandle$Holder.invokeSpecial(java.lang.Object, java.lang.Object, int, java.lang.Object, int, java.lang.Object)'> (0x0000000708fff230) 
thrown [s\open\src\hotspot\share\interpreter\linkResolver.cpp, line 759]
Event: 6.520 Thread 0x00000218b913afd0 Exception <a 'java/lang/NoSuchMethodError'{0x0000000708c07080}: 'java.lang.Object java.lang.invoke.DirectMethodHandle$Holder.newInvokeSpecial(java.lang.Object, java.lang.Object, int, java.lang.Object, int)'> (0x0000000708c07080) 
thrown [s\open\src\hotspot\share\interpreter\linkResolver.cpp, line 759]
Event: 6.520 Thread 0x00000218b913afd0 Exception <a 'java/lang/NoSuchMethodError'{0x0000000708c0b180}: 'java.lang.Object java.lang.invoke.DirectMethodHandle$Holder.invokeSpecial(java.lang.Object, java.lang.Object, java.lang.Object, int, java.lang.Object, int)'> (0x0000000708c0b180) 
thrown [s\open\src\hotspot\share\interpreter\linkResolver.cpp, line 759]
Event: 6.521 Thread 0x00000218b913afd0 Exception <a 'java/lang/NoSuchMethodError'{0x0000000708c14d90}: 'void java.lang.invoke.DirectMethodHandle$Holder.invokeVirtual(java.lang.Object, java.lang.Object)'> (0x0000000708c14d90) 
thrown [s\open\src\hotspot\share\interpreter\linkResolver.cpp, line 759]

VM Operations (20 events):
Event: 38.929 Executing VM operation: G1CollectForAllocation done
Event: 39.193 Executing VM operation: G1CollectForAllocation
Event: 39.201 Executing VM operation: G1CollectForAllocation done
Event: 39.516 Executing VM operation: G1CollectForAllocation
Event: 39.532 Executing VM operation: G1CollectForAllocation done
Event: 39.793 Executing VM operation: G1CollectForAllocation
Event: 39.812 Executing VM operation: G1CollectForAllocation done
Event: 39.880 Executing VM operation: G1Concurrent
Event: 39.881 Executing VM operation: G1Concurrent done
Event: 39.907 Executing VM operation: G1Concurrent
Event: 39.907 Executing VM operation: G1Concurrent done
Event: 40.219 Executing VM operation: G1CollectForAllocation
Event: 40.229 Executing VM operation: G1CollectForAllocation done
Event: 40.475 Executing VM operation: G1CollectForAllocation
Event: 40.487 Executing VM operation: G1CollectForAllocation done
Event: 40.762 Executing VM operation: G1CollectForAllocation
Event: 40.772 Executing VM operation: G1CollectForAllocation done
Event: 41.002 Executing VM operation: G1CollectForAllocation
Event: 41.013 Executing VM operation: G1CollectForAllocation done
Event: 41.226 Executing VM operation: G1CollectForAllocation

Events (20 events):
Event: 34.981 loading class java/util/concurrent/LinkedBlockingDeque done
Event: 34.981 loading class java/util/concurrent/Semaphore
Event: 34.982 loading class java/util/concurrent/Semaphore done
Event: 34.982 loading class java/util/concurrent/Semaphore$NonfairSync
Event: 34.982 loading class java/util/concurrent/Semaphore$Sync
Event: 34.982 loading class java/util/concurrent/Semaphore$Sync done
Event: 34.982 loading class java/util/concurrent/Semaphore$NonfairSync done
Event: 34.982 loading class sun/nio/ch/SocketAdaptor
Event: 34.982 loading class sun/nio/ch/SocketAdaptor done
Event: 34.982 loading class sun/nio/ch/SocketChannelImpl$DefaultOptionsHolder
Event: 34.982 loading class sun/nio/ch/SocketChannelImpl$DefaultOptionsHolder done
Event: 34.983 loading class sun/nio/ch/SelectionKeyImpl
Event: 34.983 loading class java/nio/channels/spi/AbstractSelectionKey
Event: 34.983 loading class java/nio/channels/SelectionKey
Event: 34.983 loading class java/nio/channels/SelectionKey done
Event: 34.983 loading class java/nio/channels/spi/AbstractSelectionKey done
Event: 34.983 loading class sun/nio/ch/SelectionKeyImpl done
Event: 34.983 loading class java/lang/invoke/ConstantBootstraps
Event: 34.983 loading class java/lang/invoke/ConstantBootstraps done
Event: 35.149 Thread 0x00000218d08f2480 Thread added: 0x00000218d08f2480


Dynamic libraries:
0x00007ff72f210000 - 0x00007ff72f220000 	C:\Program Files\Java\jdk-17.0.5\bin\java.exe
0x00007ff991dd0000 - 0x00007ff991fe4000 	C:\WINDOWS\SYSTEM32\ntdll.dll
0x00007ff990140000 - 0x00007ff990203000 	C:\WINDOWS\System32\KERNEL32.DLL
0x00007ff98f280000 - 0x00007ff98f61c000 	C:\WINDOWS\System32\KERNELBASE.dll
0x00007ff98f740000 - 0x00007ff98f851000 	C:\WINDOWS\System32\ucrtbase.dll
0x00007ff95e590000 - 0x00007ff95e5a8000 	C:\Program Files\Java\jdk-17.0.5\bin\jli.dll
0x00007ff991ce0000 - 0x00007ff991d8e000 	C:\WINDOWS\System32\ADVAPI32.dll
0x00007ff98fe40000 - 0x00007ff98fee7000 	C:\WINDOWS\System32\msvcrt.dll
0x00007ff98fd10000 - 0x00007ff98fdb4000 	C:\WINDOWS\System32\sechost.dll
0x00007ff95def0000 - 0x00007ff95df0a000 	C:\Program Files\Java\jdk-17.0.5\bin\VCRUNTIME140.dll
0x00007ff991900000 - 0x00007ff991a15000 	C:\WINDOWS\System32\RPCRT4.dll
0x00007ff9914c0000 - 0x00007ff99166d000 	C:\WINDOWS\System32\USER32.dll
0x00007ff98f860000 - 0x00007ff98f886000 	C:\WINDOWS\System32\win32u.dll
0x00007ff98fef0000 - 0x00007ff98ff19000 	C:\WINDOWS\System32\GDI32.dll
0x00007ff97afa0000 - 0x00007ff97b22e000 	C:\WINDOWS\WinSxS\amd64_microsoft.windows.common-controls_6595b64144ccf1df_6.0.22621.608_none_a9444ca7c10bb01d\COMCTL32.dll
0x00007ff98f620000 - 0x00007ff98f733000 	C:\WINDOWS\System32\gdi32full.dll
0x00007ff98fa00000 - 0x00007ff98fa9a000 	C:\WINDOWS\System32\msvcp_win.dll
0x00007ff98de90000 - 0x00007ff98de9a000 	C:\WINDOWS\SYSTEM32\VERSION.dll
0x00007ff990850000 - 0x00007ff990881000 	C:\WINDOWS\System32\IMM32.DLL
0x00007ff98a1c0000 - 0x00007ff98a1cc000 	C:\Program Files\Java\jdk-17.0.5\bin\vcruntime140_1.dll
0x00007ff93f410000 - 0x00007ff93f49d000 	C:\Program Files\Java\jdk-17.0.5\bin\msvcp140.dll
0x00007ff93d240000 - 0x00007ff93de02000 	C:\Program Files\Java\jdk-17.0.5\bin\server\jvm.dll
0x00007ff98fe30000 - 0x00007ff98fe38000 	C:\WINDOWS\System32\PSAPI.DLL
0x00007ff989040000 - 0x00007ff989049000 	C:\WINDOWS\SYSTEM32\WSOCK32.dll
0x00007ff987d30000 - 0x00007ff987d64000 	C:\WINDOWS\SYSTEM32\WINMM.dll
0x00007ff991ac0000 - 0x00007ff991b31000 	C:\WINDOWS\System32\WS2_32.dll
0x00007ff98e220000 - 0x00007ff98e238000 	C:\WINDOWS\SYSTEM32\kernel.appcore.dll
0x00007ff97c7e0000 - 0x00007ff97c7ea000 	C:\Program Files\Java\jdk-17.0.5\bin\jimage.dll
0x00007ff976ac0000 - 0x00007ff976cee000 	C:\WINDOWS\SYSTEM32\DBGHELP.DLL
0x00007ff991080000 - 0x00007ff991409000 	C:\WINDOWS\System32\combase.dll
0x00007ff98ff40000 - 0x00007ff990017000 	C:\WINDOWS\System32\OLEAUT32.dll
0x00007ff97de60000 - 0x00007ff97de92000 	C:\WINDOWS\SYSTEM32\dbgcore.DLL
0x00007ff98faa0000 - 0x00007ff98fb1b000 	C:\WINDOWS\System32\bcryptPrimitives.dll
0x00007ff98aa50000 - 0x00007ff98aa5e000 	C:\Program Files\Java\jdk-17.0.5\bin\instrument.dll
0x00007ff95dec0000 - 0x00007ff95dee5000 	C:\Program Files\Java\jdk-17.0.5\bin\java.dll
0x00007ff93f330000 - 0x00007ff93f406000 	C:\Program Files\Java\jdk-17.0.5\bin\jsvml.dll
0x00007ff990890000 - 0x00007ff991080000 	C:\WINDOWS\System32\SHELL32.dll
0x00007ff98d540000 - 0x00007ff98de0e000 	C:\WINDOWS\SYSTEM32\windows.storage.dll
0x00007ff98d400000 - 0x00007ff98d53e000 	C:\WINDOWS\SYSTEM32\wintypes.dll
0x00007ff9916f0000 - 0x00007ff9917e1000 	C:\WINDOWS\System32\SHCORE.dll
0x00007ff991410000 - 0x00007ff99146e000 	C:\WINDOWS\System32\shlwapi.dll
0x00007ff98f140000 - 0x00007ff98f161000 	C:\WINDOWS\SYSTEM32\profapi.dll
0x00007ff95d390000 - 0x00007ff95d3a8000 	C:\Program Files\Java\jdk-17.0.5\bin\zip.dll
0x00007ff95dea0000 - 0x00007ff95deb9000 	C:\Program Files\Java\jdk-17.0.5\bin\net.dll
0x00007ff987720000 - 0x00007ff98784f000 	C:\WINDOWS\SYSTEM32\WINHTTP.dll
0x00007ff98e680000 - 0x00007ff98e6e9000 	C:\WINDOWS\system32\mswsock.dll
0x00007ff95de80000 - 0x00007ff95de96000 	C:\Program Files\Java\jdk-17.0.5\bin\nio.dll
0x00007ff98aa30000 - 0x00007ff98aa4a000 	C:\Program Files\JetBrains\IntelliJ IDEA 2022.3.2\bin\breakgen64.dll
0x00007ff98d130000 - 0x00007ff98d223000 	C:\WINDOWS\SYSTEM32\DNSAPI.dll
0x00007ff98d100000 - 0x00007ff98d12d000 	C:\WINDOWS\SYSTEM32\IPHLPAPI.DLL
0x00007ff9917f0000 - 0x00007ff9917f9000 	C:\WINDOWS\System32\NSI.dll
0x00007ff97f150000 - 0x00007ff97f15a000 	C:\Windows\System32\rasadhlp.dll
0x00007ff985f70000 - 0x00007ff985ff3000 	C:\WINDOWS\System32\fwpuclnt.dll
0x00007ff95f780000 - 0x00007ff95f789000 	C:\Program Files\Java\jdk-17.0.5\bin\management.dll
0x00007ff95f770000 - 0x00007ff95f77b000 	C:\Program Files\Java\jdk-17.0.5\bin\management_ext.dll
0x00007ff98e9a0000 - 0x00007ff98e9bb000 	C:\WINDOWS\SYSTEM32\CRYPTSP.dll
0x00007ff98e190000 - 0x00007ff98e1c5000 	C:\WINDOWS\system32\rsaenh.dll
0x00007ff98e720000 - 0x00007ff98e748000 	C:\WINDOWS\SYSTEM32\USERENV.dll
0x00007ff98eaf0000 - 0x00007ff98eb18000 	C:\WINDOWS\SYSTEM32\bcrypt.dll
0x00007ff98e980000 - 0x00007ff98e98c000 	C:\WINDOWS\SYSTEM32\CRYPTBASE.dll
0x00007ff987cf0000 - 0x00007ff987d09000 	C:\WINDOWS\SYSTEM32\dhcpcsvc6.DLL
0x00007ff987010000 - 0x00007ff98702f000 	C:\WINDOWS\SYSTEM32\dhcpcsvc.DLL
0x00007ff979640000 - 0x00007ff979657000 	C:\WINDOWS\system32\napinsp.dll
0x00007ff9795c0000 - 0x00007ff9795db000 	C:\WINDOWS\system32\pnrpnsp.dll
0x00007ff9790c0000 - 0x00007ff9790d1000 	C:\WINDOWS\System32\winrnr.dll
0x00007ff987e20000 - 0x00007ff987e35000 	C:\WINDOWS\system32\wshbth.dll
0x00007ff979060000 - 0x00007ff979081000 	C:\WINDOWS\system32\nlansp_c.dll
0x00007ff970380000 - 0x00007ff970390000 	C:\Program Files\Java\jdk-17.0.5\bin\verify.dll
0x00007ff95f760000 - 0x00007ff95f76e000 	C:\Program Files\Java\jdk-17.0.5\bin\sunmscapi.dll
0x00007ff98f890000 - 0x00007ff98f9f6000 	C:\WINDOWS\System32\CRYPT32.dll
0x00007ff98eac0000 - 0x00007ff98eaed000 	C:\WINDOWS\SYSTEM32\ncrypt.dll
0x00007ff98ea80000 - 0x00007ff98eab7000 	C:\WINDOWS\SYSTEM32\NTASN1.dll
0x00007ff95ea70000 - 0x00007ff95ea78000 	C:\WINDOWS\system32\wshunix.dll

dbghelp: loaded successfully - version: 4.0.5 - missing functions: none
symbol engine: initialized successfully - sym options: 0x614 - pdb path: .;C:\Program Files\Java\jdk-17.0.5\bin;C:\WINDOWS\SYSTEM32;C:\WINDOWS\WinSxS\amd64_microsoft.windows.common-controls_6595b64144ccf1df_6.0.22621.608_none_a9444ca7c10bb01d;C:\Program Files\Java\jdk-17.0.5\bin\server;C:\Program Files\JetBrains\IntelliJ IDEA 2022.3.2\bin

VM Arguments:
jvm_args: -XX:TieredStopAtLevel=1 -Dspring.output.ansi.enabled=always -Dcom.sun.management.jmxremote -Dspring.jmx.enabled=true -Dspring.liveBeansView.mbeanDomain -Dspring.application.admin.enabled=true -Dmanagement.endpoints.jmx.exposure.include=* -javaagent:C:\Program Files\JetBrains\IntelliJ IDEA 2022.3.2\lib\idea_rt.jar=55028:C:\Program Files\JetBrains\IntelliJ IDEA 2022.3.2\bin -Dfile.encoding=UTF-8 
java_command: com.vindemo.translation.TranslationApplication
java_class_path (initial): F:\vinTest\temp-07\translation\target\classes;C:\Users\vutam\.m2\repository\org\springframework\boot\spring-boot-starter\2.7.9\spring-boot-starter-2.7.9.jar;C:\Users\vutam\.m2\repository\org\springframework\boot\spring-boot\2.7.9\spring-boot-2.7.9.jar;C:\Users\vutam\.m2\repository\org\springframework\spring-context\5.3.25\spring-context-5.3.25.jar;C:\Users\vutam\.m2\repository\org\springframework\boot\spring-boot-autoconfigure\2.7.9\spring-boot-autoconfigure-2.7.9.jar;C:\Users\vutam\.m2\repository\org\springframework\boot\spring-boot-starter-logging\2.7.9\spring-boot-starter-logging-2.7.9.jar;C:\Users\vutam\.m2\repository\ch\qos\logback\logback-classic\1.2.11\logback-classic-1.2.11.jar;C:\Users\vutam\.m2\repository\ch\qos\logback\logback-core\1.2.11\logback-core-1.2.11.jar;C:\Users\vutam\.m2\repository\org\apache\logging\log4j\log4j-to-slf4j\2.17.2\log4j-to-slf4j-2.17.2.jar;C:\Users\vutam\.m2\repository\org\apache\logging\log4j\log4j-api\2.17.2\log4j-api-2.17.2.jar;C:\Users\vutam\.m2\repository\org\slf4j\jul-to-slf4j\1.7.36\jul-to-slf4j-1.7.36.jar;C:\Users\vutam\.m2\repository\jakarta\annotation\jakarta.annotation-api\1.3.5\jakarta.annotation-api-1.3.5.jar;C:\Users\vutam\.m2\repository\org\springframework\spring-core\5.3.25\spring-core-5.3.25.jar;C:\Users\vutam\.m2\repository\org\springframework\spring-jcl\5.3.25\spring-jcl-5.3.25.jar;C:\Users\vutam\.m2\repository\org\yaml\snakeyaml\1.30\snakeyaml-1.30.jar;C:\Users\vutam\.m2\repository\org\postgresql\postgresql\42.3.1\postgresql-42.3.1.jar;C:\Users\vutam\.m2\repository\org\checkerframework\checker-qual\3.5.0\checker-qual-3.5.0.jar;C:\Users\vutam\.m2\repository\org\projectlombok\lombok\1.18.26\lombok-1.18.26.jar;C:\Users\vutam\.m2\repository\org\slf4j\slf4j-api\1.7.36\slf4j-api-1.7.36.jar;C:\Users\vutam\.m2\repository\jakarta\xml\bind\jakarta.xml.bind-api\2.3.3\jakarta.xml.bind-api-2.3.3.jar;C:\Users\vutam\.m2\repository\jakarta\activation\jakarta.activation-api\1.2.2\jakarta.activation-a
Launcher Type: SUN_STANDARD

[Global flags]
     intx CICompilerCount                          = 4                                         {product} {ergonomic}
     uint ConcGCThreads                            = 3                                         {product} {ergonomic}
     uint G1ConcRefinementThreads                  = 10                                        {product} {ergonomic}
   size_t G1HeapRegionSize                         = 2097152                                   {product} {ergonomic}
    uintx GCDrainStackTargetSize                   = 64                                        {product} {ergonomic}
   size_t InitialHeapSize                          = 264241152                                 {product} {ergonomic}
     bool ManagementServer                         = true                                      {product} {command line}
   size_t MarkStackSize                            = 4194304                                   {product} {ergonomic}
   size_t MaxHeapSize                              = 4206886912                                {product} {ergonomic}
   size_t MaxNewSize                               = 2522873856                                {product} {ergonomic}
   size_t MinHeapDeltaBytes                        = 2097152                                   {product} {ergonomic}
   size_t MinHeapSize                              = 8388608                                   {product} {ergonomic}
    uintx NonProfiledCodeHeapSize                  = 0                                      {pd product} {ergonomic}
     bool ProfileInterpreter                       = false                                  {pd product} {command line}
    uintx ProfiledCodeHeapSize                     = 0                                      {pd product} {ergonomic}
   size_t SoftMaxHeapSize                          = 4206886912                             {manageable} {ergonomic}
     intx TieredStopAtLevel                        = 1                                         {product} {command line}
     bool UseCompressedClassPointers               = true                           {product lp64_product} {ergonomic}
     bool UseCompressedOops                        = true                           {product lp64_product} {ergonomic}
     bool UseG1GC                                  = true                                      {product} {ergonomic}
     bool UseLargePagesIndividualAllocation        = false                                  {pd product} {ergonomic}

Logging:
Log output configuration:
 #0: stdout all=warning uptime,level,tags
 #1: stderr all=off uptime,level,tags

Environment Variables:
JAVA_HOME=C:\Program Files\Java\jdk-17.0.5
PATH=C:\Program Files (x86)\VMware\VMware Workstation\bin\;C:\Program Files\Common Files\Oracle\Java\javapath;F:\Projects\WINDOWS.X64_193000_db_home\bin;C:\Python310\Scripts\;C:\Python310\;C:\WINDOWS\system32;C:\WINDOWS;C:\WINDOWS\System32\Wbem;C:\WINDOWS\System32\WindowsPowerShell\v1.0\;C:\WINDOWS\System32\OpenSSH\;C:\Program Files\Git\cmd;C:\ProgramData\chocolatey\bin;C:\nodejs;C:\Program Files\Amazon\AWSCLIV2\;C:\Program Files\VisualSVN Server\bin;C:\Users\vutam\OneDrive\Data\rclone;F:\Projects\Tools\gradle-7.5.1-bin\gradle-7.5.1\bin;C:\Program Files\Java\jdk-17.0.5\bin;C:\Program Files\Cloudflare\Cloudflare WARP\;C:\Program Files\nodejs\node_modules\npm\bin;C:\Program Files\nodejs;C:\Program Files\dotnet\;F:\Projects\Tools\mongodb\bin;F:\Projects\Tools\mongo-sh\bin;F:\Projects\Tools\apache-maven-3.9.0\bin;;C:\Program Files\Docker\Docker\resources\bin;C:\Users\vutam\AppData\Local\Microsoft\WindowsApps;C:\Users\vutam\AppData\Local\Programs\Microsoft VS Code\bin;C:\Program Files\nodejs;C:\Users\vutam\OneDrive\Data\rclone;F:\Projects\Tools\gradle-7.5.1-bin\gradle-7.5.1\bin;C:\Program Files\Java\jdk-17.0.5\bin;C:\Users\vutam\AppData\Roaming\npm;C:\Python310;F:\Projects\Tools\mongodb\bin;F:\Projects\Tools\mongo-sh\bin;F:\Projects\Tools\apache-maven-3.9.0\bin;C:\Users\vutam\AppData\Local\JetBrains\Toolbox\scripts;
USERNAME=vutam
OS=Windows_NT
PROCESSOR_IDENTIFIER=Intel64 Family 6 Model 165 Stepping 3, GenuineIntel



---------------  S Y S T E M  ---------------

OS:
 Windows 11 , 64 bit Build 22621 (10.0.22621.1344)
OS uptime: 0 days 0:49 hours
Hyper-V role detected

CPU: total 12 (initial active 12) (6 cores per cpu, 2 threads per core) family 6 model 165 stepping 3 microcode 0xe0, cx8, cmov, fxsr, ht, mmx, 3dnowpref, sse, sse2, sse3, ssse3, sse4.1, sse4.2, popcnt, lzcnt, tsc, tscinvbit, avx, avx2, aes, erms, clmul, bmi1, bmi2, adx, fma, vzeroupper, clflush, clflushopt, hv

Memory: 4k page, system-wide physical 16045M (863M free)
TotalPageFile size 18093M (AvailPageFile size 26M)
current process WorkingSet (physical memory assigned to process): 589M, peak: 589M
current process commit charge ("private bytes"): 632M, peak: 760M

vm_info: Java HotSpot(TM) 64-Bit Server VM (17.0.5+9-LTS-191) for windows-amd64 JRE (17.0.5+9-LTS-191), built on Sep 13 2022 17:31:43 by "mach5one" with MS VC++ 16.8 / 16.9 (VS2019)

END.
