#
# There is insufficient memory for the Java Runtime Environment to continue.
# Native memory allocation (mmap) failed to map 134217728 bytes for G1 virtual space
# Possible reasons:
#   The system is out of physical RAM or swap space
#   The process is running with CompressedOops enabled, and the Java Heap may be blocking the growth of the native heap
# Possible solutions:
#   Reduce memory load on the system
#   Increase physical memory or swap space
#   Check if swap backing store is full
#   Decrease Java heap size (-Xmx/-Xms)
#   Decrease number of Java threads
#   Decrease Java thread stack sizes (-Xss)
#   Set larger code cache with -XX:ReservedCodeCacheSize=
#   JVM is running with Zero Based Compressed Oops mode in which the Java heap is
#     placed in the first 32GB address space. The Java Heap base address is the
#     maximum limit for the native heap growth. Please use -XX:HeapBaseMinAddress
#     to set the Java Heap base and to place the Java Heap above 32GB virtual address.
# This output file may be truncated or incomplete.
#
#  Out of Memory Error (os_windows.cpp:3541), pid=4272, tid=18900
#
# JRE version: Java(TM) SE Runtime Environment (17.0.5+9) (build 17.0.5+9-LTS-191)
# Java VM: Java HotSpot(TM) 64-Bit Server VM (17.0.5+9-LTS-191, mixed mode, emulated-client, sharing, tiered, compressed oops, compressed class ptrs, g1 gc, windows-amd64)
# No core dump will be written. Minidumps are not enabled by default on client versions of Windows
#

---------------  S U M M A R Y ------------

Command Line: -XX:TieredStopAtLevel=1 -Dspring.output.ansi.enabled=always -Dcom.sun.management.jmxremote -Dspring.jmx.enabled=true -Dspring.liveBeansView.mbeanDomain -Dspring.application.admin.enabled=true -Dmanagement.endpoints.jmx.exposure.include=* -javaagent:C:\Program Files\JetBrains\IntelliJ IDEA 2022.3.2\lib\idea_rt.jar=55210:C:\Program Files\JetBrains\IntelliJ IDEA 2022.3.2\bin -Dfile.encoding=UTF-8 com.vindemo.translation.TranslationApplication

Host: Intel(R) Core(TM) i5-10400 CPU @ 2.90GHz, 12 cores, 15G,  Windows 11 , 64 bit Build 22621 (10.0.22621.1344)
Time: Tue Mar  7 10:25:18 2023 SE Asia Standard Time elapsed time: 15.496958 seconds (0d 0h 0m 15s)

---------------  T H R E A D  ---------------

Current thread (0x000001b878b2ea40):  VMThread "VM Thread" [stack: 0x000000164df00000,0x000000164e000000] [id=18900]

Stack: [0x000000164df00000,0x000000164e000000]
Native frames: (J=compiled Java code, j=interpreted, Vv=VM code, C=native code)
V  [jvm.dll+0x672eea]
V  [jvm.dll+0x7d2a04]
V  [jvm.dll+0x7d41ae]
V  [jvm.dll+0x7d4813]
V  [jvm.dll+0x242c15]
V  [jvm.dll+0x66fe09]
V  [jvm.dll+0x664682]
V  [jvm.dll+0x300e8b]
V  [jvm.dll+0x308426]
V  [jvm.dll+0x357ffe]
V  [jvm.dll+0x35822f]
V  [jvm.dll+0x2d80a8]
V  [jvm.dll+0x2d6374]
V  [jvm.dll+0x2d597c]
V  [jvm.dll+0x3193eb]
V  [jvm.dll+0x7d8ceb]
V  [jvm.dll+0x7d9a24]
V  [jvm.dll+0x7d9f3c]
V  [jvm.dll+0x7da314]
V  [jvm.dll+0x7da3e0]
V  [jvm.dll+0x782b4a]
V  [jvm.dll+0x671d75]
C  [ucrtbase.dll+0x29363]
C  [KERNEL32.DLL+0x126bd]
C  [ntdll.dll+0x5a9f8]

VM_Operation (0x00000016504fc6f0): G1CollectForAllocation, mode: safepoint, requested by thread 0x000001b87b594880


---------------  P R O C E S S  ---------------

Threads class SMR info:
_java_thread_list=0x000001b8797a2a80, length=33, elements={
0x000001b878b354f0, 0x000001b878b366b0, 0x000001b878b4c910, 0x000001b878b4d1d0,
0x000001b878b4db80, 0x000001b878b4e530, 0x000001b879503580, 0x000001b87950c790,
0x000001b878b1f8f0, 0x000001b8799885b0, 0x000001b8798f8e20, 0x000001b879b0a9b0,
0x000001b87b372610, 0x000001b87b343290, 0x000001b87b6b9840, 0x000001b87b650490,
0x000001b87b651e20, 0x000001b87b593ee0, 0x000001b87b594880, 0x000001b87b594d50,
0x000001b87b596560, 0x000001b87b596090, 0x000001b87b596a30, 0x000001b87b595bc0,
0x000001b87b595220, 0x000001b87b593070, 0x000001b87b5956f0, 0x000001b87b593a10,
0x000001b87bdcfc30, 0x000001b87bdd0100, 0x000001b87bdd0aa0, 0x000001b87bdcc270,
0x000001b878b1ffa0
}

Java Threads: ( => current thread )
  0x000001b878b354f0 JavaThread "Reference Handler" daemon [_thread_blocked, id=7408, stack(0x000000164e000000,0x000000164e100000)]
  0x000001b878b366b0 JavaThread "Finalizer" daemon [_thread_blocked, id=2244, stack(0x000000164e100000,0x000000164e200000)]
  0x000001b878b4c910 JavaThread "Signal Dispatcher" daemon [_thread_blocked, id=16152, stack(0x000000164e200000,0x000000164e300000)]
  0x000001b878b4d1d0 JavaThread "Attach Listener" daemon [_thread_blocked, id=11320, stack(0x000000164e300000,0x000000164e400000)]
  0x000001b878b4db80 JavaThread "Service Thread" daemon [_thread_blocked, id=14364, stack(0x000000164e400000,0x000000164e500000)]
  0x000001b878b4e530 JavaThread "Monitor Deflation Thread" daemon [_thread_blocked, id=19416, stack(0x000000164e500000,0x000000164e600000)]
  0x000001b879503580 JavaThread "C1 CompilerThread0" daemon [_thread_blocked, id=6392, stack(0x000000164e600000,0x000000164e700000)]
  0x000001b87950c790 JavaThread "Sweeper thread" daemon [_thread_blocked, id=13768, stack(0x000000164e700000,0x000000164e800000)]
  0x000001b878b1f8f0 JavaThread "Common-Cleaner" daemon [_thread_blocked, id=11976, stack(0x000000164e800000,0x000000164e900000)]
  0x000001b8799885b0 JavaThread "Monitor Ctrl-Break" daemon [_thread_in_native, id=16432, stack(0x000000164eb00000,0x000000164ec00000)]
  0x000001b8798f8e20 JavaThread "Notification Thread" daemon [_thread_blocked, id=13812, stack(0x000000164ec00000,0x000000164ed00000)]
  0x000001b879b0a9b0 JavaThread "RMI TCP Accept-0" daemon [_thread_in_native, id=4196, stack(0x000000164ed00000,0x000000164ee00000)]
  0x000001b87b372610 JavaThread "RMI TCP Connection(3)-192.168.120.2" daemon [_thread_in_native, id=15800, stack(0x000000164f800000,0x000000164f900000)]
  0x000001b87b343290 JavaThread "RMI Scheduler(0)" daemon [_thread_blocked, id=14580, stack(0x000000164fb00000,0x000000164fc00000)]
  0x000001b87b6b9840 JavaThread "Catalina-utility-1" [_thread_blocked, id=2380, stack(0x000000164fe00000,0x000000164ff00000)]
  0x000001b87b650490 JavaThread "Catalina-utility-2" [_thread_blocked, id=9872, stack(0x000000164ff00000,0x0000001650000000)]
  0x000001b87b651e20 JavaThread "container-0" [_thread_blocked, id=20108, stack(0x0000001650000000,0x0000001650100000)]
  0x000001b87b593ee0 JavaThread "HikariPool-1 housekeeper" daemon [_thread_blocked, id=3904, stack(0x0000001650200000,0x0000001650300000)]
  0x000001b87b594880 JavaThread "http-nio-18080-exec-1" daemon [_thread_blocked, id=2732, stack(0x0000001650400000,0x0000001650500000)]
  0x000001b87b594d50 JavaThread "http-nio-18080-exec-2" daemon [_thread_blocked, id=4896, stack(0x0000001650500000,0x0000001650600000)]
  0x000001b87b596560 JavaThread "http-nio-18080-exec-3" daemon [_thread_blocked, id=18572, stack(0x0000001650600000,0x0000001650700000)]
  0x000001b87b596090 JavaThread "http-nio-18080-exec-4" daemon [_thread_blocked, id=13632, stack(0x0000001650700000,0x0000001650800000)]
  0x000001b87b596a30 JavaThread "http-nio-18080-exec-5" daemon [_thread_blocked, id=19372, stack(0x0000001650800000,0x0000001650900000)]
  0x000001b87b595bc0 JavaThread "http-nio-18080-exec-6" daemon [_thread_blocked, id=16676, stack(0x0000001650900000,0x0000001650a00000)]
  0x000001b87b595220 JavaThread "http-nio-18080-exec-7" daemon [_thread_blocked, id=7724, stack(0x0000001650a00000,0x0000001650b00000)]
  0x000001b87b593070 JavaThread "http-nio-18080-exec-8" daemon [_thread_blocked, id=16720, stack(0x0000001650b00000,0x0000001650c00000)]
  0x000001b87b5956f0 JavaThread "http-nio-18080-exec-9" daemon [_thread_blocked, id=9068, stack(0x0000001650c00000,0x0000001650d00000)]
  0x000001b87b593a10 JavaThread "http-nio-18080-exec-10" daemon [_thread_blocked, id=16264, stack(0x0000001650d00000,0x0000001650e00000)]
  0x000001b87bdcfc30 JavaThread "http-nio-18080-Poller" daemon [_thread_in_native, id=16316, stack(0x0000001650e00000,0x0000001650f00000)]
  0x000001b87bdd0100 JavaThread "http-nio-18080-Acceptor" daemon [_thread_in_native, id=332, stack(0x0000001650f00000,0x0000001651000000)]
  0x000001b87bdd0aa0 JavaThread "DestroyJavaVM" [_thread_blocked, id=3628, stack(0x000000164d900000,0x000000164da00000)]
  0x000001b87bdcc270 JavaThread "RMI TCP Connection(idle)" daemon [_thread_blocked, id=6932, stack(0x0000001651000000,0x0000001651100000)]
  0x000001b878b1ffa0 JavaThread "C1 CompilerThread1" daemon [_thread_blocked, id=10908, stack(0x000000164e900000,0x000000164ea00000)]

Other Threads:
=>0x000001b878b2ea40 VMThread "VM Thread" [stack: 0x000000164df00000,0x000000164e000000] [id=18900]
  0x000001b85fe49cb0 WatcherThread [stack: 0x000000164ee00000,0x000000164ef00000] [id=8020]
  0x000001b85fe24510 GCTaskThread "GC Thread#0" [stack: 0x000000164da00000,0x000000164db00000] [id=13364]
  0x000001b879e4b260 GCTaskThread "GC Thread#1" [stack: 0x000000164f000000,0x000000164f100000] [id=15376]
  0x000001b879e4b510 GCTaskThread "GC Thread#2" [stack: 0x000000164f100000,0x000000164f200000] [id=4088]
  0x000001b879e05560 GCTaskThread "GC Thread#3" [stack: 0x000000164f200000,0x000000164f300000] [id=18712]
  0x000001b879e05810 GCTaskThread "GC Thread#4" [stack: 0x000000164f300000,0x000000164f400000] [id=11276]
  0x000001b879e05f40 GCTaskThread "GC Thread#5" [stack: 0x000000164f400000,0x000000164f500000] [id=17208]
  0x000001b879ea72b0 GCTaskThread "GC Thread#6" [stack: 0x000000164f500000,0x000000164f600000] [id=15092]
  0x000001b879ea7970 GCTaskThread "GC Thread#7" [stack: 0x000000164f600000,0x000000164f700000] [id=10264]
  0x000001b87a031890 GCTaskThread "GC Thread#8" [stack: 0x000000164f900000,0x000000164fa00000] [id=20352]
  0x000001b87a037850 GCTaskThread "GC Thread#9" [stack: 0x000000164fa00000,0x000000164fb00000] [id=9852]
  0x000001b85fe34f10 ConcurrentGCThread "G1 Main Marker" [stack: 0x000000164db00000,0x000000164dc00000] [id=11768]
  0x000001b85fe35a80 ConcurrentGCThread "G1 Conc#0" [stack: 0x000000164dc00000,0x000000164dd00000] [id=5404]
  0x000001b87b2ebce0 ConcurrentGCThread "G1 Conc#1" [stack: 0x000000164fc00000,0x000000164fd00000] [id=15696]
  0x000001b87b2ecfb0 ConcurrentGCThread "G1 Conc#2" [stack: 0x000000164fd00000,0x000000164fe00000] [id=4276]
  0x000001b85fe7db10 ConcurrentGCThread "G1 Refine#0" [stack: 0x000000164dd00000,0x000000164de00000] [id=11772]
  0x000001b879e273d0 ConcurrentGCThread "G1 Refine#1" [stack: 0x000000164f700000,0x000000164f800000] [id=17152]
  0x000001b87be84cc0 ConcurrentGCThread "G1 Refine#2" [stack: 0x000000164ea00000,0x000000164eb00000] [id=14724]
  0x000001b879d27530 ConcurrentGCThread "G1 Refine#3" [stack: 0x000000164ef00000,0x000000164f000000] [id=17392]
  0x000001b879b39ef0 ConcurrentGCThread "G1 Refine#4" [stack: 0x0000001651100000,0x0000001651200000] [id=17564]
  0x000001b87be5aca0 ConcurrentGCThread "G1 Refine#5" [stack: 0x0000001651200000,0x0000001651300000] [id=15892]
  0x000001b87be5a6e0 ConcurrentGCThread "G1 Refine#6" [stack: 0x0000001651300000,0x0000001651400000] [id=10532]
  0x000001b87be5a9c0 ConcurrentGCThread "G1 Refine#7" [stack: 0x0000001651400000,0x0000001651500000] [id=16564]
  0x000001b85fe7e3d0 ConcurrentGCThread "G1 Service" [stack: 0x000000164de00000,0x000000164df00000] [id=19836]

Threads with active compile tasks:

VM state: at safepoint (normal execution)

VM Mutex/Monitor currently owned by a thread:  ([mutex/lock_event])
[0x000001b85fdb5d50] Threads_lock - owner thread: 0x000001b878b2ea40
[0x000001b85fdb4d90] Heap_lock - owner thread: 0x000001b87b594880

Heap address: 0x0000000705400000, size: 4012 MB, Compressed Oops mode: Zero based, Oop shift amount: 3

CDS archive(s) mapped at: [0x0000000800000000-0x0000000800bd0000-0x0000000800bd0000), size 12386304, SharedBaseAddress: 0x0000000800000000, ArchiveRelocationMode: 0.
Compressed class space mapped at: 0x0000000800c00000-0x0000000840c00000, reserved size: 1073741824
Narrow klass base: 0x0000000800000000, Narrow klass shift: 0, Narrow klass range: 0x100000000

GC Precious Log:
 CPUs: 12 total, 12 available
 Memory: 16045M
 Large Page Support: Disabled
 NUMA Support: Disabled
 Compressed Oops: Enabled (Zero based)
 Heap Region Size: 2M
 Heap Min Capacity: 8M
 Heap Initial Capacity: 252M
 Heap Max Capacity: 4012M
 Pre-touch: Disabled
 Parallel Workers: 10
 Concurrent Workers: 3
 Concurrent Refinement Workers: 10
 Periodic GC: Disabled

Heap:
 garbage-first heap   total 450560K, used 192512K [0x0000000705400000, 0x0000000800000000)
  region size 2048K, 13 young (26624K), 13 survivors (26624K)
 Metaspace       used 50026K, committed 50432K, reserved 1097728K
  class space    used 7181K, committed 7360K, reserved 1048576K

Heap Regions: E=young(eden), S=young(survivor), O=old, HS=humongous(starts), HC=humongous(continues), CS=collection set, F=free, OA=open archive, CA=closed archive, TAMS=top-at-mark-start (previous, next)
|   0|0x0000000705400000, 0x0000000705600000, 0x0000000705600000|100%| O|  |TAMS 0x0000000705600000, 0x0000000705400000| Untracked 
|   1|0x0000000705600000, 0x0000000705800000, 0x0000000705800000|100%| O|  |TAMS 0x0000000705800000, 0x0000000705600000| Untracked 
|   2|0x0000000705800000, 0x0000000705a00000, 0x0000000705a00000|100%| O|  |TAMS 0x0000000705a00000, 0x0000000705800000| Untracked 
|   3|0x0000000705a00000, 0x0000000705c00000, 0x0000000705c00000|100%| O|  |TAMS 0x0000000705a00000, 0x0000000705a00000| Untracked 
|   4|0x0000000705c00000, 0x0000000705e00000, 0x0000000705e00000|100%| O|  |TAMS 0x0000000705e00000, 0x0000000705c00000| Untracked 
|   5|0x0000000705e00000, 0x0000000706000000, 0x0000000706000000|100%| O|  |TAMS 0x0000000706000000, 0x0000000705e00000| Untracked 
|   6|0x0000000706000000, 0x0000000706200000, 0x0000000706200000|100%| O|  |TAMS 0x0000000706000000, 0x0000000706000000| Untracked 
|   7|0x0000000706200000, 0x0000000706400000, 0x0000000706400000|100%| O|  |TAMS 0x0000000706200000, 0x0000000706200000| Untracked 
|   8|0x0000000706400000, 0x0000000706600000, 0x0000000706600000|100%| O|  |TAMS 0x0000000706400000, 0x0000000706400000| Untracked 
|   9|0x0000000706600000, 0x0000000706800000, 0x0000000706800000|100%| O|  |TAMS 0x0000000706600000, 0x0000000706600000| Untracked 
|  10|0x0000000706800000, 0x0000000706a00000, 0x0000000706a00000|100%| O|  |TAMS 0x0000000706a00000, 0x0000000706800000| Untracked 
|  11|0x0000000706a00000, 0x0000000706c00000, 0x0000000706c00000|100%| O|  |TAMS 0x0000000706c00000, 0x0000000706a00000| Untracked 
|  12|0x0000000706c00000, 0x0000000706e00000, 0x0000000706e00000|100%| O|  |TAMS 0x0000000706c00000, 0x0000000706c00000| Untracked 
|  13|0x0000000706e00000, 0x0000000707000000, 0x0000000707000000|100%| O|  |TAMS 0x0000000706e00000, 0x0000000706e00000| Untracked 
|  14|0x0000000707000000, 0x0000000707200000, 0x0000000707200000|100%| O|  |TAMS 0x0000000707000000, 0x0000000707000000| Untracked 
|  15|0x0000000707200000, 0x0000000707400000, 0x0000000707400000|100%| O|  |TAMS 0x0000000707200000, 0x0000000707200000| Untracked 
|  16|0x0000000707400000, 0x0000000707600000, 0x0000000707600000|100%|HS|  |TAMS 0x0000000707400000, 0x0000000707400000| Complete 
|  17|0x0000000707600000, 0x0000000707800000, 0x0000000707800000|100%| O|  |TAMS 0x0000000707600000, 0x0000000707600000| Untracked 
|  18|0x0000000707800000, 0x0000000707a00000, 0x0000000707a00000|100%| O|  |TAMS 0x0000000707800000, 0x0000000707800000| Untracked 
|  19|0x0000000707a00000, 0x0000000707c00000, 0x0000000707c00000|100%| O|  |TAMS 0x0000000707a00000, 0x0000000707a00000| Untracked 
|  20|0x0000000707c00000, 0x0000000707e00000, 0x0000000707e00000|100%| O|  |TAMS 0x0000000707c00000, 0x0000000707c00000| Untracked 
|  21|0x0000000707e00000, 0x0000000708000000, 0x0000000708000000|100%| O|  |TAMS 0x0000000707e00000, 0x0000000707e00000| Untracked 
|  22|0x0000000708000000, 0x0000000708200000, 0x0000000708200000|100%|HS|  |TAMS 0x0000000708000000, 0x0000000708000000| Complete 
|  23|0x0000000708200000, 0x0000000708400000, 0x0000000708400000|100%|HC|  |TAMS 0x0000000708200000, 0x0000000708200000| Complete 
|  24|0x0000000708400000, 0x0000000708600000, 0x0000000708600000|100%| O|  |TAMS 0x0000000708400000, 0x0000000708400000| Untracked 
|  25|0x0000000708600000, 0x0000000708800000, 0x0000000708800000|100%| O|  |TAMS 0x0000000708600000, 0x0000000708600000| Untracked 
|  26|0x0000000708800000, 0x0000000708a00000, 0x0000000708a00000|100%| O|  |TAMS 0x0000000708800000, 0x0000000708800000| Untracked 
|  27|0x0000000708a00000, 0x0000000708c00000, 0x0000000708c00000|100%| O|  |TAMS 0x0000000708a00000, 0x0000000708a00000| Untracked 
|  28|0x0000000708c00000, 0x0000000708e00000, 0x0000000708e00000|100%| O|  |TAMS 0x0000000708c00000, 0x0000000708c00000| Untracked 
|  29|0x0000000708e00000, 0x0000000709000000, 0x0000000709000000|100%| O|  |TAMS 0x0000000708e00000, 0x0000000708e00000| Untracked 
|  30|0x0000000709000000, 0x0000000709200000, 0x0000000709200000|100%| O|  |TAMS 0x0000000709000000, 0x0000000709000000| Untracked 
|  31|0x0000000709200000, 0x0000000709400000, 0x0000000709400000|100%|HS|  |TAMS 0x0000000709200000, 0x0000000709200000| Complete 
|  32|0x0000000709400000, 0x0000000709600000, 0x0000000709600000|100%|HC|  |TAMS 0x0000000709400000, 0x0000000709400000| Complete 
|  33|0x0000000709600000, 0x0000000709800000, 0x0000000709800000|100%|HC|  |TAMS 0x0000000709600000, 0x0000000709600000| Complete 
|  34|0x0000000709800000, 0x0000000709a00000, 0x0000000709a00000|100%| O|  |TAMS 0x0000000709800000, 0x0000000709800000| Untracked 
|  35|0x0000000709a00000, 0x0000000709c00000, 0x0000000709c00000|100%| O|  |TAMS 0x0000000709a00000, 0x0000000709a00000| Untracked 
|  36|0x0000000709c00000, 0x0000000709e00000, 0x0000000709e00000|100%| O|  |TAMS 0x0000000709c00000, 0x0000000709c00000| Untracked 
|  37|0x0000000709e00000, 0x000000070a000000, 0x000000070a000000|100%| O|  |TAMS 0x0000000709e00000, 0x0000000709e00000| Untracked 
|  38|0x000000070a000000, 0x000000070a200000, 0x000000070a200000|100%| O|  |TAMS 0x000000070a000000, 0x000000070a000000| Untracked 
|  39|0x000000070a200000, 0x000000070a400000, 0x000000070a400000|100%| O|  |TAMS 0x000000070a200000, 0x000000070a200000| Untracked 
|  40|0x000000070a400000, 0x000000070a600000, 0x000000070a600000|100%| O|  |TAMS 0x000000070a400000, 0x000000070a400000| Untracked 
|  41|0x000000070a600000, 0x000000070a800000, 0x000000070a800000|100%| O|  |TAMS 0x000000070a600000, 0x000000070a600000| Untracked 
|  42|0x000000070a800000, 0x000000070aa00000, 0x000000070aa00000|100%| O|  |TAMS 0x000000070a800000, 0x000000070a800000| Untracked 
|  43|0x000000070aa00000, 0x000000070ac00000, 0x000000070ac00000|100%| O|  |TAMS 0x000000070aa00000, 0x000000070aa00000| Untracked 
|  44|0x000000070ac00000, 0x000000070ae00000, 0x000000070ae00000|100%| O|  |TAMS 0x000000070ac00000, 0x000000070ac00000| Untracked 
|  45|0x000000070ae00000, 0x000000070b000000, 0x000000070b000000|100%| O|  |TAMS 0x000000070ae00000, 0x000000070ae00000| Untracked 
|  46|0x000000070b000000, 0x000000070b200000, 0x000000070b200000|100%| O|  |TAMS 0x000000070b000000, 0x000000070b000000| Untracked 
|  47|0x000000070b200000, 0x000000070b400000, 0x000000070b400000|100%| O|  |TAMS 0x000000070b200000, 0x000000070b200000| Untracked 
|  48|0x000000070b400000, 0x000000070b600000, 0x000000070b600000|100%| O|  |TAMS 0x000000070b400000, 0x000000070b400000| Untracked 
|  49|0x000000070b600000, 0x000000070b800000, 0x000000070b800000|100%| O|  |TAMS 0x000000070b600000, 0x000000070b600000| Untracked 
|  50|0x000000070b800000, 0x000000070ba00000, 0x000000070ba00000|100%| O|  |TAMS 0x000000070b800000, 0x000000070b800000| Untracked 
|  51|0x000000070ba00000, 0x000000070bc00000, 0x000000070bc00000|100%|HS|  |TAMS 0x000000070ba00000, 0x000000070ba00000| Complete 
|  52|0x000000070bc00000, 0x000000070be00000, 0x000000070be00000|100%|HC|  |TAMS 0x000000070bc00000, 0x000000070bc00000| Complete 
|  53|0x000000070be00000, 0x000000070c000000, 0x000000070c000000|100%|HC|  |TAMS 0x000000070be00000, 0x000000070be00000| Complete 
|  54|0x000000070c000000, 0x000000070c200000, 0x000000070c200000|100%|HC|  |TAMS 0x000000070c000000, 0x000000070c000000| Complete 
|  55|0x000000070c200000, 0x000000070c400000, 0x000000070c400000|100%|HC|  |TAMS 0x000000070c200000, 0x000000070c200000| Complete 
|  56|0x000000070c400000, 0x000000070c600000, 0x000000070c600000|100%| O|  |TAMS 0x000000070c400000, 0x000000070c400000| Untracked 
|  57|0x000000070c600000, 0x000000070c800000, 0x000000070c800000|100%| O|  |TAMS 0x000000070c600000, 0x000000070c600000| Untracked 
|  58|0x000000070c800000, 0x000000070ca00000, 0x000000070ca00000|100%| O|  |TAMS 0x000000070c800000, 0x000000070c800000| Untracked 
|  59|0x000000070ca00000, 0x000000070cc00000, 0x000000070cc00000|100%| O|  |TAMS 0x000000070ca00000, 0x000000070ca00000| Untracked 
|  60|0x000000070cc00000, 0x000000070ce00000, 0x000000070ce00000|100%| O|  |TAMS 0x000000070cc00000, 0x000000070cc00000| Untracked 
|  61|0x000000070ce00000, 0x000000070d000000, 0x000000070d000000|100%| O|  |TAMS 0x000000070ce00000, 0x000000070ce00000| Untracked 
|  62|0x000000070d000000, 0x000000070d200000, 0x000000070d200000|100%| O|  |TAMS 0x000000070d000000, 0x000000070d000000| Untracked 
|  63|0x000000070d200000, 0x000000070d400000, 0x000000070d400000|100%| O|  |TAMS 0x000000070d200000, 0x000000070d200000| Untracked 
|  64|0x000000070d400000, 0x000000070d600000, 0x000000070d600000|100%| O|  |TAMS 0x000000070d400000, 0x000000070d400000| Untracked 
|  65|0x000000070d600000, 0x000000070d800000, 0x000000070d800000|100%| O|  |TAMS 0x000000070d600000, 0x000000070d600000| Untracked 
|  66|0x000000070d800000, 0x000000070da00000, 0x000000070da00000|100%| O|  |TAMS 0x000000070d800000, 0x000000070d800000| Untracked 
|  67|0x000000070da00000, 0x000000070dc00000, 0x000000070dc00000|100%| O|  |TAMS 0x000000070da00000, 0x000000070da00000| Untracked 
|  68|0x000000070dc00000, 0x000000070de00000, 0x000000070de00000|100%| O|  |TAMS 0x000000070dc00000, 0x000000070dc00000| Untracked 
|  69|0x000000070de00000, 0x000000070e000000, 0x000000070e000000|100%| O|  |TAMS 0x000000070de00000, 0x000000070de00000| Untracked 
|  70|0x000000070e000000, 0x000000070e200000, 0x000000070e200000|100%| O|  |TAMS 0x000000070e000000, 0x000000070e000000| Untracked 
|  71|0x000000070e200000, 0x000000070e200000, 0x000000070e400000|  0%| F|  |TAMS 0x000000070e200000, 0x000000070e200000| Untracked 
|  72|0x000000070e400000, 0x000000070e400000, 0x000000070e600000|  0%| F|  |TAMS 0x000000070e400000, 0x000000070e400000| Untracked 
|  73|0x000000070e600000, 0x000000070e600000, 0x000000070e800000|  0%| F|  |TAMS 0x000000070e600000, 0x000000070e600000| Untracked 
|  74|0x000000070e800000, 0x000000070e800000, 0x000000070ea00000|  0%| F|  |TAMS 0x000000070e800000, 0x000000070e800000| Untracked 
|  75|0x000000070ea00000, 0x000000070ea00000, 0x000000070ec00000|  0%| F|  |TAMS 0x000000070ea00000, 0x000000070ea00000| Untracked 
|  76|0x000000070ec00000, 0x000000070ec00000, 0x000000070ee00000|  0%| F|  |TAMS 0x000000070ec00000, 0x000000070ec00000| Untracked 
|  77|0x000000070ee00000, 0x000000070ee00000, 0x000000070f000000|  0%| F|  |TAMS 0x000000070ee00000, 0x000000070ee00000| Untracked 
|  78|0x000000070f000000, 0x000000070f000000, 0x000000070f200000|  0%| F|  |TAMS 0x000000070f000000, 0x000000070f000000| Untracked 
|  79|0x000000070f200000, 0x000000070f200000, 0x000000070f400000|  0%| F|  |TAMS 0x000000070f200000, 0x000000070f200000| Untracked 
|  80|0x000000070f400000, 0x000000070f600000, 0x000000070f600000|100%| O|  |TAMS 0x000000070f400000, 0x000000070f400000| Untracked 
|  81|0x000000070f600000, 0x000000070f600000, 0x000000070f800000|  0%| F|  |TAMS 0x000000070f600000, 0x000000070f600000| Untracked 
|  82|0x000000070f800000, 0x000000070f800000, 0x000000070fa00000|  0%| F|  |TAMS 0x000000070f800000, 0x000000070f800000| Untracked 
|  83|0x000000070fa00000, 0x000000070fa00000, 0x000000070fc00000|  0%| F|  |TAMS 0x000000070fa00000, 0x000000070fa00000| Untracked 
|  84|0x000000070fc00000, 0x000000070fc00000, 0x000000070fe00000|  0%| F|  |TAMS 0x000000070fc00000, 0x000000070fc00000| Untracked 
|  85|0x000000070fe00000, 0x0000000710000000, 0x0000000710000000|100%| O|  |TAMS 0x000000070fe00000, 0x000000070fe00000| Untracked 
|  86|0x0000000710000000, 0x0000000710200000, 0x0000000710200000|100%| O|  |TAMS 0x0000000710000000, 0x0000000710000000| Untracked 
|  87|0x0000000710200000, 0x0000000710400000, 0x0000000710400000|100%| O|  |TAMS 0x0000000710200000, 0x0000000710200000| Untracked 
|  88|0x0000000710400000, 0x0000000710600000, 0x0000000710600000|100%| O|  |TAMS 0x0000000710400000, 0x0000000710400000| Untracked 
|  89|0x0000000710600000, 0x0000000710800000, 0x0000000710800000|100%| O|  |TAMS 0x0000000710600000, 0x0000000710600000| Untracked 
|  90|0x0000000710800000, 0x0000000710a00000, 0x0000000710a00000|100%| O|  |TAMS 0x0000000710800000, 0x0000000710800000| Untracked 
|  91|0x0000000710a00000, 0x0000000710c00000, 0x0000000710c00000|100%| O|  |TAMS 0x0000000710a00000, 0x0000000710a00000| Untracked 
|  92|0x0000000710c00000, 0x0000000710e00000, 0x0000000710e00000|100%| O|  |TAMS 0x0000000710c00000, 0x0000000710c00000| Untracked 
|  93|0x0000000710e00000, 0x0000000711000000, 0x0000000711000000|100%| O|  |TAMS 0x0000000710e00000, 0x0000000710e00000| Untracked 
|  94|0x0000000711000000, 0x0000000711000000, 0x0000000711200000|  0%| F|  |TAMS 0x0000000711000000, 0x0000000711000000| Untracked 
|  95|0x0000000711200000, 0x0000000711200000, 0x0000000711400000|  0%| F|  |TAMS 0x0000000711200000, 0x0000000711200000| Untracked 
|  96|0x0000000711400000, 0x0000000711400000, 0x0000000711600000|  0%| F|  |TAMS 0x0000000711400000, 0x0000000711400000| Untracked 
|  97|0x0000000711600000, 0x0000000711600000, 0x0000000711800000|  0%| F|  |TAMS 0x0000000711600000, 0x0000000711600000| Untracked 
|  98|0x0000000711800000, 0x0000000711800000, 0x0000000711a00000|  0%| F|  |TAMS 0x0000000711800000, 0x0000000711800000| Untracked 
|  99|0x0000000711a00000, 0x0000000711a00000, 0x0000000711c00000|  0%| F|  |TAMS 0x0000000711a00000, 0x0000000711a00000| Untracked 
| 100|0x0000000711c00000, 0x0000000711c00000, 0x0000000711e00000|  0%| F|  |TAMS 0x0000000711c00000, 0x0000000711c00000| Untracked 
| 101|0x0000000711e00000, 0x0000000711e00000, 0x0000000712000000|  0%| F|  |TAMS 0x0000000711e00000, 0x0000000711e00000| Untracked 
| 102|0x0000000712000000, 0x0000000712000000, 0x0000000712200000|  0%| F|  |TAMS 0x0000000712000000, 0x0000000712000000| Untracked 
| 103|0x0000000712200000, 0x0000000712200000, 0x0000000712400000|  0%| F|  |TAMS 0x0000000712200000, 0x0000000712200000| Untracked 
| 104|0x0000000712400000, 0x0000000712400000, 0x0000000712600000|  0%| F|  |TAMS 0x0000000712400000, 0x0000000712400000| Untracked 
| 105|0x0000000712600000, 0x0000000712600000, 0x0000000712800000|  0%| F|  |TAMS 0x0000000712600000, 0x0000000712600000| Untracked 
| 106|0x0000000712800000, 0x0000000712800000, 0x0000000712a00000|  0%| F|  |TAMS 0x0000000712800000, 0x0000000712800000| Untracked 
| 107|0x0000000712a00000, 0x0000000712c00000, 0x0000000712c00000|100%| S|CS|TAMS 0x0000000712a00000, 0x0000000712a00000| Complete 
| 108|0x0000000712c00000, 0x0000000712e00000, 0x0000000712e00000|100%| S|CS|TAMS 0x0000000712c00000, 0x0000000712c00000| Complete 
| 109|0x0000000712e00000, 0x0000000713000000, 0x0000000713000000|100%| S|CS|TAMS 0x0000000712e00000, 0x0000000712e00000| Complete 
| 110|0x0000000713000000, 0x0000000713200000, 0x0000000713200000|100%| S|CS|TAMS 0x0000000713000000, 0x0000000713000000| Complete 
| 111|0x0000000713200000, 0x0000000713400000, 0x0000000713400000|100%| S|CS|TAMS 0x0000000713200000, 0x0000000713200000| Complete 
| 112|0x0000000713400000, 0x0000000713600000, 0x0000000713600000|100%| S|CS|TAMS 0x0000000713400000, 0x0000000713400000| Complete 
| 113|0x0000000713600000, 0x0000000713800000, 0x0000000713800000|100%| S|CS|TAMS 0x0000000713600000, 0x0000000713600000| Complete 
| 114|0x0000000713800000, 0x0000000713a00000, 0x0000000713a00000|100%| S|CS|TAMS 0x0000000713800000, 0x0000000713800000| Complete 
| 115|0x0000000713a00000, 0x0000000713a00000, 0x0000000713c00000|  0%| F|  |TAMS 0x0000000713a00000, 0x0000000713a00000| Untracked 
| 116|0x0000000713c00000, 0x0000000713c00000, 0x0000000713e00000|  0%| F|  |TAMS 0x0000000713c00000, 0x0000000713c00000| Untracked 
| 117|0x0000000713e00000, 0x0000000713e00000, 0x0000000714000000|  0%| F|  |TAMS 0x0000000713e00000, 0x0000000713e00000| Untracked 
| 118|0x0000000714000000, 0x0000000714000000, 0x0000000714200000|  0%| F|  |TAMS 0x0000000714000000, 0x0000000714000000| Untracked 
| 119|0x0000000714200000, 0x0000000714200000, 0x0000000714400000|  0%| F|  |TAMS 0x0000000714200000, 0x0000000714200000| Untracked 
| 120|0x0000000714400000, 0x0000000714400000, 0x0000000714600000|  0%| F|  |TAMS 0x0000000714400000, 0x0000000714400000| Untracked 
| 121|0x0000000714600000, 0x0000000714600000, 0x0000000714800000|  0%| F|  |TAMS 0x0000000714600000, 0x0000000714600000| Untracked 
| 122|0x0000000714800000, 0x0000000714a00000, 0x0000000714a00000|100%| S|CS|TAMS 0x0000000714800000, 0x0000000714800000| Complete 
| 123|0x0000000714a00000, 0x0000000714c00000, 0x0000000714c00000|100%| S|CS|TAMS 0x0000000714a00000, 0x0000000714a00000| Complete 
| 124|0x0000000714c00000, 0x0000000714e00000, 0x0000000714e00000|100%| S|CS|TAMS 0x0000000714c00000, 0x0000000714c00000| Complete 
| 125|0x0000000714e00000, 0x0000000715000000, 0x0000000715000000|100%| S|CS|TAMS 0x0000000714e00000, 0x0000000714e00000| Complete 
| 126|0x0000000715000000, 0x0000000715200000, 0x0000000715200000|100%| S|CS|TAMS 0x0000000715000000, 0x0000000715000000| Complete 
| 127|0x0000000715200000, 0x0000000715200000, 0x0000000715400000|  0%| F|  |TAMS 0x0000000715200000, 0x0000000715200000| Untracked 
| 128|0x0000000715400000, 0x0000000715400000, 0x0000000715600000|  0%| F|  |TAMS 0x0000000715400000, 0x0000000715400000| Untracked 
| 129|0x0000000715600000, 0x0000000715600000, 0x0000000715800000|  0%| F|  |TAMS 0x0000000715600000, 0x0000000715600000| Untracked 
| 130|0x0000000715800000, 0x0000000715800000, 0x0000000715a00000|  0%| F|  |TAMS 0x0000000715800000, 0x0000000715800000| Untracked 
| 131|0x0000000715a00000, 0x0000000715a00000, 0x0000000715c00000|  0%| F|  |TAMS 0x0000000715a00000, 0x0000000715a00000| Untracked 
| 132|0x0000000715c00000, 0x0000000715c00000, 0x0000000715e00000|  0%| F|  |TAMS 0x0000000715c00000, 0x0000000715c00000| Untracked 
| 133|0x0000000715e00000, 0x0000000715e00000, 0x0000000716000000|  0%| F|  |TAMS 0x0000000715e00000, 0x0000000715e00000| Untracked 
| 134|0x0000000716000000, 0x0000000716000000, 0x0000000716200000|  0%| F|  |TAMS 0x0000000716000000, 0x0000000716000000| Untracked 
| 135|0x0000000716200000, 0x0000000716200000, 0x0000000716400000|  0%| F|  |TAMS 0x0000000716200000, 0x0000000716200000| Untracked 
| 136|0x0000000716400000, 0x0000000716400000, 0x0000000716600000|  0%| F|  |TAMS 0x0000000716400000, 0x0000000716400000| Untracked 
| 137|0x0000000716600000, 0x0000000716600000, 0x0000000716800000|  0%| F|  |TAMS 0x0000000716600000, 0x0000000716600000| Untracked 
| 138|0x0000000716800000, 0x0000000716800000, 0x0000000716a00000|  0%| F|  |TAMS 0x0000000716800000, 0x0000000716800000| Untracked 
| 139|0x0000000716a00000, 0x0000000716a00000, 0x0000000716c00000|  0%| F|  |TAMS 0x0000000716a00000, 0x0000000716a00000| Untracked 
| 140|0x0000000716c00000, 0x0000000716c00000, 0x0000000716e00000|  0%| F|  |TAMS 0x0000000716c00000, 0x0000000716c00000| Untracked 
| 141|0x0000000716e00000, 0x0000000716e00000, 0x0000000717000000|  0%| F|  |TAMS 0x0000000716e00000, 0x0000000716e00000| Untracked 
| 142|0x0000000717000000, 0x0000000717000000, 0x0000000717200000|  0%| F|  |TAMS 0x0000000717000000, 0x0000000717000000| Untracked 
| 143|0x0000000717200000, 0x0000000717200000, 0x0000000717400000|  0%| F|  |TAMS 0x0000000717200000, 0x0000000717200000| Untracked 
| 144|0x0000000717400000, 0x0000000717400000, 0x0000000717600000|  0%| F|  |TAMS 0x0000000717400000, 0x0000000717400000| Untracked 
| 145|0x0000000717600000, 0x0000000717600000, 0x0000000717800000|  0%| F|  |TAMS 0x0000000717600000, 0x0000000717600000| Untracked 
| 146|0x0000000717800000, 0x0000000717800000, 0x0000000717a00000|  0%| F|  |TAMS 0x0000000717800000, 0x0000000717800000| Untracked 
| 147|0x0000000717a00000, 0x0000000717a00000, 0x0000000717c00000|  0%| F|  |TAMS 0x0000000717a00000, 0x0000000717a00000| Untracked 
| 148|0x0000000717c00000, 0x0000000717c00000, 0x0000000717e00000|  0%| F|  |TAMS 0x0000000717c00000, 0x0000000717c00000| Untracked 
| 149|0x0000000717e00000, 0x0000000717e00000, 0x0000000718000000|  0%| F|  |TAMS 0x0000000717e00000, 0x0000000717e00000| Untracked 
| 150|0x0000000718000000, 0x0000000718000000, 0x0000000718200000|  0%| F|  |TAMS 0x0000000718000000, 0x0000000718000000| Untracked 
| 151|0x0000000718200000, 0x0000000718200000, 0x0000000718400000|  0%| F|  |TAMS 0x0000000718200000, 0x0000000718200000| Untracked 
| 152|0x0000000718400000, 0x0000000718400000, 0x0000000718600000|  0%| F|  |TAMS 0x0000000718400000, 0x0000000718400000| Untracked 
| 153|0x0000000718600000, 0x0000000718600000, 0x0000000718800000|  0%| F|  |TAMS 0x0000000718600000, 0x0000000718600000| Untracked 
| 154|0x0000000718800000, 0x0000000718800000, 0x0000000718a00000|  0%| F|  |TAMS 0x0000000718800000, 0x0000000718800000| Untracked 
| 155|0x0000000718a00000, 0x0000000718a00000, 0x0000000718c00000|  0%| F|  |TAMS 0x0000000718a00000, 0x0000000718a00000| Untracked 
| 156|0x0000000718c00000, 0x0000000718c00000, 0x0000000718e00000|  0%| F|  |TAMS 0x0000000718c00000, 0x0000000718c00000| Untracked 
| 157|0x0000000718e00000, 0x0000000718e00000, 0x0000000719000000|  0%| F|  |TAMS 0x0000000718e00000, 0x0000000718e00000| Untracked 
| 158|0x0000000719000000, 0x0000000719000000, 0x0000000719200000|  0%| F|  |TAMS 0x0000000719000000, 0x0000000719000000| Untracked 
| 159|0x0000000719200000, 0x0000000719200000, 0x0000000719400000|  0%| F|  |TAMS 0x0000000719200000, 0x0000000719200000| Untracked 
| 160|0x0000000719400000, 0x0000000719400000, 0x0000000719600000|  0%| F|  |TAMS 0x0000000719400000, 0x0000000719400000| Untracked 
| 161|0x0000000719600000, 0x0000000719600000, 0x0000000719800000|  0%| F|  |TAMS 0x0000000719600000, 0x0000000719600000| Untracked 
| 162|0x0000000719800000, 0x0000000719800000, 0x0000000719a00000|  0%| F|  |TAMS 0x0000000719800000, 0x0000000719800000| Untracked 
| 163|0x0000000719a00000, 0x0000000719a00000, 0x0000000719c00000|  0%| F|  |TAMS 0x0000000719a00000, 0x0000000719a00000| Untracked 
| 164|0x0000000719c00000, 0x0000000719c00000, 0x0000000719e00000|  0%| F|  |TAMS 0x0000000719c00000, 0x0000000719c00000| Untracked 
| 165|0x0000000719e00000, 0x0000000719e00000, 0x000000071a000000|  0%| F|  |TAMS 0x0000000719e00000, 0x0000000719e00000| Untracked 
| 166|0x000000071a000000, 0x000000071a000000, 0x000000071a200000|  0%| F|  |TAMS 0x000000071a000000, 0x000000071a000000| Untracked 
| 167|0x000000071a200000, 0x000000071a200000, 0x000000071a400000|  0%| F|  |TAMS 0x000000071a200000, 0x000000071a200000| Untracked 
| 168|0x000000071a400000, 0x000000071a400000, 0x000000071a600000|  0%| F|  |TAMS 0x000000071a400000, 0x000000071a400000| Untracked 
| 169|0x000000071a600000, 0x000000071a600000, 0x000000071a800000|  0%| F|  |TAMS 0x000000071a600000, 0x000000071a600000| Untracked 
| 170|0x000000071a800000, 0x000000071a800000, 0x000000071aa00000|  0%| F|  |TAMS 0x000000071a800000, 0x000000071a800000| Untracked 
| 171|0x000000071aa00000, 0x000000071aa00000, 0x000000071ac00000|  0%| F|  |TAMS 0x000000071aa00000, 0x000000071aa00000| Untracked 
| 172|0x000000071ac00000, 0x000000071ac00000, 0x000000071ae00000|  0%| F|  |TAMS 0x000000071ac00000, 0x000000071ac00000| Untracked 
| 173|0x000000071ae00000, 0x000000071ae00000, 0x000000071b000000|  0%| F|  |TAMS 0x000000071ae00000, 0x000000071ae00000| Untracked 
| 174|0x000000071b000000, 0x000000071b000000, 0x000000071b200000|  0%| F|  |TAMS 0x000000071b000000, 0x000000071b000000| Untracked 
| 175|0x000000071b200000, 0x000000071b200000, 0x000000071b400000|  0%| F|  |TAMS 0x000000071b200000, 0x000000071b200000| Untracked 
| 176|0x000000071b400000, 0x000000071b400000, 0x000000071b600000|  0%| F|  |TAMS 0x000000071b400000, 0x000000071b400000| Untracked 
| 177|0x000000071b600000, 0x000000071b600000, 0x000000071b800000|  0%| F|  |TAMS 0x000000071b600000, 0x000000071b600000| Untracked 
| 178|0x000000071b800000, 0x000000071b800000, 0x000000071ba00000|  0%| F|  |TAMS 0x000000071b800000, 0x000000071b800000| Untracked 
| 179|0x000000071ba00000, 0x000000071ba00000, 0x000000071bc00000|  0%| F|  |TAMS 0x000000071ba00000, 0x000000071ba00000| Untracked 
| 180|0x000000071bc00000, 0x000000071bc00000, 0x000000071be00000|  0%| F|  |TAMS 0x000000071bc00000, 0x000000071bc00000| Untracked 
| 181|0x000000071be00000, 0x000000071be00000, 0x000000071c000000|  0%| F|  |TAMS 0x000000071be00000, 0x000000071be00000| Untracked 
| 182|0x000000071c000000, 0x000000071c000000, 0x000000071c200000|  0%| F|  |TAMS 0x000000071c000000, 0x000000071c000000| Untracked 
| 183|0x000000071c200000, 0x000000071c200000, 0x000000071c400000|  0%| F|  |TAMS 0x000000071c200000, 0x000000071c200000| Untracked 
| 184|0x000000071c400000, 0x000000071c400000, 0x000000071c600000|  0%| F|  |TAMS 0x000000071c400000, 0x000000071c400000| Untracked 
| 185|0x000000071c600000, 0x000000071c600000, 0x000000071c800000|  0%| F|  |TAMS 0x000000071c600000, 0x000000071c600000| Untracked 
| 186|0x000000071c800000, 0x000000071c800000, 0x000000071ca00000|  0%| F|  |TAMS 0x000000071c800000, 0x000000071c800000| Untracked 
| 187|0x000000071ca00000, 0x000000071ca00000, 0x000000071cc00000|  0%| F|  |TAMS 0x000000071ca00000, 0x000000071ca00000| Untracked 
| 188|0x000000071cc00000, 0x000000071cc00000, 0x000000071ce00000|  0%| F|  |TAMS 0x000000071cc00000, 0x000000071cc00000| Untracked 
| 189|0x000000071ce00000, 0x000000071ce00000, 0x000000071d000000|  0%| F|  |TAMS 0x000000071ce00000, 0x000000071ce00000| Untracked 
| 190|0x000000071d000000, 0x000000071d000000, 0x000000071d200000|  0%| F|  |TAMS 0x000000071d000000, 0x000000071d000000| Untracked 
| 191|0x000000071d200000, 0x000000071d200000, 0x000000071d400000|  0%| F|  |TAMS 0x000000071d200000, 0x000000071d200000| Untracked 
| 192|0x000000071d400000, 0x000000071d400000, 0x000000071d600000|  0%| F|  |TAMS 0x000000071d400000, 0x000000071d400000| Untracked 
| 193|0x000000071d600000, 0x000000071d600000, 0x000000071d800000|  0%| F|  |TAMS 0x000000071d600000, 0x000000071d600000| Untracked 
| 194|0x000000071d800000, 0x000000071d800000, 0x000000071da00000|  0%| F|  |TAMS 0x000000071d800000, 0x000000071d800000| Untracked 
| 195|0x000000071da00000, 0x000000071da00000, 0x000000071dc00000|  0%| F|  |TAMS 0x000000071da00000, 0x000000071da00000| Untracked 
| 196|0x000000071dc00000, 0x000000071dc00000, 0x000000071de00000|  0%| F|  |TAMS 0x000000071dc00000, 0x000000071dc00000| Untracked 
| 197|0x000000071de00000, 0x000000071de00000, 0x000000071e000000|  0%| F|  |TAMS 0x000000071de00000, 0x000000071de00000| Untracked 
| 198|0x000000071e000000, 0x000000071e000000, 0x000000071e200000|  0%| F|  |TAMS 0x000000071e000000, 0x000000071e000000| Untracked 
| 199|0x000000071e200000, 0x000000071e200000, 0x000000071e400000|  0%| F|  |TAMS 0x000000071e200000, 0x000000071e200000| Untracked 
| 200|0x000000071e400000, 0x000000071e400000, 0x000000071e600000|  0%| F|  |TAMS 0x000000071e400000, 0x000000071e400000| Untracked 
| 201|0x000000071e600000, 0x000000071e600000, 0x000000071e800000|  0%| F|  |TAMS 0x000000071e600000, 0x000000071e600000| Untracked 
| 202|0x000000071e800000, 0x000000071e800000, 0x000000071ea00000|  0%| F|  |TAMS 0x000000071e800000, 0x000000071e800000| Untracked 
| 203|0x000000071ea00000, 0x000000071ea00000, 0x000000071ec00000|  0%| F|  |TAMS 0x000000071ea00000, 0x000000071ea00000| Untracked 
| 204|0x000000071ec00000, 0x000000071ec00000, 0x000000071ee00000|  0%| F|  |TAMS 0x000000071ec00000, 0x000000071ec00000| Untracked 
| 205|0x000000071ee00000, 0x000000071ee00000, 0x000000071f000000|  0%| F|  |TAMS 0x000000071ee00000, 0x000000071ee00000| Untracked 
| 206|0x000000071f000000, 0x000000071f000000, 0x000000071f200000|  0%| F|  |TAMS 0x000000071f000000, 0x000000071f000000| Untracked 
| 207|0x000000071f200000, 0x000000071f200000, 0x000000071f400000|  0%| F|  |TAMS 0x000000071f200000, 0x000000071f200000| Untracked 
| 208|0x000000071f400000, 0x000000071f400000, 0x000000071f600000|  0%| F|  |TAMS 0x000000071f400000, 0x000000071f400000| Untracked 
| 209|0x000000071f600000, 0x000000071f600000, 0x000000071f800000|  0%| F|  |TAMS 0x000000071f600000, 0x000000071f600000| Untracked 
| 210|0x000000071f800000, 0x000000071f800000, 0x000000071fa00000|  0%| F|  |TAMS 0x000000071f800000, 0x000000071f800000| Untracked 
| 211|0x000000071fa00000, 0x000000071fa00000, 0x000000071fc00000|  0%| F|  |TAMS 0x000000071fa00000, 0x000000071fa00000| Untracked 
| 212|0x000000071fc00000, 0x000000071fc00000, 0x000000071fe00000|  0%| F|  |TAMS 0x000000071fc00000, 0x000000071fc00000| Untracked 
| 213|0x000000071fe00000, 0x000000071fe00000, 0x0000000720000000|  0%| F|  |TAMS 0x000000071fe00000, 0x000000071fe00000| Untracked 
| 214|0x0000000720000000, 0x0000000720000000, 0x0000000720200000|  0%| F|  |TAMS 0x0000000720000000, 0x0000000720000000| Untracked 
| 215|0x0000000720200000, 0x0000000720200000, 0x0000000720400000|  0%| F|  |TAMS 0x0000000720200000, 0x0000000720200000| Untracked 
| 216|0x0000000720400000, 0x0000000720400000, 0x0000000720600000|  0%| F|  |TAMS 0x0000000720400000, 0x0000000720400000| Untracked 
| 217|0x0000000720600000, 0x0000000720600000, 0x0000000720800000|  0%| F|  |TAMS 0x0000000720600000, 0x0000000720600000| Untracked 
| 218|0x0000000720800000, 0x0000000720800000, 0x0000000720a00000|  0%| F|  |TAMS 0x0000000720800000, 0x0000000720800000| Untracked 
| 219|0x0000000720a00000, 0x0000000720a00000, 0x0000000720c00000|  0%| F|  |TAMS 0x0000000720a00000, 0x0000000720a00000| Untracked 

Card table byte_map: [0x000001b86d0e0000,0x000001b86d8c0000] _byte_map_base: 0x000001b8698b6000

Marking Bits (Prev, Next): (CMBitMap*) 0x000001b85fe24b20, (CMBitMap*) 0x000001b85fe24b60
 Prev Bits: [0x000001b86e0a0000, 0x000001b871f50000)
 Next Bits: [0x000001b871f50000, 0x000001b875e00000)

Polling page: 0x000001b85fb30000

Metaspace:

Usage:
  Non-class:     41.84 MB used.
      Class:      7.01 MB used.
       Both:     48.85 MB used.

Virtual space:
  Non-class space:       48.00 MB reserved,      42.06 MB ( 88%) committed,  6 nodes.
      Class space:        1.00 GB reserved,       7.19 MB ( <1%) committed,  1 nodes.
             Both:        1.05 GB reserved,      49.25 MB (  5%) committed. 

Chunk freelists:
   Non-Class:  1.42 MB
       Class:  848.00 KB
        Both:  2.25 MB

MaxMetaspaceSize: unlimited
CompressedClassSpaceSize: 1.00 GB
Initial GC threshold: 21.00 MB
Current GC threshold: 59.06 MB
CDS: on
MetaspaceReclaimPolicy: balanced
 - commit_granule_bytes: 65536.
 - commit_granule_words: 8192.
 - virtual_space_node_default_size: 1048576.
 - enlarge_chunks_in_place: 1.
 - new_chunks_are_fully_committed: 0.
 - uncommit_free_chunks: 1.
 - use_allocation_guard: 0.
 - handle_deallocations: 1.


Internal statistics:

num_allocs_failed_limit: 6.
num_arena_births: 458.
num_arena_deaths: 0.
num_vsnodes_births: 7.
num_vsnodes_deaths: 0.
num_space_committed: 788.
num_space_uncommitted: 0.
num_chunks_returned_to_freelist: 6.
num_chunks_taken_from_freelist: 2277.
num_chunk_merges: 6.
num_chunk_splits: 1621.
num_chunks_enlarged: 1279.
num_purges: 0.
num_inconsistent_stats: 0.

CodeCache: size=49152Kb used=8927Kb max_used=9871Kb free=40224Kb
 bounds [0x000001b868e00000, 0x000001b8697b0000, 0x000001b86be00000]
 total_blobs=5098 nmethods=4529 adapters=495
 compilation: enabled
              stopped_count=0, restarted_count=0
 full_count=0

Compilation events (20 events):
Event: 10.921 Thread 0x000001b878b1ffa0 nmethod 4517 0x000001b8691fc110 code [0x000001b8691fc320, 0x000001b8691fc9e8]
Event: 10.921 Thread 0x000001b879503580 nmethod 4518 0x000001b8691fbd90 code [0x000001b8691fbf20, 0x000001b8691fc088]
Event: 10.933 Thread 0x000001b879503580 4520   !   1       sun.nio.cs.StreamDecoder::inReady (36 bytes)
Event: 10.933 Thread 0x000001b879503580 nmethod 4520 0x000001b8691fb990 code [0x000001b8691fbb40, 0x000001b8691fbd08]
Event: 10.934 Thread 0x000001b879503580 4521       1       java.io.FileInputStream::available (5 bytes)
Event: 10.934 Thread 0x000001b879503580 nmethod 4521 0x000001b8691fb290 code [0x000001b8691fb420, 0x000001b8691fb508]
Event: 10.935 Thread 0x000001b879503580 4523       1       java.io.BufferedReader::fill (170 bytes)
Event: 10.935 Thread 0x000001b879503580 nmethod 4523 0x000001b8691fab10 code [0x000001b8691face0, 0x000001b8691fb108]
Event: 10.959 Thread 0x000001b879503580 4524 % !   1       com.vindemo.translation.service.gennerateCsv.GenerateTranslationService::generateTranslation @ 35 (565 bytes)
Event: 10.961 Thread 0x000001b879503580 nmethod 4524% 0x000001b8691f5710 code [0x000001b8691f5d40, 0x000001b8691f8748]
Event: 10.962 Thread 0x000001b879503580 4525   !   1       com.vindemo.translation.service.gennerateCsv.GenerateTranslationService::generateTranslation (565 bytes)
Event: 10.964 Thread 0x000001b879503580 nmethod 4525 0x000001b8691f0610 code [0x000001b8691f0c40, 0x000001b8691f34b8]
Event: 10.993 Thread 0x000001b879503580 4526       1       java.lang.StringUTF16::inflate (42 bytes)
Event: 10.993 Thread 0x000001b879503580 nmethod 4526 0x000001b8691f0190 code [0x000001b8691f0320, 0x000001b8691f0488]
Event: 11.011 Thread 0x000001b879503580 4527       1       java.lang.AbstractStringBuilder::inflate (42 bytes)
Event: 11.011 Thread 0x000001b878b1ffa0 4528       1       java.lang.StringLatin1::inflate (10 bytes)
Event: 11.012 Thread 0x000001b878b1ffa0 nmethod 4528 0x000001b8691efe90 code [0x000001b8691f0020, 0x000001b8691f00e8]
Event: 11.012 Thread 0x000001b879503580 nmethod 4527 0x000001b8691efa10 code [0x000001b8691efbc0, 0x000001b8691efdb8]
Event: 12.225 Thread 0x000001b878b1ffa0 4529       1       sun.nio.cs.UTF_8$Decoder::isMalformed4 (39 bytes)
Event: 12.225 Thread 0x000001b878b1ffa0 nmethod 4529 0x000001b8691ef710 code [0x000001b8691ef8a0, 0x000001b8691ef998]

GC Heap History (20 events):
Event: 12.864 GC heap after
{Heap after GC invocations=30 (full 0):
 garbage-first heap   total 280576K, used 92894K [0x0000000705400000, 0x0000000800000000)
  region size 2048K, 8 young (16384K), 8 survivors (16384K)
 Metaspace       used 50026K, committed 50432K, reserved 1097728K
  class space    used 7181K, committed 7360K, reserved 1048576K
}
Event: 13.052 GC heap before
{Heap before GC invocations=30 (full 0):
 garbage-first heap   total 280576K, used 234206K [0x0000000705400000, 0x0000000800000000)
  region size 2048K, 77 young (157696K), 8 survivors (16384K)
 Metaspace       used 50026K, committed 50432K, reserved 1097728K
  class space    used 7181K, committed 7360K, reserved 1048576K
}
Event: 13.059 GC heap after
{Heap after GC invocations=31 (full 0):
 garbage-first heap   total 280576K, used 99141K [0x0000000705400000, 0x0000000800000000)
  region size 2048K, 6 young (12288K), 6 survivors (12288K)
 Metaspace       used 50026K, committed 50432K, reserved 1097728K
  class space    used 7181K, committed 7360K, reserved 1048576K
}
Event: 13.230 GC heap before
{Heap before GC invocations=31 (full 0):
 garbage-first heap   total 280576K, used 236357K [0x0000000705400000, 0x0000000800000000)
  region size 2048K, 73 young (149504K), 6 survivors (12288K)
 Metaspace       used 50026K, committed 50432K, reserved 1097728K
  class space    used 7181K, committed 7360K, reserved 1048576K
}
Event: 13.237 GC heap after
{Heap after GC invocations=32 (full 0):
 garbage-first heap   total 370688K, used 104258K [0x0000000705400000, 0x0000000800000000)
  region size 2048K, 6 young (12288K), 6 survivors (12288K)
 Metaspace       used 50026K, committed 50432K, reserved 1097728K
  class space    used 7181K, committed 7360K, reserved 1048576K
}
Event: 13.518 GC heap before
{Heap before GC invocations=32 (full 0):
 garbage-first heap   total 370688K, used 309058K [0x0000000705400000, 0x0000000800000000)
  region size 2048K, 106 young (217088K), 6 survivors (12288K)
 Metaspace       used 50026K, committed 50432K, reserved 1097728K
  class space    used 7181K, committed 7360K, reserved 1048576K
}
Event: 13.526 GC heap after
{Heap after GC invocations=33 (full 0):
 garbage-first heap   total 370688K, used 109818K [0x0000000705400000, 0x0000000800000000)
  region size 2048K, 8 young (16384K), 8 survivors (16384K)
 Metaspace       used 50026K, committed 50432K, reserved 1097728K
  class space    used 7181K, committed 7360K, reserved 1048576K
}
Event: 13.760 GC heap before
{Heap before GC invocations=33 (full 0):
 garbage-first heap   total 370688K, used 304378K [0x0000000705400000, 0x0000000800000000)
  region size 2048K, 103 young (210944K), 8 survivors (16384K)
 Metaspace       used 50026K, committed 50432K, reserved 1097728K
  class space    used 7181K, committed 7360K, reserved 1048576K
}
Event: 13.767 GC heap after
{Heap after GC invocations=34 (full 0):
 garbage-first heap   total 370688K, used 114389K [0x0000000705400000, 0x0000000800000000)
  region size 2048K, 8 young (16384K), 8 survivors (16384K)
 Metaspace       used 50026K, committed 50432K, reserved 1097728K
  class space    used 7181K, committed 7360K, reserved 1048576K
}
Event: 14.010 GC heap before
{Heap before GC invocations=34 (full 0):
 garbage-first heap   total 370688K, used 306901K [0x0000000705400000, 0x0000000800000000)
  region size 2048K, 102 young (208896K), 8 survivors (16384K)
 Metaspace       used 50026K, committed 50432K, reserved 1097728K
  class space    used 7181K, committed 7360K, reserved 1048576K
}
Event: 14.017 GC heap after
{Heap after GC invocations=35 (full 0):
 garbage-first heap   total 370688K, used 116419K [0x0000000705400000, 0x0000000800000000)
  region size 2048K, 7 young (14336K), 7 survivors (14336K)
 Metaspace       used 50026K, committed 50432K, reserved 1097728K
  class space    used 7181K, committed 7360K, reserved 1048576K
}
Event: 14.264 GC heap before
{Heap before GC invocations=35 (full 0):
 garbage-first heap   total 370688K, used 310979K [0x0000000705400000, 0x0000000800000000)
  region size 2048K, 102 young (208896K), 7 survivors (14336K)
 Metaspace       used 50026K, committed 50432K, reserved 1097728K
  class space    used 7181K, committed 7360K, reserved 1048576K
}
Event: 14.273 GC heap after
{Heap after GC invocations=36 (full 0):
 garbage-first heap   total 450560K, used 120437K [0x0000000705400000, 0x0000000800000000)
  region size 2048K, 9 young (18432K), 9 survivors (18432K)
 Metaspace       used 50026K, committed 50432K, reserved 1097728K
  class space    used 7181K, committed 7360K, reserved 1048576K
}
Event: 14.627 GC heap before
{Heap before GC invocations=36 (full 0):
 garbage-first heap   total 450560K, used 372341K [0x0000000705400000, 0x0000000800000000)
  region size 2048K, 132 young (270336K), 9 survivors (18432K)
 Metaspace       used 50026K, committed 50432K, reserved 1097728K
  class space    used 7181K, committed 7360K, reserved 1048576K
}
Event: 14.636 GC heap after
{Heap after GC invocations=37 (full 0):
 garbage-first heap   total 450560K, used 128605K [0x0000000705400000, 0x0000000800000000)
  region size 2048K, 13 young (26624K), 13 survivors (26624K)
 Metaspace       used 50026K, committed 50432K, reserved 1097728K
  class space    used 7181K, committed 7360K, reserved 1048576K
}
Event: 14.964 GC heap before
{Heap before GC invocations=37 (full 0):
 garbage-first heap   total 450560K, used 382557K [0x0000000705400000, 0x0000000800000000)
  region size 2048K, 132 young (270336K), 13 survivors (26624K)
 Metaspace       used 50026K, committed 50432K, reserved 1097728K
  class space    used 7181K, committed 7360K, reserved 1048576K
}
Event: 14.980 GC heap after
{Heap after GC invocations=38 (full 0):
 garbage-first heap   total 450560K, used 163991K [0x0000000705400000, 0x0000000800000000)
  region size 2048K, 17 young (34816K), 17 survivors (34816K)
 Metaspace       used 50026K, committed 50432K, reserved 1097728K
  class space    used 7181K, committed 7360K, reserved 1048576K
}
Event: 15.235 GC heap before
{Heap before GC invocations=38 (full 0):
 garbage-first heap   total 450560K, used 364695K [0x0000000705400000, 0x0000000800000000)
  region size 2048K, 115 young (235520K), 17 survivors (34816K)
 Metaspace       used 50026K, committed 50432K, reserved 1097728K
  class space    used 7181K, committed 7360K, reserved 1048576K
}
Event: 15.248 GC heap after
{Heap after GC invocations=39 (full 0):
 garbage-first heap   total 450560K, used 179411K [0x0000000705400000, 0x0000000800000000)
  region size 2048K, 7 young (14336K), 7 survivors (14336K)
 Metaspace       used 50026K, committed 50432K, reserved 1097728K
  class space    used 7181K, committed 7360K, reserved 1048576K
}
Event: 15.482 GC heap before
{Heap before GC invocations=39 (full 0):
 garbage-first heap   total 450560K, used 369875K [0x0000000705400000, 0x0000000800000000)
  region size 2048K, 100 young (204800K), 7 survivors (14336K)
 Metaspace       used 50026K, committed 50432K, reserved 1097728K
  class space    used 7181K, committed 7360K, reserved 1048576K
}

Deoptimization events (12 events):
Event: 0.804 Thread 0x000001b85fdb92c0 DEOPT PACKING pc=0x000001b869379579 sp=0x000000164d9fd110
Event: 0.804 Thread 0x000001b85fdb92c0 DEOPT UNPACKING pc=0x000001b868e52b43 sp=0x000000164d9fc5f0 mode 3
Event: 1.223 Thread 0x000001b85fdb92c0 DEOPT PACKING pc=0x000001b8693ba854 sp=0x000000164d9fd610
Event: 1.223 Thread 0x000001b85fdb92c0 DEOPT UNPACKING pc=0x000001b868e52b43 sp=0x000000164d9fcb68 mode 0
Event: 1.714 Thread 0x000001b85fdb92c0 DEOPT PACKING pc=0x000001b869602f25 sp=0x000000164d9fc540
Event: 1.714 Thread 0x000001b85fdb92c0 DEOPT UNPACKING pc=0x000001b868e52b43 sp=0x000000164d9fbaa8 mode 3
Event: 1.724 Thread 0x000001b85fdb92c0 DEOPT PACKING pc=0x000001b8693b0789 sp=0x000000164d9fe620
Event: 1.724 Thread 0x000001b85fdb92c0 DEOPT UNPACKING pc=0x000001b868e52b43 sp=0x000000164d9fdab0 mode 3
Event: 1.724 Thread 0x000001b87b6b9840 DEOPT PACKING pc=0x000001b869362e1f sp=0x000000164feff2a0
Event: 1.724 Thread 0x000001b87b6b9840 DEOPT UNPACKING pc=0x000001b868e52b43 sp=0x000000164fefe6f8 mode 3
Event: 6.313 Thread 0x000001b85fdb92c0 DEOPT PACKING pc=0x000001b8693d4fd2 sp=0x000000164d9fdbf0
Event: 6.313 Thread 0x000001b85fdb92c0 DEOPT UNPACKING pc=0x000001b868e52b43 sp=0x000000164d9fd0f8 mode 3

Classes unloaded (0 events):
No events

Classes redefined (0 events):
No events

Internal exceptions (20 events):
Event: 6.226 Thread 0x000001b85fdb92c0 Exception <a 'java/lang/IncompatibleClassChangeError'{0x00000007096a9bd0}: Found class java.lang.Object, but interface was expected> (0x00000007096a9bd0) 
thrown [s\open\src\hotspot\share\interpreter\linkResolver.cpp, line 826]
Event: 6.274 Thread 0x000001b85fdb92c0 Exception <a 'java/lang/reflect/InvocationTargetException'{0x0000000709149648}> (0x0000000709149648) 
thrown [s\open\src\hotspot\share\runtime\reflection.cpp, line 1121]
Event: 6.316 Thread 0x000001b85fdb92c0 Exception <a 'java/lang/ClassNotFoundException'{0x0000000708c411f8}: java/lang/ObjectCustomizer> (0x0000000708c411f8) 
thrown [s\open\src\hotspot\share\classfile\systemDictionary.cpp, line 256]
Event: 6.317 Thread 0x000001b85fdb92c0 Exception <a 'java/lang/ClassNotFoundException'{0x0000000708c49128}: org/springframework/web/servlet/config/annotation/WebMvcConfigurationSupportCustomizer> (0x0000000708c49128) 
thrown [s\open\src\hotspot\share\classfile\systemDictionary.cpp, line 256]
Event: 6.317 Thread 0x000001b85fdb92c0 Exception <a 'java/lang/ClassNotFoundException'{0x0000000708c5d490}: org/springframework/web/servlet/config/annotation/DelegatingWebMvcConfigurationCustomizer> (0x0000000708c5d490) 
thrown [s\open\src\hotspot\share\classfile\systemDictionary.cpp, line 256]
Event: 6.318 Thread 0x000001b85fdb92c0 Exception <a 'java/lang/ClassNotFoundException'{0x0000000708c66aa0}: org/springframework/boot/autoconfigure/web/servlet/WebMvcAutoConfiguration$EnableWebMvcConfigurationCustomizer> (0x0000000708c66aa0) 
thrown [s\open\src\hotspot\share\classfile\systemDictionary.cpp, line 256]
Event: 6.318 Thread 0x000001b85fdb92c0 Exception <a 'java/lang/ClassNotFoundException'{0x0000000708c78d28}: org/springframework/context/ResourceLoaderAwareCustomizer> (0x0000000708c78d28) 
thrown [s\open\src\hotspot\share\classfile\systemDictionary.cpp, line 256]
Event: 6.318 Thread 0x000001b85fdb92c0 Exception <a 'java/lang/ClassNotFoundException'{0x0000000708c7dd50}: org/springframework/beans/factory/AwareCustomizer> (0x0000000708c7dd50) 
thrown [s\open\src\hotspot\share\classfile\systemDictionary.cpp, line 256]
Event: 6.318 Thread 0x000001b85fdb92c0 Exception <a 'java/lang/ClassNotFoundException'{0x0000000708c821b8}: org/springframework/context/ApplicationContextAwareCustomizer> (0x0000000708c821b8) 
thrown [s\open\src\hotspot\share\classfile\systemDictionary.cpp, line 256]
Event: 6.318 Thread 0x000001b85fdb92c0 Exception <a 'java/lang/ClassNotFoundException'{0x0000000708c87cd0}: org/springframework/beans/factory/AwareCustomizer> (0x0000000708c87cd0) 
thrown [s\open\src\hotspot\share\classfile\systemDictionary.cpp, line 256]
Event: 6.319 Thread 0x000001b85fdb92c0 Exception <a 'java/lang/ClassNotFoundException'{0x0000000708c8c110}: org/springframework/web/context/ServletContextAwareCustomizer> (0x0000000708c8c110) 
thrown [s\open\src\hotspot\share\classfile\systemDictionary.cpp, line 256]
Event: 6.319 Thread 0x000001b85fdb92c0 Exception <a 'java/lang/ClassNotFoundException'{0x0000000708c91570}: org/springframework/beans/factory/AwareCustomizer> (0x0000000708c91570) 
thrown [s\open\src\hotspot\share\classfile\systemDictionary.cpp, line 256]
Event: 6.387 Thread 0x000001b85fdb92c0 Exception <a 'java/lang/NoSuchMethodError'{0x000000070872a308}: 'void java.lang.invoke.DirectMethodHandle$Holder.invokeVirtual(java.lang.Object, java.lang.Object, int)'> (0x000000070872a308) 
thrown [s\open\src\hotspot\share\interpreter\linkResolver.cpp, line 759]
Event: 6.388 Thread 0x000001b85fdb92c0 Exception <a 'java/lang/NoSuchMethodError'{0x0000000708744eb0}: 'void java.lang.invoke.DirectMethodHandle$Holder.invokeVirtual(java.lang.Object, java.lang.Object, long)'> (0x0000000708744eb0) 
thrown [s\open\src\hotspot\share\interpreter\linkResolver.cpp, line 759]
Event: 6.448 Thread 0x000001b85fdb92c0 Exception <a 'java/lang/IncompatibleClassChangeError'{0x0000000708134d68}: Found class java.lang.Object, but interface was expected> (0x0000000708134d68) 
thrown [s\open\src\hotspot\share\interpreter\linkResolver.cpp, line 826]
Event: 6.465 Thread 0x000001b85fdb92c0 Exception <a 'java/lang/NoSuchMethodError'{0x0000000707ec6910}: 'int java.lang.invoke.DirectMethodHandle$Holder.invokeStaticInit(java.lang.Object, java.lang.Object, java.lang.Object, java.lang.Object)'> (0x0000000707ec6910) 
thrown [s\open\src\hotspot\share\interpreter\linkResolver.cpp, line 759]
Event: 6.519 Thread 0x000001b85fdb92c0 Exception <a 'java/lang/NoSuchMethodError'{0x0000000714e7c878}: 'java.lang.Object java.lang.invoke.DirectMethodHandle$Holder.invokeSpecial(java.lang.Object, java.lang.Object, int, java.lang.Object, int, java.lang.Object)'> (0x0000000714e7c878) 
thrown [s\open\src\hotspot\share\interpreter\linkResolver.cpp, line 759]
Event: 6.519 Thread 0x000001b85fdb92c0 Exception <a 'java/lang/NoSuchMethodError'{0x0000000714e84678}: 'java.lang.Object java.lang.invoke.DirectMethodHandle$Holder.newInvokeSpecial(java.lang.Object, java.lang.Object, int, java.lang.Object, int)'> (0x0000000714e84678) 
thrown [s\open\src\hotspot\share\interpreter\linkResolver.cpp, line 759]
Event: 6.519 Thread 0x000001b85fdb92c0 Exception <a 'java/lang/NoSuchMethodError'{0x0000000714e88778}: 'java.lang.Object java.lang.invoke.DirectMethodHandle$Holder.invokeSpecial(java.lang.Object, java.lang.Object, java.lang.Object, int, java.lang.Object, int)'> (0x0000000714e88778) 
thrown [s\open\src\hotspot\share\interpreter\linkResolver.cpp, line 759]
Event: 6.520 Thread 0x000001b85fdb92c0 Exception <a 'java/lang/NoSuchMethodError'{0x0000000714e92388}: 'void java.lang.invoke.DirectMethodHandle$Holder.invokeVirtual(java.lang.Object, java.lang.Object)'> (0x0000000714e92388) 
thrown [s\open\src\hotspot\share\interpreter\linkResolver.cpp, line 759]

VM Operations (20 events):
Event: 12.864 Executing VM operation: G1CollectForAllocation done
Event: 13.052 Executing VM operation: G1CollectForAllocation
Event: 13.059 Executing VM operation: G1CollectForAllocation done
Event: 13.230 Executing VM operation: G1CollectForAllocation
Event: 13.237 Executing VM operation: G1CollectForAllocation done
Event: 13.518 Executing VM operation: G1CollectForAllocation
Event: 13.526 Executing VM operation: G1CollectForAllocation done
Event: 13.760 Executing VM operation: G1CollectForAllocation
Event: 13.767 Executing VM operation: G1CollectForAllocation done
Event: 14.010 Executing VM operation: G1CollectForAllocation
Event: 14.017 Executing VM operation: G1CollectForAllocation done
Event: 14.264 Executing VM operation: G1CollectForAllocation
Event: 14.273 Executing VM operation: G1CollectForAllocation done
Event: 14.627 Executing VM operation: G1CollectForAllocation
Event: 14.636 Executing VM operation: G1CollectForAllocation done
Event: 14.964 Executing VM operation: G1CollectForAllocation
Event: 14.980 Executing VM operation: G1CollectForAllocation done
Event: 15.235 Executing VM operation: G1CollectForAllocation
Event: 15.248 Executing VM operation: G1CollectForAllocation done
Event: 15.482 Executing VM operation: G1CollectForAllocation

Events (20 events):
Event: 10.851 loading class java/util/concurrent/Semaphore done
Event: 10.851 loading class java/util/concurrent/Semaphore$NonfairSync
Event: 10.851 loading class java/util/concurrent/Semaphore$Sync
Event: 10.851 loading class java/util/concurrent/Semaphore$Sync done
Event: 10.851 loading class java/util/concurrent/Semaphore$NonfairSync done
Event: 10.851 loading class sun/nio/ch/SocketAdaptor
Event: 10.852 loading class sun/nio/ch/SocketAdaptor done
Event: 10.852 loading class sun/nio/ch/SocketChannelImpl$DefaultOptionsHolder
Event: 10.852 loading class sun/nio/ch/SocketChannelImpl$DefaultOptionsHolder done
Event: 10.852 loading class sun/nio/ch/SelectionKeyImpl
Event: 10.853 loading class java/nio/channels/spi/AbstractSelectionKey
Event: 10.853 loading class java/nio/channels/SelectionKey
Event: 10.853 loading class java/nio/channels/SelectionKey done
Event: 10.853 loading class java/nio/channels/spi/AbstractSelectionKey done
Event: 10.853 loading class sun/nio/ch/SelectionKeyImpl done
Event: 10.853 loading class java/lang/invoke/ConstantBootstraps
Event: 10.853 loading class java/lang/invoke/ConstantBootstraps done
Event: 10.874 Thread 0x000001b8795ed650 Thread exited: 0x000001b8795ed650
Event: 10.903 Thread 0x000001b878b1ffa0 Thread added: 0x000001b878b1ffa0
Event: 13.345 Thread 0x000001b87b593540 Thread exited: 0x000001b87b593540


Dynamic libraries:
0x00007ff72f210000 - 0x00007ff72f220000 	C:\Program Files\Java\jdk-17.0.5\bin\java.exe
0x00007ff991dd0000 - 0x00007ff991fe4000 	C:\WINDOWS\SYSTEM32\ntdll.dll
0x00007ff990140000 - 0x00007ff990203000 	C:\WINDOWS\System32\KERNEL32.DLL
0x00007ff98f280000 - 0x00007ff98f61c000 	C:\WINDOWS\System32\KERNELBASE.dll
0x00007ff98f740000 - 0x00007ff98f851000 	C:\WINDOWS\System32\ucrtbase.dll
0x00007ff95e590000 - 0x00007ff95e5a8000 	C:\Program Files\Java\jdk-17.0.5\bin\jli.dll
0x00007ff991ce0000 - 0x00007ff991d8e000 	C:\WINDOWS\System32\ADVAPI32.dll
0x00007ff98fe40000 - 0x00007ff98fee7000 	C:\WINDOWS\System32\msvcrt.dll
0x00007ff98fd10000 - 0x00007ff98fdb4000 	C:\WINDOWS\System32\sechost.dll
0x00007ff95def0000 - 0x00007ff95df0a000 	C:\Program Files\Java\jdk-17.0.5\bin\VCRUNTIME140.dll
0x00007ff991900000 - 0x00007ff991a15000 	C:\WINDOWS\System32\RPCRT4.dll
0x00007ff9914c0000 - 0x00007ff99166d000 	C:\WINDOWS\System32\USER32.dll
0x00007ff98f860000 - 0x00007ff98f886000 	C:\WINDOWS\System32\win32u.dll
0x00007ff97afa0000 - 0x00007ff97b22e000 	C:\WINDOWS\WinSxS\amd64_microsoft.windows.common-controls_6595b64144ccf1df_6.0.22621.608_none_a9444ca7c10bb01d\COMCTL32.dll
0x00007ff98fef0000 - 0x00007ff98ff19000 	C:\WINDOWS\System32\GDI32.dll
0x00007ff98f620000 - 0x00007ff98f733000 	C:\WINDOWS\System32\gdi32full.dll
0x00007ff98fa00000 - 0x00007ff98fa9a000 	C:\WINDOWS\System32\msvcp_win.dll
0x00007ff98de90000 - 0x00007ff98de9a000 	C:\WINDOWS\SYSTEM32\VERSION.dll
0x00007ff990850000 - 0x00007ff990881000 	C:\WINDOWS\System32\IMM32.DLL
0x00007ff98a1c0000 - 0x00007ff98a1cc000 	C:\Program Files\Java\jdk-17.0.5\bin\vcruntime140_1.dll
0x00007ff93f410000 - 0x00007ff93f49d000 	C:\Program Files\Java\jdk-17.0.5\bin\msvcp140.dll
0x00007ff93d240000 - 0x00007ff93de02000 	C:\Program Files\Java\jdk-17.0.5\bin\server\jvm.dll
0x00007ff98fe30000 - 0x00007ff98fe38000 	C:\WINDOWS\System32\PSAPI.DLL
0x00007ff989040000 - 0x00007ff989049000 	C:\WINDOWS\SYSTEM32\WSOCK32.dll
0x00007ff987d30000 - 0x00007ff987d64000 	C:\WINDOWS\SYSTEM32\WINMM.dll
0x00007ff991ac0000 - 0x00007ff991b31000 	C:\WINDOWS\System32\WS2_32.dll
0x00007ff98e220000 - 0x00007ff98e238000 	C:\WINDOWS\SYSTEM32\kernel.appcore.dll
0x00007ff97c7e0000 - 0x00007ff97c7ea000 	C:\Program Files\Java\jdk-17.0.5\bin\jimage.dll
0x00007ff976ac0000 - 0x00007ff976cee000 	C:\WINDOWS\SYSTEM32\DBGHELP.DLL
0x00007ff991080000 - 0x00007ff991409000 	C:\WINDOWS\System32\combase.dll
0x00007ff98ff40000 - 0x00007ff990017000 	C:\WINDOWS\System32\OLEAUT32.dll
0x00007ff97de60000 - 0x00007ff97de92000 	C:\WINDOWS\SYSTEM32\dbgcore.DLL
0x00007ff98faa0000 - 0x00007ff98fb1b000 	C:\WINDOWS\System32\bcryptPrimitives.dll
0x00007ff98aa50000 - 0x00007ff98aa5e000 	C:\Program Files\Java\jdk-17.0.5\bin\instrument.dll
0x00007ff95dec0000 - 0x00007ff95dee5000 	C:\Program Files\Java\jdk-17.0.5\bin\java.dll
0x00007ff93f330000 - 0x00007ff93f406000 	C:\Program Files\Java\jdk-17.0.5\bin\jsvml.dll
0x00007ff990890000 - 0x00007ff991080000 	C:\WINDOWS\System32\SHELL32.dll
0x00007ff98d540000 - 0x00007ff98de0e000 	C:\WINDOWS\SYSTEM32\windows.storage.dll
0x00007ff98d400000 - 0x00007ff98d53e000 	C:\WINDOWS\SYSTEM32\wintypes.dll
0x00007ff9916f0000 - 0x00007ff9917e1000 	C:\WINDOWS\System32\SHCORE.dll
0x00007ff991410000 - 0x00007ff99146e000 	C:\WINDOWS\System32\shlwapi.dll
0x00007ff98f140000 - 0x00007ff98f161000 	C:\WINDOWS\SYSTEM32\profapi.dll
0x00007ff95d390000 - 0x00007ff95d3a8000 	C:\Program Files\Java\jdk-17.0.5\bin\zip.dll
0x00007ff95dea0000 - 0x00007ff95deb9000 	C:\Program Files\Java\jdk-17.0.5\bin\net.dll
0x00007ff987720000 - 0x00007ff98784f000 	C:\WINDOWS\SYSTEM32\WINHTTP.dll
0x00007ff98e680000 - 0x00007ff98e6e9000 	C:\WINDOWS\system32\mswsock.dll
0x00007ff95de80000 - 0x00007ff95de96000 	C:\Program Files\Java\jdk-17.0.5\bin\nio.dll
0x00007ff98aa30000 - 0x00007ff98aa4a000 	C:\Program Files\JetBrains\IntelliJ IDEA 2022.3.2\bin\breakgen64.dll
0x00007ff98d130000 - 0x00007ff98d223000 	C:\WINDOWS\SYSTEM32\DNSAPI.dll
0x00007ff98d100000 - 0x00007ff98d12d000 	C:\WINDOWS\SYSTEM32\IPHLPAPI.DLL
0x00007ff9917f0000 - 0x00007ff9917f9000 	C:\WINDOWS\System32\NSI.dll
0x00007ff97f150000 - 0x00007ff97f15a000 	C:\Windows\System32\rasadhlp.dll
0x00007ff985f70000 - 0x00007ff985ff3000 	C:\WINDOWS\System32\fwpuclnt.dll
0x00007ff95f780000 - 0x00007ff95f789000 	C:\Program Files\Java\jdk-17.0.5\bin\management.dll
0x00007ff95f770000 - 0x00007ff95f77b000 	C:\Program Files\Java\jdk-17.0.5\bin\management_ext.dll
0x00007ff98e9a0000 - 0x00007ff98e9bb000 	C:\WINDOWS\SYSTEM32\CRYPTSP.dll
0x00007ff98e190000 - 0x00007ff98e1c5000 	C:\WINDOWS\system32\rsaenh.dll
0x00007ff98e720000 - 0x00007ff98e748000 	C:\WINDOWS\SYSTEM32\USERENV.dll
0x00007ff98eaf0000 - 0x00007ff98eb18000 	C:\WINDOWS\SYSTEM32\bcrypt.dll
0x00007ff98e980000 - 0x00007ff98e98c000 	C:\WINDOWS\SYSTEM32\CRYPTBASE.dll
0x00007ff987cf0000 - 0x00007ff987d09000 	C:\WINDOWS\SYSTEM32\dhcpcsvc6.DLL
0x00007ff987010000 - 0x00007ff98702f000 	C:\WINDOWS\SYSTEM32\dhcpcsvc.DLL
0x00007ff979640000 - 0x00007ff979657000 	C:\WINDOWS\system32\napinsp.dll
0x00007ff9795c0000 - 0x00007ff9795db000 	C:\WINDOWS\system32\pnrpnsp.dll
0x00007ff9790c0000 - 0x00007ff9790d1000 	C:\WINDOWS\System32\winrnr.dll
0x00007ff987e20000 - 0x00007ff987e35000 	C:\WINDOWS\system32\wshbth.dll
0x00007ff979060000 - 0x00007ff979081000 	C:\WINDOWS\system32\nlansp_c.dll
0x00007ff970380000 - 0x00007ff970390000 	C:\Program Files\Java\jdk-17.0.5\bin\verify.dll
0x00007ff95f760000 - 0x00007ff95f76e000 	C:\Program Files\Java\jdk-17.0.5\bin\sunmscapi.dll
0x00007ff98f890000 - 0x00007ff98f9f6000 	C:\WINDOWS\System32\CRYPT32.dll
0x00007ff98eac0000 - 0x00007ff98eaed000 	C:\WINDOWS\SYSTEM32\ncrypt.dll
0x00007ff98ea80000 - 0x00007ff98eab7000 	C:\WINDOWS\SYSTEM32\NTASN1.dll
0x00007ff95ea70000 - 0x00007ff95ea78000 	C:\WINDOWS\system32\wshunix.dll

dbghelp: loaded successfully - version: 4.0.5 - missing functions: none
symbol engine: initialized successfully - sym options: 0x614 - pdb path: .;C:\Program Files\Java\jdk-17.0.5\bin;C:\WINDOWS\SYSTEM32;C:\WINDOWS\WinSxS\amd64_microsoft.windows.common-controls_6595b64144ccf1df_6.0.22621.608_none_a9444ca7c10bb01d;C:\Program Files\Java\jdk-17.0.5\bin\server;C:\Program Files\JetBrains\IntelliJ IDEA 2022.3.2\bin

VM Arguments:
jvm_args: -XX:TieredStopAtLevel=1 -Dspring.output.ansi.enabled=always -Dcom.sun.management.jmxremote -Dspring.jmx.enabled=true -Dspring.liveBeansView.mbeanDomain -Dspring.application.admin.enabled=true -Dmanagement.endpoints.jmx.exposure.include=* -javaagent:C:\Program Files\JetBrains\IntelliJ IDEA 2022.3.2\lib\idea_rt.jar=55210:C:\Program Files\JetBrains\IntelliJ IDEA 2022.3.2\bin -Dfile.encoding=UTF-8 
java_command: com.vindemo.translation.TranslationApplication
java_class_path (initial): F:\vinTest\temp-07\translation\target\classes;C:\Users\vutam\.m2\repository\org\springframework\boot\spring-boot-starter\2.7.9\spring-boot-starter-2.7.9.jar;C:\Users\vutam\.m2\repository\org\springframework\boot\spring-boot\2.7.9\spring-boot-2.7.9.jar;C:\Users\vutam\.m2\repository\org\springframework\spring-context\5.3.25\spring-context-5.3.25.jar;C:\Users\vutam\.m2\repository\org\springframework\boot\spring-boot-autoconfigure\2.7.9\spring-boot-autoconfigure-2.7.9.jar;C:\Users\vutam\.m2\repository\org\springframework\boot\spring-boot-starter-logging\2.7.9\spring-boot-starter-logging-2.7.9.jar;C:\Users\vutam\.m2\repository\ch\qos\logback\logback-classic\1.2.11\logback-classic-1.2.11.jar;C:\Users\vutam\.m2\repository\ch\qos\logback\logback-core\1.2.11\logback-core-1.2.11.jar;C:\Users\vutam\.m2\repository\org\apache\logging\log4j\log4j-to-slf4j\2.17.2\log4j-to-slf4j-2.17.2.jar;C:\Users\vutam\.m2\repository\org\apache\logging\log4j\log4j-api\2.17.2\log4j-api-2.17.2.jar;C:\Users\vutam\.m2\repository\org\slf4j\jul-to-slf4j\1.7.36\jul-to-slf4j-1.7.36.jar;C:\Users\vutam\.m2\repository\jakarta\annotation\jakarta.annotation-api\1.3.5\jakarta.annotation-api-1.3.5.jar;C:\Users\vutam\.m2\repository\org\springframework\spring-core\5.3.25\spring-core-5.3.25.jar;C:\Users\vutam\.m2\repository\org\springframework\spring-jcl\5.3.25\spring-jcl-5.3.25.jar;C:\Users\vutam\.m2\repository\org\yaml\snakeyaml\1.30\snakeyaml-1.30.jar;C:\Users\vutam\.m2\repository\org\postgresql\postgresql\42.3.1\postgresql-42.3.1.jar;C:\Users\vutam\.m2\repository\org\checkerframework\checker-qual\3.5.0\checker-qual-3.5.0.jar;C:\Users\vutam\.m2\repository\org\projectlombok\lombok\1.18.26\lombok-1.18.26.jar;C:\Users\vutam\.m2\repository\org\slf4j\slf4j-api\1.7.36\slf4j-api-1.7.36.jar;C:\Users\vutam\.m2\repository\jakarta\xml\bind\jakarta.xml.bind-api\2.3.3\jakarta.xml.bind-api-2.3.3.jar;C:\Users\vutam\.m2\repository\jakarta\activation\jakarta.activation-api\1.2.2\jakarta.activation-a
Launcher Type: SUN_STANDARD

[Global flags]
     intx CICompilerCount                          = 4                                         {product} {ergonomic}
     uint ConcGCThreads                            = 3                                         {product} {ergonomic}
     uint G1ConcRefinementThreads                  = 10                                        {product} {ergonomic}
   size_t G1HeapRegionSize                         = 2097152                                   {product} {ergonomic}
    uintx GCDrainStackTargetSize                   = 64                                        {product} {ergonomic}
   size_t InitialHeapSize                          = 264241152                                 {product} {ergonomic}
     bool ManagementServer                         = true                                      {product} {command line}
   size_t MarkStackSize                            = 4194304                                   {product} {ergonomic}
   size_t MaxHeapSize                              = 4206886912                                {product} {ergonomic}
   size_t MaxNewSize                               = 2522873856                                {product} {ergonomic}
   size_t MinHeapDeltaBytes                        = 2097152                                   {product} {ergonomic}
   size_t MinHeapSize                              = 8388608                                   {product} {ergonomic}
    uintx NonProfiledCodeHeapSize                  = 0                                      {pd product} {ergonomic}
     bool ProfileInterpreter                       = false                                  {pd product} {command line}
    uintx ProfiledCodeHeapSize                     = 0                                      {pd product} {ergonomic}
   size_t SoftMaxHeapSize                          = 4206886912                             {manageable} {ergonomic}
     intx TieredStopAtLevel                        = 1                                         {product} {command line}
     bool UseCompressedClassPointers               = true                           {product lp64_product} {ergonomic}
     bool UseCompressedOops                        = true                           {product lp64_product} {ergonomic}
     bool UseG1GC                                  = true                                      {product} {ergonomic}
     bool UseLargePagesIndividualAllocation        = false                                  {pd product} {ergonomic}

Logging:
Log output configuration:
 #0: stdout all=warning uptime,level,tags
 #1: stderr all=off uptime,level,tags

Environment Variables:
JAVA_HOME=C:\Program Files\Java\jdk-17.0.5
PATH=C:\Program Files (x86)\VMware\VMware Workstation\bin\;C:\Program Files\Common Files\Oracle\Java\javapath;F:\Projects\WINDOWS.X64_193000_db_home\bin;C:\Python310\Scripts\;C:\Python310\;C:\WINDOWS\system32;C:\WINDOWS;C:\WINDOWS\System32\Wbem;C:\WINDOWS\System32\WindowsPowerShell\v1.0\;C:\WINDOWS\System32\OpenSSH\;C:\Program Files\Git\cmd;C:\ProgramData\chocolatey\bin;C:\nodejs;C:\Program Files\Amazon\AWSCLIV2\;C:\Program Files\VisualSVN Server\bin;C:\Users\vutam\OneDrive\Data\rclone;F:\Projects\Tools\gradle-7.5.1-bin\gradle-7.5.1\bin;C:\Program Files\Java\jdk-17.0.5\bin;C:\Program Files\Cloudflare\Cloudflare WARP\;C:\Program Files\nodejs\node_modules\npm\bin;C:\Program Files\nodejs;C:\Program Files\dotnet\;F:\Projects\Tools\mongodb\bin;F:\Projects\Tools\mongo-sh\bin;F:\Projects\Tools\apache-maven-3.9.0\bin;;C:\Program Files\Docker\Docker\resources\bin;C:\Users\vutam\AppData\Local\Microsoft\WindowsApps;C:\Users\vutam\AppData\Local\Programs\Microsoft VS Code\bin;C:\Program Files\nodejs;C:\Users\vutam\OneDrive\Data\rclone;F:\Projects\Tools\gradle-7.5.1-bin\gradle-7.5.1\bin;C:\Program Files\Java\jdk-17.0.5\bin;C:\Users\vutam\AppData\Roaming\npm;C:\Python310;F:\Projects\Tools\mongodb\bin;F:\Projects\Tools\mongo-sh\bin;F:\Projects\Tools\apache-maven-3.9.0\bin;C:\Users\vutam\AppData\Local\JetBrains\Toolbox\scripts;
USERNAME=vutam
OS=Windows_NT
PROCESSOR_IDENTIFIER=Intel64 Family 6 Model 165 Stepping 3, GenuineIntel



---------------  S Y S T E M  ---------------

OS:
 Windows 11 , 64 bit Build 22621 (10.0.22621.1344)
OS uptime: 0 days 0:51 hours
Hyper-V role detected

CPU: total 12 (initial active 12) (6 cores per cpu, 2 threads per core) family 6 model 165 stepping 3 microcode 0xe0, cx8, cmov, fxsr, ht, mmx, 3dnowpref, sse, sse2, sse3, ssse3, sse4.1, sse4.2, popcnt, lzcnt, tsc, tscinvbit, avx, avx2, aes, erms, clmul, bmi1, bmi2, adx, fma, vzeroupper, clflush, clflushopt, hv

Memory: 4k page, system-wide physical 16045M (855M free)
TotalPageFile size 18093M (AvailPageFile size 11M)
current process WorkingSet (physical memory assigned to process): 564M, peak: 564M
current process commit charge ("private bytes"): 619M, peak: 747M

vm_info: Java HotSpot(TM) 64-Bit Server VM (17.0.5+9-LTS-191) for windows-amd64 JRE (17.0.5+9-LTS-191), built on Sep 13 2022 17:31:43 by "mach5one" with MS VC++ 16.8 / 16.9 (VS2019)

END.
